<?xml version="1.0" encoding="UTF-8"?>
<coverage generated="1754451524501" clover="3.2.0">
  <project timestamp="1754451524501" name="All files">
    <metrics statements="678" coveredstatements="644" conditionals="462" coveredconditionals="371" methods="99" coveredmethods="91" elements="1239" coveredelements="1106" complexity="0" loc="678" ncloc="678" packages="3" files="12" classes="12"/>
    <package name="backend">
      <metrics statements="52" coveredstatements="43" conditionals="8" coveredconditionals="7" methods="3" coveredmethods="2"/>
      <file name="index.js" path="/Users/sakinanagarwala/COSC-4353/backend/index.js">
        <metrics statements="52" coveredstatements="43" conditionals="8" coveredconditionals="7" methods="3" coveredmethods="2"/>
        <line num="1" count="4" type="stmt"/>
        <line num="2" count="4" type="stmt"/>
        <line num="3" count="4" type="stmt"/>
        <line num="7" count="4" type="stmt"/>
        <line num="13" count="4" type="stmt"/>
        <line num="14" count="4" type="stmt"/>
        <line num="15" count="4" type="stmt"/>
        <line num="16" count="4" type="stmt"/>
        <line num="17" count="4" type="stmt"/>
        <line num="18" count="4" type="stmt"/>
        <line num="20" count="0" type="stmt"/>
        <line num="21" count="0" type="stmt"/>
        <line num="22" count="0" type="stmt"/>
        <line num="25" count="4" type="stmt"/>
        <line num="28" count="4" type="stmt"/>
        <line num="33" count="4" type="stmt"/>
        <line num="36" count="4" type="stmt"/>
        <line num="37" count="4" type="stmt"/>
        <line num="39" count="4" type="stmt"/>
        <line num="40" count="4" type="stmt"/>
        <line num="42" count="4" type="stmt"/>
        <line num="43" count="4" type="stmt"/>
        <line num="45" count="4" type="stmt"/>
        <line num="46" count="4" type="stmt"/>
        <line num="48" count="4" type="stmt"/>
        <line num="49" count="4" type="stmt"/>
        <line num="51" count="4" type="stmt"/>
        <line num="52" count="4" type="stmt"/>
        <line num="56" count="4" type="stmt"/>
        <line num="57" count="1" type="stmt"/>
        <line num="66" count="4" type="stmt"/>
        <line num="68" count="0" type="stmt"/>
        <line num="87" count="4" type="stmt"/>
        <line num="88" count="4" type="stmt"/>
        <line num="90" count="4" type="cond" truecount="3" falsecount="1"/>
        <line num="91" count="0" type="stmt"/>
        <line num="96" count="4" type="stmt"/>
        <line num="97" count="4" type="stmt"/>
        <line num="99" count="4" type="cond" truecount="4" falsecount="0"/>
        <line num="100" count="2" type="stmt"/>
        <line num="101" count="2" type="stmt"/>
        <line num="104" count="2" type="stmt"/>
        <line num="105" count="2" type="stmt"/>
        <line num="106" count="1" type="stmt"/>
        <line num="108" count="0" type="stmt"/>
        <line num="110" count="0" type="stmt"/>
        <line num="112" count="0" type="stmt"/>
        <line num="113" count="0" type="stmt"/>
        <line num="115" count="2" type="stmt"/>
        <line num="116" count="2" type="stmt"/>
        <line num="120" count="4" type="stmt"/>
        <line num="131" count="4" type="stmt"/>
      </file>
    </package>
    <package name="backend.routes">
      <metrics statements="483" coveredstatements="460" conditionals="315" coveredconditionals="231" methods="74" coveredmethods="67"/>
      <file name="eventRoutes.js" path="/Users/sakinanagarwala/COSC-4353/backend/routes/eventRoutes.js">
        <metrics statements="79" coveredstatements="75" conditionals="19" coveredconditionals="16" methods="12" coveredmethods="10"/>
        <line num="1" count="5" type="stmt"/>
        <line num="2" count="5" type="stmt"/>
        <line num="3" count="5" type="stmt"/>
        <line num="4" count="5" type="stmt"/>
        <line num="5" count="5" type="stmt"/>
        <line num="8" count="5" type="stmt"/>
        <line num="9" count="4" type="stmt"/>
        <line num="10" count="4" type="stmt"/>
        <line num="12" count="4" type="stmt"/>
        <line num="13" count="3" type="stmt"/>
        <line num="15" count="3" type="stmt"/>
        <line num="16" count="2" type="stmt"/>
        <line num="22" count="3" type="stmt"/>
        <line num="23" count="3" type="stmt"/>
        <line num="25" count="1" type="stmt"/>
        <line num="32" count="5" type="stmt"/>
        <line num="33" count="9" type="stmt"/>
        <line num="34" count="9" type="stmt"/>
        <line num="36" count="9" type="cond" truecount="2" falsecount="0"/>
        <line num="37" count="1" type="stmt"/>
        <line num="40" count="8" type="stmt"/>
        <line num="41" count="8" type="cond" truecount="2" falsecount="0"/>
        <line num="42" count="1" type="stmt"/>
        <line num="46" count="7" type="cond" truecount="1" falsecount="1"/>
        <line num="47" count="13" type="stmt"/>
        <line num="50" count="7" type="stmt"/>
        <line num="62" count="7" type="stmt"/>
        <line num="63" count="7" type="stmt"/>
        <line num="65" count="6" type="cond" truecount="2" falsecount="0"/>
        <line num="67" count="3" type="stmt"/>
        <line num="68" count="3" type="stmt"/>
        <line num="71" count="3" type="stmt"/>
        <line num="75" count="6" type="stmt"/>
        <line num="79" count="6" type="stmt"/>
        <line num="81" count="6" type="stmt"/>
        <line num="82" count="3" type="stmt"/>
        <line num="83" count="3" type="stmt"/>
        <line num="85" count="3" type="cond" truecount="1" falsecount="0"/>
        <line num="90" count="3" type="stmt"/>
        <line num="91" count="3" type="stmt"/>
        <line num="102" count="1" type="stmt"/>
        <line num="111" count="6" type="stmt"/>
        <line num="113" count="0" type="stmt"/>
        <line num="116" count="6" type="stmt"/>
        <line num="126" count="5" type="stmt"/>
        <line num="127" count="3" type="stmt"/>
        <line num="128" count="3" type="stmt"/>
        <line num="129" count="3" type="stmt"/>
        <line num="131" count="3" type="stmt"/>
        <line num="133" count="2" type="cond" truecount="2" falsecount="0"/>
        <line num="134" count="1" type="stmt"/>
        <line num="137" count="1" type="stmt"/>
        <line num="142" count="1" type="stmt"/>
        <line num="152" count="5" type="stmt"/>
        <line num="153" count="6" type="stmt"/>
        <line num="154" count="6" type="stmt"/>
        <line num="156" count="6" type="stmt"/>
        <line num="157" count="6" type="stmt"/>
        <line num="159" count="5" type="cond" truecount="2" falsecount="0"/>
        <line num="160" count="1" type="stmt"/>
        <line num="161" count="1" type="stmt"/>
        <line num="165" count="4" type="stmt"/>
        <line num="168" count="4" type="stmt"/>
        <line num="170" count="4" type="stmt"/>
        <line num="173" count="4" type="stmt"/>
        <line num="177" count="4" type="stmt"/>
        <line num="179" count="4" type="stmt"/>
        <line num="180" count="4" type="stmt"/>
        <line num="181" count="4" type="stmt"/>
        <line num="183" count="4" type="cond" truecount="1" falsecount="1"/>
        <line num="184" count="0" type="stmt"/>
        <line num="185" count="0" type="stmt"/>
        <line num="188" count="4" type="stmt"/>
        <line num="189" count="4" type="stmt"/>
        <line num="198" count="1" type="stmt"/>
        <line num="207" count="4" type="stmt"/>
        <line num="209" count="0" type="stmt"/>
        <line num="212" count="4" type="stmt"/>
        <line num="221" count="5" type="stmt"/>
      </file>
      <file name="notificationRoutes.js" path="/Users/sakinanagarwala/COSC-4353/backend/routes/notificationRoutes.js">
        <metrics statements="34" coveredstatements="28" conditionals="5" coveredconditionals="5" methods="4" coveredmethods="3"/>
        <line num="1" count="4" type="stmt"/>
        <line num="2" count="4" type="stmt"/>
        <line num="3" count="4" type="stmt"/>
        <line num="7" count="4" type="stmt"/>
        <line num="8" count="27" type="stmt"/>
        <line num="9" count="27" type="stmt"/>
        <line num="10" count="27" type="cond" truecount="5" falsecount="0"/>
        <line num="11" count="14" type="stmt"/>
        <line num="13" count="13" type="stmt"/>
        <line num="14" count="12" type="stmt"/>
        <line num="16" count="1" type="stmt"/>
        <line num="17" count="1" type="stmt"/>
        <line num="23" count="4" type="stmt"/>
        <line num="24" count="8" type="stmt"/>
        <line num="25" count="8" type="stmt"/>
        <line num="26" count="8" type="stmt"/>
        <line num="27" count="7" type="stmt"/>
        <line num="29" count="1" type="stmt"/>
        <line num="30" count="1" type="stmt"/>
        <line num="36" count="4" type="stmt"/>
        <line num="37" count="7" type="stmt"/>
        <line num="38" count="7" type="stmt"/>
        <line num="39" count="7" type="stmt"/>
        <line num="40" count="6" type="stmt"/>
        <line num="42" count="1" type="stmt"/>
        <line num="43" count="1" type="stmt"/>
        <line num="49" count="4" type="stmt"/>
        <line num="50" count="0" type="stmt"/>
        <line num="51" count="0" type="stmt"/>
        <line num="52" count="0" type="stmt"/>
        <line num="53" count="0" type="stmt"/>
        <line num="55" count="0" type="stmt"/>
        <line num="56" count="0" type="stmt"/>
        <line num="60" count="4" type="stmt"/>
      </file>
      <file name="profileRoutes.js" path="/Users/sakinanagarwala/COSC-4353/backend/routes/profileRoutes.js">
        <metrics statements="45" coveredstatements="41" conditionals="20" coveredconditionals="18" methods="5" coveredmethods="5"/>
        <line num="1" count="5" type="stmt"/>
        <line num="2" count="5" type="stmt"/>
        <line num="3" count="5" type="stmt"/>
        <line num="5" count="5" type="stmt"/>
        <line num="9" count="5" type="stmt"/>
        <line num="10" count="4" type="stmt"/>
        <line num="12" count="4" type="cond" truecount="4" falsecount="0"/>
        <line num="13" count="1" type="stmt"/>
        <line num="16" count="3" type="stmt"/>
        <line num="17" count="3" type="cond" truecount="2" falsecount="0"/>
        <line num="18" count="1" type="stmt"/>
        <line num="21" count="2" type="stmt"/>
        <line num="23" count="2" type="stmt"/>
        <line num="24" count="2" type="stmt"/>
        <line num="25" count="2" type="stmt"/>
        <line num="27" count="0" type="stmt"/>
        <line num="34" count="5" type="stmt"/>
        <line num="35" count="2" type="stmt"/>
        <line num="36" count="2" type="stmt"/>
        <line num="38" count="2" type="stmt"/>
        <line num="39" count="2" type="stmt"/>
        <line num="40" count="2" type="stmt"/>
        <line num="42" count="2" type="cond" truecount="2" falsecount="0"/>
        <line num="43" count="1" type="stmt"/>
        <line num="46" count="1" type="stmt"/>
        <line num="47" count="1" type="cond" truecount="1" falsecount="1"/>
        <line num="49" count="1" type="stmt"/>
        <line num="51" count="1" type="stmt"/>
        <line num="53" count="0" type="stmt"/>
        <line num="59" count="5" type="stmt"/>
        <line num="60" count="1" type="stmt"/>
        <line num="61" count="1" type="stmt"/>
        <line num="63" count="1" type="stmt"/>
        <line num="64" count="2" type="stmt"/>
        <line num="65" count="2" type="stmt"/>
        <line num="75" count="1" type="stmt"/>
        <line num="78" count="0" type="stmt"/>
        <line num="85" count="5" type="stmt"/>
        <line num="86" count="2" type="stmt"/>
        <line num="88" count="2" type="stmt"/>
        <line num="89" count="2" type="stmt"/>
        <line num="90" count="2" type="cond" truecount="2" falsecount="0"/>
        <line num="92" count="1" type="stmt"/>
        <line num="95" count="0" type="stmt"/>
        <line num="100" count="5" type="stmt"/>
      </file>
      <file name="reportRoutes.js" path="/Users/sakinanagarwala/COSC-4353/backend/routes/reportRoutes.js">
        <metrics statements="94" coveredstatements="94" conditionals="96" coveredconditionals="71" methods="14" coveredmethods="14"/>
        <line num="1" count="5" type="stmt"/>
        <line num="2" count="5" type="stmt"/>
        <line num="3" count="5" type="stmt"/>
        <line num="4" count="5" type="stmt"/>
        <line num="5" count="5" type="stmt"/>
        <line num="8" count="5" type="stmt"/>
        <line num="9" count="5" type="stmt"/>
        <line num="10" count="5" type="stmt"/>
        <line num="12" count="4" type="stmt"/>
        <line num="13" count="4" type="stmt"/>
        <line num="14" count="4" type="stmt"/>
        <line num="15" count="4" type="stmt"/>
        <line num="18" count="4" type="stmt"/>
        <line num="23" count="4" type="stmt"/>
        <line num="24" count="3" type="stmt"/>
        <line num="30" count="3" type="stmt"/>
        <line num="45" count="3" type="cond" truecount="4" falsecount="0"/>
        <line num="46" count="2" type="stmt"/>
        <line num="48" count="2" type="stmt"/>
        <line num="49" count="5" type="cond" truecount="2" falsecount="0"/>
        <line num="52" count="5" type="stmt"/>
        <line num="54" count="5" type="cond" truecount="2" falsecount="0"/>
        <line num="55" count="3" type="stmt"/>
        <line num="56" count="3" type="stmt"/>
        <line num="57" count="3" type="stmt"/>
        <line num="58" count="3" type="cond" truecount="2" falsecount="0"/>
        <line num="61" count="5" type="stmt"/>
        <line num="67" count="1" type="stmt"/>
        <line num="70" count="3" type="stmt"/>
        <line num="73" count="4" type="stmt"/>
        <line num="75" count="1" type="stmt"/>
        <line num="76" count="1" type="stmt"/>
        <line num="85" count="5" type="stmt"/>
        <line num="86" count="5" type="stmt"/>
        <line num="87" count="5" type="stmt"/>
        <line num="88" count="4" type="stmt"/>
        <line num="89" count="4" type="stmt"/>
        <line num="90" count="3" type="cond" truecount="4" falsecount="0"/>
        <line num="91" count="2" type="stmt"/>
        <line num="92" count="4" type="cond" truecount="2" falsecount="0"/>
        <line num="95" count="4" type="stmt"/>
        <line num="96" count="4" type="cond" truecount="2" falsecount="0"/>
        <line num="97" count="3" type="stmt"/>
        <line num="98" count="3" type="stmt"/>
        <line num="99" count="3" type="stmt"/>
        <line num="100" count="3" type="cond" truecount="2" falsecount="0"/>
        <line num="102" count="4" type="stmt"/>
        <line num="116" count="1" type="stmt"/>
        <line num="130" count="4" type="stmt"/>
        <line num="134" count="4" type="stmt"/>
        <line num="135" count="4" type="cond" truecount="2" falsecount="0"/>
        <line num="136" count="3" type="stmt"/>
        <line num="137" count="3" type="stmt"/>
        <line num="138" count="3" type="stmt"/>
        <line num="141" count="2" type="stmt"/>
        <line num="142" count="2" type="stmt"/>
        <line num="146" count="5" type="stmt"/>
        <line num="147" count="5" type="stmt"/>
        <line num="148" count="5" type="stmt"/>
        <line num="150" count="4" type="stmt"/>
        <line num="151" count="4" type="stmt"/>
        <line num="152" count="4" type="stmt"/>
        <line num="153" count="4" type="stmt"/>
        <line num="156" count="4" type="stmt"/>
        <line num="161" count="4" type="stmt"/>
        <line num="163" count="3" type="stmt"/>
        <line num="169" count="3" type="stmt"/>
        <line num="179" count="3" type="cond" truecount="4" falsecount="0"/>
        <line num="180" count="2" type="stmt"/>
        <line num="181" count="2" type="stmt"/>
        <line num="182" count="2" type="stmt"/>
        <line num="185" count="1" type="stmt"/>
        <line num="188" count="3" type="stmt"/>
        <line num="191" count="4" type="stmt"/>
        <line num="193" count="1" type="stmt"/>
        <line num="194" count="1" type="stmt"/>
        <line num="198" count="5" type="stmt"/>
        <line num="199" count="6" type="stmt"/>
        <line num="200" count="6" type="stmt"/>
        <line num="201" count="5" type="stmt"/>
        <line num="203" count="5" type="stmt"/>
        <line num="204" count="3" type="cond" truecount="4" falsecount="0"/>
        <line num="206" count="1" type="stmt"/>
        <line num="207" count="1" type="stmt"/>
        <line num="223" count="2" type="stmt"/>
        <line num="239" count="5" type="stmt"/>
        <line num="244" count="5" type="stmt"/>
        <line num="245" count="5" type="cond" truecount="2" falsecount="0"/>
        <line num="246" count="4" type="stmt"/>
        <line num="247" count="4" type="stmt"/>
        <line num="248" count="4" type="stmt"/>
        <line num="252" count="2" type="stmt"/>
        <line num="253" count="2" type="stmt"/>
        <line num="260" count="5" type="stmt"/>
      </file>
      <file name="statesRoutes.js" path="/Users/sakinanagarwala/COSC-4353/backend/routes/statesRoutes.js">
        <metrics statements="45" coveredstatements="45" conditionals="6" coveredconditionals="6" methods="8" coveredmethods="8"/>
        <line num="70" count="4" type="stmt"/>
        <line num="71" count="4" type="stmt"/>
        <line num="72" count="4" type="stmt"/>
        <line num="76" count="4" type="stmt"/>
        <line num="130" count="4" type="stmt"/>
        <line num="131" count="2" type="stmt"/>
        <line num="132" count="2" type="stmt"/>
        <line num="133" count="1" type="stmt"/>
        <line num="134" count="1" type="stmt"/>
        <line num="135" count="5" type="stmt"/>
        <line num="137" count="1" type="stmt"/>
        <line num="139" count="1" type="stmt"/>
        <line num="141" count="1" type="stmt"/>
        <line num="146" count="4" type="stmt"/>
        <line num="147" count="27" type="stmt"/>
        <line num="148" count="27" type="stmt"/>
        <line num="149" count="27" type="stmt"/>
        <line num="153" count="8" type="stmt"/>
        <line num="154" count="8" type="stmt"/>
        <line num="155" count="11" type="stmt"/>
        <line num="157" count="8" type="stmt"/>
        <line num="159" count="19" type="stmt"/>
        <line num="161" count="19" type="stmt"/>
        <line num="162" count="19" type="stmt"/>
        <line num="163" count="950" type="stmt"/>
        <line num="165" count="19" type="stmt"/>
        <line num="170" count="4" type="stmt"/>
        <line num="171" count="49" type="stmt"/>
        <line num="172" count="49" type="stmt"/>
        <line num="173" count="49" type="stmt"/>
        <line num="174" count="19" type="cond" truecount="2" falsecount="0"/>
        <line num="175" count="11" type="stmt"/>
        <line num="178" count="8" type="stmt"/>
        <line num="179" count="386" type="stmt"/>
        <line num="181" count="8" type="cond" truecount="2" falsecount="0"/>
        <line num="182" count="2" type="stmt"/>
        <line num="184" count="6" type="stmt"/>
        <line num="188" count="30" type="stmt"/>
        <line num="190" count="30" type="stmt"/>
        <line num="191" count="30" type="stmt"/>
        <line num="192" count="1053" type="stmt"/>
        <line num="194" count="30" type="cond" truecount="2" falsecount="0"/>
        <line num="195" count="17" type="stmt"/>
        <line num="197" count="13" type="stmt"/>
        <line num="202" count="4" type="stmt"/>
      </file>
      <file name="volunteerMatchingRoutes.js" path="/Users/sakinanagarwala/COSC-4353/backend/routes/volunteerMatchingRoutes.js">
        <metrics statements="186" coveredstatements="177" conditionals="169" coveredconditionals="115" methods="31" coveredmethods="27"/>
        <line num="610" count="4" type="stmt"/>
        <line num="611" count="4" type="stmt"/>
        <line num="612" count="4" type="stmt"/>
        <line num="613" count="4" type="stmt"/>
        <line num="614" count="4" type="stmt"/>
        <line num="615" count="4" type="stmt"/>
        <line num="618" count="4" type="stmt"/>
        <line num="619" count="7" type="stmt"/>
        <line num="620" count="7" type="stmt"/>
        <line num="621" count="6" type="stmt"/>
        <line num="623" count="6" type="stmt"/>
        <line num="624" count="6" type="stmt"/>
        <line num="627" count="6" type="stmt"/>
        <line num="628" count="13" type="stmt"/>
        <line num="631" count="13" type="cond" truecount="4" falsecount="0"/>
        <line num="632" count="11" type="stmt"/>
        <line num="633" count="10" type="stmt"/>
        <line num="634" count="10" type="stmt"/>
        <line num="635" count="10" type="stmt"/>
        <line num="637" count="11" type="cond" truecount="2" falsecount="0"/>
        <line num="638" count="5" type="stmt"/>
        <line num="642" count="8" type="stmt"/>
        <line num="650" count="6" type="stmt"/>
        <line num="651" count="6" type="stmt"/>
        <line num="654" count="8" type="stmt"/>
        <line num="669" count="6" type="stmt"/>
        <line num="674" count="1" type="stmt"/>
        <line num="675" count="1" type="stmt"/>
        <line num="684" count="4" type="stmt"/>
        <line num="685" count="3" type="stmt"/>
        <line num="686" count="3" type="stmt"/>
        <line num="687" count="3" type="stmt"/>
        <line num="690" count="3" type="stmt"/>
        <line num="691" count="2" type="cond" truecount="2" falsecount="0"/>
        <line num="692" count="1" type="stmt"/>
        <line num="693" count="1" type="stmt"/>
        <line num="698" count="1" type="stmt"/>
        <line num="699" count="1" type="stmt"/>
        <line num="705" count="1" type="stmt"/>
        <line num="708" count="1" type="stmt"/>
        <line num="711" count="1" type="stmt"/>
        <line num="713" count="1" type="stmt"/>
        <line num="716" count="1" type="stmt"/>
        <line num="719" count="2" type="stmt"/>
        <line num="723" count="1" type="stmt"/>
        <line num="727" count="1" type="stmt"/>
        <line num="728" count="1" type="stmt"/>
        <line num="729" count="1" type="stmt"/>
        <line num="730" count="1" type="stmt"/>
        <line num="732" count="1" type="stmt"/>
        <line num="734" count="2" type="stmt"/>
        <line num="735" count="2" type="stmt"/>
        <line num="736" count="2" type="stmt"/>
        <line num="737" count="2" type="stmt"/>
        <line num="739" count="2" type="stmt"/>
        <line num="741" count="2" type="cond" truecount="7" falsecount="0"/>
        <line num="744" count="1" type="stmt"/>
        <line num="745" count="1" type="stmt"/>
        <line num="749" count="1" type="stmt"/>
        <line num="753" count="1" type="stmt"/>
        <line num="754" count="1" type="cond" truecount="1" falsecount="1"/>
        <line num="755" count="2" type="stmt"/>
        <line num="761" count="1" type="cond" truecount="3" falsecount="0"/>
        <line num="764" count="2" type="cond" truecount="2" falsecount="0"/>
        <line num="768" count="1" type="cond" truecount="1" falsecount="2"/>
        <line num="772" count="1" type="stmt"/>
        <line num="781" count="0" type="cond" truecount="0" falsecount="2"/>
        <line num="782" count="0" type="stmt"/>
        <line num="787" count="1" type="stmt"/>
        <line num="802" count="1" type="stmt"/>
        <line num="803" count="1" type="stmt"/>
        <line num="812" count="4" type="stmt"/>
        <line num="813" count="5" type="stmt"/>
        <line num="815" count="5" type="stmt"/>
        <line num="816" count="5" type="stmt"/>
        <line num="819" count="5" type="cond" truecount="4" falsecount="0"/>
        <line num="820" count="2" type="stmt"/>
        <line num="827" count="3" type="stmt"/>
        <line num="833" count="2" type="stmt"/>
        <line num="840" count="2" type="stmt"/>
        <line num="841" count="2" type="stmt"/>
        <line num="844" count="2" type="stmt"/>
        <line num="850" count="2" type="stmt"/>
        <line num="851" count="2" type="stmt"/>
        <line num="854" count="2" type="stmt"/>
        <line num="860" count="2" type="cond" truecount="2" falsecount="0"/>
        <line num="861" count="1" type="stmt"/>
        <line num="868" count="1" type="stmt"/>
        <line num="869" count="1" type="cond" truecount="1" falsecount="1"/>
        <line num="870" count="1" type="cond" truecount="1" falsecount="1"/>
        <line num="871" count="1" type="stmt"/>
        <line num="875" count="1" type="cond" truecount="3" falsecount="0"/>
        <line num="885" count="1" type="stmt"/>
        <line num="891" count="1" type="cond" truecount="1" falsecount="1"/>
        <line num="892" count="1" type="stmt"/>
        <line num="900" count="1" type="stmt"/>
        <line num="901" count="1" type="stmt"/>
        <line num="904" count="1" type="stmt"/>
        <line num="905" count="1" type="stmt"/>
        <line num="920" count="1" type="stmt"/>
        <line num="930" count="1" type="stmt"/>
        <line num="931" count="1" type="stmt"/>
        <line num="942" count="0" type="stmt"/>
        <line num="945" count="1" type="stmt"/>
        <line num="970" count="1" type="stmt"/>
        <line num="971" count="1" type="stmt"/>
        <line num="981" count="4" type="stmt"/>
        <line num="982" count="2" type="stmt"/>
        <line num="983" count="2" type="stmt"/>
        <line num="984" count="1" type="stmt"/>
        <line num="990" count="1" type="stmt"/>
        <line num="991" count="1" type="stmt"/>
        <line num="996" count="1" type="cond" truecount="1" falsecount="1"/>
        <line num="997" count="1" type="cond" truecount="1" falsecount="1"/>
        <line num="999" count="1" type="stmt"/>
        <line num="1024" count="1" type="stmt"/>
        <line num="1029" count="1" type="stmt"/>
        <line num="1030" count="1" type="stmt"/>
        <line num="1039" count="4" type="stmt"/>
        <line num="1040" count="3" type="stmt"/>
        <line num="1041" count="3" type="stmt"/>
        <line num="1042" count="3" type="stmt"/>
        <line num="1044" count="2" type="cond" truecount="2" falsecount="0"/>
        <line num="1045" count="1" type="stmt"/>
        <line num="1046" count="1" type="stmt"/>
        <line num="1052" count="1" type="stmt"/>
        <line num="1053" count="1" type="stmt"/>
        <line num="1055" count="1" type="stmt"/>
        <line num="1056" count="1" type="stmt"/>
        <line num="1059" count="1" type="stmt"/>
        <line num="1060" count="1" type="stmt"/>
        <line num="1063" count="1" type="stmt"/>
        <line num="1064" count="1" type="stmt"/>
        <line num="1066" count="1" type="cond" truecount="1" falsecount="1"/>
        <line num="1067" count="1" type="stmt"/>
        <line num="1068" count="1" type="cond" truecount="3" falsecount="1"/>
        <line num="1069" count="1" type="stmt"/>
        <line num="1070" count="1" type="stmt"/>
        <line num="1071" count="1" type="stmt"/>
        <line num="1073" count="1" type="stmt"/>
        <line num="1075" count="0" type="stmt"/>
        <line num="1076" count="0" type="stmt"/>
        <line num="1079" count="1" type="stmt"/>
        <line num="1083" count="1" type="cond" truecount="1" falsecount="0"/>
        <line num="1089" count="1" type="stmt"/>
        <line num="1093" count="0" type="stmt"/>
        <line num="1097" count="0" type="stmt"/>
        <line num="1101" count="1" type="stmt"/>
        <line num="1109" count="1" type="stmt"/>
        <line num="1111" count="1" type="stmt"/>
        <line num="1117" count="1" type="stmt"/>
        <line num="1118" count="1" type="stmt"/>
        <line num="1127" count="4" type="stmt"/>
        <line num="1128" count="4" type="stmt"/>
        <line num="1129" count="4" type="stmt"/>
        <line num="1130" count="4" type="stmt"/>
        <line num="1132" count="3" type="cond" truecount="2" falsecount="0"/>
        <line num="1133" count="1" type="stmt"/>
        <line num="1139" count="2" type="stmt"/>
        <line num="1140" count="2" type="cond" truecount="1" falsecount="1"/>
        <line num="1143" count="2" type="stmt"/>
        <line num="1144" count="1" type="stmt"/>
        <line num="1145" count="1" type="stmt"/>
        <line num="1146" count="1" type="stmt"/>
        <line num="1147" count="1" type="cond" truecount="1" falsecount="1"/>
        <line num="1148" count="1" type="stmt"/>
        <line num="1151" count="0" type="stmt"/>
        <line num="1155" count="1" type="cond" truecount="1" falsecount="1"/>
        <line num="1156" count="1" type="cond" truecount="3" falsecount="1"/>
        <line num="1157" count="1" type="stmt"/>
        <line num="1158" count="1" type="stmt"/>
        <line num="1159" count="2" type="stmt"/>
        <line num="1161" count="1" type="stmt"/>
        <line num="1162" count="1" type="stmt"/>
        <line num="1163" count="1" type="stmt"/>
        <line num="1166" count="1" type="cond" truecount="1" falsecount="1"/>
        <line num="1167" count="1" type="stmt"/>
        <line num="1171" count="0" type="stmt"/>
        <line num="1175" count="1" type="stmt"/>
        <line num="1192" count="2" type="stmt"/>
        <line num="1197" count="1" type="stmt"/>
        <line num="1198" count="1" type="stmt"/>
        <line num="1208" count="10" type="stmt"/>
        <line num="1214" count="27" type="cond" truecount="2" falsecount="0"/>
        <line num="1215" count="10" type="stmt"/>
        <line num="1218" count="4" type="stmt"/>
      </file>
    </package>
    <package name="backend.utils">
      <metrics statements="143" coveredstatements="141" conditionals="139" coveredconditionals="133" methods="22" coveredmethods="22"/>
      <file name="notificationAggregator.js" path="/Users/sakinanagarwala/COSC-4353/backend/utils/notificationAggregator.js">
        <metrics statements="16" coveredstatements="14" conditionals="0" coveredconditionals="0" methods="1" coveredmethods="1"/>
        <line num="1" count="4" type="stmt"/>
        <line num="2" count="4" type="stmt"/>
        <line num="10" count="3" type="stmt"/>
        <line num="12" count="3" type="stmt"/>
        <line num="14" count="3" type="stmt"/>
        <line num="16" count="2" type="stmt"/>
        <line num="17" count="2" type="stmt"/>
        <line num="18" count="2" type="stmt"/>
        <line num="20" count="2" type="stmt"/>
        <line num="21" count="2" type="stmt"/>
        <line num="22" count="2" type="stmt"/>
        <line num="24" count="0" type="stmt"/>
        <line num="25" count="0" type="stmt"/>
        <line num="29" count="1" type="stmt"/>
        <line num="32" count="3" type="stmt"/>
        <line num="36" count="4" type="stmt"/>
      </file>
      <file name="notificationService.js" path="/Users/sakinanagarwala/COSC-4353/backend/utils/notificationService.js">
        <metrics statements="39" coveredstatements="39" conditionals="4" coveredconditionals="4" methods="8" coveredmethods="8"/>
        <line num="2" count="5" type="stmt"/>
        <line num="10" count="53" type="stmt"/>
        <line num="11" count="53" type="stmt"/>
        <line num="24" count="53" type="stmt"/>
        <line num="26" count="52" type="stmt"/>
        <line num="28" count="1" type="stmt"/>
        <line num="29" count="1" type="stmt"/>
        <line num="39" count="21" type="stmt"/>
        <line num="40" count="21" type="stmt"/>
        <line num="45" count="20" type="stmt"/>
        <line num="46" count="20" type="stmt"/>
        <line num="47" count="27" type="stmt"/>
        <line num="53" count="20" type="stmt"/>
        <line num="55" count="1" type="stmt"/>
        <line num="56" count="1" type="stmt"/>
        <line num="65" count="11" type="stmt"/>
        <line num="66" count="11" type="stmt"/>
        <line num="71" count="10" type="stmt"/>
        <line num="72" count="10" type="stmt"/>
        <line num="73" count="16" type="stmt"/>
        <line num="76" count="10" type="stmt"/>
        <line num="77" count="10" type="stmt"/>
        <line num="79" count="1" type="stmt"/>
        <line num="80" count="1" type="stmt"/>
        <line num="89" count="4" type="stmt"/>
        <line num="90" count="4" type="stmt"/>
        <line num="91" count="3" type="stmt"/>
        <line num="93" count="1" type="stmt"/>
        <line num="94" count="1" type="stmt"/>
        <line num="103" count="5" type="stmt"/>
        <line num="104" count="5" type="stmt"/>
        <line num="105" count="5" type="stmt"/>
        <line num="106" count="9" type="stmt"/>
        <line num="107" count="9" type="stmt"/>
        <line num="110" count="5" type="stmt"/>
        <line num="111" count="4" type="stmt"/>
        <line num="113" count="1" type="stmt"/>
        <line num="114" count="1" type="stmt"/>
        <line num="118" count="5" type="stmt"/>
      </file>
      <file name="reportService.js" path="/Users/sakinanagarwala/COSC-4353/backend/utils/reportService.js">
        <metrics statements="48" coveredstatements="48" conditionals="62" coveredconditionals="56" methods="11" coveredmethods="11"/>
        <line num="1" count="6" type="stmt"/>
        <line num="4" count="5" type="stmt"/>
        <line num="5" count="5" type="stmt"/>
        <line num="7" count="5" type="stmt"/>
        <line num="10" count="5" type="stmt"/>
        <line num="11" count="3" type="stmt"/>
        <line num="12" count="3" type="stmt"/>
        <line num="14" count="3" type="cond" truecount="2" falsecount="0"/>
        <line num="15" count="2" type="stmt"/>
        <line num="18" count="3" type="stmt"/>
        <line num="24" count="5" type="stmt"/>
        <line num="26" count="5" type="stmt"/>
        <line num="27" count="7" type="stmt"/>
        <line num="28" count="7" type="stmt"/>
        <line num="30" count="7" type="stmt"/>
        <line num="45" count="5" type="stmt"/>
        <line num="49" count="7" type="stmt"/>
        <line num="55" count="7" type="cond" truecount="2" falsecount="0"/>
        <line num="60" count="7" type="stmt"/>
        <line num="61" count="7" type="stmt"/>
        <line num="64" count="7" type="stmt"/>
        <line num="69" count="6" type="stmt"/>
        <line num="70" count="6" type="stmt"/>
        <line num="71" count="6" type="stmt"/>
        <line num="72" count="5" type="stmt"/>
        <line num="73" count="5" type="cond" truecount="2" falsecount="0"/>
        <line num="74" count="4" type="stmt"/>
        <line num="76" count="5" type="stmt"/>
        <line num="79" count="6" type="stmt"/>
        <line num="80" count="6" type="stmt"/>
        <line num="81" count="6" type="stmt"/>
        <line num="82" count="5" type="stmt"/>
        <line num="83" count="5" type="cond" truecount="2" falsecount="0"/>
        <line num="84" count="4" type="stmt"/>
        <line num="88" count="6" type="stmt"/>
        <line num="91" count="6" type="stmt"/>
        <line num="92" count="6" type="stmt"/>
        <line num="93" count="6" type="stmt"/>
        <line num="94" count="6" type="cond" truecount="2" falsecount="0"/>
        <line num="96" count="6" type="stmt"/>
        <line num="97" count="5" type="stmt"/>
        <line num="98" count="5" type="cond" truecount="2" falsecount="0"/>
        <line num="99" count="4" type="stmt"/>
        <line num="112" count="6" type="stmt"/>
        <line num="126" count="6" type="stmt"/>
        <line num="129" count="1" type="stmt"/>
        <line num="130" count="1" type="stmt"/>
        <line num="135" count="6" type="stmt"/>
      </file>
      <file name="validateEvent.js" path="/Users/sakinanagarwala/COSC-4353/backend/utils/validateEvent.js">
        <metrics statements="13" coveredstatements="13" conditionals="30" coveredconditionals="30" methods="1" coveredmethods="1"/>
        <line num="2" count="4" type="stmt"/>
        <line num="4" count="4" type="cond" truecount="2" falsecount="0"/>
        <line num="5" count="4" type="cond" truecount="2" falsecount="0"/>
        <line num="6" count="4" type="cond" truecount="4" falsecount="0"/>
        <line num="7" count="4" type="cond" truecount="4" falsecount="0"/>
        <line num="8" count="4" type="cond" truecount="4" falsecount="0"/>
        <line num="9" count="4" type="cond" truecount="4" falsecount="0"/>
        <line num="10" count="4" type="cond" truecount="4" falsecount="0"/>
        <line num="11" count="4" type="cond" truecount="2" falsecount="0"/>
        <line num="13" count="4" type="cond" truecount="4" falsecount="0"/>
        <line num="14" count="2" type="stmt"/>
        <line num="17" count="4" type="stmt"/>
        <line num="20" count="5" type="stmt"/>
      </file>
      <file name="validateProfile.js" path="/Users/sakinanagarwala/COSC-4353/backend/utils/validateProfile.js">
        <metrics statements="27" coveredstatements="27" conditionals="43" coveredconditionals="43" methods="1" coveredmethods="1"/>
        <line num="2" count="7" type="stmt"/>
        <line num="5" count="7" type="cond" truecount="2" falsecount="0"/>
        <line num="7" count="7" type="cond" truecount="4" falsecount="0"/>
        <line num="8" count="2" type="stmt"/>
        <line num="9" count="5" type="cond" truecount="2" falsecount="0"/>
        <line num="10" count="1" type="stmt"/>
        <line num="13" count="7" type="cond" truecount="4" falsecount="0"/>
        <line num="14" count="1" type="stmt"/>
        <line num="15" count="6" type="cond" truecount="2" falsecount="0"/>
        <line num="16" count="1" type="stmt"/>
        <line num="19" count="7" type="cond" truecount="4" falsecount="0"/>
        <line num="20" count="1" type="stmt"/>
        <line num="23" count="7" type="cond" truecount="4" falsecount="0"/>
        <line num="24" count="1" type="stmt"/>
        <line num="25" count="6" type="cond" truecount="2" falsecount="0"/>
        <line num="26" count="1" type="stmt"/>
        <line num="29" count="7" type="cond" truecount="4" falsecount="0"/>
        <line num="30" count="2" type="stmt"/>
        <line num="33" count="7" type="cond" truecount="5" falsecount="0"/>
        <line num="34" count="2" type="stmt"/>
        <line num="38" count="7" type="cond" truecount="2" falsecount="0"/>
        <line num="39" count="5" type="cond" truecount="4" falsecount="0"/>
        <line num="40" count="1" type="stmt"/>
        <line num="43" count="5" type="cond" truecount="4" falsecount="0"/>
        <line num="44" count="1" type="stmt"/>
        <line num="51" count="7" type="stmt"/>
        <line num="54" count="6" type="stmt"/>
      </file>
    </package>
  </project>
</coverage>
