{"/Users/sakinanagarwala/COSC-4353/backend/index.js": {"path":"/Users/sakinanagarwala/COSC-4353/backend/index.js","statementMap":{"0":{"start":{"line":1,"column":0},"end":{"line":1,"column":27}},"1":{"start":{"line":2,"column":14},"end":{"line":2,"column":39}},"2":{"start":{"line":3,"column":16},"end":{"line":3,"column":34}},"3":{"start":{"line":4,"column":13},"end":{"line":4,"column":28}},"4":{"start":{"line":5,"column":21},"end":{"line":5,"column":50}},"5":{"start":{"line":6,"column":19},"end":{"line":6,"column":49}},"6":{"start":{"line":7,"column":32},"end":{"line":7,"column":75}},"7":{"start":{"line":9,"column":0},"end":{"line":9,"column":38}},"8":{"start":{"line":12,"column":31},"end":{"line":12,"column":36}},"9":{"start":{"line":14,"column":0},"end":{"line":40,"column":1}},"10":{"start":{"line":15,"column":13},"end":{"line":15,"column":26}},"11":{"start":{"line":16,"column":18},"end":{"line":16,"column":60}},"12":{"start":{"line":18,"column":2},"end":{"line":36,"column":3}},"13":{"start":{"line":19,"column":27},"end":{"line":19,"column":43}},"14":{"start":{"line":23,"column":4},"end":{"line":33,"column":5}},"15":{"start":{"line":24,"column":6},"end":{"line":26,"column":9}},"16":{"start":{"line":28,"column":6},"end":{"line":28,"column":38}},"17":{"start":{"line":29,"column":6},"end":{"line":29,"column":50}},"18":{"start":{"line":32,"column":6},"end":{"line":32,"column":90}},"19":{"start":{"line":35,"column":4},"end":{"line":35,"column":95}},"20":{"start":{"line":38,"column":2},"end":{"line":38,"column":72}},"21":{"start":{"line":39,"column":2},"end":{"line":39,"column":57}},"22":{"start":{"line":42,"column":12},"end":{"line":42,"column":21}},"23":{"start":{"line":45,"column":0},"end":{"line":49,"column":4}},"24":{"start":{"line":50,"column":0},"end":{"line":50,"column":24}},"25":{"start":{"line":53,"column":22},"end":{"line":53,"column":55}},"26":{"start":{"line":54,"column":0},"end":{"line":54,"column":39}},"27":{"start":{"line":56,"column":20},"end":{"line":56,"column":51}},"28":{"start":{"line":57,"column":0},"end":{"line":57,"column":35}},"29":{"start":{"line":59,"column":27},"end":{"line":59,"column":65}},"30":{"start":{"line":60,"column":0},"end":{"line":60,"column":50}},"31":{"start":{"line":62,"column":0},"end":{"line":62,"column":50}},"32":{"start":{"line":65,"column":0},"end":{"line":72,"column":3}},"33":{"start":{"line":66,"column":2},"end":{"line":71,"column":5}},"34":{"start":{"line":75,"column":0},"end":{"line":90,"column":3}},"35":{"start":{"line":76,"column":2},"end":{"line":89,"column":5}},"36":{"start":{"line":77,"column":46},"end":{"line":82,"column":5}},"37":{"start":{"line":83,"column":35},"end":{"line":88,"column":5}},"38":{"start":{"line":93,"column":0},"end":{"line":124,"column":3}},"39":{"start":{"line":94,"column":2},"end":{"line":94,"column":34}},"40":{"start":{"line":96,"column":2},"end":{"line":100,"column":3}},"41":{"start":{"line":97,"column":4},"end":{"line":99,"column":7}},"42":{"start":{"line":102,"column":18},"end":{"line":102,"column":64}},"43":{"start":{"line":103,"column":19},"end":{"line":103,"column":27}},"44":{"start":{"line":105,"column":2},"end":{"line":108,"column":3}},"45":{"start":{"line":106,"column":4},"end":{"line":106,"column":49}},"46":{"start":{"line":107,"column":4},"end":{"line":107,"column":73}},"47":{"start":{"line":110,"column":2},"end":{"line":123,"column":3}},"48":{"start":{"line":111,"column":20},"end":{"line":111,"column":61}},"49":{"start":{"line":112,"column":16},"end":{"line":112,"column":27}},"50":{"start":{"line":114,"column":4},"end":{"line":114,"column":61}},"51":{"start":{"line":116,"column":4},"end":{"line":116,"column":58}},"52":{"start":{"line":118,"column":4},"end":{"line":118,"column":60}},"53":{"start":{"line":119,"column":4},"end":{"line":119,"column":68}},"54":{"start":{"line":121,"column":4},"end":{"line":121,"column":50}},"55":{"start":{"line":122,"column":4},"end":{"line":122,"column":67}},"56":{"start":{"line":126,"column":13},"end":{"line":126,"column":17}},"57":{"start":{"line":143,"column":0},"end":{"line":143,"column":21}}},"fnMap":{"0":{"name":"(anonymous_0)","decl":{"start":{"line":65,"column":21},"end":{"line":65,"column":22}},"loc":{"start":{"line":65,"column":35},"end":{"line":72,"column":1}},"line":65},"1":{"name":"(anonymous_1)","decl":{"start":{"line":75,"column":30},"end":{"line":75,"column":31}},"loc":{"start":{"line":75,"column":44},"end":{"line":90,"column":1}},"line":75},"2":{"name":"(anonymous_2)","decl":{"start":{"line":77,"column":40},"end":{"line":77,"column":41}},"loc":{"start":{"line":77,"column":46},"end":{"line":82,"column":5}},"line":77},"3":{"name":"(anonymous_3)","decl":{"start":{"line":83,"column":29},"end":{"line":83,"column":30}},"loc":{"start":{"line":83,"column":35},"end":{"line":88,"column":5}},"line":83},"4":{"name":"(anonymous_4)","decl":{"start":{"line":93,"column":22},"end":{"line":93,"column":23}},"loc":{"start":{"line":93,"column":42},"end":{"line":124,"column":1}},"line":93}},"branchMap":{"0":{"loc":{"start":{"line":18,"column":2},"end":{"line":36,"column":3}},"type":"if","locations":[{"start":{"line":18,"column":2},"end":{"line":36,"column":3}},{"start":{"line":34,"column":9},"end":{"line":36,"column":3}}],"line":18},"1":{"loc":{"start":{"line":23,"column":4},"end":{"line":33,"column":5}},"type":"if","locations":[{"start":{"line":23,"column":4},"end":{"line":33,"column":5}},{"start":{"line":31,"column":9},"end":{"line":33,"column":5}}],"line":23},"2":{"loc":{"start":{"line":23,"column":8},"end":{"line":23,"column":94}},"type":"binary-expr","locations":[{"start":{"line":23,"column":8},"end":{"line":23,"column":34}},{"start":{"line":23,"column":38},"end":{"line":23,"column":65}},{"start":{"line":23,"column":69},"end":{"line":23,"column":94}}],"line":23},"3":{"loc":{"start":{"line":70,"column":12},"end":{"line":70,"column":50}},"type":"cond-expr","locations":[{"start":{"line":70,"column":27},"end":{"line":70,"column":46}},{"start":{"line":70,"column":49},"end":{"line":70,"column":50}}],"line":70},"4":{"loc":{"start":{"line":96,"column":2},"end":{"line":100,"column":3}},"type":"if","locations":[{"start":{"line":96,"column":2},"end":{"line":100,"column":3}},{"start":{},"end":{}}],"line":96},"5":{"loc":{"start":{"line":105,"column":2},"end":{"line":108,"column":3}},"type":"if","locations":[{"start":{"line":105,"column":2},"end":{"line":108,"column":3}},{"start":{},"end":{}}],"line":105},"6":{"loc":{"start":{"line":105,"column":6},"end":{"line":105,"column":23}},"type":"binary-expr","locations":[{"start":{"line":105,"column":6},"end":{"line":105,"column":14}},{"start":{"line":105,"column":18},"end":{"line":105,"column":23}}],"line":105}},"s":{"0":2,"1":2,"2":2,"3":2,"4":2,"5":2,"6":2,"7":2,"8":2,"9":2,"10":2,"11":2,"12":2,"13":2,"14":2,"15":2,"16":2,"17":2,"18":0,"19":0,"20":0,"21":0,"22":2,"23":2,"24":2,"25":2,"26":2,"27":2,"28":2,"29":2,"30":2,"31":2,"32":2,"33":1,"34":2,"35":1,"36":1,"37":1,"38":2,"39":3,"40":3,"41":0,"42":3,"43":3,"44":3,"45":1,"46":1,"47":2,"48":2,"49":1,"50":1,"51":1,"52":1,"53":1,"54":1,"55":1,"56":2,"57":2},"f":{"0":1,"1":1,"2":1,"3":1,"4":3},"b":{"0":[2,0],"1":[2,0],"2":[2,2,2],"3":[1,0],"4":[0,3],"5":[1,2],"6":[3,2]},"_coverageSchema":"1a1c01bbd47fc00a2c39e90264f33305004495a9","hash":"470c0e343b1673e8f011c2e2bf5d8f532f43b280"}
,"/Users/sakinanagarwala/COSC-4353/backend/data/memoryEvents.js": {"path":"/Users/sakinanagarwala/COSC-4353/backend/data/memoryEvents.js","statementMap":{"0":{"start":{"line":1,"column":15},"end":{"line":74,"column":3}},"1":{"start":{"line":76,"column":2},"end":{"line":76,"column":30}}},"fnMap":{},"branchMap":{},"s":{"0":4,"1":4},"f":{},"b":{},"_coverageSchema":"1a1c01bbd47fc00a2c39e90264f33305004495a9","hash":"294ade04461c929631bbc6b9f5d5e168aa8bd99b"}
,"/Users/sakinanagarwala/COSC-4353/backend/data/memoryMatches.js": {"path":"/Users/sakinanagarwala/COSC-4353/backend/data/memoryMatches.js","statementMap":{"0":{"start":{"line":1,"column":0},"end":{"line":4,"column":2}}},"fnMap":{},"branchMap":{},"s":{"0":4},"f":{},"b":{},"_coverageSchema":"1a1c01bbd47fc00a2c39e90264f33305004495a9","hash":"1cdb85545f8a00b563da6cb3e7ead041405f1dd8"}
,"/Users/sakinanagarwala/COSC-4353/backend/data/memoryStore.js": {"path":"/Users/sakinanagarwala/COSC-4353/backend/data/memoryStore.js","statementMap":{"0":{"start":{"line":1,"column":17},"end":{"line":93,"column":1}},"1":{"start":{"line":96,"column":22},"end":{"line":96,"column":24}},"2":{"start":{"line":98,"column":0},"end":{"line":98,"column":45}}},"fnMap":{},"branchMap":{},"s":{"0":5,"1":5,"2":5},"f":{},"b":{},"_coverageSchema":"1a1c01bbd47fc00a2c39e90264f33305004495a9","hash":"80b9cf3bc63ef53462b37cf4a783e8623a963fa7"}
,"/Users/sakinanagarwala/COSC-4353/backend/routes/eventRoutes.js": {"path":"/Users/sakinanagarwala/COSC-4353/backend/routes/eventRoutes.js","statementMap":{"0":{"start":{"line":1,"column":16},"end":{"line":1,"column":34}},"1":{"start":{"line":2,"column":15},"end":{"line":2,"column":31}},"2":{"start":{"line":3,"column":19},"end":{"line":3,"column":50}},"3":{"start":{"line":4,"column":26},"end":{"line":4,"column":59}},"4":{"start":{"line":5,"column":28},"end":{"line":5,"column":67}},"5":{"start":{"line":6,"column":18},"end":{"line":6,"column":50}},"6":{"start":{"line":9,"column":0},"end":{"line":17,"column":3}},"7":{"start":{"line":10,"column":2},"end":{"line":16,"column":3}},"8":{"start":{"line":11,"column":4},"end":{"line":11,"column":71}},"9":{"start":{"line":12,"column":4},"end":{"line":12,"column":39}},"10":{"start":{"line":14,"column":4},"end":{"line":14,"column":55}},"11":{"start":{"line":15,"column":4},"end":{"line":15,"column":64}},"12":{"start":{"line":20,"column":0},"end":{"line":65,"column":3}},"13":{"start":{"line":21,"column":38},"end":{"line":21,"column":46}},"14":{"start":{"line":23,"column":2},"end":{"line":25,"column":3}},"15":{"start":{"line":24,"column":4},"end":{"line":24,"column":71}},"16":{"start":{"line":27,"column":17},"end":{"line":27,"column":59}},"17":{"start":{"line":28,"column":2},"end":{"line":30,"column":3}},"18":{"start":{"line":29,"column":4},"end":{"line":29,"column":74}},"19":{"start":{"line":33,"column":30},"end":{"line":35,"column":3}},"20":{"start":{"line":34,"column":4},"end":{"line":34,"column":46}},"21":{"start":{"line":37,"column":19},"end":{"line":44,"column":3}},"22":{"start":{"line":46,"column":2},"end":{"line":46,"column":57}},"23":{"start":{"line":46,"column":42},"end":{"line":46,"column":55}},"24":{"start":{"line":47,"column":2},"end":{"line":47,"column":30}},"25":{"start":{"line":50,"column":18},"end":{"line":50,"column":66}},"26":{"start":{"line":50,"column":48},"end":{"line":50,"column":65}},"27":{"start":{"line":51,"column":2},"end":{"line":62,"column":5}},"28":{"start":{"line":52,"column":4},"end":{"line":61,"column":7}},"29":{"start":{"line":64,"column":2},"end":{"line":64,"column":64}},"30":{"start":{"line":69,"column":0},"end":{"line":80,"column":3}},"31":{"start":{"line":70,"column":14},"end":{"line":70,"column":28}},"32":{"start":{"line":71,"column":2},"end":{"line":71,"column":53}},"33":{"start":{"line":73,"column":16},"end":{"line":73,"column":53}},"34":{"start":{"line":73,"column":39},"end":{"line":73,"column":52}},"35":{"start":{"line":75,"column":2},"end":{"line":77,"column":3}},"36":{"start":{"line":76,"column":4},"end":{"line":76,"column":64}},"37":{"start":{"line":79,"column":2},"end":{"line":79,"column":18}},"38":{"start":{"line":83,"column":0},"end":{"line":107,"column":3}},"39":{"start":{"line":84,"column":14},"end":{"line":84,"column":28}},"40":{"start":{"line":86,"column":24},"end":{"line":86,"column":43}},"41":{"start":{"line":87,"column":2},"end":{"line":87,"column":57}},"42":{"start":{"line":87,"column":42},"end":{"line":87,"column":55}},"43":{"start":{"line":89,"column":2},"end":{"line":106,"column":3}},"44":{"start":{"line":90,"column":4},"end":{"line":90,"column":41}},"45":{"start":{"line":92,"column":20},"end":{"line":92,"column":68}},"46":{"start":{"line":92,"column":50},"end":{"line":92,"column":67}},"47":{"start":{"line":93,"column":4},"end":{"line":101,"column":7}},"48":{"start":{"line":94,"column":6},"end":{"line":100,"column":9}},"49":{"start":{"line":102,"column":4},"end":{"line":102,"column":56}},"50":{"start":{"line":104,"column":4},"end":{"line":104,"column":56}},"51":{"start":{"line":105,"column":4},"end":{"line":105,"column":57}},"52":{"start":{"line":109,"column":0},"end":{"line":109,"column":24}}},"fnMap":{"0":{"name":"(anonymous_0)","decl":{"start":{"line":9,"column":19},"end":{"line":9,"column":20}},"loc":{"start":{"line":9,"column":33},"end":{"line":17,"column":1}},"line":9},"1":{"name":"(anonymous_1)","decl":{"start":{"line":20,"column":17},"end":{"line":20,"column":18}},"loc":{"start":{"line":20,"column":31},"end":{"line":65,"column":1}},"line":20},"2":{"name":"(anonymous_2)","decl":{"start":{"line":33,"column":60},"end":{"line":33,"column":61}},"loc":{"start":{"line":34,"column":4},"end":{"line":34,"column":46}},"line":34},"3":{"name":"(anonymous_3)","decl":{"start":{"line":46,"column":37},"end":{"line":46,"column":38}},"loc":{"start":{"line":46,"column":42},"end":{"line":46,"column":55}},"line":46},"4":{"name":"(anonymous_4)","decl":{"start":{"line":50,"column":43},"end":{"line":50,"column":44}},"loc":{"start":{"line":50,"column":48},"end":{"line":50,"column":65}},"line":50},"5":{"name":"(anonymous_5)","decl":{"start":{"line":51,"column":18},"end":{"line":51,"column":19}},"loc":{"start":{"line":51,"column":27},"end":{"line":62,"column":3}},"line":51},"6":{"name":"(anonymous_6)","decl":{"start":{"line":69,"column":20},"end":{"line":69,"column":21}},"loc":{"start":{"line":69,"column":34},"end":{"line":80,"column":1}},"line":69},"7":{"name":"(anonymous_7)","decl":{"start":{"line":73,"column":34},"end":{"line":73,"column":35}},"loc":{"start":{"line":73,"column":39},"end":{"line":73,"column":52}},"line":73},"8":{"name":"(anonymous_8)","decl":{"start":{"line":83,"column":23},"end":{"line":83,"column":24}},"loc":{"start":{"line":83,"column":37},"end":{"line":107,"column":1}},"line":83},"9":{"name":"(anonymous_9)","decl":{"start":{"line":87,"column":37},"end":{"line":87,"column":38}},"loc":{"start":{"line":87,"column":42},"end":{"line":87,"column":55}},"line":87},"10":{"name":"(anonymous_10)","decl":{"start":{"line":92,"column":45},"end":{"line":92,"column":46}},"loc":{"start":{"line":92,"column":50},"end":{"line":92,"column":67}},"line":92},"11":{"name":"(anonymous_11)","decl":{"start":{"line":93,"column":20},"end":{"line":93,"column":21}},"loc":{"start":{"line":93,"column":29},"end":{"line":101,"column":5}},"line":93}},"branchMap":{"0":{"loc":{"start":{"line":23,"column":2},"end":{"line":25,"column":3}},"type":"if","locations":[{"start":{"line":23,"column":2},"end":{"line":25,"column":3}},{"start":{},"end":{}}],"line":23},"1":{"loc":{"start":{"line":28,"column":2},"end":{"line":30,"column":3}},"type":"if","locations":[{"start":{"line":28,"column":2},"end":{"line":30,"column":3}},{"start":{},"end":{}}],"line":28},"2":{"loc":{"start":{"line":33,"column":31},"end":{"line":33,"column":54}},"type":"binary-expr","locations":[{"start":{"line":33,"column":31},"end":{"line":33,"column":48}},{"start":{"line":33,"column":52},"end":{"line":33,"column":54}}],"line":33},"3":{"loc":{"start":{"line":58,"column":14},"end":{"line":58,"column":136}},"type":"cond-expr","locations":[{"start":{"line":58,"column":66},"end":{"line":58,"column":128}},{"start":{"line":58,"column":131},"end":{"line":58,"column":136}}],"line":58},"4":{"loc":{"start":{"line":58,"column":14},"end":{"line":58,"column":63}},"type":"binary-expr","locations":[{"start":{"line":58,"column":14},"end":{"line":58,"column":35}},{"start":{"line":58,"column":39},"end":{"line":58,"column":63}}],"line":58},"5":{"loc":{"start":{"line":75,"column":2},"end":{"line":77,"column":3}},"type":"if","locations":[{"start":{"line":75,"column":2},"end":{"line":77,"column":3}},{"start":{},"end":{}}],"line":75},"6":{"loc":{"start":{"line":89,"column":2},"end":{"line":106,"column":3}},"type":"if","locations":[{"start":{"line":89,"column":2},"end":{"line":106,"column":3}},{"start":{"line":103,"column":9},"end":{"line":106,"column":3}}],"line":89}},"s":{"0":3,"1":3,"2":3,"3":3,"4":3,"5":3,"6":3,"7":2,"8":2,"9":2,"10":0,"11":0,"12":3,"13":3,"14":3,"15":1,"16":2,"17":2,"18":1,"19":1,"20":1,"21":1,"22":1,"23":0,"24":1,"25":1,"26":0,"27":1,"28":0,"29":1,"30":3,"31":2,"32":2,"33":2,"34":1,"35":2,"36":1,"37":1,"38":3,"39":2,"40":2,"41":2,"42":1,"43":2,"44":1,"45":1,"46":0,"47":1,"48":0,"49":1,"50":1,"51":1,"52":3},"f":{"0":2,"1":3,"2":1,"3":0,"4":0,"5":0,"6":2,"7":1,"8":2,"9":1,"10":0,"11":0},"b":{"0":[1,2],"1":[1,1],"2":[1,0],"3":[0,0],"4":[0,0],"5":[1,1],"6":[1,1]},"_coverageSchema":"1a1c01bbd47fc00a2c39e90264f33305004495a9","hash":"b50ca74ee983b7b2a57ea5fea753519d29812f0b"}
,"/Users/sakinanagarwala/COSC-4353/backend/routes/notificationRoutes.js": {"path":"/Users/sakinanagarwala/COSC-4353/backend/routes/notificationRoutes.js","statementMap":{"0":{"start":{"line":1,"column":16},"end":{"line":1,"column":34}},"1":{"start":{"line":2,"column":15},"end":{"line":2,"column":31}},"2":{"start":{"line":3,"column":28},"end":{"line":3,"column":67}},"3":{"start":{"line":7,"column":0},"end":{"line":14,"column":3}},"4":{"start":{"line":8,"column":39},"end":{"line":8,"column":47}},"5":{"start":{"line":9,"column":2},"end":{"line":11,"column":3}},"6":{"start":{"line":10,"column":4},"end":{"line":10,"column":100}},"7":{"start":{"line":12,"column":2},"end":{"line":12,"column":69}},"8":{"start":{"line":13,"column":2},"end":{"line":13,"column":72}},"9":{"start":{"line":18,"column":0},"end":{"line":22,"column":3}},"10":{"start":{"line":19,"column":18},"end":{"line":19,"column":28}},"11":{"start":{"line":20,"column":24},"end":{"line":20,"column":65}},"12":{"start":{"line":21,"column":2},"end":{"line":21,"column":45}},"13":{"start":{"line":26,"column":0},"end":{"line":30,"column":3}},"14":{"start":{"line":27,"column":18},"end":{"line":27,"column":28}},"15":{"start":{"line":28,"column":2},"end":{"line":28,"column":41}},"16":{"start":{"line":29,"column":2},"end":{"line":29,"column":75}},"17":{"start":{"line":32,"column":0},"end":{"line":32,"column":24}}},"fnMap":{"0":{"name":"(anonymous_0)","decl":{"start":{"line":7,"column":21},"end":{"line":7,"column":22}},"loc":{"start":{"line":7,"column":35},"end":{"line":14,"column":1}},"line":7},"1":{"name":"(anonymous_1)","decl":{"start":{"line":18,"column":20},"end":{"line":18,"column":21}},"loc":{"start":{"line":18,"column":34},"end":{"line":22,"column":1}},"line":18},"2":{"name":"(anonymous_2)","decl":{"start":{"line":26,"column":27},"end":{"line":26,"column":28}},"loc":{"start":{"line":26,"column":41},"end":{"line":30,"column":1}},"line":26}},"branchMap":{"0":{"loc":{"start":{"line":9,"column":2},"end":{"line":11,"column":3}},"type":"if","locations":[{"start":{"line":9,"column":2},"end":{"line":11,"column":3}},{"start":{},"end":{}}],"line":9},"1":{"loc":{"start":{"line":9,"column":6},"end":{"line":9,"column":31}},"type":"binary-expr","locations":[{"start":{"line":9,"column":6},"end":{"line":9,"column":10}},{"start":{"line":9,"column":14},"end":{"line":9,"column":19}},{"start":{"line":9,"column":23},"end":{"line":9,"column":31}}],"line":9}},"s":{"0":2,"1":2,"2":2,"3":2,"4":0,"5":0,"6":0,"7":0,"8":0,"9":2,"10":0,"11":0,"12":0,"13":2,"14":0,"15":0,"16":0,"17":2},"f":{"0":0,"1":0,"2":0},"b":{"0":[0,0],"1":[0,0,0]},"_coverageSchema":"1a1c01bbd47fc00a2c39e90264f33305004495a9","hash":"5cdfe55b437833afec7b8bb68dbd1be89dd519a8"}
,"/Users/sakinanagarwala/COSC-4353/backend/routes/profileRoutes.js": {"path":"/Users/sakinanagarwala/COSC-4353/backend/routes/profileRoutes.js","statementMap":{"0":{"start":{"line":50,"column":16},"end":{"line":50,"column":34}},"1":{"start":{"line":51,"column":15},"end":{"line":51,"column":31}},"2":{"start":{"line":52,"column":21},"end":{"line":52,"column":51}},"3":{"start":{"line":53,"column":28},"end":{"line":53,"column":63}},"4":{"start":{"line":56,"column":0},"end":{"line":87,"column":3}},"5":{"start":{"line":57,"column":33},"end":{"line":57,"column":41}},"6":{"start":{"line":59,"column":2},"end":{"line":61,"column":3}},"7":{"start":{"line":60,"column":4},"end":{"line":60,"column":68}},"8":{"start":{"line":63,"column":17},"end":{"line":63,"column":56}},"9":{"start":{"line":64,"column":2},"end":{"line":66,"column":3}},"10":{"start":{"line":65,"column":4},"end":{"line":65,"column":74}},"11":{"start":{"line":68,"column":2},"end":{"line":84,"column":3}},"12":{"start":{"line":69,"column":4},"end":{"line":69,"column":65}},"13":{"start":{"line":69,"column":50},"end":{"line":69,"column":63}},"14":{"start":{"line":70,"column":4},"end":{"line":70,"column":49}},"15":{"start":{"line":72,"column":28},"end":{"line":72,"column":72}},"16":{"start":{"line":72,"column":58},"end":{"line":72,"column":71}},"17":{"start":{"line":73,"column":29},"end":{"line":73,"column":59}},"18":{"start":{"line":75,"column":23},"end":{"line":80,"column":5}},"19":{"start":{"line":82,"column":4},"end":{"line":82,"column":73}},"20":{"start":{"line":82,"column":58},"end":{"line":82,"column":71}},"21":{"start":{"line":83,"column":4},"end":{"line":83,"column":41}},"22":{"start":{"line":86,"column":2},"end":{"line":86,"column":66}},"23":{"start":{"line":90,"column":0},"end":{"line":128,"column":3}},"24":{"start":{"line":91,"column":18},"end":{"line":91,"column":28}},"25":{"start":{"line":103,"column":6},"end":{"line":103,"column":14}},"26":{"start":{"line":105,"column":20},"end":{"line":105,"column":64}},"27":{"start":{"line":105,"column":50},"end":{"line":105,"column":63}},"28":{"start":{"line":106,"column":2},"end":{"line":108,"column":3}},"29":{"start":{"line":107,"column":4},"end":{"line":107,"column":68}},"30":{"start":{"line":110,"column":2},"end":{"line":110,"column":49}},"31":{"start":{"line":110,"column":26},"end":{"line":110,"column":49}},"32":{"start":{"line":112,"column":26},"end":{"line":123,"column":3}},"33":{"start":{"line":125,"column":2},"end":{"line":125,"column":42}},"34":{"start":{"line":127,"column":2},"end":{"line":127,"column":81}},"35":{"start":{"line":131,"column":0},"end":{"line":143,"column":3}},"36":{"start":{"line":132,"column":24},"end":{"line":140,"column":5}},"37":{"start":{"line":132,"column":59},"end":{"line":140,"column":3}},"38":{"start":{"line":142,"column":2},"end":{"line":142,"column":38}},"39":{"start":{"line":146,"column":0},"end":{"line":158,"column":3}},"40":{"start":{"line":147,"column":18},"end":{"line":147,"column":28}},"41":{"start":{"line":150,"column":4},"end":{"line":151,"column":48}},"42":{"start":{"line":150,"column":30},"end":{"line":150,"column":43}},"43":{"start":{"line":151,"column":34},"end":{"line":151,"column":47}},"44":{"start":{"line":153,"column":2},"end":{"line":155,"column":3}},"45":{"start":{"line":154,"column":4},"end":{"line":154,"column":66}},"46":{"start":{"line":157,"column":2},"end":{"line":157,"column":20}},"47":{"start":{"line":160,"column":0},"end":{"line":160,"column":24}}},"fnMap":{"0":{"name":"(anonymous_0)","decl":{"start":{"line":56,"column":17},"end":{"line":56,"column":18}},"loc":{"start":{"line":56,"column":31},"end":{"line":87,"column":1}},"line":56},"1":{"name":"(anonymous_1)","decl":{"start":{"line":69,"column":45},"end":{"line":69,"column":46}},"loc":{"start":{"line":69,"column":50},"end":{"line":69,"column":63}},"line":69},"2":{"name":"(anonymous_2)","decl":{"start":{"line":72,"column":53},"end":{"line":72,"column":54}},"loc":{"start":{"line":72,"column":58},"end":{"line":72,"column":71}},"line":72},"3":{"name":"(anonymous_3)","decl":{"start":{"line":82,"column":53},"end":{"line":82,"column":54}},"loc":{"start":{"line":82,"column":58},"end":{"line":82,"column":71}},"line":82},"4":{"name":"(anonymous_4)","decl":{"start":{"line":90,"column":29},"end":{"line":90,"column":30}},"loc":{"start":{"line":90,"column":43},"end":{"line":128,"column":1}},"line":90},"5":{"name":"(anonymous_5)","decl":{"start":{"line":105,"column":45},"end":{"line":105,"column":46}},"loc":{"start":{"line":105,"column":50},"end":{"line":105,"column":63}},"line":105},"6":{"name":"(anonymous_6)","decl":{"start":{"line":131,"column":33},"end":{"line":131,"column":34}},"loc":{"start":{"line":131,"column":47},"end":{"line":143,"column":1}},"line":131},"7":{"name":"(anonymous_7)","decl":{"start":{"line":132,"column":48},"end":{"line":132,"column":49}},"loc":{"start":{"line":132,"column":59},"end":{"line":140,"column":3}},"line":132},"8":{"name":"(anonymous_8)","decl":{"start":{"line":146,"column":20},"end":{"line":146,"column":21}},"loc":{"start":{"line":146,"column":34},"end":{"line":158,"column":1}},"line":146},"9":{"name":"(anonymous_9)","decl":{"start":{"line":150,"column":25},"end":{"line":150,"column":26}},"loc":{"start":{"line":150,"column":30},"end":{"line":150,"column":43}},"line":150},"10":{"name":"(anonymous_10)","decl":{"start":{"line":151,"column":29},"end":{"line":151,"column":30}},"loc":{"start":{"line":151,"column":34},"end":{"line":151,"column":47}},"line":151}},"branchMap":{"0":{"loc":{"start":{"line":59,"column":2},"end":{"line":61,"column":3}},"type":"if","locations":[{"start":{"line":59,"column":2},"end":{"line":61,"column":3}},{"start":{},"end":{}}],"line":59},"1":{"loc":{"start":{"line":59,"column":6},"end":{"line":59,"column":19}},"type":"binary-expr","locations":[{"start":{"line":59,"column":6},"end":{"line":59,"column":10}},{"start":{"line":59,"column":14},"end":{"line":59,"column":19}}],"line":59},"2":{"loc":{"start":{"line":64,"column":2},"end":{"line":66,"column":3}},"type":"if","locations":[{"start":{"line":64,"column":2},"end":{"line":66,"column":3}},{"start":{},"end":{}}],"line":64},"3":{"loc":{"start":{"line":68,"column":2},"end":{"line":84,"column":3}},"type":"if","locations":[{"start":{"line":68,"column":2},"end":{"line":84,"column":3}},{"start":{"line":71,"column":9},"end":{"line":84,"column":3}}],"line":68},"4":{"loc":{"start":{"line":73,"column":29},"end":{"line":73,"column":59}},"type":"binary-expr","locations":[{"start":{"line":73,"column":29},"end":{"line":73,"column":53}},{"start":{"line":73,"column":57},"end":{"line":73,"column":59}}],"line":73},"5":{"loc":{"start":{"line":106,"column":2},"end":{"line":108,"column":3}},"type":"if","locations":[{"start":{"line":106,"column":2},"end":{"line":108,"column":3}},{"start":{},"end":{}}],"line":106},"6":{"loc":{"start":{"line":110,"column":2},"end":{"line":110,"column":49}},"type":"if","locations":[{"start":{"line":110,"column":2},"end":{"line":110,"column":49}},{"start":{},"end":{}}],"line":110},"7":{"loc":{"start":{"line":137,"column":12},"end":{"line":137,"column":26}},"type":"binary-expr","locations":[{"start":{"line":137,"column":12},"end":{"line":137,"column":20}},{"start":{"line":137,"column":24},"end":{"line":137,"column":26}}],"line":137},"8":{"loc":{"start":{"line":138,"column":17},"end":{"line":138,"column":39}},"type":"binary-expr","locations":[{"start":{"line":138,"column":17},"end":{"line":138,"column":34}},{"start":{"line":138,"column":38},"end":{"line":138,"column":39}}],"line":138},"9":{"loc":{"start":{"line":139,"column":13},"end":{"line":139,"column":28}},"type":"binary-expr","locations":[{"start":{"line":139,"column":13},"end":{"line":139,"column":22}},{"start":{"line":139,"column":26},"end":{"line":139,"column":28}}],"line":139},"10":{"loc":{"start":{"line":150,"column":4},"end":{"line":151,"column":48}},"type":"binary-expr","locations":[{"start":{"line":150,"column":4},"end":{"line":150,"column":44}},{"start":{"line":151,"column":4},"end":{"line":151,"column":48}}],"line":150},"11":{"loc":{"start":{"line":153,"column":2},"end":{"line":155,"column":3}},"type":"if","locations":[{"start":{"line":153,"column":2},"end":{"line":155,"column":3}},{"start":{},"end":{}}],"line":153}},"s":{"0":3,"1":3,"2":3,"3":3,"4":3,"5":4,"6":4,"7":1,"8":3,"9":3,"10":1,"11":2,"12":1,"13":0,"14":1,"15":1,"16":0,"17":1,"18":1,"19":1,"20":0,"21":1,"22":2,"23":3,"24":0,"25":0,"26":0,"27":0,"28":0,"29":0,"30":0,"31":0,"32":0,"33":0,"34":0,"35":3,"36":0,"37":0,"38":0,"39":3,"40":3,"41":3,"42":1,"43":1,"44":3,"45":1,"46":2,"47":3},"f":{"0":4,"1":0,"2":0,"3":0,"4":0,"5":0,"6":0,"7":0,"8":3,"9":1,"10":1},"b":{"0":[1,3],"1":[4,3],"2":[1,2],"3":[1,1],"4":[1,1],"5":[0,0],"6":[0,0],"7":[0,0],"8":[0,0],"9":[0,0],"10":[3,2],"11":[1,2]},"_coverageSchema":"1a1c01bbd47fc00a2c39e90264f33305004495a9","hash":"c5034d89f60d39c823f4b799bd9ffa0b1824d636"}
,"/Users/sakinanagarwala/COSC-4353/backend/routes/volunteerMatchingRoutes.js": {"path":"/Users/sakinanagarwala/COSC-4353/backend/routes/volunteerMatchingRoutes.js","statementMap":{"0":{"start":{"line":2,"column":16},"end":{"line":2,"column":34}},"1":{"start":{"line":3,"column":15},"end":{"line":3,"column":31}},"2":{"start":{"line":4,"column":21},"end":{"line":4,"column":51}},"3":{"start":{"line":5,"column":19},"end":{"line":5,"column":50}},"4":{"start":{"line":6,"column":28},"end":{"line":6,"column":67}},"5":{"start":{"line":7,"column":31},"end":{"line":7,"column":73}},"6":{"start":{"line":12,"column":18},"end":{"line":12,"column":50}},"7":{"start":{"line":13,"column":16},"end":{"line":13,"column":33}},"8":{"start":{"line":17,"column":0},"end":{"line":50,"column":3}},"9":{"start":{"line":18,"column":2},"end":{"line":49,"column":3}},"10":{"start":{"line":20,"column":25},"end":{"line":22,"column":6}},"11":{"start":{"line":21,"column":6},"end":{"line":21,"column":55}},"12":{"start":{"line":24,"column":28},"end":{"line":36,"column":7}},"13":{"start":{"line":24,"column":55},"end":{"line":36,"column":5}},"14":{"start":{"line":38,"column":4},"end":{"line":41,"column":7}},"15":{"start":{"line":43,"column":4},"end":{"line":43,"column":51}},"16":{"start":{"line":44,"column":4},"end":{"line":48,"column":7}},"17":{"start":{"line":54,"column":22},"end":{"line":59,"column":3}},"18":{"start":{"line":60,"column":19},"end":{"line":60,"column":80}},"19":{"start":{"line":60,"column":43},"end":{"line":60,"column":60}},"20":{"start":{"line":61,"column":2},"end":{"line":61,"column":31}},"21":{"start":{"line":66,"column":0},"end":{"line":189,"column":3}},"22":{"start":{"line":67,"column":2},"end":{"line":188,"column":3}},"23":{"start":{"line":68,"column":24},"end":{"line":68,"column":34}},"24":{"start":{"line":71,"column":26},"end":{"line":71,"column":75}},"25":{"start":{"line":71,"column":53},"end":{"line":71,"column":74}},"26":{"start":{"line":73,"column":4},"end":{"line":78,"column":5}},"27":{"start":{"line":74,"column":6},"end":{"line":77,"column":9}},"28":{"start":{"line":81,"column":22},"end":{"line":81,"column":62}},"29":{"start":{"line":82,"column":24},"end":{"line":82,"column":84}},"30":{"start":{"line":82,"column":55},"end":{"line":82,"column":77}},"31":{"start":{"line":83,"column":23},"end":{"line":83,"column":55}},"32":{"start":{"line":86,"column":32},"end":{"line":88,"column":30}},"33":{"start":{"line":87,"column":19},"end":{"line":87,"column":40}},"34":{"start":{"line":88,"column":16},"end":{"line":88,"column":29}},"35":{"start":{"line":91,"column":4},"end":{"line":93,"column":5}},"36":{"start":{"line":92,"column":6},"end":{"line":92,"column":38}},"37":{"start":{"line":96,"column":23},"end":{"line":96,"column":30}},"38":{"start":{"line":99,"column":31},"end":{"line":149,"column":6}},"39":{"start":{"line":101,"column":6},"end":{"line":104,"column":7}},"40":{"start":{"line":102,"column":8},"end":{"line":102,"column":75}},"41":{"start":{"line":103,"column":8},"end":{"line":103,"column":21}},"42":{"start":{"line":107,"column":6},"end":{"line":110,"column":7}},"43":{"start":{"line":108,"column":8},"end":{"line":108,"column":65}},"44":{"start":{"line":109,"column":8},"end":{"line":109,"column":21}},"45":{"start":{"line":113,"column":6},"end":{"line":115,"column":7}},"46":{"start":{"line":114,"column":8},"end":{"line":114,"column":21}},"47":{"start":{"line":118,"column":24},"end":{"line":118,"column":103}},"48":{"start":{"line":121,"column":31},"end":{"line":125,"column":7}},"49":{"start":{"line":122,"column":8},"end":{"line":124,"column":9}},"50":{"start":{"line":123,"column":10},"end":{"line":123,"column":72}},"51":{"start":{"line":128,"column":6},"end":{"line":131,"column":7}},"52":{"start":{"line":129,"column":8},"end":{"line":129,"column":78}},"53":{"start":{"line":130,"column":8},"end":{"line":130,"column":21}},"54":{"start":{"line":134,"column":30},"end":{"line":146,"column":10}},"55":{"start":{"line":137,"column":27},"end":{"line":143,"column":11}},"56":{"start":{"line":138,"column":12},"end":{"line":142,"column":56}},"57":{"start":{"line":145,"column":10},"end":{"line":145,"column":73}},"58":{"start":{"line":148,"column":6},"end":{"line":148,"column":62}},"59":{"start":{"line":152,"column":32},"end":{"line":165,"column":7}},"60":{"start":{"line":152,"column":69},"end":{"line":165,"column":5}},"61":{"start":{"line":161,"column":8},"end":{"line":163,"column":9}},"62":{"start":{"line":162,"column":10},"end":{"line":162,"column":72}},"63":{"start":{"line":167,"column":4},"end":{"line":180,"column":7}},"64":{"start":{"line":182,"column":4},"end":{"line":182,"column":64}},"65":{"start":{"line":183,"column":4},"end":{"line":187,"column":7}},"66":{"start":{"line":193,"column":0},"end":{"line":352,"column":3}},"67":{"start":{"line":194,"column":2},"end":{"line":351,"column":3}},"68":{"start":{"line":195,"column":37},"end":{"line":195,"column":45}},"69":{"start":{"line":198,"column":4},"end":{"line":203,"column":5}},"70":{"start":{"line":199,"column":6},"end":{"line":202,"column":9}},"71":{"start":{"line":206,"column":22},"end":{"line":206,"column":74}},"72":{"start":{"line":206,"column":52},"end":{"line":206,"column":73}},"73":{"start":{"line":207,"column":18},"end":{"line":207,"column":59}},"74":{"start":{"line":207,"column":41},"end":{"line":207,"column":58}},"75":{"start":{"line":209,"column":4},"end":{"line":214,"column":5}},"76":{"start":{"line":210,"column":6},"end":{"line":213,"column":9}},"77":{"start":{"line":216,"column":4},"end":{"line":221,"column":5}},"78":{"start":{"line":217,"column":6},"end":{"line":220,"column":9}},"79":{"start":{"line":224,"column":26},"end":{"line":226,"column":5}},"80":{"start":{"line":225,"column":6},"end":{"line":225,"column":60}},"81":{"start":{"line":228,"column":4},"end":{"line":233,"column":5}},"82":{"start":{"line":229,"column":6},"end":{"line":232,"column":9}},"83":{"start":{"line":236,"column":22},"end":{"line":236,"column":79}},"84":{"start":{"line":237,"column":29},"end":{"line":241,"column":5}},"85":{"start":{"line":238,"column":6},"end":{"line":240,"column":7}},"86":{"start":{"line":239,"column":8},"end":{"line":239,"column":70}},"87":{"start":{"line":243,"column":4},"end":{"line":248,"column":5}},"88":{"start":{"line":244,"column":6},"end":{"line":247,"column":9}},"89":{"start":{"line":250,"column":4},"end":{"line":255,"column":5}},"90":{"start":{"line":251,"column":6},"end":{"line":254,"column":9}},"91":{"start":{"line":258,"column":4},"end":{"line":273,"column":5}},"92":{"start":{"line":259,"column":26},"end":{"line":265,"column":7}},"93":{"start":{"line":260,"column":8},"end":{"line":264,"column":80}},"94":{"start":{"line":264,"column":46},"end":{"line":264,"column":79}},"95":{"start":{"line":267,"column":6},"end":{"line":272,"column":7}},"96":{"start":{"line":268,"column":8},"end":{"line":271,"column":11}},"97":{"start":{"line":276,"column":21},"end":{"line":305,"column":5}},"98":{"start":{"line":283,"column":8},"end":{"line":285,"column":9}},"99":{"start":{"line":284,"column":10},"end":{"line":284,"column":72}},"100":{"start":{"line":307,"column":4},"end":{"line":307,"column":37}},"101":{"start":{"line":310,"column":4},"end":{"line":310,"column":51}},"102":{"start":{"line":310,"column":28},"end":{"line":310,"column":51}},"103":{"start":{"line":311,"column":25},"end":{"line":323,"column":5}},"104":{"start":{"line":324,"column":4},"end":{"line":324,"column":41}},"105":{"start":{"line":327,"column":4},"end":{"line":336,"column":7}},"106":{"start":{"line":339,"column":4},"end":{"line":343,"column":7}},"107":{"start":{"line":345,"column":4},"end":{"line":345,"column":50}},"108":{"start":{"line":346,"column":4},"end":{"line":350,"column":7}},"109":{"start":{"line":356,"column":0},"end":{"line":399,"column":3}},"110":{"start":{"line":357,"column":2},"end":{"line":398,"column":3}},"111":{"start":{"line":359,"column":29},"end":{"line":385,"column":6}},"112":{"start":{"line":360,"column":24},"end":{"line":360,"column":82}},"113":{"start":{"line":360,"column":54},"end":{"line":360,"column":81}},"114":{"start":{"line":361,"column":20},"end":{"line":361,"column":67}},"115":{"start":{"line":361,"column":43},"end":{"line":361,"column":66}},"116":{"start":{"line":363,"column":6},"end":{"line":384,"column":8}},"117":{"start":{"line":387,"column":4},"end":{"line":390,"column":7}},"118":{"start":{"line":392,"column":4},"end":{"line":392,"column":52}},"119":{"start":{"line":393,"column":4},"end":{"line":397,"column":7}},"120":{"start":{"line":403,"column":0},"end":{"line":459,"column":3}},"121":{"start":{"line":404,"column":2},"end":{"line":458,"column":3}},"122":{"start":{"line":405,"column":24},"end":{"line":405,"column":34}},"123":{"start":{"line":406,"column":23},"end":{"line":406,"column":73}},"124":{"start":{"line":406,"column":46},"end":{"line":406,"column":72}},"125":{"start":{"line":408,"column":4},"end":{"line":413,"column":5}},"126":{"start":{"line":409,"column":6},"end":{"line":412,"column":9}},"127":{"start":{"line":415,"column":25},"end":{"line":415,"column":57}},"128":{"start":{"line":418,"column":4},"end":{"line":427,"column":5}},"129":{"start":{"line":419,"column":24},"end":{"line":419,"column":89}},"130":{"start":{"line":419,"column":54},"end":{"line":419,"column":88}},"131":{"start":{"line":420,"column":6},"end":{"line":426,"column":7}},"132":{"start":{"line":421,"column":22},"end":{"line":421,"column":81}},"133":{"start":{"line":421,"column":50},"end":{"line":421,"column":80}},"134":{"start":{"line":422,"column":8},"end":{"line":425,"column":9}},"135":{"start":{"line":423,"column":10},"end":{"line":423,"column":50}},"136":{"start":{"line":424,"column":10},"end":{"line":424,"column":53}},"137":{"start":{"line":429,"column":4},"end":{"line":444,"column":5}},"138":{"start":{"line":430,"column":22},"end":{"line":430,"column":44}},"139":{"start":{"line":431,"column":6},"end":{"line":435,"column":7}},"140":{"start":{"line":433,"column":22},"end":{"line":433,"column":76}},"141":{"start":{"line":433,"column":45},"end":{"line":433,"column":75}},"142":{"start":{"line":434,"column":8},"end":{"line":434,"column":58}},"143":{"start":{"line":436,"column":6},"end":{"line":443,"column":9}},"144":{"start":{"line":446,"column":4},"end":{"line":450,"column":7}},"145":{"start":{"line":452,"column":4},"end":{"line":452,"column":50}},"146":{"start":{"line":453,"column":4},"end":{"line":457,"column":7}},"147":{"start":{"line":463,"column":0},"end":{"line":518,"column":3}},"148":{"start":{"line":464,"column":2},"end":{"line":517,"column":3}},"149":{"start":{"line":465,"column":28},"end":{"line":465,"column":38}},"150":{"start":{"line":467,"column":22},"end":{"line":467,"column":74}},"151":{"start":{"line":467,"column":52},"end":{"line":467,"column":73}},"152":{"start":{"line":468,"column":4},"end":{"line":473,"column":5}},"153":{"start":{"line":469,"column":6},"end":{"line":472,"column":9}},"154":{"start":{"line":475,"column":29},"end":{"line":475,"column":79}},"155":{"start":{"line":475,"column":49},"end":{"line":475,"column":78}},"156":{"start":{"line":476,"column":25},"end":{"line":476,"column":48}},"157":{"start":{"line":477,"column":26},"end":{"line":477,"column":84}},"158":{"start":{"line":477,"column":55},"end":{"line":477,"column":76}},"159":{"start":{"line":480,"column":29},"end":{"line":490,"column":6}},"160":{"start":{"line":481,"column":24},"end":{"line":481,"column":81}},"161":{"start":{"line":482,"column":31},"end":{"line":486,"column":7}},"162":{"start":{"line":483,"column":8},"end":{"line":485,"column":9}},"163":{"start":{"line":484,"column":10},"end":{"line":484,"column":72}},"164":{"start":{"line":487,"column":32},"end":{"line":487,"column":84}},"165":{"start":{"line":487,"column":60},"end":{"line":487,"column":83}},"166":{"start":{"line":489,"column":6},"end":{"line":489,"column":64}},"167":{"start":{"line":492,"column":4},"end":{"line":509,"column":7}},"168":{"start":{"line":511,"column":4},"end":{"line":511,"column":60}},"169":{"start":{"line":512,"column":4},"end":{"line":516,"column":7}},"170":{"start":{"line":522,"column":0},"end":{"line":578,"column":3}},"171":{"start":{"line":523,"column":2},"end":{"line":577,"column":3}},"172":{"start":{"line":524,"column":24},"end":{"line":524,"column":34}},"173":{"start":{"line":526,"column":18},"end":{"line":526,"column":59}},"174":{"start":{"line":526,"column":41},"end":{"line":526,"column":58}},"175":{"start":{"line":527,"column":4},"end":{"line":532,"column":5}},"176":{"start":{"line":528,"column":6},"end":{"line":531,"column":9}},"177":{"start":{"line":534,"column":25},"end":{"line":534,"column":67}},"178":{"start":{"line":534,"column":45},"end":{"line":534,"column":66}},"179":{"start":{"line":535,"column":25},"end":{"line":535,"column":44}},"180":{"start":{"line":536,"column":26},"end":{"line":536,"column":80}},"181":{"start":{"line":536,"column":51},"end":{"line":536,"column":72}},"182":{"start":{"line":539,"column":32},"end":{"line":549,"column":6}},"183":{"start":{"line":540,"column":24},"end":{"line":540,"column":81}},"184":{"start":{"line":541,"column":31},"end":{"line":545,"column":7}},"185":{"start":{"line":542,"column":8},"end":{"line":544,"column":9}},"186":{"start":{"line":543,"column":10},"end":{"line":543,"column":72}},"187":{"start":{"line":546,"column":32},"end":{"line":546,"column":88}},"188":{"start":{"line":546,"column":56},"end":{"line":546,"column":87}},"189":{"start":{"line":548,"column":6},"end":{"line":548,"column":64}},"190":{"start":{"line":551,"column":4},"end":{"line":569,"column":7}},"191":{"start":{"line":571,"column":4},"end":{"line":571,"column":56}},"192":{"start":{"line":572,"column":4},"end":{"line":576,"column":7}},"193":{"start":{"line":582,"column":0},"end":{"line":602,"column":3}},"194":{"start":{"line":583,"column":44},"end":{"line":583,"column":52}},"195":{"start":{"line":584,"column":2},"end":{"line":586,"column":3}},"196":{"start":{"line":585,"column":4},"end":{"line":585,"column":111}},"197":{"start":{"line":587,"column":16},"end":{"line":587,"column":57}},"198":{"start":{"line":587,"column":39},"end":{"line":587,"column":56}},"199":{"start":{"line":588,"column":2},"end":{"line":590,"column":3}},"200":{"start":{"line":589,"column":4},"end":{"line":589,"column":80}},"201":{"start":{"line":591,"column":2},"end":{"line":600,"column":5}},"202":{"start":{"line":601,"column":2},"end":{"line":601,"column":81}},"203":{"start":{"line":605,"column":0},"end":{"line":612,"column":3}},"204":{"start":{"line":606,"column":2},"end":{"line":611,"column":3}},"205":{"start":{"line":607,"column":29},"end":{"line":607,"column":75}},"206":{"start":{"line":608,"column":4},"end":{"line":608,"column":65}},"207":{"start":{"line":610,"column":4},"end":{"line":610,"column":113}},"208":{"start":{"line":616,"column":0},"end":{"line":655,"column":3}},"209":{"start":{"line":617,"column":2},"end":{"line":654,"column":3}},"210":{"start":{"line":618,"column":28},"end":{"line":618,"column":38}},"211":{"start":{"line":620,"column":29},"end":{"line":620,"column":79}},"212":{"start":{"line":620,"column":49},"end":{"line":620,"column":78}},"213":{"start":{"line":622,"column":25},"end":{"line":650,"column":6}},"214":{"start":{"line":623,"column":20},"end":{"line":623,"column":67}},"215":{"start":{"line":623,"column":43},"end":{"line":623,"column":66}},"216":{"start":{"line":625,"column":32},"end":{"line":625,"column":41}},"217":{"start":{"line":626,"column":6},"end":{"line":634,"column":7}},"218":{"start":{"line":627,"column":22},"end":{"line":627,"column":32}},"219":{"start":{"line":628,"column":27},"end":{"line":628,"column":73}},"220":{"start":{"line":628,"column":58},"end":{"line":628,"column":72}},"221":{"start":{"line":629,"column":8},"end":{"line":633,"column":9}},"222":{"start":{"line":629,"column":36},"end":{"line":629,"column":67}},"223":{"start":{"line":630,"column":10},"end":{"line":630,"column":42}},"224":{"start":{"line":632,"column":10},"end":{"line":632,"column":44}},"225":{"start":{"line":635,"column":6},"end":{"line":649,"column":8}},"226":{"start":{"line":651,"column":4},"end":{"line":651,"column":52}},"227":{"start":{"line":653,"column":4},"end":{"line":653,"column":109}},"228":{"start":{"line":657,"column":0},"end":{"line":657,"column":24}}},"fnMap":{"0":{"name":"(anonymous_0)","decl":{"start":{"line":17,"column":22},"end":{"line":17,"column":23}},"loc":{"start":{"line":17,"column":36},"end":{"line":50,"column":1}},"line":17},"1":{"name":"(anonymous_1)","decl":{"start":{"line":20,"column":48},"end":{"line":20,"column":49}},"loc":{"start":{"line":20,"column":58},"end":{"line":22,"column":5}},"line":20},"2":{"name":"(anonymous_2)","decl":{"start":{"line":24,"column":45},"end":{"line":24,"column":46}},"loc":{"start":{"line":24,"column":55},"end":{"line":36,"column":5}},"line":24},"3":{"name":"getUrgencyName","decl":{"start":{"line":53,"column":9},"end":{"line":53,"column":23}},"loc":{"start":{"line":53,"column":30},"end":{"line":62,"column":1}},"line":53},"4":{"name":"(anonymous_4)","decl":{"start":{"line":60,"column":36},"end":{"line":60,"column":37}},"loc":{"start":{"line":60,"column":43},"end":{"line":60,"column":60}},"line":60},"5":{"name":"(anonymous_5)","decl":{"start":{"line":66,"column":35},"end":{"line":66,"column":36}},"loc":{"start":{"line":66,"column":49},"end":{"line":189,"column":1}},"line":66},"6":{"name":"(anonymous_6)","decl":{"start":{"line":71,"column":44},"end":{"line":71,"column":45}},"loc":{"start":{"line":71,"column":53},"end":{"line":71,"column":74}},"line":71},"7":{"name":"(anonymous_7)","decl":{"start":{"line":82,"column":50},"end":{"line":82,"column":51}},"loc":{"start":{"line":82,"column":55},"end":{"line":82,"column":77}},"line":82},"8":{"name":"(anonymous_8)","decl":{"start":{"line":87,"column":14},"end":{"line":87,"column":15}},"loc":{"start":{"line":87,"column":19},"end":{"line":87,"column":40}},"line":87},"9":{"name":"(anonymous_9)","decl":{"start":{"line":88,"column":11},"end":{"line":88,"column":12}},"loc":{"start":{"line":88,"column":16},"end":{"line":88,"column":29}},"line":88},"10":{"name":"(anonymous_10)","decl":{"start":{"line":99,"column":58},"end":{"line":99,"column":59}},"loc":{"start":{"line":99,"column":71},"end":{"line":149,"column":5}},"line":99},"11":{"name":"(anonymous_11)","decl":{"start":{"line":121,"column":53},"end":{"line":121,"column":54}},"loc":{"start":{"line":122,"column":8},"end":{"line":124,"column":9}},"line":122},"12":{"name":"(anonymous_12)","decl":{"start":{"line":122,"column":34},"end":{"line":122,"column":35}},"loc":{"start":{"line":123,"column":10},"end":{"line":123,"column":72}},"line":123},"13":{"name":"(anonymous_13)","decl":{"start":{"line":135,"column":40},"end":{"line":135,"column":41}},"loc":{"start":{"line":135,"column":53},"end":{"line":146,"column":9}},"line":135},"14":{"name":"(anonymous_14)","decl":{"start":{"line":137,"column":43},"end":{"line":137,"column":44}},"loc":{"start":{"line":138,"column":12},"end":{"line":142,"column":56}},"line":138},"15":{"name":"(anonymous_15)","decl":{"start":{"line":152,"column":55},"end":{"line":152,"column":56}},"loc":{"start":{"line":152,"column":69},"end":{"line":165,"column":5}},"line":152},"16":{"name":"(anonymous_16)","decl":{"start":{"line":160,"column":46},"end":{"line":160,"column":47}},"loc":{"start":{"line":161,"column":8},"end":{"line":163,"column":9}},"line":161},"17":{"name":"(anonymous_17)","decl":{"start":{"line":161,"column":34},"end":{"line":161,"column":35}},"loc":{"start":{"line":162,"column":10},"end":{"line":162,"column":72}},"line":162},"18":{"name":"(anonymous_18)","decl":{"start":{"line":193,"column":24},"end":{"line":193,"column":25}},"loc":{"start":{"line":193,"column":38},"end":{"line":352,"column":1}},"line":193},"19":{"name":"(anonymous_19)","decl":{"start":{"line":206,"column":47},"end":{"line":206,"column":48}},"loc":{"start":{"line":206,"column":52},"end":{"line":206,"column":73}},"line":206},"20":{"name":"(anonymous_20)","decl":{"start":{"line":207,"column":36},"end":{"line":207,"column":37}},"loc":{"start":{"line":207,"column":41},"end":{"line":207,"column":58}},"line":207},"21":{"name":"(anonymous_21)","decl":{"start":{"line":224,"column":39},"end":{"line":224,"column":40}},"loc":{"start":{"line":225,"column":6},"end":{"line":225,"column":60}},"line":225},"22":{"name":"(anonymous_22)","decl":{"start":{"line":237,"column":51},"end":{"line":237,"column":52}},"loc":{"start":{"line":238,"column":6},"end":{"line":240,"column":7}},"line":238},"23":{"name":"(anonymous_23)","decl":{"start":{"line":238,"column":24},"end":{"line":238,"column":25}},"loc":{"start":{"line":239,"column":8},"end":{"line":239,"column":70}},"line":239},"24":{"name":"(anonymous_24)","decl":{"start":{"line":259,"column":39},"end":{"line":259,"column":40}},"loc":{"start":{"line":260,"column":8},"end":{"line":264,"column":80}},"line":260},"25":{"name":"(anonymous_25)","decl":{"start":{"line":264,"column":38},"end":{"line":264,"column":39}},"loc":{"start":{"line":264,"column":46},"end":{"line":264,"column":79}},"line":264},"26":{"name":"(anonymous_26)","decl":{"start":{"line":282,"column":45},"end":{"line":282,"column":46}},"loc":{"start":{"line":283,"column":8},"end":{"line":285,"column":9}},"line":283},"27":{"name":"(anonymous_27)","decl":{"start":{"line":283,"column":26},"end":{"line":283,"column":27}},"loc":{"start":{"line":284,"column":10},"end":{"line":284,"column":72}},"line":284},"28":{"name":"(anonymous_28)","decl":{"start":{"line":356,"column":23},"end":{"line":356,"column":24}},"loc":{"start":{"line":356,"column":37},"end":{"line":399,"column":1}},"line":356},"29":{"name":"(anonymous_29)","decl":{"start":{"line":359,"column":41},"end":{"line":359,"column":42}},"loc":{"start":{"line":359,"column":50},"end":{"line":385,"column":5}},"line":359},"30":{"name":"(anonymous_30)","decl":{"start":{"line":360,"column":49},"end":{"line":360,"column":50}},"loc":{"start":{"line":360,"column":54},"end":{"line":360,"column":81}},"line":360},"31":{"name":"(anonymous_31)","decl":{"start":{"line":361,"column":38},"end":{"line":361,"column":39}},"loc":{"start":{"line":361,"column":43},"end":{"line":361,"column":66}},"line":361},"32":{"name":"(anonymous_32)","decl":{"start":{"line":403,"column":35},"end":{"line":403,"column":36}},"loc":{"start":{"line":403,"column":49},"end":{"line":459,"column":1}},"line":403},"33":{"name":"(anonymous_33)","decl":{"start":{"line":406,"column":41},"end":{"line":406,"column":42}},"loc":{"start":{"line":406,"column":46},"end":{"line":406,"column":72}},"line":406},"34":{"name":"(anonymous_34)","decl":{"start":{"line":419,"column":49},"end":{"line":419,"column":50}},"loc":{"start":{"line":419,"column":54},"end":{"line":419,"column":88}},"line":419},"35":{"name":"(anonymous_35)","decl":{"start":{"line":421,"column":45},"end":{"line":421,"column":46}},"loc":{"start":{"line":421,"column":50},"end":{"line":421,"column":80}},"line":421},"36":{"name":"(anonymous_36)","decl":{"start":{"line":433,"column":40},"end":{"line":433,"column":41}},"loc":{"start":{"line":433,"column":45},"end":{"line":433,"column":75}},"line":433},"37":{"name":"(anonymous_37)","decl":{"start":{"line":463,"column":44},"end":{"line":463,"column":45}},"loc":{"start":{"line":463,"column":58},"end":{"line":518,"column":1}},"line":463},"38":{"name":"(anonymous_38)","decl":{"start":{"line":467,"column":47},"end":{"line":467,"column":48}},"loc":{"start":{"line":467,"column":52},"end":{"line":467,"column":73}},"line":467},"39":{"name":"(anonymous_39)","decl":{"start":{"line":475,"column":44},"end":{"line":475,"column":45}},"loc":{"start":{"line":475,"column":49},"end":{"line":475,"column":78}},"line":475},"40":{"name":"(anonymous_40)","decl":{"start":{"line":477,"column":50},"end":{"line":477,"column":51}},"loc":{"start":{"line":477,"column":55},"end":{"line":477,"column":76}},"line":477},"41":{"name":"(anonymous_41)","decl":{"start":{"line":480,"column":49},"end":{"line":480,"column":50}},"loc":{"start":{"line":480,"column":58},"end":{"line":490,"column":5}},"line":480},"42":{"name":"(anonymous_42)","decl":{"start":{"line":482,"column":53},"end":{"line":482,"column":54}},"loc":{"start":{"line":483,"column":8},"end":{"line":485,"column":9}},"line":483},"43":{"name":"(anonymous_43)","decl":{"start":{"line":483,"column":26},"end":{"line":483,"column":27}},"loc":{"start":{"line":484,"column":10},"end":{"line":484,"column":72}},"line":484},"44":{"name":"(anonymous_44)","decl":{"start":{"line":487,"column":55},"end":{"line":487,"column":56}},"loc":{"start":{"line":487,"column":60},"end":{"line":487,"column":83}},"line":487},"45":{"name":"(anonymous_45)","decl":{"start":{"line":522,"column":36},"end":{"line":522,"column":37}},"loc":{"start":{"line":522,"column":50},"end":{"line":578,"column":1}},"line":522},"46":{"name":"(anonymous_46)","decl":{"start":{"line":526,"column":36},"end":{"line":526,"column":37}},"loc":{"start":{"line":526,"column":41},"end":{"line":526,"column":58}},"line":526},"47":{"name":"(anonymous_47)","decl":{"start":{"line":534,"column":40},"end":{"line":534,"column":41}},"loc":{"start":{"line":534,"column":45},"end":{"line":534,"column":66}},"line":534},"48":{"name":"(anonymous_48)","decl":{"start":{"line":536,"column":46},"end":{"line":536,"column":47}},"loc":{"start":{"line":536,"column":51},"end":{"line":536,"column":72}},"line":536},"49":{"name":"(anonymous_49)","decl":{"start":{"line":539,"column":59},"end":{"line":539,"column":60}},"loc":{"start":{"line":539,"column":72},"end":{"line":549,"column":5}},"line":539},"50":{"name":"(anonymous_50)","decl":{"start":{"line":541,"column":53},"end":{"line":541,"column":54}},"loc":{"start":{"line":542,"column":8},"end":{"line":544,"column":9}},"line":542},"51":{"name":"(anonymous_51)","decl":{"start":{"line":542,"column":26},"end":{"line":542,"column":27}},"loc":{"start":{"line":543,"column":10},"end":{"line":543,"column":72}},"line":543},"52":{"name":"(anonymous_52)","decl":{"start":{"line":546,"column":51},"end":{"line":546,"column":52}},"loc":{"start":{"line":546,"column":56},"end":{"line":546,"column":87}},"line":546},"53":{"name":"(anonymous_53)","decl":{"start":{"line":582,"column":25},"end":{"line":582,"column":26}},"loc":{"start":{"line":582,"column":39},"end":{"line":602,"column":1}},"line":582},"54":{"name":"(anonymous_54)","decl":{"start":{"line":587,"column":34},"end":{"line":587,"column":35}},"loc":{"start":{"line":587,"column":39},"end":{"line":587,"column":56}},"line":587},"55":{"name":"(anonymous_55)","decl":{"start":{"line":605,"column":35},"end":{"line":605,"column":36}},"loc":{"start":{"line":605,"column":49},"end":{"line":612,"column":1}},"line":605},"56":{"name":"(anonymous_56)","decl":{"start":{"line":616,"column":46},"end":{"line":616,"column":47}},"loc":{"start":{"line":616,"column":60},"end":{"line":655,"column":1}},"line":616},"57":{"name":"(anonymous_57)","decl":{"start":{"line":620,"column":44},"end":{"line":620,"column":45}},"loc":{"start":{"line":620,"column":49},"end":{"line":620,"column":78}},"line":620},"58":{"name":"(anonymous_58)","decl":{"start":{"line":622,"column":46},"end":{"line":622,"column":47}},"loc":{"start":{"line":622,"column":55},"end":{"line":650,"column":5}},"line":622},"59":{"name":"(anonymous_59)","decl":{"start":{"line":623,"column":38},"end":{"line":623,"column":39}},"loc":{"start":{"line":623,"column":43},"end":{"line":623,"column":66}},"line":623},"60":{"name":"(anonymous_60)","decl":{"start":{"line":628,"column":50},"end":{"line":628,"column":51}},"loc":{"start":{"line":628,"column":58},"end":{"line":628,"column":72}},"line":628},"61":{"name":"(anonymous_61)","decl":{"start":{"line":629,"column":28},"end":{"line":629,"column":29}},"loc":{"start":{"line":629,"column":36},"end":{"line":629,"column":67}},"line":629}},"branchMap":{"0":{"loc":{"start":{"line":34,"column":12},"end":{"line":34,"column":125}},"type":"cond-expr","locations":[{"start":{"line":34,"column":58},"end":{"line":34,"column":117}},{"start":{"line":34,"column":120},"end":{"line":34,"column":125}}],"line":34},"1":{"loc":{"start":{"line":34,"column":12},"end":{"line":34,"column":55}},"type":"binary-expr","locations":[{"start":{"line":34,"column":12},"end":{"line":34,"column":30}},{"start":{"line":34,"column":34},"end":{"line":34,"column":55}}],"line":34},"2":{"loc":{"start":{"line":35,"column":20},"end":{"line":35,"column":44}},"type":"binary-expr","locations":[{"start":{"line":35,"column":20},"end":{"line":35,"column":38}},{"start":{"line":35,"column":42},"end":{"line":35,"column":44}}],"line":35},"3":{"loc":{"start":{"line":60,"column":19},"end":{"line":60,"column":80}},"type":"binary-expr","locations":[{"start":{"line":60,"column":19},"end":{"line":60,"column":67}},{"start":{"line":60,"column":71},"end":{"line":60,"column":80}}],"line":60},"4":{"loc":{"start":{"line":73,"column":4},"end":{"line":78,"column":5}},"type":"if","locations":[{"start":{"line":73,"column":4},"end":{"line":78,"column":5}},{"start":{},"end":{}}],"line":73},"5":{"loc":{"start":{"line":82,"column":24},"end":{"line":82,"column":84}},"type":"binary-expr","locations":[{"start":{"line":82,"column":24},"end":{"line":82,"column":78}},{"start":{"line":82,"column":82},"end":{"line":82,"column":84}}],"line":82},"6":{"loc":{"start":{"line":83,"column":23},"end":{"line":83,"column":55}},"type":"binary-expr","locations":[{"start":{"line":83,"column":23},"end":{"line":83,"column":49}},{"start":{"line":83,"column":53},"end":{"line":83,"column":55}}],"line":83},"7":{"loc":{"start":{"line":91,"column":4},"end":{"line":93,"column":5}},"type":"if","locations":[{"start":{"line":91,"column":4},"end":{"line":93,"column":5}},{"start":{},"end":{}}],"line":91},"8":{"loc":{"start":{"line":91,"column":8},"end":{"line":91,"column":81}},"type":"binary-expr","locations":[{"start":{"line":91,"column":8},"end":{"line":91,"column":35}},{"start":{"line":91,"column":39},"end":{"line":91,"column":81}}],"line":91},"9":{"loc":{"start":{"line":101,"column":6},"end":{"line":104,"column":7}},"type":"if","locations":[{"start":{"line":101,"column":6},"end":{"line":104,"column":7}},{"start":{},"end":{}}],"line":101},"10":{"loc":{"start":{"line":101,"column":10},"end":{"line":101,"column":96}},"type":"binary-expr","locations":[{"start":{"line":101,"column":10},"end":{"line":101,"column":20}},{"start":{"line":101,"column":24},"end":{"line":101,"column":39}},{"start":{"line":101,"column":43},"end":{"line":101,"column":60}},{"start":{"line":101,"column":64},"end":{"line":101,"column":96}}],"line":101},"11":{"loc":{"start":{"line":107,"column":6},"end":{"line":110,"column":7}},"type":"if","locations":[{"start":{"line":107,"column":6},"end":{"line":110,"column":7}},{"start":{},"end":{}}],"line":107},"12":{"loc":{"start":{"line":107,"column":10},"end":{"line":107,"column":72}},"type":"binary-expr","locations":[{"start":{"line":107,"column":10},"end":{"line":107,"column":24}},{"start":{"line":107,"column":28},"end":{"line":107,"column":47}},{"start":{"line":107,"column":51},"end":{"line":107,"column":72}}],"line":107},"13":{"loc":{"start":{"line":113,"column":6},"end":{"line":115,"column":7}},"type":"if","locations":[{"start":{"line":113,"column":6},"end":{"line":115,"column":7}},{"start":{},"end":{}}],"line":113},"14":{"loc":{"start":{"line":128,"column":6},"end":{"line":131,"column":7}},"type":"if","locations":[{"start":{"line":128,"column":6},"end":{"line":131,"column":7}},{"start":{},"end":{}}],"line":128},"15":{"loc":{"start":{"line":128,"column":10},"end":{"line":128,"column":75}},"type":"binary-expr","locations":[{"start":{"line":128,"column":10},"end":{"line":128,"column":33}},{"start":{"line":128,"column":37},"end":{"line":128,"column":75}}],"line":128},"16":{"loc":{"start":{"line":134,"column":30},"end":{"line":146,"column":10}},"type":"binary-expr","locations":[{"start":{"line":134,"column":30},"end":{"line":134,"column":69}},{"start":{"line":135,"column":8},"end":{"line":146,"column":10}}],"line":134},"17":{"loc":{"start":{"line":138,"column":12},"end":{"line":142,"column":56}},"type":"binary-expr","locations":[{"start":{"line":138,"column":12},"end":{"line":138,"column":47}},{"start":{"line":139,"column":12},"end":{"line":139,"column":37}},{"start":{"line":140,"column":12},"end":{"line":140,"column":23}},{"start":{"line":141,"column":12},"end":{"line":141,"column":36}},{"start":{"line":142,"column":12},"end":{"line":142,"column":56}}],"line":138},"18":{"loc":{"start":{"line":145,"column":17},"end":{"line":145,"column":72}},"type":"binary-expr","locations":[{"start":{"line":145,"column":17},"end":{"line":145,"column":26}},{"start":{"line":145,"column":30},"end":{"line":145,"column":72}}],"line":145},"19":{"loc":{"start":{"line":148,"column":13},"end":{"line":148,"column":61}},"type":"binary-expr","locations":[{"start":{"line":148,"column":13},"end":{"line":148,"column":22}},{"start":{"line":148,"column":26},"end":{"line":148,"column":42}},{"start":{"line":148,"column":46},"end":{"line":148,"column":61}}],"line":148},"20":{"loc":{"start":{"line":158,"column":20},"end":{"line":158,"column":48}},"type":"binary-expr","locations":[{"start":{"line":158,"column":20},"end":{"line":158,"column":42}},{"start":{"line":158,"column":46},"end":{"line":158,"column":48}}],"line":158},"21":{"loc":{"start":{"line":159,"column":19},"end":{"line":159,"column":60}},"type":"binary-expr","locations":[{"start":{"line":159,"column":19},"end":{"line":159,"column":40}},{"start":{"line":159,"column":44},"end":{"line":159,"column":60}}],"line":159},"22":{"loc":{"start":{"line":198,"column":4},"end":{"line":203,"column":5}},"type":"if","locations":[{"start":{"line":198,"column":4},"end":{"line":203,"column":5}},{"start":{},"end":{}}],"line":198},"23":{"loc":{"start":{"line":198,"column":8},"end":{"line":198,"column":32}},"type":"binary-expr","locations":[{"start":{"line":198,"column":8},"end":{"line":198,"column":20}},{"start":{"line":198,"column":24},"end":{"line":198,"column":32}}],"line":198},"24":{"loc":{"start":{"line":209,"column":4},"end":{"line":214,"column":5}},"type":"if","locations":[{"start":{"line":209,"column":4},"end":{"line":214,"column":5}},{"start":{},"end":{}}],"line":209},"25":{"loc":{"start":{"line":216,"column":4},"end":{"line":221,"column":5}},"type":"if","locations":[{"start":{"line":216,"column":4},"end":{"line":221,"column":5}},{"start":{},"end":{}}],"line":216},"26":{"loc":{"start":{"line":225,"column":6},"end":{"line":225,"column":60}},"type":"binary-expr","locations":[{"start":{"line":225,"column":6},"end":{"line":225,"column":35}},{"start":{"line":225,"column":39},"end":{"line":225,"column":60}}],"line":225},"27":{"loc":{"start":{"line":228,"column":4},"end":{"line":233,"column":5}},"type":"if","locations":[{"start":{"line":228,"column":4},"end":{"line":233,"column":5}},{"start":{},"end":{}}],"line":228},"28":{"loc":{"start":{"line":243,"column":4},"end":{"line":248,"column":5}},"type":"if","locations":[{"start":{"line":243,"column":4},"end":{"line":248,"column":5}},{"start":{},"end":{}}],"line":243},"29":{"loc":{"start":{"line":250,"column":4},"end":{"line":255,"column":5}},"type":"if","locations":[{"start":{"line":250,"column":4},"end":{"line":255,"column":5}},{"start":{},"end":{}}],"line":250},"30":{"loc":{"start":{"line":258,"column":4},"end":{"line":273,"column":5}},"type":"if","locations":[{"start":{"line":258,"column":4},"end":{"line":273,"column":5}},{"start":{},"end":{}}],"line":258},"31":{"loc":{"start":{"line":258,"column":8},"end":{"line":258,"column":52}},"type":"binary-expr","locations":[{"start":{"line":258,"column":8},"end":{"line":258,"column":30}},{"start":{"line":258,"column":34},"end":{"line":258,"column":52}}],"line":258},"32":{"loc":{"start":{"line":260,"column":8},"end":{"line":264,"column":80}},"type":"binary-expr","locations":[{"start":{"line":260,"column":8},"end":{"line":260,"column":41}},{"start":{"line":261,"column":8},"end":{"line":261,"column":33}},{"start":{"line":262,"column":8},"end":{"line":262,"column":19}},{"start":{"line":263,"column":8},"end":{"line":263,"column":32}},{"start":{"line":264,"column":8},"end":{"line":264,"column":80}}],"line":260},"33":{"loc":{"start":{"line":267,"column":6},"end":{"line":272,"column":7}},"type":"if","locations":[{"start":{"line":267,"column":6},"end":{"line":272,"column":7}},{"start":{},"end":{}}],"line":267},"34":{"loc":{"start":{"line":301,"column":22},"end":{"line":301,"column":46}},"type":"binary-expr","locations":[{"start":{"line":301,"column":22},"end":{"line":301,"column":40}},{"start":{"line":301,"column":44},"end":{"line":301,"column":46}}],"line":301},"35":{"loc":{"start":{"line":302,"column":14},"end":{"line":303,"column":77}},"type":"cond-expr","locations":[{"start":{"line":303,"column":10},"end":{"line":303,"column":69}},{"start":{"line":303,"column":72},"end":{"line":303,"column":77}}],"line":302},"36":{"loc":{"start":{"line":302,"column":14},"end":{"line":302,"column":57}},"type":"binary-expr","locations":[{"start":{"line":302,"column":14},"end":{"line":302,"column":32}},{"start":{"line":302,"column":36},"end":{"line":302,"column":57}}],"line":302},"37":{"loc":{"start":{"line":310,"column":4},"end":{"line":310,"column":51}},"type":"if","locations":[{"start":{"line":310,"column":4},"end":{"line":310,"column":51}},{"start":{},"end":{}}],"line":310},"38":{"loc":{"start":{"line":314,"column":24},"end":{"line":314,"column":53}},"type":"binary-expr","locations":[{"start":{"line":314,"column":24},"end":{"line":314,"column":46}},{"start":{"line":314,"column":50},"end":{"line":314,"column":53}}],"line":314},"39":{"loc":{"start":{"line":315,"column":15},"end":{"line":315,"column":34}},"type":"binary-expr","locations":[{"start":{"line":315,"column":15},"end":{"line":315,"column":28}},{"start":{"line":315,"column":32},"end":{"line":315,"column":34}}],"line":315},"40":{"loc":{"start":{"line":316,"column":12},"end":{"line":316,"column":28}},"type":"binary-expr","locations":[{"start":{"line":316,"column":12},"end":{"line":316,"column":22}},{"start":{"line":316,"column":26},"end":{"line":316,"column":28}}],"line":316},"41":{"loc":{"start":{"line":317,"column":13},"end":{"line":317,"column":30}},"type":"binary-expr","locations":[{"start":{"line":317,"column":13},"end":{"line":317,"column":24}},{"start":{"line":317,"column":28},"end":{"line":317,"column":30}}],"line":317},"42":{"loc":{"start":{"line":318,"column":11},"end":{"line":318,"column":26}},"type":"binary-expr","locations":[{"start":{"line":318,"column":11},"end":{"line":318,"column":20}},{"start":{"line":318,"column":24},"end":{"line":318,"column":26}}],"line":318},"43":{"loc":{"start":{"line":319,"column":14},"end":{"line":319,"column":32}},"type":"binary-expr","locations":[{"start":{"line":319,"column":14},"end":{"line":319,"column":26}},{"start":{"line":319,"column":30},"end":{"line":319,"column":32}}],"line":319},"44":{"loc":{"start":{"line":321,"column":17},"end":{"line":321,"column":46}},"type":"binary-expr","locations":[{"start":{"line":321,"column":17},"end":{"line":321,"column":40}},{"start":{"line":321,"column":44},"end":{"line":321,"column":46}}],"line":321},"45":{"loc":{"start":{"line":322,"column":15},"end":{"line":322,"column":35}},"type":"binary-expr","locations":[{"start":{"line":322,"column":15},"end":{"line":322,"column":28}},{"start":{"line":322,"column":32},"end":{"line":322,"column":35}}],"line":322},"46":{"loc":{"start":{"line":333,"column":14},"end":{"line":333,"column":127}},"type":"cond-expr","locations":[{"start":{"line":333,"column":60},"end":{"line":333,"column":119}},{"start":{"line":333,"column":122},"end":{"line":333,"column":127}}],"line":333},"47":{"loc":{"start":{"line":333,"column":14},"end":{"line":333,"column":57}},"type":"binary-expr","locations":[{"start":{"line":333,"column":14},"end":{"line":333,"column":32}},{"start":{"line":333,"column":36},"end":{"line":333,"column":57}}],"line":333},"48":{"loc":{"start":{"line":366,"column":14},"end":{"line":366,"column":49}},"type":"binary-expr","locations":[{"start":{"line":366,"column":14},"end":{"line":366,"column":28}},{"start":{"line":366,"column":32},"end":{"line":366,"column":49}}],"line":366},"49":{"loc":{"start":{"line":367,"column":16},"end":{"line":367,"column":54}},"type":"binary-expr","locations":[{"start":{"line":367,"column":16},"end":{"line":367,"column":31}},{"start":{"line":367,"column":35},"end":{"line":367,"column":54}}],"line":367},"50":{"loc":{"start":{"line":368,"column":18},"end":{"line":368,"column":41}},"type":"binary-expr","locations":[{"start":{"line":368,"column":18},"end":{"line":368,"column":35}},{"start":{"line":368,"column":39},"end":{"line":368,"column":41}}],"line":368},"51":{"loc":{"start":{"line":369,"column":16},"end":{"line":369,"column":44}},"type":"binary-expr","locations":[{"start":{"line":369,"column":16},"end":{"line":369,"column":31}},{"start":{"line":369,"column":35},"end":{"line":369,"column":44}}],"line":369},"52":{"loc":{"start":{"line":372,"column":14},"end":{"line":372,"column":41}},"type":"binary-expr","locations":[{"start":{"line":372,"column":14},"end":{"line":372,"column":24}},{"start":{"line":372,"column":28},"end":{"line":372,"column":41}}],"line":372},"53":{"loc":{"start":{"line":373,"column":16},"end":{"line":373,"column":51}},"type":"binary-expr","locations":[{"start":{"line":373,"column":16},"end":{"line":373,"column":32}},{"start":{"line":373,"column":36},"end":{"line":373,"column":51}}],"line":373},"54":{"loc":{"start":{"line":374,"column":26},"end":{"line":374,"column":45}},"type":"binary-expr","locations":[{"start":{"line":374,"column":26},"end":{"line":374,"column":39}},{"start":{"line":374,"column":43},"end":{"line":374,"column":45}}],"line":374},"55":{"loc":{"start":{"line":375,"column":16},"end":{"line":375,"column":40}},"type":"binary-expr","locations":[{"start":{"line":375,"column":16},"end":{"line":375,"column":27}},{"start":{"line":375,"column":31},"end":{"line":375,"column":40}}],"line":375},"56":{"loc":{"start":{"line":376,"column":19},"end":{"line":376,"column":57}},"type":"binary-expr","locations":[{"start":{"line":376,"column":19},"end":{"line":376,"column":33}},{"start":{"line":376,"column":37},"end":{"line":376,"column":57}}],"line":376},"57":{"loc":{"start":{"line":377,"column":23},"end":{"line":377,"column":102}},"type":"cond-expr","locations":[{"start":{"line":377,"column":31},"end":{"line":377,"column":60}},{"start":{"line":377,"column":64},"end":{"line":377,"column":101}}],"line":377},"58":{"loc":{"start":{"line":377,"column":64},"end":{"line":377,"column":101}},"type":"binary-expr","locations":[{"start":{"line":377,"column":64},"end":{"line":377,"column":88}},{"start":{"line":377,"column":92},"end":{"line":377,"column":101}}],"line":377},"59":{"loc":{"start":{"line":378,"column":16},"end":{"line":378,"column":110}},"type":"cond-expr","locations":[{"start":{"line":378,"column":43},"end":{"line":378,"column":102}},{"start":{"line":378,"column":105},"end":{"line":378,"column":110}}],"line":378},"60":{"loc":{"start":{"line":379,"column":24},"end":{"line":379,"column":49}},"type":"binary-expr","locations":[{"start":{"line":379,"column":24},"end":{"line":379,"column":43}},{"start":{"line":379,"column":47},"end":{"line":379,"column":49}}],"line":379},"61":{"loc":{"start":{"line":381,"column":23},"end":{"line":381,"column":48}},"type":"binary-expr","locations":[{"start":{"line":381,"column":23},"end":{"line":381,"column":42}},{"start":{"line":381,"column":46},"end":{"line":381,"column":48}}],"line":381},"62":{"loc":{"start":{"line":408,"column":4},"end":{"line":413,"column":5}},"type":"if","locations":[{"start":{"line":408,"column":4},"end":{"line":413,"column":5}},{"start":{},"end":{}}],"line":408},"63":{"loc":{"start":{"line":418,"column":4},"end":{"line":427,"column":5}},"type":"if","locations":[{"start":{"line":418,"column":4},"end":{"line":427,"column":5}},{"start":{},"end":{}}],"line":418},"64":{"loc":{"start":{"line":418,"column":8},"end":{"line":418,"column":58}},"type":"binary-expr","locations":[{"start":{"line":418,"column":8},"end":{"line":418,"column":33}},{"start":{"line":418,"column":37},"end":{"line":418,"column":58}}],"line":418},"65":{"loc":{"start":{"line":420,"column":6},"end":{"line":426,"column":7}},"type":"if","locations":[{"start":{"line":420,"column":6},"end":{"line":426,"column":7}},{"start":{},"end":{}}],"line":420},"66":{"loc":{"start":{"line":420,"column":10},"end":{"line":420,"column":64}},"type":"binary-expr","locations":[{"start":{"line":420,"column":10},"end":{"line":420,"column":28}},{"start":{"line":420,"column":32},"end":{"line":420,"column":64}}],"line":420},"67":{"loc":{"start":{"line":422,"column":8},"end":{"line":425,"column":9}},"type":"if","locations":[{"start":{"line":422,"column":8},"end":{"line":425,"column":9}},{"start":{},"end":{}}],"line":422},"68":{"loc":{"start":{"line":429,"column":4},"end":{"line":444,"column":5}},"type":"if","locations":[{"start":{"line":429,"column":4},"end":{"line":444,"column":5}},{"start":{},"end":{}}],"line":429},"69":{"loc":{"start":{"line":429,"column":8},"end":{"line":429,"column":48}},"type":"binary-expr","locations":[{"start":{"line":429,"column":8},"end":{"line":429,"column":20}},{"start":{"line":429,"column":24},"end":{"line":429,"column":48}}],"line":429},"70":{"loc":{"start":{"line":431,"column":6},"end":{"line":435,"column":7}},"type":"if","locations":[{"start":{"line":431,"column":6},"end":{"line":435,"column":7}},{"start":{},"end":{}}],"line":431},"71":{"loc":{"start":{"line":431,"column":10},"end":{"line":431,"column":44}},"type":"binary-expr","locations":[{"start":{"line":431,"column":10},"end":{"line":431,"column":20}},{"start":{"line":431,"column":24},"end":{"line":431,"column":44}}],"line":431},"72":{"loc":{"start":{"line":434,"column":20},"end":{"line":434,"column":57}},"type":"cond-expr","locations":[{"start":{"line":434,"column":28},"end":{"line":434,"column":43}},{"start":{"line":434,"column":46},"end":{"line":434,"column":57}}],"line":434},"73":{"loc":{"start":{"line":468,"column":4},"end":{"line":473,"column":5}},"type":"if","locations":[{"start":{"line":468,"column":4},"end":{"line":473,"column":5}},{"start":{},"end":{}}],"line":468},"74":{"loc":{"start":{"line":489,"column":13},"end":{"line":489,"column":63}},"type":"binary-expr","locations":[{"start":{"line":489,"column":13},"end":{"line":489,"column":22}},{"start":{"line":489,"column":26},"end":{"line":489,"column":42}},{"start":{"line":489,"column":46},"end":{"line":489,"column":63}}],"line":489},"75":{"loc":{"start":{"line":527,"column":4},"end":{"line":532,"column":5}},"type":"if","locations":[{"start":{"line":527,"column":4},"end":{"line":532,"column":5}},{"start":{},"end":{}}],"line":527},"76":{"loc":{"start":{"line":548,"column":13},"end":{"line":548,"column":63}},"type":"binary-expr","locations":[{"start":{"line":548,"column":13},"end":{"line":548,"column":22}},{"start":{"line":548,"column":26},"end":{"line":548,"column":42}},{"start":{"line":548,"column":46},"end":{"line":548,"column":63}}],"line":548},"77":{"loc":{"start":{"line":584,"column":2},"end":{"line":586,"column":3}},"type":"if","locations":[{"start":{"line":584,"column":2},"end":{"line":586,"column":3}},{"start":{},"end":{}}],"line":584},"78":{"loc":{"start":{"line":584,"column":6},"end":{"line":584,"column":42}},"type":"binary-expr","locations":[{"start":{"line":584,"column":6},"end":{"line":584,"column":18}},{"start":{"line":584,"column":22},"end":{"line":584,"column":30}},{"start":{"line":584,"column":34},"end":{"line":584,"column":42}}],"line":584},"79":{"loc":{"start":{"line":588,"column":2},"end":{"line":590,"column":3}},"type":"if","locations":[{"start":{"line":588,"column":2},"end":{"line":590,"column":3}},{"start":{},"end":{}}],"line":588},"80":{"loc":{"start":{"line":597,"column":12},"end":{"line":597,"column":125}},"type":"cond-expr","locations":[{"start":{"line":597,"column":58},"end":{"line":597,"column":117}},{"start":{"line":597,"column":120},"end":{"line":597,"column":125}}],"line":597},"81":{"loc":{"start":{"line":597,"column":12},"end":{"line":597,"column":55}},"type":"binary-expr","locations":[{"start":{"line":597,"column":12},"end":{"line":597,"column":30}},{"start":{"line":597,"column":34},"end":{"line":597,"column":55}}],"line":597},"82":{"loc":{"start":{"line":626,"column":6},"end":{"line":634,"column":7}},"type":"if","locations":[{"start":{"line":626,"column":6},"end":{"line":634,"column":7}},{"start":{},"end":{}}],"line":626},"83":{"loc":{"start":{"line":626,"column":10},"end":{"line":626,"column":70}},"type":"binary-expr","locations":[{"start":{"line":626,"column":10},"end":{"line":626,"column":35}},{"start":{"line":626,"column":39},"end":{"line":626,"column":70}}],"line":626},"84":{"loc":{"start":{"line":629,"column":8},"end":{"line":633,"column":9}},"type":"if","locations":[{"start":{"line":629,"column":8},"end":{"line":633,"column":9}},{"start":{"line":631,"column":15},"end":{"line":633,"column":9}}],"line":629},"85":{"loc":{"start":{"line":636,"column":19},"end":{"line":636,"column":73}},"type":"binary-expr","locations":[{"start":{"line":636,"column":19},"end":{"line":636,"column":35}},{"start":{"line":636,"column":39},"end":{"line":636,"column":54}},{"start":{"line":636,"column":58},"end":{"line":636,"column":73}}],"line":636},"86":{"loc":{"start":{"line":637,"column":26},"end":{"line":637,"column":50}},"type":"binary-expr","locations":[{"start":{"line":637,"column":26},"end":{"line":637,"column":44}},{"start":{"line":637,"column":48},"end":{"line":637,"column":50}}],"line":637},"87":{"loc":{"start":{"line":638,"column":18},"end":{"line":638,"column":38}},"type":"binary-expr","locations":[{"start":{"line":638,"column":18},"end":{"line":638,"column":32}},{"start":{"line":638,"column":36},"end":{"line":638,"column":38}}],"line":638},"88":{"loc":{"start":{"line":640,"column":14},"end":{"line":640,"column":31}},"type":"binary-expr","locations":[{"start":{"line":640,"column":14},"end":{"line":640,"column":25}},{"start":{"line":640,"column":29},"end":{"line":640,"column":31}}],"line":640},"89":{"loc":{"start":{"line":641,"column":15},"end":{"line":641,"column":33}},"type":"binary-expr","locations":[{"start":{"line":641,"column":15},"end":{"line":641,"column":27}},{"start":{"line":641,"column":31},"end":{"line":641,"column":33}}],"line":641},"90":{"loc":{"start":{"line":642,"column":13},"end":{"line":642,"column":29}},"type":"binary-expr","locations":[{"start":{"line":642,"column":13},"end":{"line":642,"column":23}},{"start":{"line":642,"column":27},"end":{"line":642,"column":29}}],"line":642},"91":{"loc":{"start":{"line":643,"column":16},"end":{"line":643,"column":41}},"type":"binary-expr","locations":[{"start":{"line":643,"column":16},"end":{"line":643,"column":35}},{"start":{"line":643,"column":39},"end":{"line":643,"column":41}}],"line":643},"92":{"loc":{"start":{"line":644,"column":17},"end":{"line":644,"column":68}},"type":"cond-expr","locations":[{"start":{"line":644,"column":34},"end":{"line":644,"column":63}},{"start":{"line":644,"column":66},"end":{"line":644,"column":68}}],"line":644},"93":{"loc":{"start":{"line":645,"column":27},"end":{"line":645,"column":52}},"type":"binary-expr","locations":[{"start":{"line":645,"column":27},"end":{"line":645,"column":46}},{"start":{"line":645,"column":50},"end":{"line":645,"column":52}}],"line":645},"94":{"loc":{"start":{"line":647,"column":19},"end":{"line":647,"column":49}},"type":"binary-expr","locations":[{"start":{"line":647,"column":19},"end":{"line":647,"column":43}},{"start":{"line":647,"column":47},"end":{"line":647,"column":49}}],"line":647},"95":{"loc":{"start":{"line":648,"column":19}
[...]
,"column":34}},{"start":{"line":648,"column":38},"end":{"line":648,"column":40}}],"line":648}},"s":{"0":3,"1":3,"2":3,"3":3,"4":3,"5":3,"6":3,"7":3,"8":3,"9":3,"10":3,"11":0,"12":3,"13":3,"14":3,"15":0,"16":0,"17":13,"18":13,"19":40,"20":13,"21":3,"22":4,"23":4,"24":4,"25":4,"26":4,"27":1,"28":3,"29":3,"30":3,"31":3,"32":3,"33":0,"34":0,"35":3,"36":0,"37":3,"38":3,"39":5,"40":1,"41":1,"42":4,"43":0,"44":0,"45":4,"46":0,"47":4,"48":4,"49":4,"50":4,"51":4,"52":1,"53":1,"54":3,"55":3,"56":0,"57":3,"58":3,"59":3,"60":3,"61":6,"62":6,"63":3,"64":0,"65":0,"66":3,"67":14,"68":14,"69":14,"70":0,"71":14,"72":14,"73":14,"74":15,"75":14,"76":1,"77":13,"78":1,"79":12,"80":2,"81":12,"82":1,"83":11,"84":11,"85":11,"86":11,"87":11,"88":1,"89":10,"90":1,"91":9,"92":9,"93":1,"94":1,"95":9,"96":1,"97":8,"98":16,"99":16,"100":8,"101":8,"102":8,"103":8,"104":8,"105":8,"106":8,"107":0,"108":0,"109":3,"110":3,"111":3,"112":3,"113":2,"114":3,"115":2,"116":3,"117":3,"118":0,"119":0,"120":3,"121":3,"122":3,"123":3,"124":1,"125":3,"126":2,"127":1,"128":1,"129":1,"130":1,"131":1,"132":1,"133":1,"134":1,"135":1,"136":1,"137":1,"138":1,"139":1,"140":0,"141":0,"142":0,"143":1,"144":1,"145":0,"146":0,"147":3,"148":3,"149":3,"150":3,"151":3,"152":3,"153":1,"154":2,"155":0,"156":2,"157":2,"158":0,"159":2,"160":2,"161":2,"162":3,"163":1,"164":2,"165":0,"166":2,"167":2,"168":0,"169":0,"170":3,"171":3,"172":3,"173":3,"174":3,"175":3,"176":1,"177":2,"178":0,"179":2,"180":2,"181":0,"182":2,"183":2,"184":2,"185":1,"186":1,"187":2,"188":0,"189":2,"190":2,"191":0,"192":0,"193":3,"194":0,"195":0,"196":0,"197":0,"198":0,"199":0,"200":0,"201":0,"202":0,"203":3,"204":0,"205":0,"206":0,"207":0,"208":3,"209":0,"210":0,"211":0,"212":0,"213":0,"214":0,"215":0,"216":0,"217":0,"218":0,"219":0,"220":0,"221":0,"222":0,"223":0,"224":0,"225":0,"226":0,"227":0,"228":3},"f":{"0":3,"1":0,"2":3,"3":13,"4":40,"5":4,"6":4,"7":3,"8":0,"9":0,"10":5,"11":4,"12":4,"13":3,"14":0,"15":3,"16":6,"17":6,"18":14,"19":14,"20":15,"21":2,"22":11,"23":11,"24":1,"25":1,"26":16,"27":16,"28":3,"29":3,"30":2,"31":2,"32":3,"33":1,"34":1,"35":1,"36":0,"37":3,"38":3,"39":0,"40":0,"41":2,"42":3,"43":1,"44":0,"45":3,"46":3,"47":0,"48":0,"49":2,"50":1,"51":1,"52":0,"53":0,"54":0,"55":0,"56":0,"57":0,"58":0,"59":0,"60":0,"61":0},"b":{"0":[2,1],"1":[3,3],"2":[3,0],"3":[13,1],"4":[1,3],"5":[3,0],"6":[3,0],"7":[0,3],"8":[3,3],"9":[1,4],"10":[5,5,5,4],"11":[0,4],"12":[4,4,4],"13":[0,4],"14":[1,3],"15":[4,3],"16":[3,3],"17":[0,0,0,0,0],"18":[3,3],"19":[3,3,3],"20":[3,0],"21":[3,3],"22":[0,14],"23":[14,14],"24":[1,13],"25":[1,12],"26":[2,2],"27":[1,11],"28":[1,10],"29":[1,9],"30":[9,0],"31":[9,9],"32":[1,1,1,1,1],"33":[1,8],"34":[8,0],"35":[7,1],"36":[8,8],"37":[8,0],"38":[8,8],"39":[8,0],"40":[8,0],"41":[8,0],"42":[8,0],"43":[8,0],"44":[8,1],"45":[8,0],"46":[7,1],"47":[8,8],"48":[3,1],"49":[3,1],"50":[3,1],"51":[3,1],"52":[3,1],"53":[3,1],"54":[3,1],"55":[3,1],"56":[3,1],"57":[2,1],"58":[1,0],"59":[2,1],"60":[3,1],"61":[3,0],"62":[2,1],"63":[1,0],"64":[1,1],"65":[1,0],"66":[1,1],"67":[1,0],"68":[1,0],"69":[1,1],"70":[0,1],"71":[1,0],"72":[0,0],"73":[1,2],"74":[2,2,1],"75":[1,2],"76":[2,2,1],"77":[0,0],"78":[0,0,0],"79":[0,0],"80":[0,0],"81":[0,0],"82":[0,0],"83":[0,0],"84":[0,0],"85":[0,0,0],"86":[0,0],"87":[0,0],"88":[0,0],"89":[0,0],"90":[0,0],"91":[0,0],"92":[0,0],"93":[0,0],"94":[0,0],"95":[0,0]},"_coverageSchema":"1a1c01bbd47fc00a2c39e90264f33305004495a9","hash":"46b32f7a4098f8c01e2d5b1a2d8064df395ccdbc"}
,"/Users/sakinanagarwala/COSC-4353/backend/utils/notificationAggregator.js": {"path":"/Users/sakinanagarwala/COSC-4353/backend/utils/notificationAggregator.js","statementMap":{"0":{"start":{"line":1,"column":18},"end":{"line":1,"column":50}},"1":{"start":{"line":2,"column":28},"end":{"line":2,"column":60}},"2":{"start":{"line":10,"column":29},"end":{"line":10,"column":31}},"3":{"start":{"line":11,"column":4},"end":{"line":13,"column":5}},"4":{"start":{"line":12,"column":6},"end":{"line":12,"column":91}},"5":{"start":{"line":14,"column":4},"end":{"line":14,"column":28}},"6":{"start":{"line":18,"column":0},"end":{"line":18,"column":40}}},"fnMap":{"0":{"name":"(anonymous_0)","decl":{"start":{"line":9,"column":2},"end":{"line":9,"column":3}},"loc":{"start":{"line":9,"column":33},"end":{"line":15,"column":3}},"line":9}},"branchMap":{},"s":{"0":3,"1":3,"2":0,"3":0,"4":0,"5":0,"6":3},"f":{"0":0},"b":{},"_coverageSchema":"1a1c01bbd47fc00a2c39e90264f33305004495a9","hash":"6b03c51bbf2ab100ea1f6fbf013b3b0ea3ba89d5"}
,"/Users/sakinanagarwala/COSC-4353/backend/utils/notificationService.js": {"path":"/Users/sakinanagarwala/COSC-4353/backend/utils/notificationService.js","statementMap":{"0":{"start":{"line":2,"column":26},"end":{"line":2,"column":56}},"1":{"start":{"line":10,"column":2},"end":{"line":12,"column":3}},"2":{"start":{"line":11,"column":4},"end":{"line":11,"column":28}},"3":{"start":{"line":13,"column":2},"end":{"line":17,"column":5}},"4":{"start":{"line":26,"column":2},"end":{"line":26,"column":34}},"5":{"start":{"line":34,"column":2},"end":{"line":36,"column":3}},"6":{"start":{"line":35,"column":4},"end":{"line":35,"column":51}},"7":{"start":{"line":35,"column":36},"end":{"line":35,"column":49}},"8":{"start":{"line":39,"column":0},"end":{"line":43,"column":2}}},"fnMap":{"0":{"name":"sendNotification","decl":{"start":{"line":9,"column":9},"end":{"line":9,"column":25}},"loc":{"start":{"line":9,"column":45},"end":{"line":18,"column":1}},"line":9},"1":{"name":"getNotifications","decl":{"start":{"line":25,"column":9},"end":{"line":25,"column":25}},"loc":{"start":{"line":25,"column":31},"end":{"line":27,"column":1}},"line":25},"2":{"name":"markAllAsRead","decl":{"start":{"line":33,"column":9},"end":{"line":33,"column":22}},"loc":{"start":{"line":33,"column":28},"end":{"line":37,"column":1}},"line":33},"3":{"name":"(anonymous_3)","decl":{"start":{"line":35,"column":31},"end":{"line":35,"column":32}},"loc":{"start":{"line":35,"column":36},"end":{"line":35,"column":49}},"line":35}},"branchMap":{"0":{"loc":{"start":{"line":10,"column":2},"end":{"line":12,"column":3}},"type":"if","locations":[{"start":{"line":10,"column":2},"end":{"line":12,"column":3}},{"start":{},"end":{}}],"line":10},"1":{"loc":{"start":{"line":15,"column":15},"end":{"line":15,"column":65}},"type":"binary-expr","locations":[{"start":{"line":15,"column":15},"end":{"line":15,"column":37}},{"start":{"line":15,"column":41},"end":{"line":15,"column":65}}],"line":15},"2":{"loc":{"start":{"line":26,"column":9},"end":{"line":26,"column":33}},"type":"binary-expr","locations":[{"start":{"line":26,"column":9},"end":{"line":26,"column":27}},{"start":{"line":26,"column":31},"end":{"line":26,"column":33}}],"line":26},"3":{"loc":{"start":{"line":34,"column":2},"end":{"line":36,"column":3}},"type":"if","locations":[{"start":{"line":34,"column":2},"end":{"line":36,"column":3}},{"start":{},"end":{}}],"line":34}},"s":{"0":4,"1":9,"2":1,"3":9,"4":0,"5":0,"6":0,"7":0,"8":4},"f":{"0":9,"1":0,"2":0,"3":0},"b":{"0":[1,8],"1":[9,9],"2":[0,0],"3":[0,0]},"_coverageSchema":"1a1c01bbd47fc00a2c39e90264f33305004495a9","hash":"02754dbf45fb716f05a9febb60231037955dabc3"}
,"/Users/sakinanagarwala/COSC-4353/backend/utils/validateEvent.js": {"path":"/Users/sakinanagarwala/COSC-4353/backend/utils/validateEvent.js","statementMap":{"0":{"start":{"line":2,"column":19},"end":{"line":2,"column":21}},"1":{"start":{"line":4,"column":4},"end":{"line":4,"column":57}},"2":{"start":{"line":4,"column":19},"end":{"line":4,"column":57}},"3":{"start":{"line":5,"column":4},"end":{"line":5,"column":56}},"4":{"start":{"line":5,"column":19},"end":{"line":5,"column":56}},"5":{"start":{"line":6,"column":4},"end":{"line":6,"column":85}},"6":{"start":{"line":6,"column":51},"end":{"line":6,"column":85}},"7":{"start":{"line":7,"column":4},"end":{"line":7,"column":78}},"8":{"start":{"line":7,"column":47},"end":{"line":7,"column":78}},"9":{"start":{"line":8,"column":4},"end":{"line":8,"column":69}},"10":{"start":{"line":8,"column":41},"end":{"line":8,"column":69}},"11":{"start":{"line":9,"column":4},"end":{"line":9,"column":72}},"12":{"start":{"line":9,"column":43},"end":{"line":9,"column":72}},"13":{"start":{"line":10,"column":4},"end":{"line":10,"column":74}},"14":{"start":{"line":10,"column":42},"end":{"line":10,"column":74}},"15":{"start":{"line":11,"column":4},"end":{"line":11,"column":60}},"16":{"start":{"line":11,"column":23},"end":{"line":11,"column":60}},"17":{"start":{"line":13,"column":4},"end":{"line":15,"column":5}},"18":{"start":{"line":14,"column":6},"end":{"line":14,"column":49}},"19":{"start":{"line":17,"column":4},"end":{"line":17,"column":18}},"20":{"start":{"line":20,"column":0},"end":{"line":20,"column":35}}},"fnMap":{"0":{"name":"validateEvent","decl":{"start":{"line":1,"column":9},"end":{"line":1,"column":22}},"loc":{"start":{"line":1,"column":29},"end":{"line":18,"column":1}},"line":1}},"branchMap":{"0":{"loc":{"start":{"line":4,"column":4},"end":{"line":4,"column":57}},"type":"if","locations":[{"start":{"line":4,"column":4},"end":{"line":4,"column":57}},{"start":{},"end":{}}],"line":4},"1":{"loc":{"start":{"line":5,"column":4},"end":{"line":5,"column":56}},"type":"if","locations":[{"start":{"line":5,"column":4},"end":{"line":5,"column":56}},{"start":{},"end":{}}],"line":5},"2":{"loc":{"start":{"line":6,"column":4},"end":{"line":6,"column":85}},"type":"if","locations":[{"start":{"line":6,"column":4},"end":{"line":6,"column":85}},{"start":{},"end":{}}],"line":6},"3":{"loc":{"start":{"line":6,"column":8},"end":{"line":6,"column":49}},"type":"binary-expr","locations":[{"start":{"line":6,"column":8},"end":{"line":6,"column":23}},{"start":{"line":6,"column":27},"end":{"line":6,"column":49}}],"line":6},"4":{"loc":{"start":{"line":7,"column":4},"end":{"line":7,"column":78}},"type":"if","locations":[{"start":{"line":7,"column":4},"end":{"line":7,"column":78}},{"start":{},"end":{}}],"line":7},"5":{"loc":{"start":{"line":7,"column":8},"end":{"line":7,"column":45}},"type":"binary-expr","locations":[{"start":{"line":7,"column":8},"end":{"line":7,"column":21}},{"start":{"line":7,"column":25},"end":{"line":7,"column":45}}],"line":7},"6":{"loc":{"start":{"line":8,"column":4},"end":{"line":8,"column":69}},"type":"if","locations":[{"start":{"line":8,"column":4},"end":{"line":8,"column":69}},{"start":{},"end":{}}],"line":8},"7":{"loc":{"start":{"line":8,"column":8},"end":{"line":8,"column":39}},"type":"binary-expr","locations":[{"start":{"line":8,"column":8},"end":{"line":8,"column":18}},{"start":{"line":8,"column":22},"end":{"line":8,"column":39}}],"line":8},"8":{"loc":{"start":{"line":9,"column":4},"end":{"line":9,"column":72}},"type":"if","locations":[{"start":{"line":9,"column":4},"end":{"line":9,"column":72}},{"start":{},"end":{}}],"line":9},"9":{"loc":{"start":{"line":9,"column":8},"end":{"line":9,"column":41}},"type":"binary-expr","locations":[{"start":{"line":9,"column":8},"end":{"line":9,"column":19}},{"start":{"line":9,"column":23},"end":{"line":9,"column":41}}],"line":9},"10":{"loc":{"start":{"line":10,"column":4},"end":{"line":10,"column":74}},"type":"if","locations":[{"start":{"line":10,"column":4},"end":{"line":10,"column":74}},{"start":{},"end":{}}],"line":10},"11":{"loc":{"start":{"line":10,"column":8},"end":{"line":10,"column":40}},"type":"binary-expr","locations":[{"start":{"line":10,"column":8},"end":{"line":10,"column":17}},{"start":{"line":10,"column":21},"end":{"line":10,"column":40}}],"line":10},"12":{"loc":{"start":{"line":11,"column":4},"end":{"line":11,"column":60}},"type":"if","locations":[{"start":{"line":11,"column":4},"end":{"line":11,"column":60}},{"start":{},"end":{}}],"line":11},"13":{"loc":{"start":{"line":13,"column":4},"end":{"line":15,"column":5}},"type":"if","locations":[{"start":{"line":13,"column":4},"end":{"line":15,"column":5}},{"start":{},"end":{}}],"line":13},"14":{"loc":{"start":{"line":13,"column":8},"end":{"line":13,"column":63}},"type":"binary-expr","locations":[{"start":{"line":13,"column":8},"end":{"line":13,"column":35}},{"start":{"line":13,"column":39},"end":{"line":13,"column":63}}],"line":13}},"s":{"0":6,"1":6,"2":2,"3":6,"4":3,"5":6,"6":3,"7":6,"8":3,"9":6,"10":3,"11":6,"12":3,"13":6,"14":3,"15":6,"16":3,"17":6,"18":3,"19":6,"20":4},"f":{"0":6},"b":{"0":[2,4],"1":[3,3],"2":[3,3],"3":[6,4],"4":[3,3],"5":[6,3],"6":[3,3],"7":[6,3],"8":[3,3],"9":[6,3],"10":[3,3],"11":[6,4],"12":[3,3],"13":[3,3],"14":[6,4]},"_coverageSchema":"1a1c01bbd47fc00a2c39e90264f33305004495a9","hash":"d6503779f96f41265a2063b0fe5968cdd5f5da9b"}
,"/Users/sakinanagarwala/COSC-4353/backend/utils/validateProfile.js": {"path":"/Users/sakinanagarwala/COSC-4353/backend/utils/validateProfile.js","statementMap":{"0":{"start":{"line":2,"column":19},"end":{"line":2,"column":21}},"1":{"start":{"line":5,"column":4},"end":{"line":5,"column":46}},"2":{"start":{"line":5,"column":19},"end":{"line":5,"column":46}},"3":{"start":{"line":7,"column":4},"end":{"line":11,"column":5}},"4":{"start":{"line":8,"column":6},"end":{"line":8,"column":43}},"5":{"start":{"line":9,"column":11},"end":{"line":11,"column":5}},"6":{"start":{"line":10,"column":6},"end":{"line":10,"column":61}},"7":{"start":{"line":13,"column":4},"end":{"line":17,"column":5}},"8":{"start":{"line":14,"column":6},"end":{"line":14,"column":43}},"9":{"start":{"line":15,"column":11},"end":{"line":17,"column":5}},"10":{"start":{"line":16,"column":6},"end":{"line":16,"column":62}},"11":{"start":{"line":19,"column":4},"end":{"line":21,"column":5}},"12":{"start":{"line":20,"column":6},"end":{"line":20,"column":62}},"13":{"start":{"line":23,"column":4},"end":{"line":27,"column":5}},"14":{"start":{"line":24,"column":6},"end":{"line":24,"column":38}},"15":{"start":{"line":25,"column":11},"end":{"line":27,"column":5}},"16":{"start":{"line":26,"column":6},"end":{"line":26,"column":57}},"17":{"start":{"line":29,"column":4},"end":{"line":31,"column":5}},"18":{"start":{"line":30,"column":6},"end":{"line":30,"column":54}},"19":{"start":{"line":33,"column":4},"end":{"line":35,"column":5}},"20":{"start":{"line":34,"column":6},"end":{"line":34,"column":56}},"21":{"start":{"line":38,"column":4},"end":{"line":48,"column":5}},"22":{"start":{"line":39,"column":6},"end":{"line":41,"column":7}},"23":{"start":{"line":40,"column":8},"end":{"line":40,"column":51}},"24":{"start":{"line":43,"column":6},"end":{"line":45,"column":7}},"25":{"start":{"line":44,"column":8},"end":{"line":44,"column":63}},"26":{"start":{"line":51,"column":4},"end":{"line":51,"column":18}},"27":{"start":{"line":54,"column":2},"end":{"line":54,"column":39}}},"fnMap":{"0":{"name":"validateProfile","decl":{"start":{"line":1,"column":9},"end":{"line":1,"column":24}},"loc":{"start":{"line":1,"column":37},"end":{"line":52,"column":3}},"line":1}},"branchMap":{"0":{"loc":{"start":{"line":5,"column":4},"end":{"line":5,"column":46}},"type":"if","locations":[{"start":{"line":5,"column":4},"end":{"line":5,"column":46}},{"start":{},"end":{}}],"line":5},"1":{"loc":{"start":{"line":7,"column":4},"end":{"line":11,"column":5}},"type":"if","locations":[{"start":{"line":7,"column":4},"end":{"line":11,"column":5}},{"start":{"line":9,"column":11},"end":{"line":11,"column":5}}],"line":7},"2":{"loc":{"start":{"line":7,"column":8},"end":{"line":7,"column":51}},"type":"binary-expr","locations":[{"start":{"line":7,"column":8},"end":{"line":7,"column":18}},{"start":{"line":7,"column":22},"end":{"line":7,"column":51}}],"line":7},"3":{"loc":{"start":{"line":9,"column":11},"end":{"line":11,"column":5}},"type":"if","locations":[{"start":{"line":9,"column":11},"end":{"line":11,"column":5}},{"start":{},"end":{}}],"line":9},"4":{"loc":{"start":{"line":13,"column":4},"end":{"line":17,"column":5}},"type":"if","locations":[{"start":{"line":13,"column":4},"end":{"line":17,"column":5}},{"start":{"line":15,"column":11},"end":{"line":17,"column":5}}],"line":13},"5":{"loc":{"start":{"line":13,"column":8},"end":{"line":13,"column":57}},"type":"binary-expr","locations":[{"start":{"line":13,"column":8},"end":{"line":13,"column":21}},{"start":{"line":13,"column":25},"end":{"line":13,"column":57}}],"line":13},"6":{"loc":{"start":{"line":15,"column":11},"end":{"line":17,"column":5}},"type":"if","locations":[{"start":{"line":15,"column":11},"end":{"line":17,"column":5}},{"start":{},"end":{}}],"line":15},"7":{"loc":{"start":{"line":19,"column":4},"end":{"line":21,"column":5}},"type":"if","locations":[{"start":{"line":19,"column":4},"end":{"line":21,"column":5}},{"start":{},"end":{}}],"line":19},"8":{"loc":{"start":{"line":19,"column":8},"end":{"line":19,"column":51}},"type":"binary-expr","locations":[{"start":{"line":19,"column":8},"end":{"line":19,"column":21}},{"start":{"line":19,"column":25},"end":{"line":19,"column":51}}],"line":19},"9":{"loc":{"start":{"line":23,"column":4},"end":{"line":27,"column":5}},"type":"if","locations":[{"start":{"line":23,"column":4},"end":{"line":27,"column":5}},{"start":{"line":25,"column":11},"end":{"line":27,"column":5}}],"line":23},"10":{"loc":{"start":{"line":23,"column":8},"end":{"line":23,"column":51}},"type":"binary-expr","locations":[{"start":{"line":23,"column":8},"end":{"line":23,"column":18}},{"start":{"line":23,"column":22},"end":{"line":23,"column":51}}],"line":23},"11":{"loc":{"start":{"line":25,"column":11},"end":{"line":27,"column":5}},"type":"if","locations":[{"start":{"line":25,"column":11},"end":{"line":27,"column":5}},{"start":{},"end":{}}],"line":25},"12":{"loc":{"start":{"line":29,"column":4},"end":{"line":31,"column":5}},"type":"if","locations":[{"start":{"line":29,"column":4},"end":{"line":31,"column":5}},{"start":{},"end":{}}],"line":29},"13":{"loc":{"start":{"line":29,"column":8},"end":{"line":29,"column":46}},"type":"binary-expr","locations":[{"start":{"line":29,"column":8},"end":{"line":29,"column":19}},{"start":{"line":29,"column":23},"end":{"line":29,"column":46}}],"line":29},"14":{"loc":{"start":{"line":33,"column":4},"end":{"line":35,"column":5}},"type":"if","locations":[{"start":{"line":33,"column":4},"end":{"line":35,"column":5}},{"start":{},"end":{}}],"line":33},"15":{"loc":{"start":{"line":33,"column":8},"end":{"line":33,"column":63}},"type":"binary-expr","locations":[{"start":{"line":33,"column":8},"end":{"line":33,"column":17}},{"start":{"line":33,"column":21},"end":{"line":33,"column":40}},{"start":{"line":33,"column":44},"end":{"line":33,"column":63}}],"line":33},"16":{"loc":{"start":{"line":38,"column":4},"end":{"line":48,"column":5}},"type":"if","locations":[{"start":{"line":38,"column":4},"end":{"line":48,"column":5}},{"start":{},"end":{}}],"line":38},"17":{"loc":{"start":{"line":39,"column":6},"end":{"line":41,"column":7}},"type":"if","locations":[{"start":{"line":39,"column":6},"end":{"line":41,"column":7}},{"start":{},"end":{}}],"line":39},"18":{"loc":{"start":{"line":39,"column":10},"end":{"line":39,"column":65}},"type":"binary-expr","locations":[{"start":{"line":39,"column":10},"end":{"line":39,"column":37}},{"start":{"line":39,"column":41},"end":{"line":39,"column":65}}],"line":39},"19":{"loc":{"start":{"line":43,"column":6},"end":{"line":45,"column":7}},"type":"if","locations":[{"start":{"line":43,"column":6},"end":{"line":45,"column":7}},{"start":{},"end":{}}],"line":43},"20":{"loc":{"start":{"line":43,"column":10},"end":{"line":43,"column":77}},"type":"binary-expr","locations":[{"start":{"line":43,"column":10},"end":{"line":43,"column":43}},{"start":{"line":43,"column":47},"end":{"line":43,"column":77}}],"line":43}},"s":{"0":7,"1":7,"2":1,"3":7,"4":2,"5":5,"6":1,"7":7,"8":1,"9":6,"10":1,"11":7,"12":1,"13":7,"14":1,"15":6,"16":1,"17":7,"18":2,"19":7,"20":2,"21":7,"22":5,"23":1,"24":5,"25":1,"26":7,"27":4},"f":{"0":7},"b":{"0":[1,6],"1":[2,5],"2":[7,5],"3":[1,4],"4":[1,6],"5":[7,6],"6":[1,5],"7":[1,6],"8":[7,3],"9":[1,6],"10":[7,6],"11":[1,5],"12":[2,5],"13":[7,6],"14":[2,5],"15":[7,6,5],"16":[5,2],"17":[1,4],"18":[5,4],"19":[1,4],"20":[5,4]},"_coverageSchema":"1a1c01bbd47fc00a2c39e90264f33305004495a9","hash":"79f99b4eaa41cc2d0342e5ecb7db9826da9249ac"}
}
