{"/Users/sakinanagarwala/COSC-4353/backend/index.js": {"path":"/Users/sakinanagarwala/COSC-4353/backend/index.js","statementMap":{"0":{"start":{"line":1,"column":0},"end":{"line":1,"column":27}},"1":{"start":{"line":2,"column":16},"end":{"line":2,"column":34}},"2":{"start":{"line":3,"column":13},"end":{"line":3,"column":28}},"3":{"start":{"line":7,"column":0},"end":{"line":7,"column":38}},"4":{"start":{"line":13,"column":0},"end":{"line":23,"column":1}},"5":{"start":{"line":14,"column":19},"end":{"line":14,"column":40}},"6":{"start":{"line":15,"column":2},"end":{"line":15,"column":25}},"7":{"start":{"line":16,"column":2},"end":{"line":16,"column":19}},"8":{"start":{"line":17,"column":2},"end":{"line":17,"column":34}},"9":{"start":{"line":18,"column":2},"end":{"line":18,"column":54}},"10":{"start":{"line":20,"column":2},"end":{"line":20,"column":62}},"11":{"start":{"line":21,"column":2},"end":{"line":21,"column":57}},"12":{"start":{"line":22,"column":2},"end":{"line":22,"column":35}},"13":{"start":{"line":25,"column":12},"end":{"line":25,"column":21}},"14":{"start":{"line":28,"column":0},"end":{"line":32,"column":4}},"15":{"start":{"line":33,"column":0},"end":{"line":33,"column":24}},"16":{"start":{"line":36,"column":22},"end":{"line":36,"column":55}},"17":{"start":{"line":37,"column":0},"end":{"line":37,"column":39}},"18":{"start":{"line":39,"column":20},"end":{"line":39,"column":51}},"19":{"start":{"line":40,"column":0},"end":{"line":40,"column":35}},"20":{"start":{"line":42,"column":27},"end":{"line":42,"column":65}},"21":{"start":{"line":43,"column":0},"end":{"line":43,"column":50}},"22":{"start":{"line":45,"column":32},"end":{"line":45,"column":75}},"23":{"start":{"line":46,"column":0},"end":{"line":46,"column":50}},"24":{"start":{"line":48,"column":21},"end":{"line":48,"column":53}},"25":{"start":{"line":49,"column":0},"end":{"line":49,"column":37}},"26":{"start":{"line":51,"column":21},"end":{"line":51,"column":53}},"27":{"start":{"line":52,"column":0},"end":{"line":52,"column":30}},"28":{"start":{"line":56,"column":0},"end":{"line":63,"column":3}},"29":{"start":{"line":57,"column":2},"end":{"line":62,"column":5}},"30":{"start":{"line":66,"column":0},"end":{"line":84,"column":3}},"31":{"start":{"line":68,"column":2},"end":{"line":83,"column":5}},"32":{"start":{"line":87,"column":0},"end":{"line":118,"column":3}},"33":{"start":{"line":88,"column":2},"end":{"line":88,"column":34}},"34":{"start":{"line":90,"column":2},"end":{"line":94,"column":3}},"35":{"start":{"line":91,"column":4},"end":{"line":93,"column":7}},"36":{"start":{"line":96,"column":18},"end":{"line":96,"column":64}},"37":{"start":{"line":97,"column":19},"end":{"line":97,"column":27}},"38":{"start":{"line":99,"column":2},"end":{"line":102,"column":3}},"39":{"start":{"line":100,"column":4},"end":{"line":100,"column":49}},"40":{"start":{"line":101,"column":4},"end":{"line":101,"column":73}},"41":{"start":{"line":104,"column":2},"end":{"line":117,"column":3}},"42":{"start":{"line":105,"column":20},"end":{"line":105,"column":61}},"43":{"start":{"line":106,"column":16},"end":{"line":106,"column":27}},"44":{"start":{"line":108,"column":4},"end":{"line":108,"column":61}},"45":{"start":{"line":110,"column":4},"end":{"line":110,"column":58}},"46":{"start":{"line":112,"column":4},"end":{"line":112,"column":60}},"47":{"start":{"line":113,"column":4},"end":{"line":113,"column":68}},"48":{"start":{"line":115,"column":4},"end":{"line":115,"column":50}},"49":{"start":{"line":116,"column":4},"end":{"line":116,"column":67}},"50":{"start":{"line":120,"column":13},"end":{"line":120,"column":17}},"51":{"start":{"line":131,"column":0},"end":{"line":131,"column":21}}},"fnMap":{"0":{"name":"(anonymous_0)","decl":{"start":{"line":56,"column":21},"end":{"line":56,"column":22}},"loc":{"start":{"line":56,"column":35},"end":{"line":63,"column":1}},"line":56},"1":{"name":"(anonymous_1)","decl":{"start":{"line":66,"column":30},"end":{"line":66,"column":31}},"loc":{"start":{"line":66,"column":44},"end":{"line":84,"column":1}},"line":66},"2":{"name":"(anonymous_2)","decl":{"start":{"line":87,"column":22},"end":{"line":87,"column":23}},"loc":{"start":{"line":87,"column":42},"end":{"line":118,"column":1}},"line":87}},"branchMap":{"0":{"loc":{"start":{"line":90,"column":2},"end":{"line":94,"column":3}},"type":"if","locations":[{"start":{"line":90,"column":2},"end":{"line":94,"column":3}},{"start":{},"end":{}}],"line":90},"1":{"loc":{"start":{"line":90,"column":6},"end":{"line":90,"column":41}},"type":"binary-expr","locations":[{"start":{"line":90,"column":6},"end":{"line":90,"column":31}},{"start":{"line":90,"column":35},"end":{"line":90,"column":41}}],"line":90},"2":{"loc":{"start":{"line":99,"column":2},"end":{"line":102,"column":3}},"type":"if","locations":[{"start":{"line":99,"column":2},"end":{"line":102,"column":3}},{"start":{},"end":{}}],"line":99},"3":{"loc":{"start":{"line":99,"column":6},"end":{"line":99,"column":23}},"type":"binary-expr","locations":[{"start":{"line":99,"column":6},"end":{"line":99,"column":14}},{"start":{"line":99,"column":18},"end":{"line":99,"column":23}}],"line":99}},"s":{"0":4,"1":4,"2":4,"3":4,"4":4,"5":4,"6":4,"7":4,"8":4,"9":4,"10":0,"11":0,"12":0,"13":4,"14":4,"15":4,"16":4,"17":4,"18":4,"19":4,"20":4,"21":4,"22":4,"23":4,"24":4,"25":4,"26":4,"27":4,"28":4,"29":1,"30":4,"31":0,"32":4,"33":4,"34":4,"35":0,"36":4,"37":4,"38":4,"39":2,"40":2,"41":2,"42":2,"43":1,"44":0,"45":0,"46":0,"47":0,"48":2,"49":2,"50":4,"51":4},"f":{"0":1,"1":0,"2":4},"b":{"0":[0,4],"1":[4,4],"2":[2,2],"3":[4,3]},"_coverageSchema":"1a1c01bbd47fc00a2c39e90264f33305004495a9","hash":"407757f60ddb43f7f33b70084d71e9fdbc54cd20"}
,"/Users/sakinanagarwala/COSC-4353/backend/routes/eventRoutes.js": {"path":"/Users/sakinanagarwala/COSC-4353/backend/routes/eventRoutes.js","statementMap":{"0":{"start":{"line":1,"column":16},"end":{"line":1,"column":34}},"1":{"start":{"line":2,"column":15},"end":{"line":2,"column":31}},"2":{"start":{"line":3,"column":15},"end":{"line":3,"column":37}},"3":{"start":{"line":4,"column":26},"end":{"line":4,"column":59}},"4":{"start":{"line":5,"column":28},"end":{"line":5,"column":67}},"5":{"start":{"line":8,"column":0},"end":{"line":29,"column":3}},"6":{"start":{"line":9,"column":2},"end":{"line":28,"column":3}},"7":{"start":{"line":10,"column":4},"end":{"line":10,"column":57}},"8":{"start":{"line":12,"column":21},"end":{"line":12,"column":56}},"9":{"start":{"line":13,"column":19},"end":{"line":13,"column":21}},"10":{"start":{"line":15,"column":4},"end":{"line":20,"column":7}},"11":{"start":{"line":16,"column":6},"end":{"line":19,"column":9}},"12":{"start":{"line":22,"column":4},"end":{"line":22,"column":51}},"13":{"start":{"line":23,"column":4},"end":{"line":23,"column":25}},"14":{"start":{"line":25,"column":4},"end":{"line":25,"column":55}},"15":{"start":{"line":32,"column":0},"end":{"line":123,"column":3}},"16":{"start":{"line":33,"column":2},"end":{"line":122,"column":3}},"17":{"start":{"line":34,"column":40},"end":{"line":34,"column":48}},"18":{"start":{"line":36,"column":4},"end":{"line":38,"column":5}},"19":{"start":{"line":37,"column":6},"end":{"line":37,"column":73}},"20":{"start":{"line":40,"column":19},"end":{"line":40,"column":61}},"21":{"start":{"line":41,"column":4},"end":{"line":43,"column":5}},"22":{"start":{"line":42,"column":6},"end":{"line":42,"column":76}},"23":{"start":{"line":46,"column":32},"end":{"line":48,"column":5}},"24":{"start":{"line":47,"column":6},"end":{"line":47,"column":48}},"25":{"start":{"line":50,"column":22},"end":{"line":59,"column":5}},"26":{"start":{"line":62,"column":21},"end":{"line":62,"column":53}},"27":{"start":{"line":63,"column":26},"end":{"line":63,"column":46}},"28":{"start":{"line":65,"column":4},"end":{"line":72,"column":5}},"29":{"start":{"line":67,"column":6},"end":{"line":67,"column":33}},"30":{"start":{"line":68,"column":6},"end":{"line":68,"column":39}},"31":{"start":{"line":71,"column":6},"end":{"line":71,"column":36}},"32":{"start":{"line":75,"column":28},"end":{"line":77,"column":12}},"33":{"start":{"line":79,"column":33},"end":{"line":79,"column":35}},"34":{"start":{"line":81,"column":0},"end":{"line":105,"column":3}},"35":{"start":{"line":82,"column":20},"end":{"line":82,"column":30}},"36":{"start":{"line":83,"column":22},"end":{"line":83,"column":44}},"37":{"start":{"line":85,"column":2},"end":{"line":88,"column":3}},"38":{"start":{"line":90,"column":2},"end":{"line":90,"column":76}},"39":{"start":{"line":91,"column":2},"end":{"line":104,"column":4}},"40":{"start":{"line":102,"column":6},"end":{"line":102,"column":87}},"41":{"start":{"line":111,"column":4},"end":{"line":114,"column":6}},"42":{"start":{"line":113,"column":6},"end":{"line":113,"column":56}},"43":{"start":{"line":116,"column":4},"end":{"line":116,"column":66}},"44":{"start":{"line":126,"column":0},"end":{"line":149,"column":3}},"45":{"start":{"line":127,"column":2},"end":{"line":148,"column":3}},"46":{"start":{"line":128,"column":16},"end":{"line":128,"column":30}},"47":{"start":{"line":129,"column":4},"end":{"line":129,"column":55}},"48":{"start":{"line":131,"column":16},"end":{"line":131,"column":60}},"49":{"start":{"line":133,"column":4},"end":{"line":135,"column":5}},"50":{"start":{"line":134,"column":6},"end":{"line":134,"column":66}},"51":{"start":{"line":137,"column":18},"end":{"line":140,"column":5}},"52":{"start":{"line":142,"column":4},"end":{"line":142,"column":20}},"53":{"start":{"line":152,"column":0},"end":{"line":219,"column":3}},"54":{"start":{"line":153,"column":2},"end":{"line":218,"column":3}},"55":{"start":{"line":154,"column":16},"end":{"line":154,"column":30}},"56":{"start":{"line":156,"column":21},"end":{"line":156,"column":53}},"57":{"start":{"line":157,"column":21},"end":{"line":157,"column":41}},"58":{"start":{"line":159,"column":4},"end":{"line":162,"column":5}},"59":{"start":{"line":160,"column":6},"end":{"line":160,"column":58}},"60":{"start":{"line":161,"column":6},"end":{"line":161,"column":66}},"61":{"start":{"line":165,"column":22},"end":{"line":165,"column":37}},"62":{"start":{"line":168,"column":4},"end":{"line":168,"column":28}},"63":{"start":{"line":170,"column":4},"end":{"line":170,"column":41}},"64":{"start":{"line":173,"column":28},"end":{"line":175,"column":12}},"65":{"start":{"line":177,"column":33},"end":{"line":177,"column":35}},"66":{"start":{"line":179,"column":0},"end":{"line":201,"column":3}},"67":{"start":{"line":180,"column":20},"end":{"line":180,"column":30}},"68":{"start":{"line":181,"column":22},"end":{"line":181,"column":44}},"69":{"start":{"line":183,"column":2},"end":{"line":186,"column":3}},"70":{"start":{"line":184,"column":4},"end":{"line":184,"column":75}},"71":{"start":{"line":185,"column":4},"end":{"line":185,"column":11}},"72":{"start":{"line":188,"column":2},"end":{"line":188,"column":99}},"73":{"start":{"line":189,"column":2},"end":{"line":200,"column":4}},"74":{"start":{"line":198,"column":6},"end":{"line":198,"column":98}},"75":{"start":{"line":207,"column":4},"end":{"line":210,"column":6}},"76":{"start":{"line":209,"column":6},"end":{"line":209,"column":56}},"77":{"start":{"line":212,"column":4},"end":{"line":212,"column":56}},"78":{"start":{"line":221,"column":0},"end":{"line":221,"column":24}}},"fnMap":{"0":{"name":"(anonymous_0)","decl":{"start":{"line":8,"column":19},"end":{"line":8,"column":20}},"loc":{"start":{"line":8,"column":39},"end":{"line":29,"column":1}},"line":8},"1":{"name":"(anonymous_1)","decl":{"start":{"line":15,"column":21},"end":{"line":15,"column":22}},"loc":{"start":{"line":15,"column":28},"end":{"line":20,"column":5}},"line":15},"2":{"name":"(anonymous_2)","decl":{"start":{"line":32,"column":17},"end":{"line":32,"column":18}},"loc":{"start":{"line":32,"column":37},"end":{"line":123,"column":1}},"line":32},"3":{"name":"(anonymous_3)","decl":{"start":{"line":46,"column":62},"end":{"line":46,"column":63}},"loc":{"start":{"line":47,"column":6},"end":{"line":47,"column":48}},"line":47},"4":{"name":"(anonymous_4)","decl":{"start":{"line":81,"column":24},"end":{"line":81,"column":25}},"loc":{"start":{"line":81,"column":31},"end":{"line":105,"column":1}},"line":81},"5":{"name":"(anonymous_5)","decl":{"start":{"line":101,"column":13},"end":{"line":101,"column":14}},"loc":{"start":{"line":101,"column":20},"end":{"line":103,"column":5}},"line":101},"6":{"name":"(anonymous_6)","decl":{"start":{"line":111,"column":44},"end":{"line":111,"column":45}},"loc":{"start":{"line":113,"column":6},"end":{"line":113,"column":56}},"line":113},"7":{"name":"(anonymous_7)","decl":{"start":{"line":126,"column":20},"end":{"line":126,"column":21}},"loc":{"start":{"line":126,"column":40},"end":{"line":149,"column":1}},"line":126},"8":{"name":"(anonymous_8)","decl":{"start":{"line":152,"column":23},"end":{"line":152,"column":24}},"loc":{"start":{"line":152,"column":43},"end":{"line":219,"column":1}},"line":152},"9":{"name":"(anonymous_9)","decl":{"start":{"line":179,"column":24},"end":{"line":179,"column":25}},"loc":{"start":{"line":179,"column":31},"end":{"line":201,"column":1}},"line":179},"10":{"name":"(anonymous_10)","decl":{"start":{"line":197,"column":13},"end":{"line":197,"column":14}},"loc":{"start":{"line":197,"column":20},"end":{"line":199,"column":5}},"line":197},"11":{"name":"(anonymous_11)","decl":{"start":{"line":207,"column":44},"end":{"line":207,"column":45}},"loc":{"start":{"line":209,"column":6},"end":{"line":209,"column":56}},"line":209}},"branchMap":{"0":{"loc":{"start":{"line":36,"column":4},"end":{"line":38,"column":5}},"type":"if","locations":[{"start":{"line":36,"column":4},"end":{"line":38,"column":5}},{"start":{},"end":{}}],"line":36},"1":{"loc":{"start":{"line":41,"column":4},"end":{"line":43,"column":5}},"type":"if","locations":[{"start":{"line":41,"column":4},"end":{"line":43,"column":5}},{"start":{},"end":{}}],"line":41},"2":{"loc":{"start":{"line":46,"column":33},"end":{"line":46,"column":56}},"type":"binary-expr","locations":[{"start":{"line":46,"column":33},"end":{"line":46,"column":50}},{"start":{"line":46,"column":54},"end":{"line":46,"column":56}}],"line":46},"3":{"loc":{"start":{"line":65,"column":4},"end":{"line":72,"column":5}},"type":"if","locations":[{"start":{"line":65,"column":4},"end":{"line":72,"column":5}},{"start":{"line":69,"column":11},"end":{"line":72,"column":5}}],"line":65},"4":{"loc":{"start":{"line":85,"column":2},"end":{"line":88,"column":3}},"type":"if","locations":[{"start":{},"end":{}}],"line":85},"5":{"loc":{"start":{"line":98,"column":14},"end":{"line":98,"column":50}},"type":"binary-expr","locations":[{"start":{"line":98,"column":14},"end":{"line":98,"column":41}},{"start":{"line":98,"column":45},"end":{"line":98,"column":50}}],"line":98},"6":{"loc":{"start":{"line":133,"column":4},"end":{"line":135,"column":5}},"type":"if","locations":[{"start":{"line":133,"column":4},"end":{"line":135,"column":5}},{"start":{},"end":{}}],"line":133},"7":{"loc":{"start":{"line":159,"column":4},"end":{"line":162,"column":5}},"type":"if","locations":[{"start":{"line":159,"column":4},"end":{"line":162,"column":5}},{"start":{},"end":{}}],"line":159},"8":{"loc":{"start":{"line":183,"column":2},"end":{"line":186,"column":3}},"type":"if","locations":[{"start":{"line":183,"column":2},"end":{"line":186,"column":3}},{"start":{},"end":{}}],"line":183},"9":{"loc":{"start":{"line":192,"column":25},"end":{"line":192,"column":51}},"type":"binary-expr","locations":[{"start":{"line":192,"column":25},"end":{"line":192,"column":44}},{"start":{"line":192,"column":48},"end":{"line":192,"column":51}}],"line":192}},"s":{"0":5,"1":5,"2":5,"3":5,"4":5,"5":5,"6":4,"7":4,"8":4,"9":3,"10":3,"11":2,"12":3,"13":3,"14":1,"15":5,"16":9,"17":9,"18":9,"19":1,"20":8,"21":8,"22":1,"23":7,"24":13,"25":7,"26":7,"27":7,"28":6,"29":3,"30":3,"31":3,"32":6,"33":6,"34":6,"35":3,"36":3,"37":3,"38":3,"39":3,"40":1,"41":6,"42":0,"43":6,"44":5,"45":3,"46":3,"47":3,"48":3,"49":2,"50":1,"51":1,"52":1,"53":5,"54":6,"55":6,"56":6,"57":6,"58":5,"59":1,"60":1,"61":4,"62":4,"63":4,"64":4,"65":4,"66":4,"67":4,"68":4,"69":4,"70":0,"71":0,"72":4,"73":4,"74":1,"75":4,"76":0,"77":4,"78":5},"f":{"0":4,"1":2,"2":9,"3":13,"4":3,"5":1,"6":0,"7":3,"8":6,"9":4,"10":1,"11":0},"b":{"0":[1,8],"1":[1,7],"2":[7,0],"3":[3,3],"4":[3],"5":[3,0],"6":[1,1],"7":[1,4],"8":[0,4],"9":[4,1]},"_coverageSchema":"1a1c01bbd47fc00a2c39e90264f33305004495a9","hash":"aafee274e58c0e92321b38c70cbe0fb75df5258f"}
,"/Users/sakinanagarwala/COSC-4353/backend/routes/notificationRoutes.js": {"path":"/Users/sakinanagarwala/COSC-4353/backend/routes/notificationRoutes.js","statementMap":{"0":{"start":{"line":1,"column":16},"end":{"line":1,"column":34}},"1":{"start":{"line":2,"column":15},"end":{"line":2,"column":31}},"2":{"start":{"line":3,"column":28},"end":{"line":3,"column":67}},"3":{"start":{"line":7,"column":0},"end":{"line":19,"column":3}},"4":{"start":{"line":8,"column":2},"end":{"line":18,"column":3}},"5":{"start":{"line":9,"column":41},"end":{"line":9,"column":49}},"6":{"start":{"line":10,"column":4},"end":{"line":12,"column":5}},"7":{"start":{"line":11,"column":6},"end":{"line":11,"column":102}},"8":{"start":{"line":13,"column":4},"end":{"line":13,"column":77}},"9":{"start":{"line":14,"column":4},"end":{"line":14,"column":74}},"10":{"start":{"line":16,"column":4},"end":{"line":16,"column":56}},"11":{"start":{"line":17,"column":4},"end":{"line":17,"column":107}},"12":{"start":{"line":23,"column":0},"end":{"line":32,"column":3}},"13":{"start":{"line":24,"column":2},"end":{"line":31,"column":3}},"14":{"start":{"line":25,"column":20},"end":{"line":25,"column":30}},"15":{"start":{"line":26,"column":26},"end":{"line":26,"column":73}},"16":{"start":{"line":27,"column":4},"end":{"line":27,"column":47}},"17":{"start":{"line":29,"column":4},"end":{"line":29,"column":58}},"18":{"start":{"line":30,"column":4},"end":{"line":30,"column":109}},"19":{"start":{"line":36,"column":0},"end":{"line":45,"column":3}},"20":{"start":{"line":37,"column":2},"end":{"line":44,"column":3}},"21":{"start":{"line":38,"column":20},"end":{"line":38,"column":30}},"22":{"start":{"line":39,"column":4},"end":{"line":39,"column":49}},"23":{"start":{"line":40,"column":4},"end":{"line":40,"column":77}},"24":{"start":{"line":42,"column":4},"end":{"line":42,"column":65}},"25":{"start":{"line":43,"column":4},"end":{"line":43,"column":116}},"26":{"start":{"line":49,"column":0},"end":{"line":58,"column":3}},"27":{"start":{"line":50,"column":2},"end":{"line":57,"column":3}},"28":{"start":{"line":51,"column":31},"end":{"line":51,"column":41}},"29":{"start":{"line":52,"column":4},"end":{"line":52,"column":65}},"30":{"start":{"line":53,"column":4},"end":{"line":53,"column":65}},"31":{"start":{"line":55,"column":4},"end":{"line":55,"column":57}},"32":{"start":{"line":56,"column":4},"end":{"line":56,"column":109}},"33":{"start":{"line":60,"column":0},"end":{"line":60,"column":24}}},"fnMap":{"0":{"name":"(anonymous_0)","decl":{"start":{"line":7,"column":21},"end":{"line":7,"column":22}},"loc":{"start":{"line":7,"column":41},"end":{"line":19,"column":1}},"line":7},"1":{"name":"(anonymous_1)","decl":{"start":{"line":23,"column":20},"end":{"line":23,"column":21}},"loc":{"start":{"line":23,"column":40},"end":{"line":32,"column":1}},"line":23},"2":{"name":"(anonymous_2)","decl":{"start":{"line":36,"column":27},"end":{"line":36,"column":28}},"loc":{"start":{"line":36,"column":47},"end":{"line":45,"column":1}},"line":36},"3":{"name":"(anonymous_3)","decl":{"start":{"line":49,"column":34},"end":{"line":49,"column":35}},"loc":{"start":{"line":49,"column":54},"end":{"line":58,"column":1}},"line":49}},"branchMap":{"0":{"loc":{"start":{"line":10,"column":4},"end":{"line":12,"column":5}},"type":"if","locations":[{"start":{"line":10,"column":4},"end":{"line":12,"column":5}},{"start":{},"end":{}}],"line":10},"1":{"loc":{"start":{"line":10,"column":8},"end":{"line":10,"column":33}},"type":"binary-expr","locations":[{"start":{"line":10,"column":8},"end":{"line":10,"column":12}},{"start":{"line":10,"column":16},"end":{"line":10,"column":21}},{"start":{"line":10,"column":25},"end":{"line":10,"column":33}}],"line":10}},"s":{"0":4,"1":4,"2":4,"3":4,"4":27,"5":27,"6":27,"7":14,"8":13,"9":12,"10":1,"11":1,"12":4,"13":8,"14":8,"15":8,"16":7,"17":1,"18":1,"19":4,"20":7,"21":7,"22":7,"23":6,"24":1,"25":1,"26":4,"27":0,"28":0,"29":0,"30":0,"31":0,"32":0,"33":4},"f":{"0":27,"1":8,"2":7,"3":0},"b":{"0":[14,13],"1":[27,20,16]},"_coverageSchema":"1a1c01bbd47fc00a2c39e90264f33305004495a9","hash":"ba619fbf06323db16afad8df0a6b41e559d4bc39"}
,"/Users/sakinanagarwala/COSC-4353/backend/routes/profileRoutes.js": {"path":"/Users/sakinanagarwala/COSC-4353/backend/routes/profileRoutes.js","statementMap":{"0":{"start":{"line":1,"column":15},"end":{"line":1,"column":37}},"1":{"start":{"line":2,"column":16},"end":{"line":2,"column":34}},"2":{"start":{"line":3,"column":15},"end":{"line":3,"column":31}},"3":{"start":{"line":5,"column":28},"end":{"line":5,"column":63}},"4":{"start":{"line":9,"column":0},"end":{"line":29,"column":3}},"5":{"start":{"line":10,"column":33},"end":{"line":10,"column":41}},"6":{"start":{"line":12,"column":2},"end":{"line":14,"column":3}},"7":{"start":{"line":13,"column":4},"end":{"line":13,"column":68}},"8":{"start":{"line":16,"column":17},"end":{"line":16,"column":56}},"9":{"start":{"line":17,"column":2},"end":{"line":19,"column":3}},"10":{"start":{"line":18,"column":4},"end":{"line":18,"column":74}},"11":{"start":{"line":21,"column":22},"end":{"line":21,"column":44}},"12":{"start":{"line":23,"column":2},"end":{"line":28,"column":3}},"13":{"start":{"line":24,"column":4},"end":{"line":24,"column":76}},"14":{"start":{"line":25,"column":4},"end":{"line":25,"column":68}},"15":{"start":{"line":27,"column":4},"end":{"line":27,"column":77}},"16":{"start":{"line":34,"column":0},"end":{"line":55,"column":3}},"17":{"start":{"line":35,"column":18},"end":{"line":35,"column":28}},"18":{"start":{"line":36,"column":21},"end":{"line":36,"column":29}},"19":{"start":{"line":38,"column":2},"end":{"line":54,"column":3}},"20":{"start":{"line":39,"column":20},"end":{"line":39,"column":51}},"21":{"start":{"line":40,"column":16},"end":{"line":40,"column":35}},"22":{"start":{"line":42,"column":4},"end":{"line":44,"column":5}},"23":{"start":{"line":43,"column":6},"end":{"line":43,"column":65}},"24":{"start":{"line":46,"column":24},"end":{"line":46,"column":34}},"25":{"start":{"line":47,"column":27},"end":{"line":47,"column":71}},"26":{"start":{"line":49,"column":4},"end":{"line":49,"column":54}},"27":{"start":{"line":51,"column":4},"end":{"line":51,"column":80}},"28":{"start":{"line":53,"column":4},"end":{"line":53,"column":77}},"29":{"start":{"line":59,"column":0},"end":{"line":80,"column":3}},"30":{"start":{"line":60,"column":2},"end":{"line":79,"column":3}},"31":{"start":{"line":61,"column":21},"end":{"line":61,"column":88}},"32":{"start":{"line":63,"column":23},"end":{"line":73,"column":6}},"33":{"start":{"line":64,"column":19},"end":{"line":64,"column":29}},"34":{"start":{"line":65,"column":6},"end":{"line":72,"column":8}},"35":{"start":{"line":75,"column":4},"end":{"line":75,"column":37}},"36":{"start":{"line":78,"column":4},"end":{"line":78,"column":77}},"37":{"start":{"line":85,"column":0},"end":{"line":97,"column":3}},"38":{"start":{"line":86,"column":18},"end":{"line":86,"column":28}},"39":{"start":{"line":88,"column":2},"end":{"line":96,"column":3}},"40":{"start":{"line":89,"column":16},"end":{"line":89,"column":59}},"41":{"start":{"line":90,"column":4},"end":{"line":90,"column":83}},"42":{"start":{"line":90,"column":21},"end":{"line":90,"column":83}},"43":{"start":{"line":92,"column":4},"end":{"line":92,"column":37}},"44":{"start":{"line":95,"column":4},"end":{"line":95,"column":77}},"45":{"start":{"line":100,"column":0},"end":{"line":100,"column":24}}},"fnMap":{"0":{"name":"(anonymous_0)","decl":{"start":{"line":9,"column":17},"end":{"line":9,"column":18}},"loc":{"start":{"line":9,"column":37},"end":{"line":29,"column":1}},"line":9},"1":{"name":"(anonymous_1)","decl":{"start":{"line":34,"column":29},"end":{"line":34,"column":30}},"loc":{"start":{"line":34,"column":49},"end":{"line":55,"column":1}},"line":34},"2":{"name":"(anonymous_2)","decl":{"start":{"line":59,"column":33},"end":{"line":59,"column":34}},"loc":{"start":{"line":59,"column":53},"end":{"line":80,"column":1}},"line":59},"3":{"name":"(anonymous_3)","decl":{"start":{"line":63,"column":41},"end":{"line":63,"column":42}},"loc":{"start":{"line":63,"column":48},"end":{"line":73,"column":5}},"line":63},"4":{"name":"(anonymous_4)","decl":{"start":{"line":85,"column":20},"end":{"line":85,"column":21}},"loc":{"start":{"line":85,"column":40},"end":{"line":97,"column":1}},"line":85}},"branchMap":{"0":{"loc":{"start":{"line":12,"column":2},"end":{"line":14,"column":3}},"type":"if","locations":[{"start":{"line":12,"column":2},"end":{"line":14,"column":3}},{"start":{},"end":{}}],"line":12},"1":{"loc":{"start":{"line":12,"column":6},"end":{"line":12,"column":19}},"type":"binary-expr","locations":[{"start":{"line":12,"column":6},"end":{"line":12,"column":10}},{"start":{"line":12,"column":14},"end":{"line":12,"column":19}}],"line":12},"2":{"loc":{"start":{"line":17,"column":2},"end":{"line":19,"column":3}},"type":"if","locations":[{"start":{"line":17,"column":2},"end":{"line":19,"column":3}},{"start":{},"end":{}}],"line":17},"3":{"loc":{"start":{"line":42,"column":4},"end":{"line":44,"column":5}},"type":"if","locations":[{"start":{"line":42,"column":4},"end":{"line":44,"column":5}},{"start":{},"end":{}}],"line":42},"4":{"loc":{"start":{"line":47,"column":32},"end":{"line":47,"column":57}},"type":"binary-expr","locations":[{"start":{"line":47,"column":32},"end":{"line":47,"column":51}},{"start":{"line":47,"column":55},"end":{"line":47,"column":57}}],"line":47},"5":{"loc":{"start":{"line":68,"column":15},"end":{"line":68,"column":31}},"type":"binary-expr","locations":[{"start":{"line":68,"column":15},"end":{"line":68,"column":25}},{"start":{"line":68,"column":29},"end":{"line":68,"column":31}}],"line":68},"6":{"loc":{"start":{"line":69,"column":16},"end":{"line":69,"column":33}},"type":"binary-expr","locations":[{"start":{"line":69,"column":16},"end":{"line":69,"column":27}},{"start":{"line":69,"column":31},"end":{"line":69,"column":33}}],"line":69},"7":{"loc":{"start":{"line":70,"column":21},"end":{"line":70,"column":46}},"type":"binary-expr","locations":[{"start":{"line":70,"column":21},"end":{"line":70,"column":41}},{"start":{"line":70,"column":45},"end":{"line":70,"column":46}}],"line":70},"8":{"loc":{"start":{"line":71,"column":17},"end":{"line":71,"column":35}},"type":"binary-expr","locations":[{"start":{"line":71,"column":17},"end":{"line":71,"column":29}},{"start":{"line":71,"column":33},"end":{"line":71,"column":35}}],"line":71},"9":{"loc":{"start":{"line":90,"column":4},"end":{"line":90,"column":83}},"type":"if","locations":[{"start":{"line":90,"column":4},"end":{"line":90,"column":83}},{"start":{},"end":{}}],"line":90}},"s":{"0":5,"1":5,"2":5,"3":5,"4":5,"5":4,"6":4,"7":1,"8":3,"9":3,"10":1,"11":2,"12":2,"13":2,"14":2,"15":0,"16":5,"17":2,"18":2,"19":2,"20":2,"21":2,"22":2,"23":1,"24":1,"25":1,"26":1,"27":1,"28":0,"29":5,"30":1,"31":1,"32":1,"33":2,"34":2,"35":1,"36":0,"37":5,"38":2,"39":2,"40":2,"41":2,"42":1,"43":1,"44":0,"45":5},"f":{"0":4,"1":2,"2":1,"3":2,"4":2},"b":{"0":[1,3],"1":[4,3],"2":[1,2],"3":[1,1],"4":[1,0],"5":[2,2],"6":[2,0],"7":[2,1],"8":[2,1],"9":[1,1]},"_coverageSchema":"1a1c01bbd47fc00a2c39e90264f33305004495a9","hash":"10d452fbb39ddb9f3e6fa8f08e1db00b55dcd046"}
,"/Users/sakinanagarwala/COSC-4353/backend/routes/reportRoutes.js": {"path":"/Users/sakinanagarwala/COSC-4353/backend/routes/reportRoutes.js","statementMap":{"0":{"start":{"line":1,"column":16},"end":{"line":1,"column":34}},"1":{"start":{"line":2,"column":15},"end":{"line":2,"column":31}},"2":{"start":{"line":3,"column":20},"end":{"line":3,"column":37}},"3":{"start":{"line":4,"column":22},"end":{"line":4,"column":46}},"4":{"start":{"line":5,"column":44},"end":{"line":5,"column":77}},"5":{"start":{"line":8,"column":0},"end":{"line":81,"column":3}},"6":{"start":{"line":9,"column":2},"end":{"line":80,"column":3}},"7":{"start":{"line":10,"column":23},"end":{"line":10,"column":47}},"8":{"start":{"line":12,"column":16},"end":{"line":12,"column":47}},"9":{"start":{"line":13,"column":4},"end":{"line":13,"column":87}},"10":{"start":{"line":14,"column":4},"end":{"line":14,"column":53}},"11":{"start":{"line":15,"column":4},"end":{"line":15,"column":18}},"12":{"start":{"line":18,"column":4},"end":{"line":21,"column":21}},"13":{"start":{"line":23,"column":4},"end":{"line":71,"column":7}},"14":{"start":{"line":24,"column":6},"end":{"line":28,"column":23}},"15":{"start":{"line":30,"column":6},"end":{"line":36,"column":55}},"16":{"start":{"line":45,"column":11},"end":{"line":68,"column":7}},"17":{"start":{"line":46,"column":8},"end":{"line":46,"column":70}},"18":{"start":{"line":48,"column":8},"end":{"line":64,"column":11}},"19":{"start":{"line":49,"column":26},"end":{"line":51,"column":39}},"20":{"start":{"line":52,"column":23},"end":{"line":52,"column":26}},"21":{"start":{"line":54,"column":10},"end":{"line":59,"column":11}},"22":{"start":{"line":55,"column":26},"end":{"line":55,"column":36}},"23":{"start":{"line":56,"column":12},"end":{"line":56,"column":39}},"24":{"start":{"line":57,"column":12},"end":{"line":57,"column":43}},"25":{"start":{"line":58,"column":12},"end":{"line":58,"column":67}},"26":{"start":{"line":61,"column":10},"end":{"line":63,"column":12}},"27":{"start":{"line":67,"column":8},"end":{"line":67,"column":54}},"28":{"start":{"line":70,"column":6},"end":{"line":70,"column":141}},"29":{"start":{"line":73,"column":4},"end":{"line":73,"column":14}},"30":{"start":{"line":75,"column":4},"end":{"line":75,"column":68}},"31":{"start":{"line":76,"column":4},"end":{"line":79,"column":7}},"32":{"start":{"line":85,"column":0},"end":{"line":144,"column":3}},"33":{"start":{"line":86,"column":2},"end":{"line":143,"column":3}},"34":{"start":{"line":87,"column":23},"end":{"line":87,"column":47}},"35":{"start":{"line":88,"column":20},"end":{"line":88,"column":22}},"36":{"start":{"line":89,"column":4},"end":{"line":129,"column":7}},"37":{"start":{"line":90,"column":6},"end":{"line":128,"column":7}},"38":{"start":{"line":91,"column":8},"end":{"line":114,"column":11}},"39":{"start":{"line":92,"column":28},"end":{"line":94,"column":39}},"40":{"start":{"line":95,"column":25},"end":{"line":95,"column":28}},"41":{"start":{"line":96,"column":12},"end":{"line":101,"column":13}},"42":{"start":{"line":97,"column":30},"end":{"line":97,"column":40}},"43":{"start":{"line":98,"column":16},"end":{"line":98,"column":43}},"44":{"start":{"line":99,"column":16},"end":{"line":99,"column":47}},"45":{"start":{"line":100,"column":16},"end":{"line":100,"column":71}},"46":{"start":{"line":102,"column":10},"end":{"line":113,"column":13}},"47":{"start":{"line":116,"column":9},"end":{"line":127,"column":13}},"48":{"start":{"line":130,"column":20},"end":{"line":133,"column":5}},"49":{"start":{"line":134,"column":4},"end":{"line":139,"column":7}},"50":{"start":{"line":135,"column":6},"end":{"line":135,"column":25}},"51":{"start":{"line":135,"column":15},"end":{"line":135,"column":25}},"52":{"start":{"line":136,"column":6},"end":{"line":136,"column":48}},"53":{"start":{"line":137,"column":6},"end":{"line":137,"column":91}},"54":{"start":{"line":138,"column":6},"end":{"line":138,"column":23}},"55":{"start":{"line":141,"column":4},"end":{"line":141,"column":57}},"56":{"start":{"line":142,"column":4},"end":{"line":142,"column":93}},"57":{"start":{"line":146,"column":0},"end":{"line":196,"column":3}},"58":{"start":{"line":147,"column":2},"end":{"line":195,"column":3}},"59":{"start":{"line":148,"column":17},"end":{"line":148,"column":37}},"60":{"start":{"line":150,"column":16},"end":{"line":150,"column":47}},"61":{"start":{"line":151,"column":4},"end":{"line":151,"column":83}},"62":{"start":{"line":152,"column":4},"end":{"line":152,"column":53}},"63":{"start":{"line":153,"column":4},"end":{"line":153,"column":18}},"64":{"start":{"line":156,"column":4},"end":{"line":159,"column":21}},"65":{"start":{"line":161,"column":4},"end":{"line":189,"column":7}},"66":{"start":{"line":163,"column":6},"end":{"line":167,"column":23}},"67":{"start":{"line":169,"column":6},"end":{"line":176,"column":58}},"68":{"start":{"line":179,"column":6},"end":{"line":186,"column":7}},"69":{"start":{"line":180,"column":8},"end":{"line":180,"column":75}},"70":{"start":{"line":181,"column":8},"end":{"line":183,"column":11}},"71":{"start":{"line":182,"column":10},"end":{"line":182,"column":78}},"72":{"start":{"line":185,"column":8},"end":{"line":185,"column":59}},"73":{"start":{"line":188,"column":6},"end":{"line":188,"column":141}},"74":{"start":{"line":191,"column":4},"end":{"line":191,"column":14}},"75":{"start":{"line":193,"column":4},"end":{"line":193,"column":62}},"76":{"start":{"line":194,"column":4},"end":{"line":194,"column":69}},"77":{"start":{"line":198,"column":0},"end":{"line":258,"column":3}},"78":{"start":{"line":199,"column":2},"end":{"line":257,"column":3}},"79":{"start":{"line":200,"column":17},"end":{"line":200,"column":37}},"80":{"start":{"line":201,"column":20},"end":{"line":201,"column":22}},"81":{"start":{"line":203,"column":4},"end":{"line":237,"column":7}},"82":{"start":{"line":204,"column":6},"end":{"line":236,"column":7}},"83":{"start":{"line":206,"column":8},"end":{"line":220,"column":11}},"84":{"start":{"line":207,"column":10},"end":{"line":219,"column":13}},"85":{"start":{"line":223,"column":8},"end":{"line":235,"column":11}},"86":{"start":{"line":239,"column":20},"end":{"line":242,"column":5}},"87":{"start":{"line":244,"column":4},"end":{"line":249,"column":7}},"88":{"start":{"line":245,"column":6},"end":{"line":245,"column":25}},"89":{"start":{"line":245,"column":15},"end":{"line":245,"column":25}},"90":{"start":{"line":246,"column":6},"end":{"line":246,"column":48}},"91":{"start":{"line":247,"column":6},"end":{"line":247,"column":87}},"92":{"start":{"line":248,"column":6},"end":{"line":248,"column":23}},"93":{"start":{"line":252,"column":4},"end":{"line":252,"column":64}},"94":{"start":{"line":253,"column":4},"end":{"line":256,"column":7}},"95":{"start":{"line":260,"column":0},"end":{"line":260,"column":24}}},"fnMap":{"0":{"name":"(anonymous_0)","decl":{"start":{"line":8,"column":46},"end":{"line":8,"column":47}},"loc":{"start":{"line":8,"column":66},"end":{"line":81,"column":1}},"line":8},"1":{"name":"(anonymous_1)","decl":{"start":{"line":23,"column":23},"end":{"line":23,"column":24}},"loc":{"start":{"line":23,"column":39},"end":{"line":71,"column":5}},"line":23},"2":{"name":"(anonymous_2)","decl":{"start":{"line":48,"column":28},"end":{"line":48,"column":29}},"loc":{"start":{"line":48,"column":42},"end":{"line":64,"column":9}},"line":48},"3":{"name":"(anonymous_3)","decl":{"start":{"line":85,"column":46},"end":{"line":85,"column":47}},"loc":{"start":{"line":85,"column":66},"end":{"line":144,"column":1}},"line":85},"4":{"name":"(anonymous_4)","decl":{"start":{"line":89,"column":23},"end":{"line":89,"column":24}},"loc":{"start":{"line":89,"column":36},"end":{"line":129,"column":5}},"line":89},"5":{"name":"(anonymous_5)","decl":{"start":{"line":91,"column":34},"end":{"line":91,"column":35}},"loc":{"start":{"line":91,"column":43},"end":{"line":114,"column":9}},"line":91},"6":{"name":"(anonymous_6)","decl":{"start":{"line":134,"column":59},"end":{"line":134,"column":60}},"loc":{"start":{"line":134,"column":76},"end":{"line":139,"column":5}},"line":134},"7":{"name":"(anonymous_7)","decl":{"start":{"line":146,"column":42},"end":{"line":146,"column":43}},"loc":{"start":{"line":146,"column":62},"end":{"line":196,"column":1}},"line":146},"8":{"name":"(anonymous_8)","decl":{"start":{"line":161,"column":17},"end":{"line":161,"column":18}},"loc":{"start":{"line":161,"column":35},"end":{"line":189,"column":5}},"line":161},"9":{"name":"(anonymous_9)","decl":{"start":{"line":181,"column":40},"end":{"line":181,"column":41}},"loc":{"start":{"line":181,"column":52},"end":{"line":183,"column":9}},"line":181},"10":{"name":"(anonymous_10)","decl":{"start":{"line":198,"column":42},"end":{"line":198,"column":43}},"loc":{"start":{"line":198,"column":62},"end":{"line":258,"column":1}},"line":198},"11":{"name":"(anonymous_11)","decl":{"start":{"line":203,"column":17},"end":{"line":203,"column":18}},"loc":{"start":{"line":203,"column":26},"end":{"line":237,"column":5}},"line":203},"12":{"name":"(anonymous_12)","decl":{"start":{"line":206,"column":40},"end":{"line":206,"column":41}},"loc":{"start":{"line":206,"column":53},"end":{"line":220,"column":9}},"line":206},"13":{"name":"(anonymous_13)","decl":{"start":{"line":244,"column":59},"end":{"line":244,"column":60}},"loc":{"start":{"line":244,"column":76},"end":{"line":249,"column":5}},"line":244}},"branchMap":{"0":{"loc":{"start":{"line":33,"column":24},"end":{"line":33,"column":42}},"type":"binary-expr","locations":[{"start":{"line":33,"column":24},"end":{"line":33,"column":33}},{"start":{"line":33,"column":37},"end":{"line":33,"column":42}}],"line":33},"1":{"loc":{"start":{"line":34,"column":27},"end":{"line":34,"column":42}},"type":"binary-expr","locations":[{"start":{"line":34,"column":27},"end":{"line":34,"column":35}},{"start":{"line":34,"column":39},"end":{"line":34,"column":42}}],"line":34},"2":{"loc":{"start":{"line":34,"column":47},"end":{"line":34,"column":63}},"type":"binary-expr","locations":[{"start":{"line":34,"column":47},"end":{"line":34,"column":56}},{"start":{"line":34,"column":60},"end":{"line":34,"column":63}}],"line":34},"3":{"loc":{"start":{"line":34,"column":67},"end":{"line":34,"column":80}},"type":"binary-expr","locations":[{"start":{"line":34,"column":67},"end":{"line":34,"column":74}},{"start":{"line":34,"column":78},"end":{"line":34,"column":80}}],"line":34},"4":{"loc":{"start":{"line":35,"column":25},"end":{"line":35,"column":71}},"type":"binary-expr","locations":[{"start":{"line":35,"column":25},"end":{"line":35,"column":54}},{"start":{"line":35,"column":58},"end":{"line":35,"column":71}}],"line":35},"5":{"loc":{"start":{"line":35,"column":26},"end":{"line":35,"column":42}},"type":"binary-expr","locations":[{"start":{"line":35,"column":26},"end":{"line":35,"column":36}},{"start":{"line":35,"column":40},"end":{"line":35,"column":42}}],"line":35},"6":{"loc":{"start":{"line":36,"column":31},"end":{"line":36,"column":51}},"type":"binary-expr","locations":[{"start":{"line":36,"column":31},"end":{"line":36,"column":46}},{"start":{"line":36,"column":50},"end":{"line":36,"column":51}}],"line":36},"7":{"loc":{"start":{"line":45,"column":11},"end":{"line":68,"column":7}},"type":"if","locations":[{"start":{"line":45,"column":11},"end":{"line":68,"column":7}},{"start":{"line":66,"column":11},"end":{"line":68,"column":7}}],"line":45},"8":{"loc":{"start":{"line":45,"column":15},"end":{"line":45,"column":52}},"type":"binary-expr","locations":[{"start":{"line":45,"column":15},"end":{"line":45,"column":26}},{"start":{"line":45,"column":30},"end":{"line":45,"column":52}}],"line":45},"9":{"loc":{"start":{"line":49,"column":26},"end":{"line":51,"column":39}},"type":"cond-expr","locations":[{"start":{"line":50,"column":14},"end":{"line":50,"column":38}},{"start":{"line":51,"column":14},"end":{"line":51,"column":39}}],"line":49},"10":{"loc":{"start":{"line":54,"column":10},"end":{"line":59,"column":11}},"type":"if","locations":[{"start":{"line":54,"column":10},"end":{"line":59,"column":11}},{"start":{},"end":{}}],"line":54},"11":{"loc":{"start":{"line":58,"column":21},"end":{"line":58,"column":66}},"type":"cond-expr","locations":[{"start":{"line":58,"column":42},"end":{"line":58,"column":52}},{"start":{"line":58,"column":55},"end":{"line":58,"column":66}}],"line":58},"12":{"loc":{"start":{"line":62,"column":19},"end":{"line":62,"column":53}},"type":"binary-expr","locations":[{"start":{"line":62,"column":19},"end":{"line":62,"column":34}},{"start":{"line":62,"column":38},"end":{"line":62,"column":53}}],"line":62},"13":{"loc":{"start":{"line":62,"column":60},"end":{"line":62,"column":93}},"type":"binary-expr","locations":[{"start":{"line":62,"column":60},"end":{"line":62,"column":75}},{"start":{"line":62,"column":79},"end":{"line":62,"column":93}}],"line":62},"14":{"loc":{"start":{"line":90,"column":6},"end":{"line":128,"column":7}},"type":"if","locations":[{"start":{"line":90,"column":6},"end":{"line":128,"column":7}},{"start":{"line":115,"column":13},"end":{"line":128,"column":7}}],"line":90},"15":{"loc":{"start":{"line":90,"column":10},"end":{"line":90,"column":59}},"type":"binary-expr","locations":[{"start":{"line":90,"column":10},"end":{"line":90,"column":27}},{"start":{"line":90,"column":31},"end":{"line":90,"column":59}}],"line":90},"16":{"loc":{"start":{"line":92,"column":28},"end":{"line":94,"column":39}},"type":"cond-expr","locations":[{"start":{"line":93,"column":14},"end":{"line":93,"column":38}},{"start":{"line":94,"column":14},"end":{"line":94,"column":39}}],"line":92},"17":{"loc":{"start":{"line":96,"column":12},"end":{"line":101,"column":13}},"type":"if","locations":[{"start":{"line":96,"column":12},"end":{"line":101,"column":13}},{"start":{},"end":{}}],"line":96},"18":{"loc":{"start":{"line":100,"column":25},"end":{"line":100,"column":70}},"type":"cond-expr","locations":[{"start":{"line":100,"column":46},"end":{"line":100,"column":56}},{"start":{"line":100,"column":59},"end":{"line":100,"column":70}}],"line":100},"19":{"loc":{"start":{"line":135,"column":6},"end":{"line":135,"column":25}},"type":"if","locations":[{"start":{"line":135,"column":6},"end":{"line":135,"column":25}},{"start":{},"end":{}}],"line":135},"20":{"loc":{"start":{"line":166,"column":31},"end":{"line":166,"column":66}},"type":"binary-expr","locations":[{"start":{"line":166,"column":31},"end":{"line":166,"column":46}},{"start":{"line":166,"column":50},"end":{"line":166,"column":66}}],"line":166},"21":{"loc":{"start":{"line":172,"column":42},"end":{"line":172,"column":85}},"type":"cond-expr","locations":[{"start":{"line":172,"column":59},"end":{"line":172,"column":80}},{"start":{"line":172,"column":83},"end":{"line":172,"column":85}}],"line":172},"22":{"loc":{"start":{"line":175,"column":32},"end":{"line":175,"column":54}},"type":"binary-expr","locations":[{"start":{"line":175,"column":32},"end":{"line":175,"column":45}},{"start":{"line":175,"column":49},"end":{"line":175,"column":54}}],"line":175},"23":{"loc":{"start":{"line":179,"column":6},"end":{"line":186,"column":7}},"type":"if","locations":[{"start":{"line":179,"column":6},"end":{"line":186,"column":7}},{"start":{"line":184,"column":13},"end":{"line":186,"column":7}}],"line":179},"24":{"loc":{"start":{"line":179,"column":10},"end":{"line":179,"column":71}},"type":"binary-expr","locations":[{"start":{"line":179,"column":10},"end":{"line":179,"column":33}},{"start":{"line":179,"column":37},"end":{"line":179,"column":71}}],"line":179},"25":{"loc":{"start":{"line":204,"column":6},"end":{"line":236,"column":7}},"type":"if","locations":[{"start":{"line":204,"column":6},"end":{"line":236,"column":7}},{"start":{"line":221,"column":13},"end":{"line":236,"column":7}}],"line":204},"26":{"loc":{"start":{"line":204,"column":10},"end":{"line":204,"column":71}},"type":"binary-expr","locations":[{"start":{"line":204,"column":10},"end":{"line":204,"column":33}},{"start":{"line":204,"column":37},"end":{"line":204,"column":71}}],"line":204},"27":{"loc":{"start":{"line":208,"column":26},"end":{"line":208,"column":61}},"type":"binary-expr","locations":[{"start":{"line":208,"column":26},"end":{"line":208,"column":41}},{"start":{"line":208,"column":45},"end":{"line":208,"column":61}}],"line":208},"28":{"loc":{"start":{"line":209,"column":23},"end":{"line":209,"column":42}},"type":"binary-expr","locations":[{"start":{"line":209,"column":23},"end":{"line":209,"column":36}},{"start":{"line":209,"column":40},"end":{"line":209,"column":42}}],"line":209},"29":{"loc":{"start":{"line":210,"column":25},"end":{"line":210,"column":45}},"type":"binary-expr","locations":[{"start":{"line":210,"column":25},"end":{"line":210,"column":39}},{"start":{"line":210,"column":43},"end":{"line":210,"column":45}}],"line":210},"30":{"loc":{"start":{"line":211,"column":20},"end":{"line":211,"column":36}},"type":"binary-expr","locations":[{"start":{"line":211,"column":20},"end":{"line":211,"column":30}},{"start":{"line":211,"column":34},"end":{"line":211,"column":36}}],"line":211},"31":{"loc":{"start":{"line":212,"column":21},"end":{"line":212,"column":38}},"type":"binary-expr","locations":[{"start":{"line":212,"column":21},"end":{"line":212,"column":32}},{"start":{"line":212,"column":36},"end":{"line":212,"column":38}}],"line":212},"32":{"loc":{"start":{"line":213,"column":19},"end":{"line":213,"column":34}},"type":"binary-expr","locations":[{"start":{"line":213,"column":19},"end":{"line":213,"column":28}},{"start":{"line":213,"column":32},"end":{"line":213,"column":34}}],"line":213},"33":{"loc":{"start":{"line":214,"column":27},"end":{"line":214,"column":51}},"type":"binary-expr","locations":[{"start":{"line":214,"column":27},"end":{"line":214,"column":45}},{"start":{"line":214,"column":49},"end":{"line":214,"column":51}}],"line":214},"34":{"loc":{"start":{"line":215,"column":29},"end":{"line":215,"column":51}},"type":"binary-expr","locations":[{"start":{"line":215,"column":29},"end":{"line":215,"column":42}},{"start":{"line":215,"column":46},"end":{"line":215,"column":51}}],"line":215},"35":{"loc":{"start":{"line":216,"column":31},"end":{"line":216,"column":57}},"type":"binary-expr","locations":[{"start":{"line":216,"column":31},"end":{"line":216,"column":51}},{"start":{"line":216,"column":55},"end":{"line":216,"column":57}}],"line":216},"36":{"loc":{"start":{"line":217,"column":30},"end":{"line":217,"column":59}},"type":"binary-expr","locations":[{"start":{"line":217,"column":30},"end":{"line":217,"column":53}},{"start":{"line":217,"column":57},"end":{"line":217,"column":59}}],"line":217},"37":{"loc":{"start":{"line":218,"column":30},"end":{"line":218,"column":59}},"type":"binary-expr","locations":[{"start":{"line":218,"column":30},"end":{"line":218,"column":53}},{"start":{"line":218,"column":57},"end":{"line":218,"column":59}}],"line":218},"38":{"loc":{"start":{"line":224,"column":24},"end":{"line":224,"column":59}},"type":"binary-expr","locations":[{"start":{"line":224,"column":24},"end":{"line":224,"column":39}},{"start":{"line":224,"column":43},"end":{"line":224,"column":59}}],"line":224},"39":{"loc":{"start":{"line":225,"column":21},"end":{"line":225,"column":40}},"type":"binary-expr","locations":[{"start":{"line":225,"column":21},"end":{"line":225,"column":34}},{"start":{"line":225,"column":38},"end":{"line":225,"column":40}}],"line":225},"40":{"loc":{"start":{"line":226,"column":23},"end":{"line":226,"column":43}},"type":"binary-expr","locations":[{"start":{"line":226,"column":23},"end":{"line":226,"column":37}},{"start":{"line":226,"column":41},"end":{"line":226,"column":43}}],"line":226},"41":{"loc":{"start":{"line":227,"column":18},"end":{"line":227,"column":34}},"type":"binary-expr","locations":[{"start":{"line":227,"column":18},"end":{"line":227,"column":28}},{"start":{"line":227,"column":32},"end":{"line":227,"column":34}}],"line":227},"42":{"loc":{"start":{"line":228,"column":19},"end":{"line":228,"column":36}},"type":"binary-expr","locations":[{"start":{"line":228,"column":19},"end":{"line":228,"column":30}},{"start":{"line":228,"column":34},"end":{"line":228,"column":36}}],"line":228},"43":{"loc":{"start":{"line":229,"column":17},"end":{"line":229,"column":32}},"type":"binary-expr","locations":[{"start":{"line":229,"column":17},"end":{"line":229,"column":26}},{"start":{"line":229,"column":30},"end":{"line":229,"column":32}}],"line":229},"44":{"loc":{"start":{"line":230,"column":25},"end":{"line":230,"column":49}},"type":"binary-expr","locations":[{"start":{"line":230,"column":25},"end":{"line":230,"column":43}},{"start":{"line":230,"column":47},"end":{"line":230,"column":49}}],"line":230},"45":{"loc":{"start":{"line":231,"column":27},"end":{"line":231,"column":49}},"type":"binary-expr","locations":[{"start":{"line":231,"column":27},"end":{"line":231,"column":40}},{"start":{"line":231,"column":44},"end":{"line":231,"column":49}}],"line":231},"46":{"loc":{"start":{"line":232,"column":29},"end":{"line":232,"column":55}},"type":"binary-expr","locations":[{"start":{"line":232,"column":29},"end":{"line":232,"column":49}},{"start":{"line":232,"column":53},"end":{"line":232,"column":55}}],"line":232},"47":{"loc":{"start":{"line":245,"column":6},"end":{"line":245,"column":25}},"type":"if","locations":[{"start":{"line":245,"column":6},"end":{"line":245,"column":25}},{"start":{},"end":{}}],"line":245}},"s":{"0":5,"1":5,"2":5,"3":5,"4":5,"5":5,"6":5,"7":5,"8":4,"9":4,"10":4,"11":4,"12":4,"13":4,"14":3,"15":3,"16":3,"17":2,"18":2,"19":5,"20":5,"21":5,"22":3,"23":3,"24":3,"25":3,"26":5,"27":1,"28":3,"29":4,"30":1,"31":1,"32":5,"33":5,"34":5,"35":4,"36":4,"37":3,"38":2,"39":4,"40":4,"41":4,"42":3,"43":3,"44":3,"45":3,"46":4,"47":1,"48":4,"49":4,"50":4,"51":1,"52":3,"53":3,"54":3,"55":2,"56":2,"57":5,"58":5,"59":5,"60":4,"61":4,"62":4,"63":4,"64":4,"65":4,"66":3,"67":3,"68":3,"69":2,"70":2,"71":2,"72":1,"73":3,"74":4,"75":1,"76":1,"77":5,"78":6,"79":6,"80":5,"81":5,"82":3,"83":1,"84":1,"85":2,"86":5,"87":5,"88":5,"89":1,"90":4,"91":4,"92":4,"93":2,"94":2,"95":5},"f":{"0":5,"1":3,"2":5,"3":5,"4":3,"5":4,"6":4,"7":5,"8":3,"9":2,"10":6,"11":3,"12":1,"13":5},"b":{"0":[3,3],"1":[3,0],"2":[3,0],"3":[3,0],"4":[3,0],"5":[3,0],"6":[3,1],"7":[2,1],"8":[3,3],"9":[1,4],"10":[3,2],"11":[2,1],"12":[5,1],"13":[5,1],"14":[2,1],"15":[3,3],"16":[1,3],"17":[3,1],"18":[1,2],"19":[1,3],"20":[3,0],"21":[1,2],"22":[3,0],"23":[2,1],"24":[3,3],"25":[1,2],"26":[3,3],"27":[1,0],"28":[1,0],"29":[1,1],"30":[1,0],"31":[1,0],"32":[1,0],"33":[1,0],"34":[1,0],"35":[1,0],"36":[1,0],"37":[1,0],"38":[2,0],"39":[2,0],"40":[2,2],"41":[2,0],"42":[2,0],"43":[2,0],"44":[2,0],"45":[2,0],"46":[2,0],"47":[1,4]},"_coverageSchema":"1a1c01bbd47fc00a2c39e90264f33305004495a9","hash":"bed706079f1018657748e245fc2436caf280392b"}
,"/Users/sakinanagarwala/COSC-4353/backend/routes/statesRoutes.js": {"path":"/Users/sakinanagarwala/COSC-4353/backend/routes/statesRoutes.js","statementMap":{"0":{"start":{"line":70,"column":16},"end":{"line":70,"column":34}},"1":{"start":{"line":71,"column":15},"end":{"line":71,"column":31}},"2":{"start":{"line":72,"column":15},"end":{"line":72,"column":37}},"3":{"start":{"line":76,"column":23},"end":{"line":127,"column":1}},"4":{"start":{"line":130,"column":0},"end":{"line":143,"column":3}},"5":{"start":{"line":131,"column":2},"end":{"line":142,"column":3}},"6":{"start":{"line":132,"column":21},"end":{"line":132,"column":72}},"7":{"start":{"line":133,"column":19},"end":{"line":133,"column":21}},"8":{"start":{"line":134,"column":4},"end":{"line":136,"column":7}},"9":{"start":{"line":135,"column":6},"end":{"line":135,"column":49}},"10":{"start":{"line":137,"column":4},"end":{"line":137,"column":25}},"11":{"start":{"line":139,"column":4},"end":{"line":139,"column":71}},"12":{"start":{"line":141,"column":4},"end":{"line":141,"column":41}},"13":{"start":{"line":146,"column":0},"end":{"line":167,"column":3}},"14":{"start":{"line":147,"column":2},"end":{"line":166,"column":3}},"15":{"start":{"line":148,"column":19},"end":{"line":148,"column":36}},"16":{"start":{"line":149,"column":21},"end":{"line":152,"column":12}},"17":{"start":{"line":153,"column":19},"end":{"line":153,"column":21}},"18":{"start":{"line":154,"column":4},"end":{"line":156,"column":7}},"19":{"start":{"line":155,"column":6},"end":{"line":155,"column":49}},"20":{"start":{"line":157,"column":4},"end":{"line":157,"column":25}},"21":{"start":{"line":159,"column":4},"end":{"line":159,"column":99}},"22":{"start":{"line":161,"column":19},"end":{"line":161,"column":36}},"23":{"start":{"line":162,"column":27},"end":{"line":164,"column":5}},"24":{"start":{"line":163,"column":15},"end":{"line":163,"column":66}},"25":{"start":{"line":165,"column":4},"end":{"line":165,"column":41}},"26":{"start":{"line":170,"column":0},"end":{"line":200,"column":3}},"27":{"start":{"line":171,"column":2},"end":{"line":199,"column":3}},"28":{"start":{"line":172,"column":17},"end":{"line":172,"column":46}},"29":{"start":{"line":173,"column":16},"end":{"line":173,"column":61}},"30":{"start":{"line":174,"column":4},"end":{"line":186,"column":5}},"31":{"start":{"line":175,"column":6},"end":{"line":175,"column":46}},"32":{"start":{"line":178,"column":28},"end":{"line":180,"column":7}},"33":{"start":{"line":179,"column":17},"end":{"line":179,"column":62}},"34":{"start":{"line":181,"column":6},"end":{"line":185,"column":7}},"35":{"start":{"line":182,"column":8},"end":{"line":182,"column":32}},"36":{"start":{"line":184,"column":8},"end":{"line":184,"column":61}},"37":{"start":{"line":188,"column":4},"end":{"line":188,"column":95}},"38":{"start":{"line":190,"column":17},"end":{"line":190,"column":46}},"39":{"start":{"line":191,"column":26},"end":{"line":193,"column":5}},"40":{"start":{"line":192,"column":15},"end":{"line":192,"column":60}},"41":{"start":{"line":194,"column":4},"end":{"line":198,"column":5}},"42":{"start":{"line":195,"column":6},"end":{"line":195,"column":30}},"43":{"start":{"line":197,"column":6},"end":{"line":197,"column":59}},"44":{"start":{"line":202,"column":0},"end":{"line":202,"column":24}}},"fnMap":{"0":{"name":"(anonymous_0)","decl":{"start":{"line":130,"column":19},"end":{"line":130,"column":20}},"loc":{"start":{"line":130,"column":39},"end":{"line":143,"column":1}},"line":130},"1":{"name":"(anonymous_1)","decl":{"start":{"line":134,"column":21},"end":{"line":134,"column":22}},"loc":{"start":{"line":134,"column":28},"end":{"line":136,"column":5}},"line":134},"2":{"name":"(anonymous_2)","decl":{"start":{"line":146,"column":30},"end":{"line":146,"column":31}},"loc":{"start":{"line":146,"column":50},"end":{"line":167,"column":1}},"line":146},"3":{"name":"(anonymous_3)","decl":{"start":{"line":154,"column":21},"end":{"line":154,"column":22}},"loc":{"start":{"line":154,"column":28},"end":{"line":156,"column":5}},"line":154},"4":{"name":"(anonymous_4)","decl":{"start":{"line":163,"column":6},"end":{"line":163,"column":7}},"loc":{"start":{"line":163,"column":15},"end":{"line":163,"column":66}},"line":163},"5":{"name":"(anonymous_5)","decl":{"start":{"line":170,"column":21},"end":{"line":170,"column":22}},"loc":{"start":{"line":170,"column":41},"end":{"line":200,"column":1}},"line":170},"6":{"name":"(anonymous_6)","decl":{"start":{"line":179,"column":8},"end":{"line":179,"column":9}},"loc":{"start":{"line":179,"column":17},"end":{"line":179,"column":62}},"line":179},"7":{"name":"(anonymous_7)","decl":{"start":{"line":192,"column":6},"end":{"line":192,"column":7}},"loc":{"start":{"line":192,"column":15},"end":{"line":192,"column":60}},"line":192}},"branchMap":{"0":{"loc":{"start":{"line":174,"column":4},"end":{"line":186,"column":5}},"type":"if","locations":[{"start":{"line":174,"column":4},"end":{"line":186,"column":5}},{"start":{"line":176,"column":11},"end":{"line":186,"column":5}}],"line":174},"1":{"loc":{"start":{"line":181,"column":6},"end":{"line":185,"column":7}},"type":"if","locations":[{"start":{"line":181,"column":6},"end":{"line":185,"column":7}},{"start":{"line":183,"column":13},"end":{"line":185,"column":7}}],"line":181},"2":{"loc":{"start":{"line":194,"column":4},"end":{"line":198,"column":5}},"type":"if","locations":[{"start":{"line":194,"column":4},"end":{"line":198,"column":5}},{"start":{"line":196,"column":11},"end":{"line":198,"column":5}}],"line":194}},"s":{"0":4,"1":4,"2":4,"3":4,"4":4,"5":2,"6":2,"7":1,"8":1,"9":5,"10":1,"11":1,"12":1,"13":4,"14":27,"15":27,"16":27,"17":8,"18":8,"19":11,"20":8,"21":19,"22":19,"23":19,"24":950,"25":19,"26":4,"27":49,"28":49,"29":49,"30":19,"31":11,"32":8,"33":386,"34":8,"35":2,"36":6,"37":30,"38":30,"39":30,"40":1053,"41":30,"42":17,"43":13,"44":4},"f":{"0":2,"1":5,"2":27,"3":11,"4":950,"5":49,"6":386,"7":1053},"b":{"0":[11,8],"1":[2,6],"2":[17,13]},"_coverageSchema":"1a1c01bbd47fc00a2c39e90264f33305004495a9","hash":"c7e2ac5b52b5405b4f93b11940b9972ad8d04e50"}
,"/Users/sakinanagarwala/COSC-4353/backend/routes/volunteerMatchingRoutes.js": {"path":"/Users/sakinanagarwala/COSC-4353/backend/routes/volunteerMatchingRoutes.js","statementMap":{"0":{"start":{"line":610,"column":16},"end":{"line":610,"column":34}},"1":{"start":{"line":611,"column":15},"end":{"line":611,"column":31}},"2":{"start":{"line":612,"column":15},"end":{"line":612,"column":37}},"3":{"start":{"line":613,"column":28},"end":{"line":613,"column":67}},"4":{"start":{"line":614,"column":31},"end":{"line":614,"column":73}},"5":{"start":{"line":615,"column":14},"end":{"line":615,"column":39}},"6":{"start":{"line":618,"column":0},"end":{"line":681,"column":3}},"7":{"start":{"line":619,"column":2},"end":{"line":680,"column":3}},"8":{"start":{"line":620,"column":21},"end":{"line":620,"column":56}},"9":{"start":{"line":621,"column":19},"end":{"line":621,"column":21}},"10":{"start":{"line":623,"column":18},"end":{"line":623,"column":28}},"11":{"start":{"line":624,"column":4},"end":{"line":624,"column":31}},"12":{"start":{"line":627,"column":4},"end":{"line":647,"column":7}},"13":{"start":{"line":628,"column":20},"end":{"line":628,"column":30}},"14":{"start":{"line":631,"column":6},"end":{"line":640,"column":7}},"15":{"start":{"line":632,"column":30},"end":{"line":636,"column":10}},"16":{"start":{"line":633,"column":28},"end":{"line":633,"column":45}},"17":{"start":{"line":634,"column":10},"end":{"line":634,"column":41}},"18":{"start":{"line":635,"column":10},"end":{"line":635,"column":36}},"19":{"start":{"line":637,"column":8},"end":{"line":639,"column":9}},"20":{"start":{"line":638,"column":10},"end":{"line":638,"column":17}},"21":{"start":{"line":642,"column":6},"end":{"line":646,"column":9}},"22":{"start":{"line":650,"column":25},"end":{"line":652,"column":6}},"23":{"start":{"line":651,"column":6},"end":{"line":651,"column":55}},"24":{"start":{"line":654,"column":28},"end":{"line":667,"column":7}},"25":{"start":{"line":654,"column":55},"end":{"line":667,"column":5}},"26":{"start":{"line":669,"column":4},"end":{"line":672,"column":7}},"27":{"start":{"line":674,"column":4},"end":{"line":674,"column":51}},"28":{"start":{"line":675,"column":4},"end":{"line":679,"column":7}},"29":{"start":{"line":684,"column":0},"end":{"line":809,"column":3}},"30":{"start":{"line":685,"column":2},"end":{"line":808,"column":3}},"31":{"start":{"line":686,"column":24},"end":{"line":686,"column":34}},"32":{"start":{"line":687,"column":4},"end":{"line":687,"column":64}},"33":{"start":{"line":690,"column":21},"end":{"line":690,"column":69}},"34":{"start":{"line":691,"column":4},"end":{"line":697,"column":5}},"35":{"start":{"line":692,"column":6},"end":{"line":692,"column":39}},"36":{"start":{"line":693,"column":6},"end":{"line":696,"column":9}},"37":{"start":{"line":698,"column":26},"end":{"line":698,"column":41}},"38":{"start":{"line":699,"column":4},"end":{"line":703,"column":7}},"39":{"start":{"line":705,"column":4},"end":{"line":705,"column":32}},"40":{"start":{"line":708,"column":28},"end":{"line":710,"column":12}},"41":{"start":{"line":711,"column":32},"end":{"line":711,"column":87}},"42":{"start":{"line":711,"column":64},"end":{"line":711,"column":86}},"43":{"start":{"line":713,"column":4},"end":{"line":713,"column":71}},"44":{"start":{"line":716,"column":31},"end":{"line":718,"column":12}},"45":{"start":{"line":719,"column":23},"end":{"line":722,"column":7}},"46":{"start":{"line":719,"column":59},"end":{"line":722,"column":5}},"47":{"start":{"line":723,"column":4},"end":{"line":723,"column":63}},"48":{"start":{"line":727,"column":4},"end":{"line":727,"column":57}},"49":{"start":{"line":728,"column":4},"end":{"line":728,"column":51}},"50":{"start":{"line":729,"column":4},"end":{"line":729,"column":55}},"51":{"start":{"line":730,"column":4},"end":{"line":730,"column":67}},"52":{"start":{"line":732,"column":31},"end":{"line":769,"column":6}},"53":{"start":{"line":734,"column":6},"end":{"line":734,"column":79}},"54":{"start":{"line":735,"column":6},"end":{"line":735,"column":53}},"55":{"start":{"line":736,"column":6},"end":{"line":736,"column":57}},"56":{"start":{"line":737,"column":6},"end":{"line":737,"column":69}},"57":{"start":{"line":739,"column":6},"end":{"line":739,"column":82}},"58":{"start":{"line":741,"column":6},"end":{"line":746,"column":7}},"59":{"start":{"line":744,"column":8},"end":{"line":744,"column":77}},"60":{"start":{"line":745,"column":8},"end":{"line":745,"column":21}},"61":{"start":{"line":749,"column":24},"end":{"line":750,"column":62}},"62":{"start":{"line":753,"column":31},"end":{"line":757,"column":7}},"63":{"start":{"line":754,"column":8},"end":{"line":756,"column":9}},"64":{"start":{"line":755,"column":10},"end":{"line":755,"column":72}},"65":{"start":{"line":761,"column":30},"end":{"line":766,"column":10}},"66":{"start":{"line":764,"column":10},"end":{"line":765,"column":60}},"67":{"start":{"line":768,"column":6},"end":{"line":768,"column":62}},"68":{"start":{"line":772,"column":32},"end":{"line":785,"column":7}},"69":{"start":{"line":772,"column":69},"end":{"line":785,"column":5}},"70":{"start":{"line":781,"column":8},"end":{"line":783,"column":9}},"71":{"start":{"line":782,"column":10},"end":{"line":782,"column":72}},"72":{"start":{"line":787,"column":4},"end":{"line":800,"column":7}},"73":{"start":{"line":802,"column":4},"end":{"line":802,"column":64}},"74":{"start":{"line":803,"column":4},"end":{"line":807,"column":7}},"75":{"start":{"line":812,"column":0},"end":{"line":978,"column":7}},"76":{"start":{"line":813,"column":17},"end":{"line":813,"column":21}},"77":{"start":{"line":815,"column":2},"end":{"line":977,"column":7}},"78":{"start":{"line":816,"column":37},"end":{"line":816,"column":45}},"79":{"start":{"line":819,"column":4},"end":{"line":824,"column":5}},"80":{"start":{"line":820,"column":6},"end":{"line":823,"column":9}},"81":{"start":{"line":827,"column":37},"end":{"line":830,"column":6}},"82":{"start":{"line":833,"column":4},"end":{"line":839,"column":5}},"83":{"start":{"line":840,"column":22},"end":{"line":840,"column":41}},"84":{"start":{"line":841,"column":4},"end":{"line":841,"column":32}},"85":{"start":{"line":844,"column":4},"end":{"line":849,"column":5}},"86":{"start":{"line":850,"column":18},"end":{"line":850,"column":33}},"87":{"start":{"line":851,"column":4},"end":{"line":851,"column":24}},"88":{"start":{"line":854,"column":26},"end":{"line":858,"column":12}},"89":{"start":{"line":860,"column":4},"end":{"line":865,"column":5}},"90":{"start":{"line":861,"column":6},"end":{"line":864,"column":9}},"91":{"start":{"line":868,"column":22},"end":{"line":868,"column":79}},"92":{"start":{"line":869,"column":29},"end":{"line":873,"column":7}},"93":{"start":{"line":870,"column":6},"end":{"line":872,"column":9}},"94":{"start":{"line":871,"column":8},"end":{"line":871,"column":70}},"95":{"start":{"line":875,"column":4},"end":{"line":882,"column":5}},"96":{"start":{"line":885,"column":19},"end":{"line":897,"column":3}},"97":{"start":{"line":891,"column":6},"end":{"line":893,"column":9}},"98":{"start":{"line":892,"column":8},"end":{"line":892,"column":70}},"99":{"start":{"line":900,"column":4},"end":{"line":900,"column":60}},"100":{"start":{"line":901,"column":20},"end":{"line":901,"column":31}},"101":{"start":{"line":904,"column":4},"end":{"line":927,"column":5}},"102":{"start":{"line":905,"column":27},"end":{"line":918,"column":7}},"103":{"start":{"line":920,"column":6},"end":{"line":922,"column":9}},"104":{"start":{"line":930,"column":8},"end":{"line":943,"column":9}},"105":{"start":{"line":931,"column":10},"end":{"line":940,"column":13}},"106":{"start":{"line":942,"column":10},"end":{"line":942,"column":60}},"107":{"start":{"line":945,"column":8},"end":{"line":967,"column":11}},"108":{"start":{"line":970,"column":8},"end":{"line":970,"column":55}},"109":{"start":{"line":971,"column":8},"end":{"line":976,"column":11}},"110":{"start":{"line":981,"column":0},"end":{"line":1036,"column":3}},"111":{"start":{"line":982,"column":2},"end":{"line":1035,"column":3}},"112":{"start":{"line":983,"column":21},"end":{"line":983,"column":57}},"113":{"start":{"line":984,"column":20},"end":{"line":987,"column":7}},"114":{"start":{"line":984,"column":46},"end":{"line":987,"column":5}},"115":{"start":{"line":990,"column":29},"end":{"line":1022,"column":7}},"116":{"start":{"line":991,"column":39},"end":{"line":994,"column":8}},"117":{"start":{"line":996,"column":24},"end":{"line":996,"column":72}},"118":{"start":{"line":997,"column":20},"end":{"line":997,"column":60}},"119":{"start":{"line":999,"column":6},"end":{"line":1021,"column":8}},"120":{"start":{"line":1024,"column":4},"end":{"line":1027,"column":7}},"121":{"start":{"line":1029,"column":4},"end":{"line":1029,"column":52}},"122":{"start":{"line":1030,"column":4},"end":{"line":1034,"column":7}},"123":{"start":{"line":1039,"column":0},"end":{"line":1124,"column":3}},"124":{"start":{"line":1040,"column":2},"end":{"line":1123,"column":3}},"125":{"start":{"line":1041,"column":24},"end":{"line":1041,"column":34}},"126":{"start":{"line":1042,"column":21},"end":{"line":1042,"column":70}},"127":{"start":{"line":1044,"column":4},"end":{"line":1050,"column":5}},"128":{"start":{"line":1045,"column":6},"end":{"line":1045,"column":65}},"129":{"start":{"line":1046,"column":6},"end":{"line":1049,"column":9}},"130":{"start":{"line":1052,"column":18},"end":{"line":1052,"column":33}},"131":{"start":{"line":1053,"column":48},"end":{"line":1053,"column":53}},"132":{"start":{"line":1055,"column":4},"end":{"line":1055,"column":69}},"133":{"start":{"line":1056,"column":4},"end":{"line":1056,"column":176}},"134":{"start":{"line":1059,"column":4},"end":{"line":1059,"column":57}},"135":{"start":{"line":1060,"column":4},"end":{"line":1060,"column":88}},"136":{"start":{"line":1063,"column":25},"end":{"line":1063,"column":64}},"137":{"start":{"line":1064,"column":25},"end":{"line":1064,"column":49}},"138":{"start":{"line":1066,"column":4},"end":{"line":1098,"column":5}},"139":{"start":{"line":1067,"column":24},"end":{"line":1067,"column":43}},"140":{"start":{"line":1068,"column":6},"end":{"line":1094,"column":7}},"141":{"start":{"line":1069,"column":31},"end":{"line":1069,"column":48}},"142":{"start":{"line":1070,"column":8},"end":{"line":1070,"column":130}},"143":{"start":{"line":1071,"column":8},"end":{"line":1071,"column":97}},"144":{"start":{"line":1073,"column":31},"end":{"line":1077,"column":10}},"145":{"start":{"line":1075,"column":10},"end":{"line":1075,"column":163}},"146":{"start":{"line":1076,"column":10},"end":{"line":1076,"column":39}},"147":{"start":{"line":1079,"column":8},"end":{"line":1079,"column":129}},"148":{"start":{"line":1083,"column":8},"end":{"line":1090,"column":9}},"149":{"start":{"line":1089,"column":12},"end":{"line":1089,"column":161}},"150":{"start":{"line":1093,"column":10},"end":{"line":1093,"column":103}},"151":{"start":{"line":1097,"column":8},"end":{"line":1097,"column":98}},"152":{"start":{"line":1101,"column":4},"end":{"line":1108,"column":7}},"153":{"start":{"line":1109,"column":4},"end":{"line":1109,"column":74}},"154":{"start":{"line":1111,"column":4},"end":{"line":1115,"column":7}},"155":{"start":{"line":1117,"column":4},"end":{"line":1117,"column":58}},"156":{"start":{"line":1118,"column":4},"end":{"line":1122,"column":7}},"157":{"start":{"line":1127,"column":0},"end":{"line":1204,"column":3}},"158":{"start":{"line":1128,"column":2},"end":{"line":1203,"column":3}},"159":{"start":{"line":1129,"column":28},"end":{"line":1129,"column":38}},"160":{"start":{"line":1130,"column":25},"end":{"line":1130,"column":76}},"161":{"start":{"line":1132,"column":4},"end":{"line":1137,"column":5}},"162":{"start":{"line":1133,"column":6},"end":{"line":1136,"column":9}},"163":{"start":{"line":1139,"column":22},"end":{"line":1139,"column":41}},"164":{"start":{"line":1140,"column":20},"end":{"line":1140,"column":43}},"165":{"start":{"line":1143,"column":25},"end":{"line":1190,"column":7}},"166":{"start":{"line":1144,"column":25},"end":{"line":1144,"column":27}},"167":{"start":{"line":1145,"column":6},"end":{"line":1152,"column":7}},"168":{"start":{"line":1146,"column":25},"end":{"line":1146,"column":75}},"169":{"start":{"line":1147,"column":8},"end":{"line":1149,"column":9}},"170":{"start":{"line":1148,"column":10},"end":{"line":1148,"column":41}},"171":{"start":{"line":1151,"column":8},"end":{"line":1151,"column":67}},"172":{"start":{"line":1155,"column":32},"end":{"line":1155,"column":70}},"173":{"start":{"line":1156,"column":6},"end":{"line":1173,"column":7}},"174":{"start":{"line":1157,"column":22},"end":{"line":1157,"column":32}},"175":{"start":{"line":1158,"column":8},"end":{"line":1158,"column":35}},"176":{"start":{"line":1159,"column":27},"end":{"line":1159,"column":80}},"177":{"start":{"line":1159,"column":65},"end":{"line":1159,"column":79}},"178":{"start":{"line":1161,"column":30},"end":{"line":1164,"column":10}},"179":{"start":{"line":1162,"column":10},"end":{"line":1162,"column":36}},"180":{"start":{"line":1163,"column":10},"end":{"line":1163,"column":31}},"181":{"start":{"line":1166,"column":8},"end":{"line":1172,"column":9}},"182":{"start":{"line":1167,"column":10},"end":{"line":1167,"column":42}},"183":{"start":{"line":1171,"column":10},"end":{"line":1171,"column":44}},"184":{"start":{"line":1175,"column":6},"end":{"line":1189,"column":8}},"185":{"start":{"line":1192,"column":4},"end":{"line":1195,"column":7}},"186":{"start":{"line":1197,"column":4},"end":{"line":1197,"column":62}},"187":{"start":{"line":1198,"column":4},"end":{"line":1202,"column":7}},"188":{"start":{"line":1208,"column":22},"end":{"line":1213,"column":3}},"189":{"start":{"line":1214,"column":19},"end":{"line":1214,"column":80}},"190":{"start":{"line":1214,"column":43},"end":{"line":1214,"column":60}},"191":{"start":{"line":1215,"column":2},"end":{"line":1215,"column":31}},"192":{"start":{"line":1218,"column":0},"end":{"line":1218,"column":24}}},"fnMap":{"0":{"name":"(anonymous_0)","decl":{"start":{"line":618,"column":22},"end":{"line":618,"column":23}},"loc":{"start":{"line":618,"column":42},"end":{"line":681,"column":1}},"line":618},"1":{"name":"(anonymous_1)","decl":{"start":{"line":627,"column":21},"end":{"line":627,"column":22}},"loc":{"start":{"line":627,"column":28},"end":{"line":647,"column":5}},"line":627},"2":{"name":"(anonymous_2)","decl":{"start":{"line":632,"column":54},"end":{"line":632,"column":55}},"loc":{"start":{"line":632,"column":65},"end":{"line":636,"column":9}},"line":632},"3":{"name":"(anonymous_3)","decl":{"start":{"line":650,"column":37},"end":{"line":650,"column":38}},"loc":{"start":{"line":650,"column":47},"end":{"line":652,"column":5}},"line":650},"4":{"name":"(anonymous_4)","decl":{"start":{"line":654,"column":45},"end":{"line":654,"column":46}},"loc":{"start":{"line":654,"column":55},"end":{"line":667,"column":5}},"line":654},"5":{"name":"(anonymous_5)","decl":{"start":{"line":684,"column":35},"end":{"line":684,"column":36}},"loc":{"start":{"line":684,"column":55},"end":{"line":809,"column":1}},"line":684},"6":{"name":"(anonymous_6)","decl":{"start":{"line":711,"column":57},"end":{"line":711,"column":58}},"loc":{"start":{"line":711,"column":64},"end":{"line":711,"column":86}},"line":711},"7":{"name":"(anonymous_7)","decl":{"start":{"line":719,"column":51},"end":{"line":719,"column":52}},"loc":{"start":{"line":719,"column":59},"end":{"line":722,"column":5}},"line":719},"8":{"name":"(anonymous_8)","decl":{"start":{"line":732,"column":49},"end":{"line":732,"column":50}},"loc":{"start":{"line":732,"column":62},"end":{"line":769,"column":5}},"line":732},"9":{"name":"(anonymous_9)","decl":{"start":{"line":753,"column":53},"end":{"line":753,"column":54}},"loc":{"start":{"line":754,"column":8},"end":{"line":756,"column":9}},"line":754},"10":{"name":"(anonymous_10)","decl":{"start":{"line":754,"column":42},"end":{"line":754,"column":43}},"loc":{"start":{"line":755,"column":10},"end":{"line":755,"column":72}},"line":755},"11":{"name":"(anonymous_11)","decl":{"start":{"line":763,"column":40},"end":{"line":763,"column":41}},"loc":{"start":{"line":763,"column":53},"end":{"line":766,"column":9}},"line":763},"12":{"name":"(anonymous_12)","decl":{"start":{"line":772,"column":55},"end":{"line":772,"column":56}},"loc":{"start":{"line":772,"column":69},"end":{"line":785,"column":5}},"line":772},"13":{"name":"(anonymous_13)","decl":{"start":{"line":780,"column":54},"end":{"line":780,"column":55}},"loc":{"start":{"line":781,"column":8},"end":{"line":783,"column":9}},"line":781},"14":{"name":"(anonymous_14)","decl":{"start":{"line":781,"column":42},"end":{"line":781,"column":43}},"loc":{"start":{"line":782,"column":10},"end":{"line":782,"column":72}},"line":782},"15":{"name":"(anonymous_15)","decl":{"start":{"line":812,"column":24},"end":{"line":812,"column":25}},"loc":{"start":{"line":812,"column":44},"end":{"line":978,"column":5}},"line":812},"16":{"name":"(anonymous_16)","decl":{"start":{"line":869,"column":59},"end":{"line":869,"column":60}},"loc":{"start":{"line":870,"column":6},"end":{"line":872,"column":9}},"line":870},"17":{"name":"(anonymous_17)","decl":{"start":{"line":870,"column":32},"end":{"line":870,"column":33}},"loc":{"start":{"line":871,"column":8},"end":{"line":871,"column":70}},"line":871},"18":{"name":"(anonymous_18)","decl":{"start":{"line":890,"column":51},"end":{"line":890,"column":52}},"loc":{"start":{"line":891,"column":6},"end":{"line":893,"column":9}},"line":891},"19":{"name":"(anonymous_19)","decl":{"start":{"line":891,"column":32},"end":{"line":891,"column":33}},"loc":{"start":{"line":892,"column":8},"end":{"line":892,"column":70}},"line":892},"20":{"name":"(anonymous_20)","decl":{"start":{"line":981,"column":23},"end":{"line":981,"column":24}},"loc":{"start":{"line":981,"column":43},"end":{"line":1036,"column":1}},"line":981},"21":{"name":"(anonymous_21)","decl":{"start":{"line":984,"column":38},"end":{"line":984,"column":39}},"loc":{"start":{"line":984,"column":46},"end":{"line":987,"column":5}},"line":984},"22":{"name":"(anonymous_22)","decl":{"start":{"line":990,"column":59},"end":{"line":990,"column":60}},"loc":{"start":{"line":990,"column":74},"end":{"line":1022,"column":5}},"line":990},"23":{"name":"(anonymous_23)","decl":{"start":{"line":1039,"column":35},"end":{"line":1039,"column":36}},"loc":{"start":{"line":1039,"column":55},"end":{"line":1124,"column":1}},"line":1039},"24":{"name":"(anonymous_24)","decl":{"start":{"line":1073,"column":53},"end":{"line":1073,"column":54}},"loc":{"start":{"line":1073,"column":62},"end":{"line":1077,"column":9}},"line":1073},"25":{"name":"(anonymous_25)","decl":{"start":{"line":1127,"column":46},"end":{"line":1127,"column":47}},"loc":{"start":{"line":1127,"column":66},"end":{"line":1204,"column":1}},"line":1127},"26":{"name":"(anonymous_26)","decl":{"start":{"line":1143,"column":55},"end":{"line":1143,"column":56}},"loc":{"start":{"line":1143,"column":70},"end":{"line":1190,"column":5}},"line":1143},"27":{"name":"(anonymous_27)","decl":{"start":{"line":1159,"column":57},"end":{"line":1159,"column":58}},"loc":{"start":{"line":1159,"column":65},"end":{"line":1159,"column":79}},"line":1159},"28":{"name":"(anonymous_28)","decl":{"start":{"line":1161,"column":46},"end":{"line":1161,"column":47}},"loc":{"start":{"line":1161,"column":54},"end":{"line":1164,"column":9}},"line":1161},"29":{"name":"getUrgencyName","decl":{"start":{"line":1207,"column":9},"end":{"line":1207,"column":23}},"loc":{"start":{"line":1207,"column":30},"end":{"line":1216,"column":1}},"line":1207},"30":{"name":"(anonymous_30)","decl":{"start":{"line":1214,"column":36},"end":{"line":1214,"column":37}},"loc":{"start":{"line":1214,"column":43},"end":{"line":1214,"column":60}},"line":1214}},"branchMap":{"0":{"loc":{"start":{"line":631,"column":6},"end":{"line":640,"column":7}},"type":"if","locations":[{"start":{"line":631,"column":6},"end":{"line":640,"column":7}},{"start":{},"end":{}}],"line":631},"1":{"loc":{"start":{"line":631,"column":10},"end":{"line":631,"column":65}},"type":"binary-expr","locations":[{"start":{"line":631,"column":10},"end":{"line":631,"column":28}},{"start":{"line":631,"column":32},"end":{"line":631,"column":65}}],"line":631},"2":{"loc":{"start":{"line":637,"column":8},"end":{"line":639,"column":9}},"type":"if","locations":[{"start":{"line":637,"column":8},"end":{"line":639,"column":9}},{"start":{},"end":{}}],"line":637},"3":{"loc":{"start":{"line":661,"column":22},"end":{"line":661,"column":40}},"type":"binary-expr","locations":[{"start":{"line":661,"column":22},"end":{"line":661,"column":34}},{"start":{"line":661,"column":38},"end":{"line":661,"column":40}}],"line":661},"4":{"loc":{"start":{"line":664,"column":12},"end":{"line":665,"column":79}},"type":"cond-expr","locations":[{"start":{"line":665,"column":12},"end":{"line":665,"column":71}},{"start":{"line":665,"column":74},"end":{"line":665,"column":79}}],"line":664},"5":{"loc":{"start":{"line":664,"column":12},"end":{"line":664,"column":55}},"type":"binary-expr","locations":[{"start":{"line":664,"column":12},"end":{"line":664,"column":30}},{"start":{"line":664,"column":34},"end":{"line":664,"column":55}}],"line":664},"6":{"loc":{"start":{"line":666,"column":20},"end":{"line":666,"column":44}},"type":"binary-expr","locations":[{"start":{"line":666,"column":20},"end":{"line":666,"column":38}},{"start":{"line":666,"column":42},"end":{"line":666,"column":44}}],"line":666},"7":{"loc":{"start":{"line":691,"column":4},"end":{"line":697,"column":5}},"type":"if","locations":[{"start":{"line":691,"column":4},"end":{"line":697,"column":5}},{"start":{},"end":{}}],"line":691},"8":{"loc":{"start":{"line":741,"column":6},"end":{"line":746,"column":7}},"type":"if","locations":[{"start":{"line":741,"column":6},"end":{"line":746,"column":7}},{"start":{},"end":{}}],"line":741},"9":{"loc":{"start":{"line":741,"column":10},"end":{"line":743,"column":53}},"type":"binary-expr","locations":[{"start":{"line":741,"column":10},"end":{"line":741,"column":20}},{"start":{"line":741,"column":24},"end":{"line":741,"column":39}},{"start":{"line":741,"column":43},"end":{"line":741,"column":60}},{"start":{"line":742,"column":10},"end":{"line":742,"column":42}},{"start":{"line":743,"column":10},"end":{"line":743,"column":53}}],"line":741},"10":{"loc":{"start":{"line":754,"column":9},"end":{"line":754,"column":35}},"type":"binary-expr","locations":[{"start":{"line":754,"column":9},"end":{"line":754,"column":29}},{"start":{"line":754,"column":33},"end":{"line":754,"column":35}}],"line":754},"11":{"loc":{"start":{"line":761,"column":30},"end":{"line":766,"column":10}},"type":"binary-expr","locations":[{"start":{"line":761,"column":30},"end":{"line":761,"column":57}},{"start":{"line":762,"column":8},"end":{"line":762,"column":47}},{"start":{"line":763,"column":8},"end":{"line":766,"column":10}}],"line":761},"12":{"loc":{"start":{"line":764,"column":17},"end":{"line":765,"column":59}},"type":"binary-expr","locations":[{"start":{"line":764,"column":17},"end":{"line":764,"column":39}},{"start":{"line":765,"column":17},"end":{"line":765,"column":59}}],"line":764},"13":{"loc":{"start":{"line":768,"column":13},"end":{"line":768,"column":61}},"type":"binary-expr","locations":[{"start":{"line":768,"column":13},"end":{"line":768,"column":22}},{"start":{"line":768,"column":26},"end":{"line":768,"column":42}},{"start":{"line":768,"column":46},"end":{"line":768,"column":61}}],"line":768},"14":{"loc":{"start":{"line":777,"column":14},"end":{"line":777,"column":36}},"type":"binary-expr","locations":[{"start":{"line":777,"column":14},"end":{"line":777,"column":30}},{"start":{"line":777,"column":34},"end":{"l
[...]
},"end":{"line":34,"column":21}},{"start":{"line":34,"column":25},"end":{"line":34,"column":27}}],"line":34},"6":{"loc":{"start":{"line":35,"column":13},"end":{"line":35,"column":29}},"type":"binary-expr","locations":[{"start":{"line":35,"column":13},"end":{"line":35,"column":23}},{"start":{"line":35,"column":27},"end":{"line":35,"column":29}}],"line":35},"7":{"loc":{"start":{"line":36,"column":11},"end":{"line":36,"column":25}},"type":"binary-expr","locations":[{"start":{"line":36,"column":11},"end":{"line":36,"column":19}},{"start":{"line":36,"column":23},"end":{"line":36,"column":25}}],"line":36},"8":{"loc":{"start":{"line":37,"column":23},"end":{"line":37,"column":48}},"type":"binary-expr","locations":[{"start":{"line":37,"column":23},"end":{"line":37,"column":42}},{"start":{"line":37,"column":46},"end":{"line":37,"column":48}}],"line":37},"9":{"loc":{"start":{"line":38,"column":21},"end":{"line":38,"column":44}},"type":"binary-expr","locations":[{"start":{"line":38,"column":21},"end":{"line":38,"column":38}},{"start":{"line":38,"column":42},"end":{"line":38,"column":44}}],"line":38},"10":{"loc":{"start":{"line":40,"column":17},"end":{"line":40,"column":71}},"type":"binary-expr","locations":[{"start":{"line":40,"column":17},"end":{"line":40,"column":62}},{"start":{"line":40,"column":66},"end":{"line":40,"column":71}}],"line":40},"11":{"loc":{"start":{"line":41,"column":25},"end":{"line":41,"column":48}},"type":"binary-expr","locations":[{"start":{"line":41,"column":25},"end":{"line":41,"column":42}},{"start":{"line":41,"column":46},"end":{"line":41,"column":48}}],"line":41},"12":{"loc":{"start":{"line":55,"column":9},"end":{"line":55,"column":32}},"type":"binary-expr","locations":[{"start":{"line":55,"column":9},"end":{"line":55,"column":19}},{"start":{"line":55,"column":23},"end":{"line":55,"column":32}}],"line":55},"13":{"loc":{"start":{"line":73,"column":6},"end":{"line":75,"column":7}},"type":"if","locations":[{"start":{"line":73,"column":6},"end":{"line":75,"column":7}},{"start":{},"end":{}}],"line":73},"14":{"loc":{"start":{"line":83,"column":8},"end":{"line":85,"column":9}},"type":"if","locations":[{"start":{"line":83,"column":8},"end":{"line":85,"column":9}},{"start":{},"end":{}}],"line":83},"15":{"loc":{"start":{"line":94,"column":31},"end":{"line":94,"column":74}},"type":"binary-expr","locations":[{"start":{"line":94,"column":31},"end":{"line":94,"column":68}},{"start":{"line":94,"column":72},"end":{"line":94,"column":74}}],"line":94},"16":{"loc":{"start":{"line":98,"column":8},"end":{"line":109,"column":9}},"type":"if","locations":[{"start":{"line":98,"column":8},"end":{"line":109,"column":9}},{"start":{},"end":{}}],"line":98},"17":{"loc":{"start":{"line":101,"column":23},"end":{"line":102,"column":85}},"type":"cond-expr","locations":[{"start":{"line":102,"column":14},"end":{"line":102,"column":77}},{"start":{"line":102,"column":80},"end":{"line":102,"column":85}}],"line":101},"18":{"loc":{"start":{"line":101,"column":23},"end":{"line":101,"column":74}},"type":"binary-expr","locations":[{"start":{"line":101,"column":23},"end":{"line":101,"column":45}},{"start":{"line":101,"column":49},"end":{"line":101,"column":74}}],"line":101},"19":{"loc":{"start":{"line":103,"column":33},"end":{"line":103,"column":63}},"type":"binary-expr","locations":[{"start":{"line":103,"column":33},"end":{"line":103,"column":50}},{"start":{"line":103,"column":54},"end":{"line":103,"column":63}}],"line":103},"20":{"loc":{"start":{"line":104,"column":21},"end":{"line":104,"column":47}},"type":"binary-expr","locations":[{"start":{"line":104,"column":21},"end":{"line":104,"column":38}},{"start":{"line":104,"column":42},"end":{"line":104,"column":47}}],"line":104},"21":{"loc":{"start":{"line":105,"column":18},"end":{"line":105,"column":41}},"type":"binary-expr","locations":[{"start":{"line":105,"column":18},"end":{"line":105,"column":32}},{"start":{"line":105,"column":36},"end":{"line":105,"column":41}}],"line":105},"22":{"loc":{"start":{"line":106,"column":19},"end":{"line":106,"column":43}},"type":"binary-expr","locations":[{"start":{"line":106,"column":19},"end":{"line":106,"column":34}},{"start":{"line":106,"column":38},"end":{"line":106,"column":43}}],"line":106},"23":{"loc":{"start":{"line":107,"column":17},"end":{"line":107,"column":39}},"type":"binary-expr","locations":[{"start":{"line":107,"column":17},"end":{"line":107,"column":30}},{"start":{"line":107,"column":34},"end":{"line":107,"column":39}}],"line":107},"24":{"loc":{"start":{"line":114,"column":15},"end":{"line":114,"column":43}},"type":"binary-expr","locations":[{"start":{"line":114,"column":15},"end":{"line":114,"column":34}},{"start":{"line":114,"column":38},"end":{"line":114,"column":43}}],"line":114},"25":{"loc":{"start":{"line":115,"column":15},"end":{"line":115,"column":43}},"type":"binary-expr","locations":[{"start":{"line":115,"column":15},"end":{"line":115,"column":34}},{"start":{"line":115,"column":38},"end":{"line":115,"column":43}}],"line":115},"26":{"loc":{"start":{"line":116,"column":17},"end":{"line":116,"column":47}},"type":"binary-expr","locations":[{"start":{"line":116,"column":17},"end":{"line":116,"column":38}},{"start":{"line":116,"column":42},"end":{"line":116,"column":47}}],"line":116},"27":{"loc":{"start":{"line":117,"column":14},"end":{"line":117,"column":41}},"type":"binary-expr","locations":[{"start":{"line":117,"column":14},"end":{"line":117,"column":32}},{"start":{"line":117,"column":36},"end":{"line":117,"column":41}}],"line":117},"28":{"loc":{"start":{"line":118,"column":15},"end":{"line":118,"column":43}},"type":"binary-expr","locations":[{"start":{"line":118,"column":15},"end":{"line":118,"column":34}},{"start":{"line":118,"column":38},"end":{"line":118,"column":43}}],"line":118},"29":{"loc":{"start":{"line":119,"column":13},"end":{"line":119,"column":39}},"type":"binary-expr","locations":[{"start":{"line":119,"column":13},"end":{"line":119,"column":30}},{"start":{"line":119,"column":34},"end":{"line":119,"column":39}}],"line":119},"30":{"loc":{"start":{"line":120,"column":16},"end":{"line":120,"column":42}},"type":"binary-expr","locations":[{"start":{"line":120,"column":16},"end":{"line":120,"column":36}},{"start":{"line":120,"column":40},"end":{"line":120,"column":42}}],"line":120}},"s":{"0":6,"1":5,"2":5,"3":5,"4":5,"5":3,"6":3,"7":3,"8":2,"9":3,"10":5,"11":5,"12":7,"13":7,"14":7,"15":5,"16":7,"17":7,"18":7,"19":7,"20":7,"21":6,"22":6,"23":6,"24":5,"25":5,"26":4,"27":5,"28":6,"29":5,"30":6,"31":6,"32":5,"33":5,"34":4,"35":6,"36":6,"37":6,"38":6,"39":6,"40":6,"41":5,"42":5,"43":4,"44":6,"45":6,"46":1,"47":1,"48":6},"f":{"0":5,"1":3,"2":7,"3":7,"4":7,"5":5,"6":5,"7":5,"8":5,"9":6,"10":5},"b":{"0":[2,1],"1":[3,0],"2":[7,1],"3":[7,6],"4":[7,6],"5":[7,6],"6":[7,6],"7":[7,6],"8":[7,6],"9":[7,6],"10":[7,6],"11":[7,5],"12":[7,3],"13":[4,1],"14":[4,1],"15":[6,2],"16":[4,1],"17":[3,1],"18":[4,3],"19":[4,0],"20":[4,0],"21":[4,0],"22":[4,0],"23":[4,0],"24":[6,5],"25":[6,5],"26":[6,5],"27":[6,5],"28":[6,5],"29":[6,5],"30":[6,1]},"_coverageSchema":"1a1c01bbd47fc00a2c39e90264f33305004495a9","hash":"3445bce876b05544b2778e8bddec63d5dd3c2159"}
,"/Users/sakinanagarwala/COSC-4353/backend/utils/validateEvent.js": {"path":"/Users/sakinanagarwala/COSC-4353/backend/utils/validateEvent.js","statementMap":{"0":{"start":{"line":2,"column":19},"end":{"line":2,"column":21}},"1":{"start":{"line":4,"column":4},"end":{"line":4,"column":57}},"2":{"start":{"line":4,"column":19},"end":{"line":4,"column":57}},"3":{"start":{"line":5,"column":4},"end":{"line":5,"column":56}},"4":{"start":{"line":5,"column":19},"end":{"line":5,"column":56}},"5":{"start":{"line":6,"column":4},"end":{"line":6,"column":85}},"6":{"start":{"line":6,"column":51},"end":{"line":6,"column":85}},"7":{"start":{"line":7,"column":4},"end":{"line":7,"column":78}},"8":{"start":{"line":7,"column":47},"end":{"line":7,"column":78}},"9":{"start":{"line":8,"column":4},"end":{"line":8,"column":69}},"10":{"start":{"line":8,"column":41},"end":{"line":8,"column":69}},"11":{"start":{"line":9,"column":4},"end":{"line":9,"column":72}},"12":{"start":{"line":9,"column":43},"end":{"line":9,"column":72}},"13":{"start":{"line":10,"column":4},"end":{"line":10,"column":74}},"14":{"start":{"line":10,"column":42},"end":{"line":10,"column":74}},"15":{"start":{"line":11,"column":4},"end":{"line":11,"column":60}},"16":{"start":{"line":11,"column":23},"end":{"line":11,"column":60}},"17":{"start":{"line":13,"column":4},"end":{"line":15,"column":5}},"18":{"start":{"line":14,"column":6},"end":{"line":14,"column":49}},"19":{"start":{"line":17,"column":4},"end":{"line":17,"column":18}},"20":{"start":{"line":20,"column":0},"end":{"line":20,"column":35}}},"fnMap":{"0":{"name":"validateEvent","decl":{"start":{"line":1,"column":9},"end":{"line":1,"column":22}},"loc":{"start":{"line":1,"column":29},"end":{"line":18,"column":1}},"line":1}},"branchMap":{"0":{"loc":{"start":{"line":4,"column":4},"end":{"line":4,"column":57}},"type":"if","locations":[{"start":{"line":4,"column":4},"end":{"line":4,"column":57}},{"start":{},"end":{}}],"line":4},"1":{"loc":{"start":{"line":5,"column":4},"end":{"line":5,"column":56}},"type":"if","locations":[{"start":{"line":5,"column":4},"end":{"line":5,"column":56}},{"start":{},"end":{}}],"line":5},"2":{"loc":{"start":{"line":6,"column":4},"end":{"line":6,"column":85}},"type":"if","locations":[{"start":{"line":6,"column":4},"end":{"line":6,"column":85}},{"start":{},"end":{}}],"line":6},"3":{"loc":{"start":{"line":6,"column":8},"end":{"line":6,"column":49}},"type":"binary-expr","locations":[{"start":{"line":6,"column":8},"end":{"line":6,"column":23}},{"start":{"line":6,"column":27},"end":{"line":6,"column":49}}],"line":6},"4":{"loc":{"start":{"line":7,"column":4},"end":{"line":7,"column":78}},"type":"if","locations":[{"start":{"line":7,"column":4},"end":{"line":7,"column":78}},{"start":{},"end":{}}],"line":7},"5":{"loc":{"start":{"line":7,"column":8},"end":{"line":7,"column":45}},"type":"binary-expr","locations":[{"start":{"line":7,"column":8},"end":{"line":7,"column":21}},{"start":{"line":7,"column":25},"end":{"line":7,"column":45}}],"line":7},"6":{"loc":{"start":{"line":8,"column":4},"end":{"line":8,"column":69}},"type":"if","locations":[{"start":{"line":8,"column":4},"end":{"line":8,"column":69}},{"start":{},"end":{}}],"line":8},"7":{"loc":{"start":{"line":8,"column":8},"end":{"line":8,"column":39}},"type":"binary-expr","locations":[{"start":{"line":8,"column":8},"end":{"line":8,"column":18}},{"start":{"line":8,"column":22},"end":{"line":8,"column":39}}],"line":8},"8":{"loc":{"start":{"line":9,"column":4},"end":{"line":9,"column":72}},"type":"if","locations":[{"start":{"line":9,"column":4},"end":{"line":9,"column":72}},{"start":{},"end":{}}],"line":9},"9":{"loc":{"start":{"line":9,"column":8},"end":{"line":9,"column":41}},"type":"binary-expr","locations":[{"start":{"line":9,"column":8},"end":{"line":9,"column":19}},{"start":{"line":9,"column":23},"end":{"line":9,"column":41}}],"line":9},"10":{"loc":{"start":{"line":10,"column":4},"end":{"line":10,"column":74}},"type":"if","locations":[{"start":{"line":10,"column":4},"end":{"line":10,"column":74}},{"start":{},"end":{}}],"line":10},"11":{"loc":{"start":{"line":10,"column":8},"end":{"line":10,"column":40}},"type":"binary-expr","locations":[{"start":{"line":10,"column":8},"end":{"line":10,"column":17}},{"start":{"line":10,"column":21},"end":{"line":10,"column":40}}],"line":10},"12":{"loc":{"start":{"line":11,"column":4},"end":{"line":11,"column":60}},"type":"if","locations":[{"start":{"line":11,"column":4},"end":{"line":11,"column":60}},{"start":{},"end":{}}],"line":11},"13":{"loc":{"start":{"line":13,"column":4},"end":{"line":15,"column":5}},"type":"if","locations":[{"start":{"line":13,"column":4},"end":{"line":15,"column":5}},{"start":{},"end":{}}],"line":13},"14":{"loc":{"start":{"line":13,"column":8},"end":{"line":13,"column":63}},"type":"binary-expr","locations":[{"start":{"line":13,"column":8},"end":{"line":13,"column":35}},{"start":{"line":13,"column":39},"end":{"line":13,"column":63}}],"line":13}},"s":{"0":4,"1":4,"2":2,"3":4,"4":2,"5":4,"6":2,"7":4,"8":2,"9":4,"10":2,"11":4,"12":2,"13":4,"14":2,"15":4,"16":2,"17":4,"18":2,"19":4,"20":5},"f":{"0":4},"b":{"0":[2,2],"1":[2,2],"2":[2,2],"3":[4,3],"4":[2,2],"5":[4,2],"6":[2,2],"7":[4,2],"8":[2,2],"9":[4,2],"10":[2,2],"11":[4,3],"12":[2,2],"13":[2,2],"14":[4,3]},"_coverageSchema":"1a1c01bbd47fc00a2c39e90264f33305004495a9","hash":"d6503779f96f41265a2063b0fe5968cdd5f5da9b"}
,"/Users/sakinanagarwala/COSC-4353/backend/utils/validateProfile.js": {"path":"/Users/sakinanagarwala/COSC-4353/backend/utils/validateProfile.js","statementMap":{"0":{"start":{"line":2,"column":19},"end":{"line":2,"column":21}},"1":{"start":{"line":5,"column":4},"end":{"line":5,"column":46}},"2":{"start":{"line":5,"column":19},"end":{"line":5,"column":46}},"3":{"start":{"line":7,"column":4},"end":{"line":11,"column":5}},"4":{"start":{"line":8,"column":6},"end":{"line":8,"column":43}},"5":{"start":{"line":9,"column":11},"end":{"line":11,"column":5}},"6":{"start":{"line":10,"column":6},"end":{"line":10,"column":61}},"7":{"start":{"line":13,"column":4},"end":{"line":17,"column":5}},"8":{"start":{"line":14,"column":6},"end":{"line":14,"column":43}},"9":{"start":{"line":15,"column":11},"end":{"line":17,"column":5}},"10":{"start":{"line":16,"column":6},"end":{"line":16,"column":62}},"11":{"start":{"line":19,"column":4},"end":{"line":21,"column":5}},"12":{"start":{"line":20,"column":6},"end":{"line":20,"column":62}},"13":{"start":{"line":23,"column":4},"end":{"line":27,"column":5}},"14":{"start":{"line":24,"column":6},"end":{"line":24,"column":38}},"15":{"start":{"line":25,"column":11},"end":{"line":27,"column":5}},"16":{"start":{"line":26,"column":6},"end":{"line":26,"column":57}},"17":{"start":{"line":29,"column":4},"end":{"line":31,"column":5}},"18":{"start":{"line":30,"column":6},"end":{"line":30,"column":54}},"19":{"start":{"line":33,"column":4},"end":{"line":35,"column":5}},"20":{"start":{"line":34,"column":6},"end":{"line":34,"column":56}},"21":{"start":{"line":38,"column":4},"end":{"line":48,"column":5}},"22":{"start":{"line":39,"column":6},"end":{"line":41,"column":7}},"23":{"start":{"line":40,"column":8},"end":{"line":40,"column":51}},"24":{"start":{"line":43,"column":6},"end":{"line":45,"column":7}},"25":{"start":{"line":44,"column":8},"end":{"line":44,"column":63}},"26":{"start":{"line":51,"column":4},"end":{"line":51,"column":18}},"27":{"start":{"line":54,"column":2},"end":{"line":54,"column":39}}},"fnMap":{"0":{"name":"validateProfile","decl":{"start":{"line":1,"column":9},"end":{"line":1,"column":24}},"loc":{"start":{"line":1,"column":37},"end":{"line":52,"column":3}},"line":1}},"branchMap":{"0":{"loc":{"start":{"line":5,"column":4},"end":{"line":5,"column":46}},"type":"if","locations":[{"start":{"line":5,"column":4},"end":{"line":5,"column":46}},{"start":{},"end":{}}],"line":5},"1":{"loc":{"start":{"line":7,"column":4},"end":{"line":11,"column":5}},"type":"if","locations":[{"start":{"line":7,"column":4},"end":{"line":11,"column":5}},{"start":{"line":9,"column":11},"end":{"line":11,"column":5}}],"line":7},"2":{"loc":{"start":{"line":7,"column":8},"end":{"line":7,"column":51}},"type":"binary-expr","locations":[{"start":{"line":7,"column":8},"end":{"line":7,"column":18}},{"start":{"line":7,"column":22},"end":{"line":7,"column":51}}],"line":7},"3":{"loc":{"start":{"line":9,"column":11},"end":{"line":11,"column":5}},"type":"if","locations":[{"start":{"line":9,"column":11},"end":{"line":11,"column":5}},{"start":{},"end":{}}],"line":9},"4":{"loc":{"start":{"line":13,"column":4},"end":{"line":17,"column":5}},"type":"if","locations":[{"start":{"line":13,"column":4},"end":{"line":17,"column":5}},{"start":{"line":15,"column":11},"end":{"line":17,"column":5}}],"line":13},"5":{"loc":{"start":{"line":13,"column":8},"end":{"line":13,"column":57}},"type":"binary-expr","locations":[{"start":{"line":13,"column":8},"end":{"line":13,"column":21}},{"start":{"line":13,"column":25},"end":{"line":13,"column":57}}],"line":13},"6":{"loc":{"start":{"line":15,"column":11},"end":{"line":17,"column":5}},"type":"if","locations":[{"start":{"line":15,"column":11},"end":{"line":17,"column":5}},{"start":{},"end":{}}],"line":15},"7":{"loc":{"start":{"line":19,"column":4},"end":{"line":21,"column":5}},"type":"if","locations":[{"start":{"line":19,"column":4},"end":{"line":21,"column":5}},{"start":{},"end":{}}],"line":19},"8":{"loc":{"start":{"line":19,"column":8},"end":{"line":19,"column":51}},"type":"binary-expr","locations":[{"start":{"line":19,"column":8},"end":{"line":19,"column":21}},{"start":{"line":19,"column":25},"end":{"line":19,"column":51}}],"line":19},"9":{"loc":{"start":{"line":23,"column":4},"end":{"line":27,"column":5}},"type":"if","locations":[{"start":{"line":23,"column":4},"end":{"line":27,"column":5}},{"start":{"line":25,"column":11},"end":{"line":27,"column":5}}],"line":23},"10":{"loc":{"start":{"line":23,"column":8},"end":{"line":23,"column":51}},"type":"binary-expr","locations":[{"start":{"line":23,"column":8},"end":{"line":23,"column":18}},{"start":{"line":23,"column":22},"end":{"line":23,"column":51}}],"line":23},"11":{"loc":{"start":{"line":25,"column":11},"end":{"line":27,"column":5}},"type":"if","locations":[{"start":{"line":25,"column":11},"end":{"line":27,"column":5}},{"start":{},"end":{}}],"line":25},"12":{"loc":{"start":{"line":29,"column":4},"end":{"line":31,"column":5}},"type":"if","locations":[{"start":{"line":29,"column":4},"end":{"line":31,"column":5}},{"start":{},"end":{}}],"line":29},"13":{"loc":{"start":{"line":29,"column":8},"end":{"line":29,"column":46}},"type":"binary-expr","locations":[{"start":{"line":29,"column":8},"end":{"line":29,"column":19}},{"start":{"line":29,"column":23},"end":{"line":29,"column":46}}],"line":29},"14":{"loc":{"start":{"line":33,"column":4},"end":{"line":35,"column":5}},"type":"if","locations":[{"start":{"line":33,"column":4},"end":{"line":35,"column":5}},{"start":{},"end":{}}],"line":33},"15":{"loc":{"start":{"line":33,"column":8},"end":{"line":33,"column":63}},"type":"binary-expr","locations":[{"start":{"line":33,"column":8},"end":{"line":33,"column":17}},{"start":{"line":33,"column":21},"end":{"line":33,"column":40}},{"start":{"line":33,"column":44},"end":{"line":33,"column":63}}],"line":33},"16":{"loc":{"start":{"line":38,"column":4},"end":{"line":48,"column":5}},"type":"if","locations":[{"start":{"line":38,"column":4},"end":{"line":48,"column":5}},{"start":{},"end":{}}],"line":38},"17":{"loc":{"start":{"line":39,"column":6},"end":{"line":41,"column":7}},"type":"if","locations":[{"start":{"line":39,"column":6},"end":{"line":41,"column":7}},{"start":{},"end":{}}],"line":39},"18":{"loc":{"start":{"line":39,"column":10},"end":{"line":39,"column":65}},"type":"binary-expr","locations":[{"start":{"line":39,"column":10},"end":{"line":39,"column":37}},{"start":{"line":39,"column":41},"end":{"line":39,"column":65}}],"line":39},"19":{"loc":{"start":{"line":43,"column":6},"end":{"line":45,"column":7}},"type":"if","locations":[{"start":{"line":43,"column":6},"end":{"line":45,"column":7}},{"start":{},"end":{}}],"line":43},"20":{"loc":{"start":{"line":43,"column":10},"end":{"line":43,"column":77}},"type":"binary-expr","locations":[{"start":{"line":43,"column":10},"end":{"line":43,"column":43}},{"start":{"line":43,"column":47},"end":{"line":43,"column":77}}],"line":43}},"s":{"0":7,"1":7,"2":1,"3":7,"4":2,"5":5,"6":1,"7":7,"8":1,"9":6,"10":1,"11":7,"12":1,"13":7,"14":1,"15":6,"16":1,"17":7,"18":2,"19":7,"20":2,"21":7,"22":5,"23":1,"24":5,"25":1,"26":7,"27":6},"f":{"0":7},"b":{"0":[1,6],"1":[2,5],"2":[7,5],"3":[1,4],"4":[1,6],"5":[7,6],"6":[1,5],"7":[1,6],"8":[7,3],"9":[1,6],"10":[7,6],"11":[1,5],"12":[2,5],"13":[7,6],"14":[2,5],"15":[7,6,5],"16":[5,2],"17":[1,4],"18":[5,4],"19":[1,4],"20":[5,4]},"_coverageSchema":"1a1c01bbd47fc00a2c39e90264f33305004495a9","hash":"79f99b4eaa41cc2d0342e5ecb7db9826da9249ac"}
}
