TN:
SF:firebase.js
FN:83,testFirestoreConnection
FNF:1
FNH:0
FNDA:0,testFirestoreConnection
DA:2,3
DA:4,3
DA:7,3
DA:8,3
DA:9,3
DA:12,3
DA:13,3
DA:14,3
DA:16,3
DA:17,3
DA:19,3
DA:20,3
DA:24,3
DA:26,0
DA:29,0
DA:34,0
DA:35,0
DA:37,0
DA:43,0
DA:47,0
DA:51,0
DA:60,0
DA:62,0
DA:68,0
DA:69,0
DA:70,0
DA:71,0
DA:72,0
DA:73,0
DA:76,0
DA:80,3
DA:84,0
DA:85,0
DA:89,0
DA:92,0
DA:95,0
DA:96,0
DA:101,3
LF:38
LH:15
BRDA:7,0,0,3
BRDA:7,0,1,0
BRDA:12,1,0,3
BRDA:12,1,1,0
BRDA:16,2,0,3
BRDA:16,2,1,0
BRDA:19,3,0,3
BRDA:19,3,1,0
BRDA:19,4,0,3
BRDA:19,4,1,3
BRDA:19,4,2,3
BRDA:47,5,0,0
BRDA:47,5,1,0
BRDA:47,6,0,0
BRDA:47,6,1,0
BRDA:47,6,2,0
BRF:16
BRH:7
end_of_record
TN:
SF:index.js
FN:52,(anonymous_0)
FN:62,(anonymous_1)
FN:83,(anonymous_2)
FNF:3
FNH:2
FNDA:2,(anonymous_0)
FNDA:0,(anonymous_1)
FNDA:6,(anonymous_2)
DA:1,5
DA:2,5
DA:3,5
DA:7,5
DA:13,5
DA:14,5
DA:15,5
DA:16,5
DA:17,5
DA:18,5
DA:20,0
DA:21,0
DA:22,0
DA:25,5
DA:28,5
DA:33,5
DA:36,5
DA:37,5
DA:39,5
DA:40,5
DA:42,5
DA:43,5
DA:45,5
DA:46,5
DA:48,5
DA:49,5
DA:52,5
DA:53,2
DA:62,5
DA:64,0
DA:83,5
DA:84,6
DA:86,6
DA:87,0
DA:92,6
DA:93,6
DA:95,6
DA:96,3
DA:97,3
DA:100,3
DA:101,3
DA:102,2
DA:104,1
DA:106,1
DA:108,1
DA:109,1
DA:111,2
DA:112,2
DA:116,5
DA:127,5
LF:50
LH:45
BRDA:86,0,0,0
BRDA:86,0,1,6
BRDA:86,1,0,6
BRDA:86,1,1,6
BRDA:95,2,0,3
BRDA:95,2,1,3
BRDA:95,3,0,6
BRDA:95,3,1,4
BRF:8
BRH:7
end_of_record
TN:
SF:data\memoryMatches.js
FNF:0
FNH:0
DA:1,6
LF:1
LH:1
BRF:0
BRH:0
end_of_record
TN:
SF:data\memoryStore.js
FNF:0
FNH:0
DA:1,6
DA:96,6
DA:98,6
LF:3
LH:3
BRF:0
BRH:0
end_of_record
TN:
SF:routes\eventRoutes.js
FN:207,(anonymous_0)
FN:214,(anonymous_1)
FN:222,(anonymous_2)
FN:232,(anonymous_3)
FN:238,(anonymous_4)
FN:250,(anonymous_5)
FN:267,(anonymous_6)
FN:313,(anonymous_7)
FNF:8
FNH:2
FNDA:0,(anonymous_0)
FNDA:0,(anonymous_1)
FNDA:3,(anonymous_2)
FNDA:0,(anonymous_3)
FNDA:0,(anonymous_4)
FNDA:0,(anonymous_5)
FNDA:2,(anonymous_6)
FNDA:0,(anonymous_7)
DA:202,5
DA:203,5
DA:204,5
DA:207,5
DA:208,0
DA:209,0
DA:211,0
DA:214,5
DA:215,0
DA:216,0
DA:218,0
DA:222,5
DA:223,3
DA:224,3
DA:228,0
DA:232,5
DA:233,0
DA:234,0
DA:235,0
DA:236,0
DA:238,0
DA:239,0
DA:242,0
DA:244,0
DA:245,0
DA:250,5
DA:251,0
DA:252,0
DA:253,0
DA:255,0
DA:256,0
DA:259,0
DA:261,0
DA:262,0
DA:267,5
DA:268,2
DA:269,2
DA:272,2
DA:273,1
DA:276,1
DA:277,0
DA:281,1
DA:282,1
DA:287,0
DA:288,0
DA:303,0
DA:304,0
DA:307,0
DA:308,0
DA:313,5
DA:314,0
DA:315,0
DA:316,0
DA:318,0
DA:319,0
DA:322,0
DA:323,0
DA:326,0
DA:327,0
DA:331,5
LF:60
LH:20
BRDA:208,0,0,0
BRDA:208,0,1,0
BRDA:215,1,0,0
BRDA:215,1,1,0
BRDA:223,2,0,3
BRDA:223,2,1,0
BRDA:223,3,0,3
BRDA:223,3,1,0
BRDA:255,4,0,0
BRDA:255,4,1,0
BRDA:272,5,0,1
BRDA:272,5,1,1
BRDA:276,6,0,0
BRDA:276,6,1,1
BRDA:276,7,0,1
BRDA:276,7,1,1
BRDA:276,7,2,1
BRDA:281,8,0,1
BRDA:281,8,1,0
BRDA:281,9,0,1
BRDA:281,9,1,0
BRDA:297,10,0,0
BRDA:297,10,1,0
BRDA:298,11,0,0
BRDA:298,11,1,0
BRDA:318,12,0,0
BRDA:318,12,1,0
BRF:27
BRH:10
end_of_record
TN:
SF:routes\notificationRoutes.js
FN:7,(anonymous_0)
FN:18,(anonymous_1)
FN:26,(anonymous_2)
FNF:3
FNH:3
FNDA:2,(anonymous_0)
FNDA:2,(anonymous_1)
FNDA:1,(anonymous_2)
DA:1,5
DA:2,5
DA:3,5
DA:7,5
DA:8,2
DA:9,2
DA:10,1
DA:12,1
DA:13,1
DA:18,5
DA:19,2
DA:20,2
DA:21,2
DA:26,5
DA:27,1
DA:28,1
DA:29,1
DA:32,5
LF:18
LH:18
BRDA:9,0,0,1
BRDA:9,0,1,1
BRDA:9,1,0,2
BRDA:9,1,1,2
BRDA:9,1,2,1
BRF:5
BRH:5
end_of_record
TN:
SF:routes\profileRoutes.js
FN:9,(anonymous_0)
FN:34,(anonymous_1)
FN:59,(anonymous_2)
FN:63,(anonymous_3)
FN:84,(anonymous_4)
FNF:5
FNH:4
FNDA:4,(anonymous_0)
FNDA:2,(anonymous_1)
FNDA:1,(anonymous_2)
FNDA:0,(anonymous_3)
FNDA:2,(anonymous_4)
DA:1,6
DA:2,6
DA:3,6
DA:5,6
DA:9,6
DA:10,4
DA:12,4
DA:13,1
DA:16,3
DA:17,3
DA:18,1
DA:21,2
DA:23,2
DA:24,2
DA:25,2
DA:27,0
DA:34,6
DA:35,2
DA:36,2
DA:38,2
DA:39,2
DA:40,2
DA:42,2
DA:43,1
DA:46,1
DA:47,1
DA:49,1
DA:51,1
DA:53,0
DA:59,6
DA:60,1
DA:61,1
DA:63,1
DA:64,0
DA:65,0
DA:75,1
DA:77,0
DA:84,6
DA:85,2
DA:87,2
DA:88,2
DA:89,2
DA:91,1
DA:93,0
DA:98,6
LF:45
LH:39
BRDA:12,0,0,1
BRDA:12,0,1,3
BRDA:12,1,0,4
BRDA:12,1,1,3
BRDA:17,2,0,1
BRDA:17,2,1,2
BRDA:42,3,0,1
BRDA:42,3,1,1
BRDA:47,4,0,1
BRDA:47,4,1,0
BRDA:68,5,0,0
BRDA:68,5,1,0
BRDA:69,6,0,0
BRDA:69,6,1,0
BRDA:70,7,0,0
BRDA:70,7,1,0
BRDA:71,8,0,0
BRDA:71,8,1,0
BRDA:89,9,0,1
BRDA:89,9,1,1
BRF:20
BRH:11
end_of_record
TN:
SF:routes\statesRoutes.js
FN:129,(anonymous_0)
FN:137,(anonymous_1)
FN:146,(anonymous_2)
FN:165,(anonymous_3)
FN:176,(anonymous_4)
FN:186,(anonymous_5)
FN:195,(anonymous_6)
FN:202,(anonymous_7)
FN:218,(anonymous_8)
FN:231,(anonymous_9)
FNF:10
FNH:3
FNDA:0,(anonymous_0)
FNDA:2,(anonymous_1)
FNDA:0,(anonymous_2)
FNDA:1,(anonymous_3)
FNDA:0,(anonymous_4)
FNDA:50,(anonymous_5)
FNDA:0,(anonymous_6)
FNDA:0,(anonymous_7)
FNDA:0,(anonymous_8)
FNDA:0,(anonymous_9)
DA:70,5
DA:71,5
DA:72,5
DA:75,5
DA:129,5
DA:130,0
DA:131,0
DA:133,0
DA:137,5
DA:138,2
DA:140,2
DA:141,0
DA:142,0
DA:144,0
DA:145,0
DA:146,0
DA:147,0
DA:149,0
DA:154,2
DA:155,2
DA:158,0
DA:160,0
DA:165,5
DA:166,1
DA:168,1
DA:170,1
DA:171,0
DA:172,0
DA:174,0
DA:175,0
DA:176,0
DA:177,0
DA:179,0
DA:184,1
DA:185,1
DA:186,50
DA:189,1
DA:192,0
DA:194,0
DA:195,0
DA:197,0
DA:202,5
DA:203,0
DA:205,0
DA:207,0
DA:208,0
DA:209,0
DA:211,0
DA:212,0
DA:217,0
DA:218,0
DA:221,0
DA:222,0
DA:224,0
DA:228,0
DA:230,0
DA:231,0
DA:234,0
DA:235,0
DA:237,0
DA:242,5
LF:61
LH:20
BRDA:130,0,0,0
BRDA:130,0,1,0
BRDA:140,1,0,0
BRDA:140,1,1,2
BRDA:140,2,0,2
BRDA:140,2,1,0
BRDA:144,3,0,0
BRDA:144,3,1,0
BRDA:170,4,0,0
BRDA:170,4,1,1
BRDA:170,5,0,1
BRDA:170,5,1,0
BRDA:174,6,0,0
BRDA:174,6,1,0
BRDA:207,7,0,0
BRDA:207,7,1,0
BRDA:207,8,0,0
BRDA:207,8,1,0
BRDA:211,9,0,0
BRDA:211,9,1,0
BRDA:221,10,0,0
BRDA:221,10,1,0
BRDA:234,11,0,0
BRDA:234,11,1,0
BRF:24
BRH:4
end_of_record
TN:
SF:routes\volunteerMatchingRoutes.js
FN:10,(anonymous_0)
FN:17,(anonymous_1)
FN:24,(anonymous_2)
FN:32,(anonymous_3)
FN:41,(anonymous_4)
FN:46,(anonymous_5)
FN:64,(anonymous_6)
FN:68,(anonymous_7)
FN:98,(anonymous_8)
FN:125,(anonymous_9)
FN:133,(anonymous_10)
FN:146,(anonymous_11)
FN:167,(anonymous_12)
FN:168,(anonymous_13)
FN:177,(anonymous_14)
FN:186,(anonymous_15)
FN:194,(anonymous_16)
FN:195,(anonymous_17)
FN:226,(anonymous_18)
FN:281,(anonymous_19)
FN:282,(anonymous_20)
FN:302,(anonymous_21)
FN:303,(anonymous_22)
FN:391,(anonymous_23)
FN:394,(anonymous_24)
FN:400,(anonymous_25)
FN:449,(anonymous_26)
FN:483,(anonymous_27)
FN:533,(anonymous_28)
FN:549,(anonymous_29)
FN:565,(anonymous_30)
FN:567,(anonymous_31)
FN:612,getUrgencyName
FN:619,(anonymous_33)
FNF:34
FNH:0
FNDA:0,(anonymous_0)
FNDA:0,(anonymous_1)
FNDA:0,(anonymous_2)
FNDA:0,(anonymous_3)
FNDA:0,(anonymous_4)
FNDA:0,(anonymous_5)
FNDA:0,(anonymous_6)
FNDA:0,(anonymous_7)
FNDA:0,(anonymous_8)
FNDA:0,(anonymous_9)
FNDA:0,(anonymous_10)
FNDA:0,(anonymous_11)
FNDA:0,(anonymous_12)
FNDA:0,(anonymous_13)
FNDA:0,(anonymous_14)
FNDA:0,(anonymous_15)
FNDA:0,(anonymous_16)
FNDA:0,(anonymous_17)
FNDA:0,(anonymous_18)
FNDA:0,(anonymous_19)
FNDA:0,(anonymous_20)
FNDA:0,(anonymous_21)
FNDA:0,(anonymous_22)
FNDA:0,(anonymous_23)
FNDA:0,(anonymous_24)
FNDA:0,(anonymous_25)
FNDA:0,(anonymous_26)
FNDA:0,(anonymous_27)
FNDA:0,(anonymous_28)
FNDA:0,(anonymous_29)
FNDA:0,(anonymous_30)
FNDA:0,(anonymous_31)
FNDA:0,getUrgencyName
FNDA:0,(anonymous_33)
DA:2,5
DA:3,5
DA:4,5
DA:5,5
DA:6,5
DA:7,5
DA:10,5
DA:11,0
DA:12,0
DA:14,0
DA:17,5
DA:18,0
DA:19,0
DA:21,0
DA:24,5
DA:25,0
DA:26,0
DA:28,0
DA:32,5
DA:33,0
DA:34,0
DA:35,0
DA:37,0
DA:38,0
DA:41,0
DA:42,0
DA:45,0
DA:46,0
DA:47,0
DA:48,0
DA:49,0
DA:51,0
DA:52,0
DA:56,0
DA:64,0
DA:65,0
DA:68,0
DA:83,0
DA:88,0
DA:89,0
DA:98,5
DA:99,0
DA:100,0
DA:101,0
DA:104,0
DA:105,0
DA:106,0
DA:107,0
DA:112,0
DA:113,0
DA:119,0
DA:122,0
DA:125,0
DA:127,0
DA:130,0
DA:133,0
DA:137,0
DA:141,0
DA:142,0
DA:143,0
DA:144,0
DA:146,0
DA:148,0
DA:149,0
DA:150,0
DA:151,0
DA:153,0
DA:155,0
DA:158,0
DA:159,0
DA:163,0
DA:167,0
DA:168,0
DA:169,0
DA:175,0
DA:178,0
DA:182,0
DA:186,0
DA:195,0
DA:196,0
DA:201,0
DA:216,0
DA:217,0
DA:226,5
DA:227,0
DA:229,0
DA:230,0
DA:233,0
DA:234,0
DA:241,0
DA:246,0
DA:247,0
DA:248,0
DA:253,0
DA:254,0
DA:256,0
DA:257,0
DA:262,0
DA:263,0
DA:266,0
DA:272,0
DA:273,0
DA:280,0
DA:281,0
DA:282,0
DA:283,0
DA:287,0
DA:288,0
DA:297,0
DA:303,0
DA:304,0
DA:312,0
DA:313,0
DA:316,0
DA:317,0
DA:331,0
DA:335,0
DA:340,0
DA:341,0
DA:352,0
DA:355,0
DA:380,0
DA:381,0
DA:391,5
DA:392,0
DA:393,0
DA:394,0
DA:400,0
DA:401,0
DA:406,0
DA:407,0
DA:409,0
DA:434,0
DA:439,0
DA:440,0
DA:449,5
DA:450,0
DA:451,0
DA:452,0
DA:454,0
DA:455,0
DA:456,0
DA:462,0
DA:463,0
DA:465,0
DA:466,0
DA:469,0
DA:470,0
DA:473,0
DA:474,0
DA:476,0
DA:477,0
DA:478,0
DA:479,0
DA:480,0
DA:481,0
DA:483,0
DA:485,0
DA:486,0
DA:487,0
DA:490,0
DA:493,0
DA:494,0
DA:495,0
DA:497,0
DA:500,0
DA:503,0
DA:507,0
DA:515,0
DA:517,0
DA:523,0
DA:524,0
DA:533,5
DA:534,0
DA:535,0
DA:536,0
DA:538,0
DA:539,0
DA:545,0
DA:546,0
DA:549,0
DA:550,0
DA:551,0
DA:552,0
DA:553,0
DA:554,0
DA:557,0
DA:561,0
DA:562,0
DA:563,0
DA:564,0
DA:565,0
DA:567,0
DA:568,0
DA:569,0
DA:572,0
DA:573,0
DA:576,0
DA:580,0
DA:597,0
DA:602,0
DA:603,0
DA:613,0
DA:619,0
DA:620,0
DA:623,5
LF:206
LH:16
BRDA:11,0,0,0
BRDA:11,0,1,0
BRDA:18,1,0,0
BRDA:18,1,1,0
BRDA:25,2,0,0
BRDA:25,2,1,0
BRDA:45,3,0,0
BRDA:45,3,1,0
BRDA:45,4,0,0
BRDA:45,4,1,0
BRDA:51,5,0,0
BRDA:51,5,1,0
BRDA:75,6,0,0
BRDA:75,6,1,0
BRDA:78,7,0,0
BRDA:78,7,1,0
BRDA:78,8,0,0
BRDA:78,8,1,0
BRDA:80,9,0,0
BRDA:80,9,1,0
BRDA:105,10,0,0
BRDA:105,10,1,0
BRDA:155,11,0,0
BRDA:155,11,1,0
BRDA:155,12,0,0
BRDA:155,12,1,0
BRDA:155,12,2,0
BRDA:155,12,3,0
BRDA:155,12,4,0
BRDA:168,13,0,0
BRDA:168,13,1,0
BRDA:175,14,0,0
BRDA:175,14,1,0
BRDA:175,14,2,0
BRDA:178,15,0,0
BRDA:178,15,1,0
BRDA:182,16,0,0
BRDA:182,16,1,0
BRDA:182,16,2,0
BRDA:191,17,0,0
BRDA:191,17,1,0
BRDA:192,18,0,0
BRDA:192,18,1,0
BRDA:193,19,0,0
BRDA:193,19,1,0
BRDA:194,20,0,0
BRDA:194,20,1,0
BRDA:195,21,0,0
BRDA:195,21,1,0
BRDA:210,22,0,0
BRDA:210,22,1,0
BRDA:211,23,0,0
BRDA:211,23,1,0
BRDA:233,24,0,0
BRDA:233,24,1,0
BRDA:233,25,0,0
BRDA:233,25,1,0
BRDA:246,26,0,0
BRDA:246,26,1,0
BRDA:256,27,0,0
BRDA:256,27,1,0
BRDA:272,28,0,0
BRDA:272,28,1,0
BRDA:281,29,0,0
BRDA:281,29,1,0
BRDA:282,30,0,0
BRDA:282,30,1,0
BRDA:287,31,0,0
BRDA:287,31,1,0
BRDA:287,32,0,0
BRDA:287,32,1,0
BRDA:290,33,0,0
BRDA:290,33,1,0
BRDA:302,34,0,0
BRDA:302,34,1,0
BRDA:303,35,0,0
BRDA:303,35,1,0
BRDA:320,36,0,0
BRDA:320,36,1,0
BRDA:321,37,0,0
BRDA:321,37,1,0
BRDA:322,38,0,0
BRDA:322,38,1,0
BRDA:323,39,0,0
BRDA:323,39,1,0
BRDA:324,40,0,0
BRDA:324,40,1,0
BRDA:325,41,0,0
BRDA:325,41,1,0
BRDA:327,42,0,0
BRDA:327,42,1,0
BRDA:328,43,0,0
BRDA:328,43,1,0
BRDA:347,44,0,0
BRDA:347,44,1,0
BRDA:366,45,0,0
BRDA:366,45,1,0
BRDA:374,46,0,0
BRDA:374,46,1,0
BRDA:385,47,0,0
BRDA:385,47,1,0
BRDA:406,48,0,0
BRDA:406,48,1,0
BRDA:407,49,0,0
BRDA:407,49,1,0
BRDA:413,50,0,0
BRDA:413,50,1,0
BRDA:414,51,0,0
BRDA:414,51,1,0
BRDA:415,52,0,0
BRDA:415,52,1,0
BRDA:419,53,0,0
BRDA:419,53,1,0
BRDA:420,54,0,0
BRDA:420,54,1,0
BRDA:421,55,0,0
BRDA:421,55,1,0
BRDA:423,56,0,0
BRDA:423,56,1,0
BRDA:424,57,0,0
BRDA:424,57,1,0
BRDA:426,58,0,0
BRDA:426,58,1,0
BRDA:428,59,0,0
BRDA:428,59,1,0
BRDA:454,60,0,0
BRDA:454,60,1,0
BRDA:476,61,0,0
BRDA:476,61,1,0
BRDA:478,62,0,0
BRDA:478,62,1,0
BRDA:478,63,0,0
BRDA:478,63,1,0
BRDA:493,64,0,0
BRDA:493,64,1,0
BRDA:538,65,0,0
BRDA:538,65,1,0
BRDA:546,66,0,0
BRDA:546,66,1,0
BRDA:553,67,0,0
BRDA:553,67,1,0
BRDA:561,68,0,0
BRDA:561,68,1,0
BRDA:562,69,0,0
BRDA:562,69,1,0
BRDA:562,70,0,0
BRDA:562,70,1,0
BRDA:572,71,0,0
BRDA:572,71,1,0
BRDA:581,72,0,0
BRDA:581,72,1,0
BRDA:581,72,2,0
BRDA:582,73,0,0
BRDA:582,73,1,0
BRDA:582,73,2,0
BRDA:583,74,0,0
BRDA:583,74,1,0
BRDA:583,74,2,0
BRDA:585,75,0,0
BRDA:585,75,1,0
BRDA:585,75,2,0
BRDA:586,76,0,0
BRDA:586,76,1,0
BRDA:586,76,2,0
BRDA:587,77,0,0
BRDA:587,77,1,0
BRDA:587,77,2,0
BRDA:588,78,0,0
BRDA:588,78,1,0
BRDA:588,78,2,0
BRDA:589,79,0,0
BRDA:589,79,1,0
BRDA:589,79,2,0
BRDA:590,80,0,0
BRDA:590,80,1,0
BRDA:592,81,0,0
BRDA:592,81,1,0
BRDA:592,81,2,0
BRDA:593,82,0,0
BRDA:593,82,1,0
BRDA:619,83,0,0
BRDA:619,83,1,0
BRF:182
BRH:0
end_of_record
TN:
SF:utils\notificationAggregator.js
FN:9,(anonymous_0)
FNF:1
FNH:1
FNDA:2,(anonymous_0)
DA:1,6
DA:2,6
DA:10,2
DA:11,2
DA:12,2
DA:14,2
DA:18,6
LF:7
LH:7
BRF:0
BRH:0
end_of_record
TN:
SF:utils\notificationService.js
FN:9,sendNotification
FN:25,getNotifications
FN:33,markAllAsRead
FN:35,(anonymous_3)
FNF:4
FNH:4
FNDA:2,sendNotification
FNDA:4,getNotifications
FNDA:1,markAllAsRead
FNDA:1,(anonymous_3)
DA:2,6
DA:10,2
DA:11,2
DA:13,2
DA:26,4
DA:34,1
DA:35,1
DA:39,6
LF:8
LH:8
BRDA:10,0,0,2
BRDA:10,0,1,0
BRDA:15,1,0,2
BRDA:15,1,1,1
BRDA:26,2,0,4
BRDA:26,2,1,1
BRDA:34,3,0,1
BRDA:34,3,1,0
BRF:8
BRH:6
end_of_record
TN:
SF:utils\validateEvent.js
FN:1,validateEvent
FNF:1
FNH:1
FNDA:4,validateEvent
DA:2,4
DA:4,4
DA:5,4
DA:6,4
DA:7,4
DA:8,4
DA:9,4
DA:10,4
DA:11,4
DA:13,4
DA:14,2
DA:17,4
DA:20,1
LF:13
LH:13
BRDA:4,0,0,2
BRDA:4,0,1,2
BRDA:5,1,0,2
BRDA:5,1,1,2
BRDA:6,2,0,2
BRDA:6,2,1,2
BRDA:6,3,0,4
BRDA:6,3,1,3
BRDA:7,4,0,2
BRDA:7,4,1,2
BRDA:7,5,0,4
BRDA:7,5,1,2
BRDA:8,6,0,2
BRDA:8,6,1,2
BRDA:8,7,0,4
BRDA:8,7,1,2
BRDA:9,8,0,2
BRDA:9,8,1,2
BRDA:9,9,0,4
BRDA:9,9,1,2
BRDA:10,10,0,2
BRDA:10,10,1,2
BRDA:10,11,0,4
BRDA:10,11,1,3
BRDA:11,12,0,2
BRDA:11,12,1,2
BRDA:13,13,0,2
BRDA:13,13,1,2
BRDA:13,14,0,4
BRDA:13,14,1,3
BRF:30
BRH:30
end_of_record
TN:
SF:utils\validateProfile.js
FN:1,validateProfile
FNF:1
FNH:1
FNDA:7,validateProfile
DA:2,7
DA:5,7
DA:7,7
DA:8,2
DA:9,5
DA:10,1
DA:13,7
DA:14,1
DA:15,6
DA:16,1
DA:19,7
DA:20,1
DA:23,7
DA:24,1
DA:25,6
DA:26,1
DA:29,7
DA:30,2
DA:33,7
DA:34,2
DA:38,7
DA:39,5
DA:40,1
DA:43,5
DA:44,1
DA:51,7
DA:54,7
LF:27
LH:27
BRDA:5,0,0,1
BRDA:5,0,1,6
BRDA:7,1,0,2
BRDA:7,1,1,5
BRDA:7,2,0,7
BRDA:7,2,1,5
BRDA:9,3,0,1
BRDA:9,3,1,4
BRDA:13,4,0,1
BRDA:13,4,1,6
BRDA:13,5,0,7
BRDA:13,5,1,6
BRDA:15,6,0,1
BRDA:15,6,1,5
BRDA:19,7,0,1
BRDA:19,7,1,6
BRDA:19,8,0,7
BRDA:19,8,1,3
BRDA:23,9,0,1
BRDA:23,9,1,6
BRDA:23,10,0,7
BRDA:23,10,1,6
BRDA:25,11,0,1
BRDA:25,11,1,5
BRDA:29,12,0,2
BRDA:29,12,1,5
BRDA:29,13,0,7
BRDA:29,13,1,6
BRDA:33,14,0,2
BRDA:33,14,1,5
BRDA:33,15,0,7
BRDA:33,15,1,6
BRDA:33,15,2,5
BRDA:38,16,0,5
BRDA:38,16,1,2
BRDA:39,17,0,1
BRDA:39,17,1,4
BRDA:39,18,0,5
BRDA:39,18,1,4
BRDA:43,19,0,1
BRDA:43,19,1,4
BRDA:43,20,0,5
BRDA:43,20,1,4
BRF:43
BRH:43
end_of_record
