TN:
SF:index.js
FN:62,(anonymous_0)
FN:72,(anonymous_1)
FN:74,(anonymous_2)
FN:80,(anonymous_3)
FN:90,(anonymous_4)
FNF:5
FNH:5
FNDA:1,(anonymous_0)
FNDA:1,(anonymous_1)
FNDA:1,(anonymous_2)
FNDA:1,(anonymous_3)
FNDA:3,(anonymous_4)
DA:1,2
DA:2,2
DA:3,2
DA:4,2
DA:5,2
DA:6,2
DA:7,2
DA:9,2
DA:12,2
DA:14,2
DA:15,2
DA:16,2
DA:18,2
DA:19,2
DA:23,2
DA:24,2
DA:28,2
DA:29,2
DA:32,0
DA:35,0
DA:38,0
DA:39,0
DA:42,2
DA:45,2
DA:50,2
DA:53,2
DA:54,2
DA:56,2
DA:57,2
DA:59,2
DA:62,2
DA:63,1
DA:72,2
DA:73,1
DA:74,1
DA:80,1
DA:90,2
DA:91,3
DA:93,3
DA:94,0
DA:99,3
DA:100,3
DA:102,3
DA:103,1
DA:104,1
DA:107,2
DA:108,2
DA:109,1
DA:111,1
DA:113,1
DA:115,1
DA:116,1
DA:118,1
DA:119,1
DA:123,2
DA:140,2
LF:56
LH:51
BRDA:18,0,0,2
BRDA:18,0,1,0
BRDA:23,1,0,2
BRDA:23,1,1,0
BRDA:23,2,0,2
BRDA:23,2,1,2
BRDA:23,2,2,2
BRDA:67,3,0,1
BRDA:67,3,1,0
BRDA:93,4,0,0
BRDA:93,4,1,3
BRDA:102,5,0,1
BRDA:102,5,1,2
BRDA:102,6,0,3
BRDA:102,6,1,2
BRF:15
BRH:11
end_of_record
TN:
SF:data/memoryEvents.js
FNF:0
FNH:0
DA:1,4
DA:76,4
LF:2
LH:2
BRF:0
BRH:0
end_of_record
TN:
SF:data/memoryMatches.js
FNF:0
FNH:0
DA:1,3
LF:1
LH:1
BRF:0
BRH:0
end_of_record
TN:
SF:data/memoryStore.js
FNF:0
FNH:0
DA:1,4
DA:95,4
LF:2
LH:2
BRF:0
BRH:0
end_of_record
TN:
SF:routes/eventRoutes.js
FN:7,(anonymous_0)
FN:18,(anonymous_1)
FN:31,(anonymous_2)
FN:44,(anonymous_3)
FN:52,(anonymous_4)
FN:56,(anonymous_5)
FN:66,(anonymous_6)
FN:70,(anonymous_7)
FNF:8
FNH:7
FNDA:2,(anonymous_0)
FNDA:3,(anonymous_1)
FNDA:1,(anonymous_2)
FNDA:0,(anonymous_3)
FNDA:2,(anonymous_4)
FNDA:1,(anonymous_5)
FNDA:2,(anonymous_6)
FNDA:1,(anonymous_7)
DA:1,3
DA:2,3
DA:3,3
DA:4,3
DA:7,3
DA:8,2
DA:9,2
DA:10,2
DA:12,0
DA:13,0
DA:18,3
DA:19,3
DA:21,3
DA:22,1
DA:25,2
DA:26,2
DA:27,1
DA:31,1
DA:32,1
DA:35,1
DA:44,1
DA:45,1
DA:47,1
DA:52,3
DA:53,2
DA:54,2
DA:56,2
DA:58,2
DA:59,1
DA:62,1
DA:66,3
DA:67,2
DA:69,2
DA:70,2
DA:72,2
DA:73,1
DA:74,1
DA:76,1
DA:77,1
DA:81,3
LF:40
LH:38
BRDA:21,0,0,1
BRDA:21,0,1,2
BRDA:26,1,0,1
BRDA:26,1,1,1
BRDA:31,2,0,1
BRDA:31,2,1,0
BRDA:58,3,0,1
BRDA:58,3,1,1
BRDA:72,4,0,1
BRDA:72,4,1,1
BRF:10
BRH:9
end_of_record
TN:
SF:routes/profileRoutes.js
FN:7,(anonymous_0)
FN:22,(anonymous_1)
FN:25,(anonymous_2)
FN:33,(anonymous_3)
FN:37,(anonymous_4)
FN:38,(anonymous_5)
FNF:6
FNH:4
FNDA:4,(anonymous_0)
FNDA:0,(anonymous_1)
FNDA:0,(anonymous_2)
FNDA:3,(anonymous_3)
FNDA:1,(anonymous_4)
FNDA:1,(anonymous_5)
DA:1,3
DA:2,3
DA:3,3
DA:4,3
DA:7,3
DA:8,4
DA:10,4
DA:11,1
DA:14,3
DA:15,3
DA:16,1
DA:19,2
DA:21,2
DA:22,1
DA:23,1
DA:25,1
DA:26,1
DA:29,2
DA:33,3
DA:34,3
DA:37,3
DA:38,1
DA:40,3
DA:41,1
DA:44,2
DA:47,3
LF:26
LH:26
BRDA:10,0,0,1
BRDA:10,0,1,3
BRDA:10,1,0,4
BRDA:10,1,1,3
BRDA:15,2,0,1
BRDA:15,2,1,2
BRDA:21,3,0,1
BRDA:21,3,1,1
BRDA:37,4,0,3
BRDA:37,4,1,2
BRDA:40,5,0,1
BRDA:40,5,1,2
BRF:12
BRH:12
end_of_record
TN:
SF:routes/volunteerMatchingRoutes.js
FN:15,(anonymous_0)
FN:18,(anonymous_1)
FN:22,(anonymous_2)
FN:51,getUrgencyName
FN:58,(anonymous_4)
FN:64,(anonymous_5)
FN:69,(anonymous_6)
FN:80,(anonymous_7)
FN:85,(anonymous_8)
FN:86,(anonymous_9)
FN:97,(anonymous_10)
FN:119,(anonymous_11)
FN:120,(anonymous_12)
FN:133,(anonymous_13)
FN:135,(anonymous_14)
FN:150,(anonymous_15)
FN:158,(anonymous_16)
FN:159,(anonymous_17)
FN:191,(anonymous_18)
FN:204,(anonymous_19)
FN:205,(anonymous_20)
FN:222,(anonymous_21)
FN:235,(anonymous_22)
FN:236,(anonymous_23)
FN:257,(anonymous_24)
FN:262,(anonymous_25)
FN:280,(anonymous_26)
FN:281,(anonymous_27)
FN:325,(anonymous_28)
FN:328,(anonymous_29)
FN:329,(anonymous_30)
FN:330,(anonymous_31)
FN:372,(anonymous_32)
FN:375,(anonymous_33)
FN:403,(anonymous_34)
FN:407,(anonymous_35)
FN:415,(anonymous_36)
FN:417,(anonymous_37)
FN:420,(anonymous_38)
FN:422,(anonymous_39)
FN:423,(anonymous_40)
FN:427,(anonymous_41)
FN:462,(anonymous_42)
FN:466,(anonymous_43)
FN:474,(anonymous_44)
FN:476,(anonymous_45)
FN:479,(anonymous_46)
FN:481,(anonymous_47)
FN:482,(anonymous_48)
FN:486,(anonymous_49)
FNF:50
FNH:40
FNDA:3,(anonymous_0)
FNDA:0,(anonymous_1)
FNDA:3,(anonymous_2)
FNDA:13,getUrgencyName
FNDA:40,(anonymous_4)
FNDA:4,(anonymous_5)
FNDA:4,(anonymous_6)
FNDA:3,(anonymous_7)
FNDA:0,(anonymous_8)
FNDA:0,(anonymous_9)
FNDA:5,(anonymous_10)
FNDA:4,(anonymous_11)
FNDA:4,(anonymous_12)
FNDA:3,(anonymous_13)
FNDA:0,(anonymous_14)
FNDA:3,(anonymous_15)
FNDA:6,(anonymous_16)
FNDA:6,(anonymous_17)
FNDA:14,(anonymous_18)
FNDA:14,(anonymous_19)
FNDA:15,(anonymous_20)
FNDA:2,(anonymous_21)
FNDA:11,(anonymous_22)
FNDA:11,(anonymous_23)
FNDA:1,(anonymous_24)
FNDA:1,(anonymous_25)
FNDA:16,(anonymous_26)
FNDA:16,(anonymous_27)
FNDA:3,(anonymous_28)
FNDA:3,(anonymous_29)
FNDA:2,(anonymous_30)
FNDA:2,(anonymous_31)
FNDA:3,(anonymous_32)
FNDA:1,(anonymous_33)
FNDA:3,(anonymous_34)
FNDA:3,(anonymous_35)
FNDA:0,(anonymous_36)
FNDA:0,(anonymous_37)
FNDA:2,(anonymous_38)
FNDA:3,(anonymous_39)
FNDA:1,(anonymous_40)
FNDA:0,(anonymous_41)
FNDA:3,(anonymous_42)
FNDA:3,(anonymous_43)
FNDA:0,(anonymous_44)
FNDA:0,(anonymous_45)
FNDA:2,(anonymous_46)
FNDA:1,(anonymous_47)
FNDA:1,(anonymous_48)
FNDA:0,(anonymous_49)
DA:2,3
DA:3,3
DA:4,3
DA:5,3
DA:10,3
DA:11,3
DA:15,3
DA:16,3
DA:18,3
DA:19,0
DA:22,3
DA:36,3
DA:41,0
DA:42,0
DA:52,13
DA:58,40
DA:59,13
DA:64,3
DA:65,4
DA:66,4
DA:69,4
DA:71,4
DA:72,1
DA:79,3
DA:80,3
DA:81,3
DA:84,3
DA:85,0
DA:86,0
DA:89,3
DA:90,0
DA:94,3
DA:97,3
DA:99,5
DA:100,1
DA:101,1
DA:105,4
DA:106,0
DA:107,0
DA:111,4
DA:112,0
DA:116,4
DA:119,4
DA:120,4
DA:121,4
DA:126,4
DA:127,1
DA:128,1
DA:132,3
DA:135,3
DA:136,0
DA:143,3
DA:146,3
DA:150,3
DA:159,6
DA:160,6
DA:165,3
DA:180,0
DA:181,0
DA:191,3
DA:192,14
DA:193,14
DA:196,14
DA:197,0
DA:204,14
DA:205,15
DA:207,14
DA:208,1
DA:214,13
DA:215,1
DA:222,12
DA:223,2
DA:226,12
DA:227,1
DA:234,11
DA:235,11
DA:236,11
DA:237,11
DA:241,11
DA:242,1
DA:248,10
DA:249,1
DA:256,9
DA:257,9
DA:258,1
DA:262,1
DA:265,9
DA:266,1
DA:274,8
DA:281,16
DA:282,16
DA:305,8
DA:308,8
DA:314,0
DA:315,0
DA:325,3
DA:326,3
DA:328,3
DA:329,3
DA:330,3
DA:332,3
DA:356,3
DA:361,0
DA:362,0
DA:372,3
DA:373,3
DA:374,3
DA:375,3
DA:377,3
DA:378,2
DA:384,1
DA:386,1
DA:392,0
DA:393,0
DA:403,3
DA:404,3
DA:405,3
DA:407,3
DA:408,3
DA:409,1
DA:415,2
DA:416,2
DA:417,2
DA:420,2
DA:421,2
DA:422,2
DA:423,3
DA:424,1
DA:427,2
DA:429,2
DA:432,2
DA:451,0
DA:452,0
DA:462,3
DA:463,3
DA:464,3
DA:466,3
DA:467,3
DA:468,1
DA:474,2
DA:475,2
DA:476,2
DA:479,2
DA:480,2
DA:481,2
DA:482,1
DA:483,1
DA:486,2
DA:488,2
DA:491,2
DA:511,0
DA:512,0
DA:520,3
LF:153
LH:130
BRDA:32,0,0,2
BRDA:32,0,1,1
BRDA:32,1,0,3
BRDA:32,1,1,3
BRDA:33,2,0,3
BRDA:33,2,1,0
BRDA:58,3,0,13
BRDA:58,3,1,1
BRDA:71,4,0,1
BRDA:71,4,1,3
BRDA:80,5,0,3
BRDA:80,5,1,0
BRDA:81,6,0,3
BRDA:81,6,1,0
BRDA:89,7,0,0
BRDA:89,7,1,3
BRDA:89,8,0,3
BRDA:89,8,1,3
BRDA:99,9,0,1
BRDA:99,9,1,4
BRDA:99,10,0,5
BRDA:99,10,1,5
BRDA:99,10,2,5
BRDA:99,10,3,4
BRDA:105,11,0,0
BRDA:105,11,1,4
BRDA:105,12,0,4
BRDA:105,12,1,4
BRDA:105,12,2,4
BRDA:111,13,0,0
BRDA:111,13,1,4
BRDA:126,14,0,1
BRDA:126,14,1,3
BRDA:126,15,0,4
BRDA:126,15,1,3
BRDA:132,16,0,3
BRDA:132,16,1,3
BRDA:136,17,0,0
BRDA:136,17,1,0
BRDA:136,17,2,0
BRDA:136,17,3,0
BRDA:136,17,4,0
BRDA:143,18,0,3
BRDA:143,18,1,3
BRDA:146,19,0,3
BRDA:146,19,1,3
BRDA:146,19,2,3
BRDA:156,20,0,3
BRDA:156,20,1,0
BRDA:157,21,0,3
BRDA:157,21,1,3
BRDA:196,22,0,0
BRDA:196,22,1,14
BRDA:196,23,0,14
BRDA:196,23,1,14
BRDA:207,24,0,1
BRDA:207,24,1,13
BRDA:214,25,0,1
BRDA:214,25,1,12
BRDA:223,26,0,2
BRDA:223,26,1,2
BRDA:226,27,0,1
BRDA:226,27,1,11
BRDA:241,28,0,1
BRDA:241,28,1,10
BRDA:248,29,0,1
BRDA:248,29,1,9
BRDA:256,30,0,9
BRDA:256,30,1,0
BRDA:256,31,0,9
BRDA:256,31,1,9
BRDA:258,32,0,1
BRDA:258,32,1,1
BRDA:258,32,2,1
BRDA:258,32,3,1
BRDA:258,32,4,1
BRDA:265,33,0,1
BRDA:265,33,1,8
BRDA:299,34,0,8
BRDA:299,34,1,0
BRDA:300,35,0,7
BRDA:300,35,1,1
BRDA:300,36,0,8
BRDA:300,36,1,8
BRDA:335,37,0,3
BRDA:335,37,1,1
BRDA:336,38,0,3
BRDA:336,38,1,1
BRDA:337,39,0,3
BRDA:337,39,1,1
BRDA:338,40,0,3
BRDA:338,40,1,1
BRDA:341,41,0,3
BRDA:341,41,1,1
BRDA:342,42,0,3
BRDA:342,42,1,1
BRDA:343,43,0,3
BRDA:343,43,1,1
BRDA:344,44,0,3
BRDA:344,44,1,1
BRDA:345,45,0,3
BRDA:345,45,1,1
BRDA:346,46,0,2
BRDA:346,46,1,1
BRDA:346,47,0,1
BRDA:346,47,1,0
BRDA:347,48,0,2
BRDA:347,48,1,1
BRDA:348,49,0,3
BRDA:348,49,1,1
BRDA:350,50,0,3
BRDA:350,50,1,0
BRDA:377,51,0,2
BRDA:377,51,1,1
BRDA:408,52,0,1
BRDA:408,52,1,2
BRDA:429,53,0,2
BRDA:429,53,1,2
BRDA:429,53,2,1
BRDA:467,54,0,1
BRDA:467,54,1,2
BRDA:488,55,0,2
BRDA:488,55,1,2
BRDA:488,55,2,1
BRF:124
BRH:107
end_of_record
TN:
SF:utils/validateEvent.js
FN:1,validateEvent
FNF:1
FNH:1
FNDA:6,validateEvent
DA:2,6
DA:4,6
DA:5,6
DA:6,6
DA:7,6
DA:8,6
DA:9,6
DA:10,6
DA:11,6
DA:13,6
DA:14,3
DA:17,6
DA:20,4
LF:13
LH:13
BRDA:4,0,0,2
BRDA:4,0,1,4
BRDA:5,1,0,3
BRDA:5,1,1,3
BRDA:6,2,0,3
BRDA:6,2,1,3
BRDA:6,3,0,6
BRDA:6,3,1,4
BRDA:7,4,0,3
BRDA:7,4,1,3
BRDA:7,5,0,6
BRDA:7,5,1,3
BRDA:8,6,0,3
BRDA:8,6,1,3
BRDA:8,7,0,6
BRDA:8,7,1,3
BRDA:9,8,0,3
BRDA:9,8,1,3
BRDA:9,9,0,6
BRDA:9,9,1,3
BRDA:10,10,0,3
BRDA:10,10,1,3
BRDA:10,11,0,6
BRDA:10,11,1,4
BRDA:11,12,0,3
BRDA:11,12,1,3
BRDA:13,13,0,3
BRDA:13,13,1,3
BRDA:13,14,0,6
BRDA:13,14,1,4
BRF:30
BRH:30
end_of_record
TN:
SF:utils/validateProfile.js
FN:1,validateProfile
FNF:1
FNH:1
FNDA:7,validateProfile
DA:2,7
DA:5,7
DA:7,7
DA:8,2
DA:9,5
DA:10,1
DA:13,7
DA:14,1
DA:15,6
DA:16,1
DA:19,7
DA:20,1
DA:23,7
DA:24,1
DA:25,6
DA:26,1
DA:29,7
DA:30,2
DA:33,7
DA:34,2
DA:38,7
DA:39,5
DA:40,1
DA:43,5
DA:44,1
DA:51,7
DA:54,4
LF:27
LH:27
BRDA:5,0,0,1
BRDA:5,0,1,6
BRDA:7,1,0,2
BRDA:7,1,1,5
BRDA:7,2,0,7
BRDA:7,2,1,5
BRDA:9,3,0,1
BRDA:9,3,1,4
BRDA:13,4,0,1
BRDA:13,4,1,6
BRDA:13,5,0,7
BRDA:13,5,1,6
BRDA:15,6,0,1
BRDA:15,6,1,5
BRDA:19,7,0,1
BRDA:19,7,1,6
BRDA:19,8,0,7
BRDA:19,8,1,3
BRDA:23,9,0,1
BRDA:23,9,1,6
BRDA:23,10,0,7
BRDA:23,10,1,6
BRDA:25,11,0,1
BRDA:25,11,1,5
BRDA:29,12,0,2
BRDA:29,12,1,5
BRDA:29,13,0,7
BRDA:29,13,1,6
BRDA:33,14,0,2
BRDA:33,14,1,5
BRDA:33,15,0,7
BRDA:33,15,1,6
BRDA:33,15,2,5
BRDA:38,16,0,5
BRDA:38,16,1,2
BRDA:39,17,0,1
BRDA:39,17,1,4
BRDA:39,18,0,5
BRDA:39,18,1,4
BRDA:43,19,0,1
BRDA:43,19,1,4
BRDA:43,20,0,5
BRDA:43,20,1,4
BRF:43
BRH:43
end_of_record
