{"/Users/sakinanagarwala/COSC-4353/backend/index.js": {"path":"/Users/sakinanagarwala/COSC-4353/backend/index.js","statementMap":{"0":{"start":{"line":1,"column":0},"end":{"line":1,"column":27}},"1":{"start":{"line":2,"column":14},"end":{"line":2,"column":39}},"2":{"start":{"line":3,"column":16},"end":{"line":3,"column":34}},"3":{"start":{"line":4,"column":13},"end":{"line":4,"column":28}},"4":{"start":{"line":5,"column":21},"end":{"line":5,"column":50}},"5":{"start":{"line":6,"column":19},"end":{"line":6,"column":49}},"6":{"start":{"line":7,"column":32},"end":{"line":7,"column":75}},"7":{"start":{"line":9,"column":0},"end":{"line":9,"column":38}},"8":{"start":{"line":12,"column":31},"end":{"line":12,"column":36}},"9":{"start":{"line":14,"column":0},"end":{"line":38,"column":1}},"10":{"start":{"line":15,"column":13},"end":{"line":15,"column":26}},"11":{"start":{"line":16,"column":18},"end":{"line":16,"column":60}},"12":{"start":{"line":18,"column":2},"end":{"line":34,"column":3}},"13":{"start":{"line":19,"column":27},"end":{"line":19,"column":43}},"14":{"start":{"line":22,"column":4},"end":{"line":31,"column":5}},"15":{"start":{"line":23,"column":6},"end":{"line":25,"column":9}},"16":{"start":{"line":27,"column":6},"end":{"line":27,"column":38}},"17":{"start":{"line":28,"column":6},"end":{"line":28,"column":50}},"18":{"start":{"line":30,"column":6},"end":{"line":30,"column":90}},"19":{"start":{"line":33,"column":4},"end":{"line":33,"column":95}},"20":{"start":{"line":36,"column":2},"end":{"line":36,"column":72}},"21":{"start":{"line":37,"column":2},"end":{"line":37,"column":57}},"22":{"start":{"line":40,"column":12},"end":{"line":40,"column":21}},"23":{"start":{"line":43,"column":0},"end":{"line":47,"column":4}},"24":{"start":{"line":48,"column":0},"end":{"line":48,"column":24}},"25":{"start":{"line":51,"column":22},"end":{"line":51,"column":55}},"26":{"start":{"line":52,"column":0},"end":{"line":52,"column":39}},"27":{"start":{"line":54,"column":20},"end":{"line":54,"column":51}},"28":{"start":{"line":55,"column":0},"end":{"line":55,"column":35}},"29":{"start":{"line":57,"column":0},"end":{"line":57,"column":50}},"30":{"start":{"line":60,"column":0},"end":{"line":67,"column":3}},"31":{"start":{"line":61,"column":2},"end":{"line":66,"column":5}},"32":{"start":{"line":70,"column":0},"end":{"line":85,"column":3}},"33":{"start":{"line":71,"column":2},"end":{"line":84,"column":5}},"34":{"start":{"line":72,"column":46},"end":{"line":77,"column":5}},"35":{"start":{"line":78,"column":35},"end":{"line":83,"column":5}},"36":{"start":{"line":88,"column":0},"end":{"line":119,"column":3}},"37":{"start":{"line":89,"column":2},"end":{"line":89,"column":34}},"38":{"start":{"line":91,"column":2},"end":{"line":95,"column":3}},"39":{"start":{"line":92,"column":4},"end":{"line":94,"column":7}},"40":{"start":{"line":97,"column":18},"end":{"line":97,"column":64}},"41":{"start":{"line":98,"column":19},"end":{"line":98,"column":27}},"42":{"start":{"line":100,"column":2},"end":{"line":103,"column":3}},"43":{"start":{"line":101,"column":4},"end":{"line":101,"column":49}},"44":{"start":{"line":102,"column":4},"end":{"line":102,"column":73}},"45":{"start":{"line":105,"column":2},"end":{"line":118,"column":3}},"46":{"start":{"line":106,"column":20},"end":{"line":106,"column":61}},"47":{"start":{"line":107,"column":16},"end":{"line":107,"column":27}},"48":{"start":{"line":109,"column":4},"end":{"line":109,"column":61}},"49":{"start":{"line":111,"column":4},"end":{"line":111,"column":58}},"50":{"start":{"line":113,"column":4},"end":{"line":113,"column":60}},"51":{"start":{"line":114,"column":4},"end":{"line":114,"column":68}},"52":{"start":{"line":116,"column":4},"end":{"line":116,"column":50}},"53":{"start":{"line":117,"column":4},"end":{"line":117,"column":67}},"54":{"start":{"line":121,"column":13},"end":{"line":121,"column":17}},"55":{"start":{"line":124,"column":0},"end":{"line":134,"column":1}},"56":{"start":{"line":125,"column":2},"end":{"line":133,"column":5}},"57":{"start":{"line":126,"column":4},"end":{"line":126,"column":66}},"58":{"start":{"line":127,"column":4},"end":{"line":127,"column":119}},"59":{"start":{"line":127,"column":74},"end":{"line":127,"column":102}},"60":{"start":{"line":128,"column":4},"end":{"line":128,"column":78}},"61":{"start":{"line":130,"column":4},"end":{"line":132,"column":5}},"62":{"start":{"line":131,"column":6},"end":{"line":131,"column":79}},"63":{"start":{"line":137,"column":0},"end":{"line":137,"column":21}}},"fnMap":{"0":{"name":"(anonymous_0)","decl":{"start":{"line":60,"column":21},"end":{"line":60,"column":22}},"loc":{"start":{"line":60,"column":35},"end":{"line":67,"column":1}},"line":60},"1":{"name":"(anonymous_1)","decl":{"start":{"line":70,"column":30},"end":{"line":70,"column":31}},"loc":{"start":{"line":70,"column":44},"end":{"line":85,"column":1}},"line":70},"2":{"name":"(anonymous_2)","decl":{"start":{"line":72,"column":40},"end":{"line":72,"column":41}},"loc":{"start":{"line":72,"column":46},"end":{"line":77,"column":5}},"line":72},"3":{"name":"(anonymous_3)","decl":{"start":{"line":78,"column":29},"end":{"line":78,"column":30}},"loc":{"start":{"line":78,"column":35},"end":{"line":83,"column":5}},"line":78},"4":{"name":"(anonymous_4)","decl":{"start":{"line":88,"column":22},"end":{"line":88,"column":23}},"loc":{"start":{"line":88,"column":42},"end":{"line":119,"column":1}},"line":88},"5":{"name":"(anonymous_5)","decl":{"start":{"line":125,"column":19},"end":{"line":125,"column":20}},"loc":{"start":{"line":125,"column":25},"end":{"line":133,"column":3}},"line":125},"6":{"name":"(anonymous_6)","decl":{"start":{"line":127,"column":58},"end":{"line":127,"column":59}},"loc":{"start":{"line":127,"column":74},"end":{"line":127,"column":102}},"line":127}},"branchMap":{"0":{"loc":{"start":{"line":18,"column":2},"end":{"line":34,"column":3}},"type":"if","locations":[{"start":{"line":18,"column":2},"end":{"line":34,"column":3}},{"start":{"line":32,"column":9},"end":{"line":34,"column":3}}],"line":18},"1":{"loc":{"start":{"line":22,"column":4},"end":{"line":31,"column":5}},"type":"if","locations":[{"start":{"line":22,"column":4},"end":{"line":31,"column":5}},{"start":{"line":29,"column":11},"end":{"line":31,"column":5}}],"line":22},"2":{"loc":{"start":{"line":22,"column":8},"end":{"line":22,"column":94}},"type":"binary-expr","locations":[{"start":{"line":22,"column":8},"end":{"line":22,"column":34}},{"start":{"line":22,"column":38},"end":{"line":22,"column":65}},{"start":{"line":22,"column":69},"end":{"line":22,"column":94}}],"line":22},"3":{"loc":{"start":{"line":65,"column":12},"end":{"line":65,"column":50}},"type":"cond-expr","locations":[{"start":{"line":65,"column":27},"end":{"line":65,"column":46}},{"start":{"line":65,"column":49},"end":{"line":65,"column":50}}],"line":65},"4":{"loc":{"start":{"line":91,"column":2},"end":{"line":95,"column":3}},"type":"if","locations":[{"start":{"line":91,"column":2},"end":{"line":95,"column":3}},{"start":{},"end":{}}],"line":91},"5":{"loc":{"start":{"line":100,"column":2},"end":{"line":103,"column":3}},"type":"if","locations":[{"start":{"line":100,"column":2},"end":{"line":103,"column":3}},{"start":{},"end":{}}],"line":100},"6":{"loc":{"start":{"line":100,"column":6},"end":{"line":100,"column":23}},"type":"binary-expr","locations":[{"start":{"line":100,"column":6},"end":{"line":100,"column":14}},{"start":{"line":100,"column":18},"end":{"line":100,"column":23}}],"line":100},"7":{"loc":{"start":{"line":124,"column":0},"end":{"line":134,"column":1}},"type":"if","locations":[{"start":{"line":124,"column":0},"end":{"line":134,"column":1}},{"start":{},"end":{}}],"line":124},"8":{"loc":{"start":{"line":128,"column":29},"end":{"line":128,"column":67}},"type":"cond-expr","locations":[{"start":{"line":128,"column":44},"end":{"line":128,"column":63}},{"start":{"line":128,"column":66},"end":{"line":128,"column":67}}],"line":128},"9":{"loc":{"start":{"line":130,"column":4},"end":{"line":132,"column":5}},"type":"if","locations":[{"start":{"line":130,"column":4},"end":{"line":132,"column":5}},{"start":{},"end":{}}],"line":130},"10":{"loc":{"start":{"line":130,"column":8},"end":{"line":130,"column":47}},"type":"binary-expr","locations":[{"start":{"line":130,"column":8},"end":{"line":130,"column":20}},{"start":{"line":130,"column":24},"end":{"line":130,"column":47}}],"line":130},"11":{"loc":{"start":{"line":131,"column":38},"end":{"line":131,"column":75}},"type":"binary-expr","locations":[{"start":{"line":131,"column":38},"end":{"line":131,"column":57}},{"start":{"line":131,"column":61},"end":{"line":131,"column":75}}],"line":131}},"s":{"0":1,"1":1,"2":1,"3":1,"4":1,"5":1,"6":1,"7":1,"8":1,"9":1,"10":1,"11":1,"12":1,"13":0,"14":0,"15":0,"16":0,"17":0,"18":0,"19":1,"20":0,"21":0,"22":1,"23":1,"24":1,"25":1,"26":1,"27":1,"28":1,"29":1,"30":1,"31":0,"32":1,"33":0,"34":0,"35":0,"36":1,"37":2,"38":2,"39":2,"40":0,"41":0,"42":0,"43":0,"44":0,"45":0,"46":0,"47":0,"48":0,"49":0,"50":0,"51":0,"52":0,"53":0,"54":1,"55":1,"56":0,"57":0,"58":0,"59":0,"60":0,"61":0,"62":0,"63":1},"f":{"0":0,"1":0,"2":0,"3":0,"4":2,"5":0,"6":0},"b":{"0":[0,1],"1":[0,0],"2":[0,0,0],"3":[0,0],"4":[2,0],"5":[0,0],"6":[0,0],"7":[0,1],"8":[0,0],"9":[0,0],"10":[0,0],"11":[0,0]},"_coverageSchema":"1a1c01bbd47fc00a2c39e90264f33305004495a9","hash":"64328992a0da20ed48392680bf530cb728bdaa7d"}
,"/Users/sakinanagarwala/COSC-4353/backend/data/memoryEvents.js": {"path":"/Users/sakinanagarwala/COSC-4353/backend/data/memoryEvents.js","statementMap":{"0":{"start":{"line":1,"column":15},"end":{"line":74,"column":3}},"1":{"start":{"line":76,"column":2},"end":{"line":76,"column":30}}},"fnMap":{},"branchMap":{},"s":{"0":1,"1":1},"f":{},"b":{},"_coverageSchema":"1a1c01bbd47fc00a2c39e90264f33305004495a9","hash":"294ade04461c929631bbc6b9f5d5e168aa8bd99b"}
,"/Users/sakinanagarwala/COSC-4353/backend/data/memoryStore.js": {"path":"/Users/sakinanagarwala/COSC-4353/backend/data/memoryStore.js","statementMap":{"0":{"start":{"line":1,"column":17},"end":{"line":93,"column":1}},"1":{"start":{"line":95,"column":0},"end":{"line":95,"column":30}}},"fnMap":{},"branchMap":{},"s":{"0":1,"1":1},"f":{},"b":{},"_coverageSchema":"1a1c01bbd47fc00a2c39e90264f33305004495a9","hash":"0bc0e52e0fd3ee97c2ac6b60d74139443ef424ad"}
,"/Users/sakinanagarwala/COSC-4353/backend/routes/eventRoutes.js": {"path":"/Users/sakinanagarwala/COSC-4353/backend/routes/eventRoutes.js","statementMap":{"0":{"start":{"line":1,"column":16},"end":{"line":1,"column":34}},"1":{"start":{"line":2,"column":15},"end":{"line":2,"column":31}},"2":{"start":{"line":3,"column":19},"end":{"line":3,"column":50}},"3":{"start":{"line":4,"column":26},"end":{"line":4,"column":59}},"4":{"start":{"line":7,"column":0},"end":{"line":15,"column":3}},"5":{"start":{"line":8,"column":2},"end":{"line":14,"column":3}},"6":{"start":{"line":9,"column":4},"end":{"line":9,"column":71}},"7":{"start":{"line":10,"column":4},"end":{"line":10,"column":39}},"8":{"start":{"line":12,"column":4},"end":{"line":12,"column":55}},"9":{"start":{"line":13,"column":4},"end":{"line":13,"column":64}},"10":{"start":{"line":18,"column":0},"end":{"line":48,"column":3}},"11":{"start":{"line":19,"column":38},"end":{"line":19,"column":46}},"12":{"start":{"line":21,"column":2},"end":{"line":23,"column":3}},"13":{"start":{"line":22,"column":4},"end":{"line":22,"column":71}},"14":{"start":{"line":25,"column":17},"end":{"line":25,"column":59}},"15":{"start":{"line":26,"column":2},"end":{"line":28,"column":3}},"16":{"start":{"line":27,"column":4},"end":{"line":27,"column":74}},"17":{"start":{"line":31,"column":30},"end":{"line":33,"column":3}},"18":{"start":{"line":32,"column":4},"end":{"line":32,"column":46}},"19":{"start":{"line":35,"column":19},"end":{"line":42,"column":3}},"20":{"start":{"line":44,"column":2},"end":{"line":44,"column":57}},"21":{"start":{"line":44,"column":42},"end":{"line":44,"column":55}},"22":{"start":{"line":45,"column":2},"end":{"line":45,"column":30}},"23":{"start":{"line":47,"column":2},"end":{"line":47,"column":64}},"24":{"start":{"line":52,"column":0},"end":{"line":63,"column":3}},"25":{"start":{"line":53,"column":14},"end":{"line":53,"column":28}},"26":{"start":{"line":54,"column":2},"end":{"line":54,"column":53}},"27":{"start":{"line":56,"column":16},"end":{"line":56,"column":53}},"28":{"start":{"line":56,"column":39},"end":{"line":56,"column":52}},"29":{"start":{"line":58,"column":2},"end":{"line":60,"column":3}},"30":{"start":{"line":59,"column":4},"end":{"line":59,"column":64}},"31":{"start":{"line":62,"column":2},"end":{"line":62,"column":18}},"32":{"start":{"line":66,"column":0},"end":{"line":79,"column":3}},"33":{"start":{"line":67,"column":14},"end":{"line":67,"column":28}},"34":{"start":{"line":69,"column":24},"end":{"line":69,"column":43}},"35":{"start":{"line":70,"column":2},"end":{"line":70,"column":57}},"36":{"start":{"line":70,"column":42},"end":{"line":70,"column":55}},"37":{"start":{"line":72,"column":2},"end":{"line":78,"column":3}},"38":{"start":{"line":73,"column":4},"end":{"line":73,"column":41}},"39":{"start":{"line":74,"column":4},"end":{"line":74,"column":56}},"40":{"start":{"line":76,"column":4},"end":{"line":76,"column":56}},"41":{"start":{"line":77,"column":4},"end":{"line":77,"column":57}},"42":{"start":{"line":81,"column":0},"end":{"line":81,"column":24}}},"fnMap":{"0":{"name":"(anonymous_0)","decl":{"start":{"line":7,"column":19},"end":{"line":7,"column":20}},"loc":{"start":{"line":7,"column":33},"end":{"line":15,"column":1}},"line":7},"1":{"name":"(anonymous_1)","decl":{"start":{"line":18,"column":17},"end":{"line":18,"column":18}},"loc":{"start":{"line":18,"column":31},"end":{"line":48,"column":1}},"line":18},"2":{"name":"(anonymous_2)","decl":{"start":{"line":31,"column":60},"end":{"line":31,"column":61}},"loc":{"start":{"line":32,"column":4},"end":{"line":32,"column":46}},"line":32},"3":{"name":"(anonymous_3)","decl":{"start":{"line":44,"column":37},"end":{"line":44,"column":38}},"loc":{"start":{"line":44,"column":42},"end":{"line":44,"column":55}},"line":44},"4":{"name":"(anonymous_4)","decl":{"start":{"line":52,"column":20},"end":{"line":52,"column":21}},"loc":{"start":{"line":52,"column":34},"end":{"line":63,"column":1}},"line":52},"5":{"name":"(anonymous_5)","decl":{"start":{"line":56,"column":34},"end":{"line":56,"column":35}},"loc":{"start":{"line":56,"column":39},"end":{"line":56,"column":52}},"line":56},"6":{"name":"(anonymous_6)","decl":{"start":{"line":66,"column":23},"end":{"line":66,"column":24}},"loc":{"start":{"line":66,"column":37},"end":{"line":79,"column":1}},"line":66},"7":{"name":"(anonymous_7)","decl":{"start":{"line":70,"column":37},"end":{"line":70,"column":38}},"loc":{"start":{"line":70,"column":42},"end":{"line":70,"column":55}},"line":70}},"branchMap":{"0":{"loc":{"start":{"line":21,"column":2},"end":{"line":23,"column":3}},"type":"if","locations":[{"start":{"line":21,"column":2},"end":{"line":23,"column":3}},{"start":{},"end":{}}],"line":21},"1":{"loc":{"start":{"line":26,"column":2},"end":{"line":28,"column":3}},"type":"if","locations":[{"start":{"line":26,"column":2},"end":{"line":28,"column":3}},{"start":{},"end":{}}],"line":26},"2":{"loc":{"start":{"line":31,"column":31},"end":{"line":31,"column":54}},"type":"binary-expr","locations":[{"start":{"line":31,"column":31},"end":{"line":31,"column":48}},{"start":{"line":31,"column":52},"end":{"line":31,"column":54}}],"line":31},"3":{"loc":{"start":{"line":58,"column":2},"end":{"line":60,"column":3}},"type":"if","locations":[{"start":{"line":58,"column":2},"end":{"line":60,"column":3}},{"start":{},"end":{}}],"line":58},"4":{"loc":{"start":{"line":72,"column":2},"end":{"line":78,"column":3}},"type":"if","locations":[{"start":{"line":72,"column":2},"end":{"line":78,"column":3}},{"start":{"line":75,"column":9},"end":{"line":78,"column":3}}],"line":72}},"s":{"0":1,"1":1,"2":1,"3":1,"4":1,"5":0,"6":0,"7":0,"8":0,"9":0,"10":1,"11":0,"12":0,"13":0,"14":0,"15":0,"16":0,"17":0,"18":0,"19":0,"20":0,"21":0,"22":0,"23":0,"24":1,"25":0,"26":0,"27":0,"28":0,"29":0,"30":0,"31":0,"32":1,"33":0,"34":0,"35":0,"36":0,"37":0,"38":0,"39":0,"40":0,"41":0,"42":1},"f":{"0":0,"1":0,"2":0,"3":0,"4":0,"5":0,"6":0,"7":0},"b":{"0":[0,0],"1":[0,0],"2":[0,0],"3":[0,0],"4":[0,0]},"_coverageSchema":"1a1c01bbd47fc00a2c39e90264f33305004495a9","hash":"96bb760fb7fef5a68b00f2add0cd75589580cece"}
,"/Users/sakinanagarwala/COSC-4353/backend/routes/profileRoutes.js": {"path":"/Users/sakinanagarwala/COSC-4353/backend/routes/profileRoutes.js","statementMap":{"0":{"start":{"line":1,"column":16},"end":{"line":1,"column":34}},"1":{"start":{"line":2,"column":15},"end":{"line":2,"column":31}},"2":{"start":{"line":3,"column":21},"end":{"line":3,"column":51}},"3":{"start":{"line":4,"column":28},"end":{"line":4,"column":63}},"4":{"start":{"line":7,"column":0},"end":{"line":30,"column":3}},"5":{"start":{"line":8,"column":33},"end":{"line":8,"column":41}},"6":{"start":{"line":10,"column":2},"end":{"line":12,"column":3}},"7":{"start":{"line":11,"column":4},"end":{"line":11,"column":68}},"8":{"start":{"line":14,"column":17},"end":{"line":14,"column":56}},"9":{"start":{"line":15,"column":2},"end":{"line":17,"column":3}},"10":{"start":{"line":16,"column":4},"end":{"line":16,"column":74}},"11":{"start":{"line":19,"column":21},"end":{"line":19,"column":43}},"12":{"start":{"line":21,"column":2},"end":{"line":27,"column":3}},"13":{"start":{"line":22,"column":4},"end":{"line":22,"column":65}},"14":{"start":{"line":22,"column":50},"end":{"line":22,"column":63}},"15":{"start":{"line":23,"column":4},"end":{"line":23,"column":37}},"16":{"start":{"line":25,"column":4},"end":{"line":25,"column":73}},"17":{"start":{"line":25,"column":58},"end":{"line":25,"column":71}},"18":{"start":{"line":26,"column":4},"end":{"line":26,"column":41}},"19":{"start":{"line":29,"column":2},"end":{"line":29,"column":66}},"20":{"start":{"line":33,"column":0},"end":{"line":45,"column":3}},"21":{"start":{"line":34,"column":14},"end":{"line":34,"column":28}},"22":{"start":{"line":37,"column":4},"end":{"line":38,"column":48}},"23":{"start":{"line":37,"column":30},"end":{"line":37,"column":43}},"24":{"start":{"line":38,"column":34},"end":{"line":38,"column":47}},"25":{"start":{"line":40,"column":2},"end":{"line":42,"column":3}},"26":{"start":{"line":41,"column":4},"end":{"line":41,"column":66}},"27":{"start":{"line":44,"column":2},"end":{"line":44,"column":20}},"28":{"start":{"line":47,"column":0},"end":{"line":47,"column":24}}},"fnMap":{"0":{"name":"(anonymous_0)","decl":{"start":{"line":7,"column":17},"end":{"line":7,"column":18}},"loc":{"start":{"line":7,"column":31},"end":{"line":30,"column":1}},"line":7},"1":{"name":"(anonymous_1)","decl":{"start":{"line":22,"column":45},"end":{"line":22,"column":46}},"loc":{"start":{"line":22,"column":50},"end":{"line":22,"column":63}},"line":22},"2":{"name":"(anonymous_2)","decl":{"start":{"line":25,"column":53},"end":{"line":25,"column":54}},"loc":{"start":{"line":25,"column":58},"end":{"line":25,"column":71}},"line":25},"3":{"name":"(anonymous_3)","decl":{"start":{"line":33,"column":20},"end":{"line":33,"column":21}},"loc":{"start":{"line":33,"column":34},"end":{"line":45,"column":1}},"line":33},"4":{"name":"(anonymous_4)","decl":{"start":{"line":37,"column":25},"end":{"line":37,"column":26}},"loc":{"start":{"line":37,"column":30},"end":{"line":37,"column":43}},"line":37},"5":{"name":"(anonymous_5)","decl":{"start":{"line":38,"column":29},"end":{"line":38,"column":30}},"loc":{"start":{"line":38,"column":34},"end":{"line":38,"column":47}},"line":38}},"branchMap":{"0":{"loc":{"start":{"line":10,"column":2},"end":{"line":12,"column":3}},"type":"if","locations":[{"start":{"line":10,"column":2},"end":{"line":12,"column":3}},{"start":{},"end":{}}],"line":10},"1":{"loc":{"start":{"line":10,"column":6},"end":{"line":10,"column":19}},"type":"binary-expr","locations":[{"start":{"line":10,"column":6},"end":{"line":10,"column":10}},{"start":{"line":10,"column":14},"end":{"line":10,"column":19}}],"line":10},"2":{"loc":{"start":{"line":15,"column":2},"end":{"line":17,"column":3}},"type":"if","locations":[{"start":{"line":15,"column":2},"end":{"line":17,"column":3}},{"start":{},"end":{}}],"line":15},"3":{"loc":{"start":{"line":21,"column":2},"end":{"line":27,"column":3}},"type":"if","locations":[{"start":{"line":21,"column":2},"end":{"line":27,"column":3}},{"start":{"line":24,"column":9},"end":{"line":27,"column":3}}],"line":21},"4":{"loc":{"start":{"line":37,"column":4},"end":{"line":38,"column":48}},"type":"binary-expr","locations":[{"start":{"line":37,"column":4},"end":{"line":37,"column":44}},{"start":{"line":38,"column":4},"end":{"line":38,"column":48}}],"line":37},"5":{"loc":{"start":{"line":40,"column":2},"end":{"line":42,"column":3}},"type":"if","locations":[{"start":{"line":40,"column":2},"end":{"line":42,"column":3}},{"start":{},"end":{}}],"line":40}},"s":{"0":1,"1":1,"2":1,"3":1,"4":1,"5":0,"6":0,"7":0,"8":0,"9":0,"10":0,"11":0,"12":0,"13":0,"14":0,"15":0,"16":0,"17":0,"18":0,"19":0,"20":1,"21":0,"22":0,"23":0,"24":0,"25":0,"26":0,"27":0,"28":1},"f":{"0":0,"1":0,"2":0,"3":0,"4":0,"5":0},"b":{"0":[0,0],"1":[0,0],"2":[0,0],"3":[0,0],"4":[0,0],"5":[0,0]},"_coverageSchema":"1a1c01bbd47fc00a2c39e90264f33305004495a9","hash":"b20abacbc6777815a92797475415e5d6bd5a6325"}
,"/Users/sakinanagarwala/COSC-4353/backend/routes/volunteerMatchingRoutes.js": {"path":"/Users/sakinanagarwala/COSC-4353/backend/routes/volunteerMatchingRoutes.js","statementMap":{"0":{"start":{"line":2,"column":16},"end":{"line":2,"column":34}},"1":{"start":{"line":3,"column":15},"end":{"line":3,"column":31}},"2":{"start":{"line":4,"column":21},"end":{"line":4,"column":51}},"3":{"start":{"line":5,"column":19},"end":{"line":5,"column":50}},"4":{"start":{"line":11,"column":14},"end":{"line":11,"column":16}},"5":{"start":{"line":12,"column":21},"end":{"line":12,"column":22}},"6":{"start":{"line":16,"column":0},"end":{"line":49,"column":3}},"7":{"start":{"line":17,"column":2},"end":{"line":48,"column":3}},"8":{"start":{"line":19,"column":25},"end":{"line":21,"column":6}},"9":{"start":{"line":20,"column":6},"end":{"line":20,"column":55}},"10":{"start":{"line":23,"column":28},"end":{"line":35,"column":7}},"11":{"start":{"line":23,"column":55},"end":{"line":35,"column":5}},"12":{"start":{"line":37,"column":4},"end":{"line":40,"column":7}},"13":{"start":{"line":42,"column":4},"end":{"line":42,"column":51}},"14":{"start":{"line":43,"column":4},"end":{"line":47,"column":7}},"15":{"start":{"line":53,"column":22},"end":{"line":58,"column":3}},"16":{"start":{"line":59,"column":19},"end":{"line":59,"column":80}},"17":{"start":{"line":59,"column":43},"end":{"line":59,"column":60}},"18":{"start":{"line":60,"column":2},"end":{"line":60,"column":31}},"19":{"start":{"line":65,"column":0},"end":{"line":188,"column":3}},"20":{"start":{"line":66,"column":2},"end":{"line":187,"column":3}},"21":{"start":{"line":67,"column":24},"end":{"line":67,"column":34}},"22":{"start":{"line":70,"column":26},"end":{"line":70,"column":75}},"23":{"start":{"line":70,"column":53},"end":{"line":70,"column":74}},"24":{"start":{"line":72,"column":4},"end":{"line":77,"column":5}},"25":{"start":{"line":73,"column":6},"end":{"line":76,"column":9}},"26":{"start":{"line":80,"column":22},"end":{"line":80,"column":62}},"27":{"start":{"line":81,"column":24},"end":{"line":81,"column":84}},"28":{"start":{"line":81,"column":55},"end":{"line":81,"column":77}},"29":{"start":{"line":82,"column":23},"end":{"line":82,"column":55}},"30":{"start":{"line":85,"column":32},"end":{"line":87,"column":30}},"31":{"start":{"line":86,"column":19},"end":{"line":86,"column":40}},"32":{"start":{"line":87,"column":16},"end":{"line":87,"column":29}},"33":{"start":{"line":90,"column":4},"end":{"line":92,"column":5}},"34":{"start":{"line":91,"column":6},"end":{"line":91,"column":38}},"35":{"start":{"line":95,"column":23},"end":{"line":95,"column":30}},"36":{"start":{"line":98,"column":31},"end":{"line":148,"column":6}},"37":{"start":{"line":100,"column":6},"end":{"line":103,"column":7}},"38":{"start":{"line":101,"column":8},"end":{"line":101,"column":75}},"39":{"start":{"line":102,"column":8},"end":{"line":102,"column":21}},"40":{"start":{"line":106,"column":6},"end":{"line":109,"column":7}},"41":{"start":{"line":107,"column":8},"end":{"line":107,"column":65}},"42":{"start":{"line":108,"column":8},"end":{"line":108,"column":21}},"43":{"start":{"line":112,"column":6},"end":{"line":114,"column":7}},"44":{"start":{"line":113,"column":8},"end":{"line":113,"column":21}},"45":{"start":{"line":117,"column":24},"end":{"line":117,"column":103}},"46":{"start":{"line":120,"column":31},"end":{"line":124,"column":7}},"47":{"start":{"line":121,"column":8},"end":{"line":123,"column":9}},"48":{"start":{"line":122,"column":10},"end":{"line":122,"column":72}},"49":{"start":{"line":127,"column":6},"end":{"line":130,"column":7}},"50":{"start":{"line":128,"column":8},"end":{"line":128,"column":78}},"51":{"start":{"line":129,"column":8},"end":{"line":129,"column":21}},"52":{"start":{"line":133,"column":30},"end":{"line":145,"column":10}},"53":{"start":{"line":136,"column":27},"end":{"line":142,"column":11}},"54":{"start":{"line":137,"column":12},"end":{"line":141,"column":56}},"55":{"start":{"line":144,"column":10},"end":{"line":144,"column":73}},"56":{"start":{"line":147,"column":6},"end":{"line":147,"column":62}},"57":{"start":{"line":151,"column":32},"end":{"line":164,"column":7}},"58":{"start":{"line":151,"column":69},"end":{"line":164,"column":5}},"59":{"start":{"line":160,"column":8},"end":{"line":162,"column":9}},"60":{"start":{"line":161,"column":10},"end":{"line":161,"column":72}},"61":{"start":{"line":166,"column":4},"end":{"line":179,"column":7}},"62":{"start":{"line":181,"column":4},"end":{"line":181,"column":64}},"63":{"start":{"line":182,"column":4},"end":{"line":186,"column":7}},"64":{"start":{"line":192,"column":0},"end":{"line":321,"column":3}},"65":{"start":{"line":193,"column":2},"end":{"line":320,"column":3}},"66":{"start":{"line":194,"column":37},"end":{"line":194,"column":45}},"67":{"start":{"line":197,"column":4},"end":{"line":202,"column":5}},"68":{"start":{"line":198,"column":6},"end":{"line":201,"column":9}},"69":{"start":{"line":205,"column":22},"end":{"line":205,"column":74}},"70":{"start":{"line":205,"column":52},"end":{"line":205,"column":73}},"71":{"start":{"line":206,"column":18},"end":{"line":206,"column":59}},"72":{"start":{"line":206,"column":41},"end":{"line":206,"column":58}},"73":{"start":{"line":208,"column":4},"end":{"line":213,"column":5}},"74":{"start":{"line":209,"column":6},"end":{"line":212,"column":9}},"75":{"start":{"line":215,"column":4},"end":{"line":220,"column":5}},"76":{"start":{"line":216,"column":6},"end":{"line":219,"column":9}},"77":{"start":{"line":223,"column":26},"end":{"line":225,"column":5}},"78":{"start":{"line":224,"column":6},"end":{"line":224,"column":60}},"79":{"start":{"line":227,"column":4},"end":{"line":232,"column":5}},"80":{"start":{"line":228,"column":6},"end":{"line":231,"column":9}},"81":{"start":{"line":235,"column":22},"end":{"line":235,"column":79}},"82":{"start":{"line":236,"column":29},"end":{"line":240,"column":5}},"83":{"start":{"line":237,"column":6},"end":{"line":239,"column":7}},"84":{"start":{"line":238,"column":8},"end":{"line":238,"column":70}},"85":{"start":{"line":242,"column":4},"end":{"line":247,"column":5}},"86":{"start":{"line":243,"column":6},"end":{"line":246,"column":9}},"87":{"start":{"line":249,"column":4},"end":{"line":254,"column":5}},"88":{"start":{"line":250,"column":6},"end":{"line":253,"column":9}},"89":{"start":{"line":257,"column":4},"end":{"line":272,"column":5}},"90":{"start":{"line":258,"column":26},"end":{"line":264,"column":7}},"91":{"start":{"line":259,"column":8},"end":{"line":263,"column":80}},"92":{"start":{"line":263,"column":46},"end":{"line":263,"column":79}},"93":{"start":{"line":266,"column":6},"end":{"line":271,"column":7}},"94":{"start":{"line":267,"column":8},"end":{"line":270,"column":11}},"95":{"start":{"line":275,"column":21},"end":{"line":304,"column":5}},"96":{"start":{"line":282,"column":8},"end":{"line":284,"column":9}},"97":{"start":{"line":283,"column":10},"end":{"line":283,"column":72}},"98":{"start":{"line":306,"column":4},"end":{"line":306,"column":27}},"99":{"start":{"line":308,"column":4},"end":{"line":312,"column":7}},"100":{"start":{"line":314,"column":4},"end":{"line":314,"column":50}},"101":{"start":{"line":315,"column":4},"end":{"line":319,"column":7}},"102":{"start":{"line":325,"column":0},"end":{"line":368,"column":3}},"103":{"start":{"line":326,"column":2},"end":{"line":367,"column":3}},"104":{"start":{"line":328,"column":29},"end":{"line":354,"column":6}},"105":{"start":{"line":329,"column":24},"end":{"line":329,"column":82}},"106":{"start":{"line":329,"column":54},"end":{"line":329,"column":81}},"107":{"start":{"line":330,"column":20},"end":{"line":330,"column":67}},"108":{"start":{"line":330,"column":43},"end":{"line":330,"column":66}},"109":{"start":{"line":332,"column":6},"end":{"line":353,"column":8}},"110":{"start":{"line":356,"column":4},"end":{"line":359,"column":7}},"111":{"start":{"line":361,"column":4},"end":{"line":361,"column":52}},"112":{"start":{"line":362,"column":4},"end":{"line":366,"column":7}},"113":{"start":{"line":372,"column":0},"end":{"line":399,"column":3}},"114":{"start":{"line":373,"column":2},"end":{"line":398,"column":3}},"115":{"start":{"line":374,"column":24},"end":{"line":374,"column":34}},"116":{"start":{"line":375,"column":23},"end":{"line":375,"column":73}},"117":{"start":{"line":375,"column":46},"end":{"line":375,"column":72}},"118":{"start":{"line":377,"column":4},"end":{"line":382,"column":5}},"119":{"start":{"line":378,"column":6},"end":{"line":381,"column":9}},"120":{"start":{"line":384,"column":25},"end":{"line":384,"column":57}},"121":{"start":{"line":386,"column":4},"end":{"line":390,"column":7}},"122":{"start":{"line":392,"column":4},"end":{"line":392,"column":50}},"123":{"start":{"line":393,"column":4},"end":{"line":397,"column":7}},"124":{"start":{"line":403,"column":0},"end":{"line":458,"column":3}},"125":{"start":{"line":404,"column":2},"end":{"line":457,"column":3}},"126":{"start":{"line":405,"column":28},"end":{"line":405,"column":38}},"127":{"start":{"line":407,"column":22},"end":{"line":407,"column":74}},"128":{"start":{"line":407,"column":52},"end":{"line":407,"column":73}},"129":{"start":{"line":408,"column":4},"end":{"line":413,"column":5}},"130":{"start":{"line":409,"column":6},"end":{"line":412,"column":9}},"131":{"start":{"line":415,"column":29},"end":{"line":415,"column":79}},"132":{"start":{"line":415,"column":49},"end":{"line":415,"column":78}},"133":{"start":{"line":416,"column":25},"end":{"line":416,"column":48}},"134":{"start":{"line":417,"column":26},"end":{"line":417,"column":84}},"135":{"start":{"line":417,"column":55},"end":{"line":417,"column":76}},"136":{"start":{"line":420,"column":29},"end":{"line":430,"column":6}},"137":{"start":{"line":421,"column":24},"end":{"line":421,"column":81}},"138":{"start":{"line":422,"column":31},"end":{"line":426,"column":7}},"139":{"start":{"line":423,"column":8},"end":{"line":425,"column":9}},"140":{"start":{"line":424,"column":10},"end":{"line":424,"column":72}},"141":{"start":{"line":427,"column":32},"end":{"line":427,"column":84}},"142":{"start":{"line":427,"column":60},"end":{"line":427,"column":83}},"143":{"start":{"line":429,"column":6},"end":{"line":429,"column":64}},"144":{"start":{"line":432,"column":4},"end":{"line":449,"column":7}},"145":{"start":{"line":451,"column":4},"end":{"line":451,"column":60}},"146":{"start":{"line":452,"column":4},"end":{"line":456,"column":7}},"147":{"start":{"line":462,"column":0},"end":{"line":518,"column":3}},"148":{"start":{"line":463,"column":2},"end":{"line":517,"column":3}},"149":{"start":{"line":464,"column":24},"end":{"line":464,"column":34}},"150":{"start":{"line":466,"column":18},"end":{"line":466,"column":59}},"151":{"start":{"line":466,"column":41},"end":{"line":466,"column":58}},"152":{"start":{"line":467,"column":4},"end":{"line":472,"column":5}},"153":{"start":{"line":468,"column":6},"end":{"line":471,"column":9}},"154":{"start":{"line":474,"column":25},"end":{"line":474,"column":67}},"155":{"start":{"line":474,"column":45},"end":{"line":474,"column":66}},"156":{"start":{"line":475,"column":25},"end":{"line":475,"column":44}},"157":{"start":{"line":476,"column":26},"end":{"line":476,"column":80}},"158":{"start":{"line":476,"column":51},"end":{"line":476,"column":72}},"159":{"start":{"line":479,"column":32},"end":{"line":489,"column":6}},"160":{"start":{"line":480,"column":24},"end":{"line":480,"column":81}},"161":{"start":{"line":481,"column":31},"end":{"line":485,"column":7}},"162":{"start":{"line":482,"column":8},"end":{"line":484,"column":9}},"163":{"start":{"line":483,"column":10},"end":{"line":483,"column":72}},"164":{"start":{"line":486,"column":32},"end":{"line":486,"column":88}},"165":{"start":{"line":486,"column":56},"end":{"line":486,"column":87}},"166":{"start":{"line":488,"column":6},"end":{"line":488,"column":64}},"167":{"start":{"line":491,"column":4},"end":{"line":509,"column":7}},"168":{"start":{"line":511,"column":4},"end":{"line":511,"column":56}},"169":{"start":{"line":512,"column":4},"end":{"line":516,"column":7}},"170":{"start":{"line":520,"column":0},"end":{"line":520,"column":24}}},"fnMap":{"0":{"name":"(anonymous_0)","decl":{"start":{"line":16,"column":22},"end":{"line":16,"column":23}},"loc":{"start":{"line":16,"column":36},"end":{"line":49,"column":1}},"line":16},"1":{"name":"(anonymous_1)","decl":{"start":{"line":19,"column":48},"end":{"line":19,"column":49}},"loc":{"start":{"line":19,"column":58},"end":{"line":21,"column":5}},"line":19},"2":{"name":"(anonymous_2)","decl":{"start":{"line":23,"column":45},"end":{"line":23,"column":46}},"loc":{"start":{"line":23,"column":55},"end":{"line":35,"column":5}},"line":23},"3":{"name":"getUrgencyName","decl":{"start":{"line":52,"column":9},"end":{"line":52,"column":23}},"loc":{"start":{"line":52,"column":30},"end":{"line":61,"column":1}},"line":52},"4":{"name":"(anonymous_4)","decl":{"start":{"line":59,"column":36},"end":{"line":59,"column":37}},"loc":{"start":{"line":59,"column":43},"end":{"line":59,"column":60}},"line":59},"5":{"name":"(anonymous_5)","decl":{"start":{"line":65,"column":35},"end":{"line":65,"column":36}},"loc":{"start":{"line":65,"column":49},"end":{"line":188,"column":1}},"line":65},"6":{"name":"(anonymous_6)","decl":{"start":{"line":70,"column":44},"end":{"line":70,"column":45}},"loc":{"start":{"line":70,"column":53},"end":{"line":70,"column":74}},"line":70},"7":{"name":"(anonymous_7)","decl":{"start":{"line":81,"column":50},"end":{"line":81,"column":51}},"loc":{"start":{"line":81,"column":55},"end":{"line":81,"column":77}},"line":81},"8":{"name":"(anonymous_8)","decl":{"start":{"line":86,"column":14},"end":{"line":86,"column":15}},"loc":{"start":{"line":86,"column":19},"end":{"line":86,"column":40}},"line":86},"9":{"name":"(anonymous_9)","decl":{"start":{"line":87,"column":11},"end":{"line":87,"column":12}},"loc":{"start":{"line":87,"column":16},"end":{"line":87,"column":29}},"line":87},"10":{"name":"(anonymous_10)","decl":{"start":{"line":98,"column":58},"end":{"line":98,"column":59}},"loc":{"start":{"line":98,"column":71},"end":{"line":148,"column":5}},"line":98},"11":{"name":"(anonymous_11)","decl":{"start":{"line":120,"column":53},"end":{"line":120,"column":54}},"loc":{"start":{"line":121,"column":8},"end":{"line":123,"column":9}},"line":121},"12":{"name":"(anonymous_12)","decl":{"start":{"line":121,"column":34},"end":{"line":121,"column":35}},"loc":{"start":{"line":122,"column":10},"end":{"line":122,"column":72}},"line":122},"13":{"name":"(anonymous_13)","decl":{"start":{"line":134,"column":40},"end":{"line":134,"column":41}},"loc":{"start":{"line":134,"column":53},"end":{"line":145,"column":9}},"line":134},"14":{"name":"(anonymous_14)","decl":{"start":{"line":136,"column":43},"end":{"line":136,"column":44}},"loc":{"start":{"line":137,"column":12},"end":{"line":141,"column":56}},"line":137},"15":{"name":"(anonymous_15)","decl":{"start":{"line":151,"column":55},"end":{"line":151,"column":56}},"loc":{"start":{"line":151,"column":69},"end":{"line":164,"column":5}},"line":151},"16":{"name":"(anonymous_16)","decl":{"start":{"line":159,"column":46},"end":{"line":159,"column":47}},"loc":{"start":{"line":160,"column":8},"end":{"line":162,"column":9}},"line":160},"17":{"name":"(anonymous_17)","decl":{"start":{"line":160,"column":34},"end":{"line":160,"column":35}},"loc":{"start":{"line":161,"column":10},"end":{"line":161,"column":72}},"line":161},"18":{"name":"(anonymous_18)","decl":{"start":{"line":192,"column":24},"end":{"line":192,"column":25}},"loc":{"start":{"line":192,"column":38},"end":{"line":321,"column":1}},"line":192},"19":{"name":"(anonymous_19)","decl":{"start":{"line":205,"column":47},"end":{"line":205,"column":48}},"loc":{"start":{"line":205,"column":52},"end":{"line":205,"column":73}},"line":205},"20":{"name":"(anonymous_20)","decl":{"start":{"line":206,"column":36},"end":{"line":206,"column":37}},"loc":{"start":{"line":206,"column":41},"end":{"line":206,"column":58}},"line":206},"21":{"name":"(anonymous_21)","decl":{"start":{"line":223,"column":39},"end":{"line":223,"column":40}},"loc":{"start":{"line":224,"column":6},"end":{"line":224,"column":60}},"line":224},"22":{"name":"(anonymous_22)","decl":{"start":{"line":236,"column":51},"end":{"line":236,"column":52}},"loc":{"start":{"line":237,"column":6},"end":{"line":239,"column":7}},"line":237},"23":{"name":"(anonymous_23)","decl":{"start":{"line":237,"column":24},"end":{"line":237,"column":25}},"loc":{"start":{"line":238,"column":8},"end":{"line":238,"column":70}},"line":238},"24":{"name":"(anonymous_24)","decl":{"start":{"line":258,"column":39},"end":{"line":258,"column":40}},"loc":{"start":{"line":259,"column":8},"end":{"line":263,"column":80}},"line":259},"25":{"name":"(anonymous_25)","decl":{"start":{"line":263,"column":38},"end":{"line":263,"column":39}},"loc":{"start":{"line":263,"column":46},"end":{"line":263,"column":79}},"line":263},"26":{"name":"(anonymous_26)","decl":{"start":{"line":281,"column":45},"end":{"line":281,"column":46}},"loc":{"start":{"line":282,"column":8},"end":{"line":284,"column":9}},"line":282},"27":{"name":"(anonymous_27)","decl":{"start":{"line":282,"column":26},"end":{"line":282,"column":27}},"loc":{"start":{"line":283,"column":10},"end":{"line":283,"column":72}},"line":283},"28":{"name":"(anonymous_28)","decl":{"start":{"line":325,"column":23},"end":{"line":325,"column":24}},"loc":{"start":{"line":325,"column":37},"end":{"line":368,"column":1}},"line":325},"29":{"name":"(anonymous_29)","decl":{"start":{"line":328,"column":41},"end":{"line":328,"column":42}},"loc":{"start":{"line":328,"column":50},"end":{"line":354,"column":5}},"line":328},"30":{"name":"(anonymous_30)","decl":{"start":{"line":329,"column":49},"end":{"line":329,"column":50}},"loc":{"start":{"line":329,"column":54},"end":{"line":329,"column":81}},"line":329},"31":{"name":"(anonymous_31)","decl":{"start":{"line":330,"column":38},"end":{"line":330,"column":39}},"loc":{"start":{"line":330,"column":43},"end":{"line":330,"column":66}},"line":330},"32":{"name":"(anonymous_32)","decl":{"start":{"line":372,"column":35},"end":{"line":372,"column":36}},"loc":{"start":{"line":372,"column":49},"end":{"line":399,"column":1}},"line":372},"33":{"name":"(anonymous_33)","decl":{"start":{"line":375,"column":41},"end":{"line":375,"column":42}},"loc":{"start":{"line":375,"column":46},"end":{"line":375,"column":72}},"line":375},"34":{"name":"(anonymous_34)","decl":{"start":{"line":403,"column":44},"end":{"line":403,"column":45}},"loc":{"start":{"line":403,"column":58},"end":{"line":458,"column":1}},"line":403},"35":{"name":"(anonymous_35)","decl":{"start":{"line":407,"column":47},"end":{"line":407,"column":48}},"loc":{"start":{"line":407,"column":52},"end":{"line":407,"column":73}},"line":407},"36":{"name":"(anonymous_36)","decl":{"start":{"line":415,"column":44},"end":{"line":415,"column":45}},"loc":{"start":{"line":415,"column":49},"end":{"line":415,"column":78}},"line":415},"37":{"name":"(anonymous_37)","decl":{"start":{"line":417,"column":50},"end":{"line":417,"column":51}},"loc":{"start":{"line":417,"column":55},"end":{"line":417,"column":76}},"line":417},"38":{"name":"(anonymous_38)","decl":{"start":{"line":420,"column":49},"end":{"line":420,"column":50}},"loc":{"start":{"line":420,"column":58},"end":{"line":430,"column":5}},"line":420},"39":{"name":"(anonymous_39)","decl":{"start":{"line":422,"column":53},"end":{"line":422,"column":54}},"loc":{"start":{"line":423,"column":8},"end":{"line":425,"column":9}},"line":423},"40":{"name":"(anonymous_40)","decl":{"start":{"line":423,"column":26},"end":{"line":423,"column":27}},"loc":{"start":{"line":424,"column":10},"end":{"line":424,"column":72}},"line":424},"41":{"name":"(anonymous_41)","decl":{"start":{"line":427,"column":55},"end":{"line":427,"column":56}},"loc":{"start":{"line":427,"column":60},"end":{"line":427,"column":83}},"line":427},"42":{"name":"(anonymous_42)","decl":{"start":{"line":462,"column":36},"end":{"line":462,"column":37}},"loc":{"start":{"line":462,"column":50},"end":{"line":518,"column":1}},"line":462},"43":{"name":"(anonymous_43)","decl":{"start":{"line":466,"column":36},"end":{"line":466,"column":37}},"loc":{"start":{"line":466,"column":41},"end":{"line":466,"column":58}},"line":466},"44":{"name":"(anonymous_44)","decl":{"start":{"line":474,"column":40},"end":{"line":474,"column":41}},"loc":{"start":{"line":474,"column":45},"end":{"line":474,"column":66}},"line":474},"45":{"name":"(anonymous_45)","decl":{"start":{"line":476,"column":46},"end":{"line":476,"column":47}},"loc":{"start":{"line":476,"column":51},"end":{"line":476,"column":72}},"line":476},"46":{"name":"(anonymous_46)","decl":{"start":{"line":479,"column":59},"end":{"line":479,"column":60}},"loc":{"start":{"line":479,"column":72},"end":{"line":489,"column":5}},"line":479},"47":{"name":"(anonymous_47)","decl":{"start":{"line":481,"column":53},"end":{"line":481,"column":54}},"loc":{"start":{"line":482,"column":8},"end":{"line":484,"column":9}},"line":482},"48":{"name":"(anonymous_48)","decl":{"start":{"line":482,"column":26},"end":{"line":482,"column":27}},"loc":{"start":{"line":483,"column":10},"end":{"line":483,"column":72}},"line":483},"49":{"name":"(anonymous_49)","decl":{"start":{"line":486,"column":51},"end":{"line":486,"column":52}},"loc":{"start":{"line":486,"column":56},"end":{"line":486,"column":87}},"line":486}},"branchMap":{"0":{"loc":{"start":{"line":33,"column":12},"end":{"line":33,"column":125}},"type":"cond-expr","locations":[{"start":{"line":33,"column":58},"end":{"line":33,"column":117}},{"start":{"line":33,"column":120},"end":{"line":33,"column":125}}],"line":33},"1":{"loc":{"start":{"line":33,"column":12},"end":{"line":33,"column":55}},"type":"binary-expr","locations":[{"start":{"line":33,"column":12},"end":{"line":33,"column":30}},{"start":{"line":33,"column":34},"end":{"line":33,"column":55}}],"line":33},"2":{"loc":{"start":{"line":34,"column":20},"end":{"line":34,"column":44}},"type":"binary-expr","locations":[{"start":{"line":34,"column":20},"end":{"line":34,"column":38}},{"start":{"line":34,"column":42},"end":{"line":34,"column":44}}],"line":34},"3":{"loc":{"start":{"line":59,"column":19},"end":{"line":59,"column":80}},"type":"binary-expr","locations":[{"start":{"line":59,"column":19},"end":{"line":59,"column":67}},{"start":{"line":59,"column":71},"end":{"line":59,"column":80}}],"line":59},"4":{"loc":{"start":{"line":72,"column":4},"end":{"line":77,"column":5}},"type":"if","locations":[{"start":{"line":72,"column":4},"end":{"line":77,"column":5}},{"start":{},"end":{}}],"line":72},"5":{"loc":{"start":{"line":81,"column":24},"end":{"line":81,"column":84}},"type":"binary-expr","locations":[{"start":{"line":81,"column":24},"end":{"line":81,"column":78}},{"start":{"line":81,"column":82},"end":{"line":81,"column":84}}],"line":81},"6":{"loc":{"start":{"line":82,"column":23},"end":{"line":82,"column":55}},"type":"binary-expr","locations":[{"start":{"line":82,"column":23},"end":{"line":82,"column":49}},{"start":{"line":82,"column":53},"end":{"line":82,"column":55}}],"line":82},"7":{"loc":{"start":{"line":90,"column":4},"end":{"line":92,"column":5}},"type":"if","locations":[{"start":{"line":90,"column":4},"end":{"line":92,"column":5}},{"start":{},"end":{}}],"line":90},"8":{"loc":{"start":{"line":90,"column":8},"end":{"line":90,"column":81}},"type":"binary-expr","locations":[{"start":{"line":90,"column":8},"end":{"line":90,"column":35}},{"start":{"line":90,"column":39},"end":{"line":90,"column":81}}],"line":90},"9":{"loc":{"start":{"line":100,"column":6},"end":{"line":103,"column":7}},"type":"if","locations":[{"start":{"line":100,"column":6},"end":{"line":103,"column":7}},{"start":{},"end":{}}],"line":100},"10":{"loc":{"start":{"line":100,"column":10},"end":{"line":100,"column":96}},"type":"binary-expr","locations":[{"start":{"line":100,"column":10},"end":{"line":100,"column":20}},{"start":{"line":100,"column":24},"end":{"line":100,"column":39}},{"start":{"line":100,"column":43},"end":{"line":100,"column":60}},{"start":{"line":100,"column":64},"end":{"line":100,"column":96}}],"line":100},"11":{"loc":{"start":{"line":106,"column":6},"end":{"line":109,"column":7}},"type":"if","locations":[{"start":{"line":106,"column":6},"end":{"line":109,"column":7}},{"start":{},"end":{}}],"line":106},"12":{"loc":{"start":{"line":106,"column":10},"end":{"line":106,"column":72}},"type":"binary-expr","locations":[{"start":{"line":106,"column":10},"end":{"line":106,"column":24}},{"start":{"line":106,"column":28},"end":{"line":106,"column":47}},{"start":{"line":106,"column":51},"end":{"line":106,"column":72}}],"line":106},"13":{"loc":{"start":{"line":112,"column":6},"end":{"line":114,"column":7}},"type":"if","locations":[{"start":{"line":112,"column":6},"end":{"line":114,"column":7}},{"start":{},"end":{}}],"line":112},"14":{"loc":{"start":{"line":127,"column":6},"end":{"line":130,"column":7}},"type":"if","locations":[{"start":{"line":127,"column":6},"end":{"line":130,"column":7}},{"start":{},"end":{}}],"line":127},"15":{"loc":{"start":{"line":127,"column":10},"end":{"line":127,"column":75}},"type":"binary-expr","locations":[{"start":{"line":127,"column":10},"end":{"line":127,"column":33}},{"start":{"line":127,"column":37},"end":{"line":127,"column":75}}],"line":127},"16":{"loc":{"start":{"line":133,"column":30},"end":{"line":145,"column":10}},"type":"binary-expr","locations":[{"start":{"line":133,"column":30},"end":{"line":133,"column":69}},{"start":{"line":134,"column":8},"end":{"line":145,"column":10}}],"line":133},"17":{"loc":{"start":{"line":137,"column":12},"end":{"line":141,"column":56}},"type":"binary-expr","locations":[{"start":{"line":137,"column":12},"end":{"line":137,"column":47}},{"start":{"line":138,"column":12},"end":{"line":138,"column":37}},{"start":{"line":139,"column":12},"end":{"line":139,"column":23}},{"start":{"line":140,"column":12},"end":{"line":140,"column":36}},{"start":{"line":141,"column":12},"end":{"line":141,"column":56}}],"line":137},"18":{"loc":{"start":{"line":144,"column":17},"end":{"line":144,"column":72}},"type":"binary-expr","locations":[{"start":{"line":144,"column":17},"end":{"line":144,"column":26}},{"start":{"line":144,"column":30},"end":{"line":144,"column":72}}],"line":144},"19":{"loc":{"start":{"line":147,"column":13},"end":{"line":147,"column":61}},"type":"binary-expr","locations":[{"start":{"line":147,"column":13},"end":{"line":147,"column":22}},{"start":{"line":147,"column":26},"end":{"line":147,"column":42}},{"start":{"line":147,"column":46},"end":{"line":147,"column":61}}],"line":147},"20":{"loc":{"start":{"line":157,"column":20},"end":{"line":157,"column":48}},"type":"binary-expr","locations":[{"start":{"line":157,"column":20},"end":{"line":157,"column":42}},{"start":{"line":157,"column":46},"end":{"line":157,"column":48}}],"line":157},"21":{"loc":{"start":{"line":158,"column":19},"end":{"line":158,"column":60}},"type":"binary-expr","locations":[{"start":{"line":158,"column":19},"end":{"line":158,"column":40}},{"start":{"line":158,"column":44},"end":{"line":158,"column":60}}],"line":158},"22":{"loc":{"start":{"line":197,"column":4},"end":{"line":202,"column":5}},"type":"if","locations":[{"start":{"line":197,"column":4},"end":{"line":202,"column":5}},{"start":{},"end":{}}],"line":197},"23":{"loc":{"start":{"line":197,"column":8},"end":{"line":197,"column":32}},"type":"binary-expr","locations":[{"start":{"line":197,"column":8},"end":{"line":197,"column":20}},{"start":{"line":197,"column":24},"end":{"line":197,"column":32}}],"line":197},"24":{"loc":{"start":{"line":208,"column":4},"end":{"line":213,"column":5}},"type":"if","locations":[{"start":{"line":208,"column":4},"end":{"line":213,"column":5}},{"start":{},"end":{}}],"line":208},"25":{"loc":{"start":{"line":215,"column":4},"end":{"line":220,"column":5}},"type":"if","locations":[{"start":{"line":215,"column":4},"end":{"line":220,"column":5}},{"start":{},"end":{}}],"line":215},"26":{"loc":{"start":{"line":224,"column":6},"end":{"line":224,"column":60}},"type":"binary-expr","locations":[{"start":{"line":224,"column":6},"end":{"line":224,"column":35}},{"start":{"line":224,"column":39},"end":{"line":224,"column":60}}],"line":224},"27":{"loc":{"start":{"line":227,"column":4},"end":{"line":232,"column":5}},"type":"if","locations":[{"start":{"line":227,"column":4},"end":{"line":232,"column":5}},{"start":{},"end":{}}],"line":227},"28":{"loc":{"start":{"line":242,"column":4},"end":{"line":247,"column":5}},"type":"if","locations":[{"start":{"line":242,"column":4},"end":{"line":247,"column":5}},{"start":{},"end":{}}],"line":242},"29":{"loc":{"start":{"line":249,"column":4},"end":{"line":254,"column":5}},"type":"if","locations":[{"start":{"line":249,"column":4},"end":{"line":254,"column":5}},{"start":{},"end":{}}],"line":249},"30":{"loc":{"start":{"line":257,"column":4},"end":{"line":272,"column":5}},"type":"if","locations":[{"start":{"line":257,"column":4},"end":{"line":272,"column":5}},{"start":{},"end":{}}],"line":257},"31":{"loc":{"start":{"line":257,"column":8},"end":{"line":257,"column":52}},"type":"binary-expr","locations":[{"start":{"line":257,"column":8},"end":{"line":257,"column":30}},{"start":{"line":257,"column":34},"end":{"line":257,"column":52}}],"line":257},"32":{"loc":{"start":{"line":259,"column":8},"end":{"line":263,"column":80}},"type":"binary-expr","locations":[{"start":{"line":259,"column":8},"end":{"line":259,"column":41}},{"start":{"line":260,"column":8},"end":{"line":260,"column":33}},{"start":{"line":261,"column":8},"end":{"line":261,"column":19}},{"start":{"line":262,"column":8},"end":{"line":262,"column":32}},{"start":{"line":263,"column":8},"end":{"line":263,"column":80}}],"line":259},"33":{"loc":{"start":{"line":266,"column":6},"end":{"line":271,"column":7}},"type":"if","locations":[{"start":{"line":266,"column":6},"end":{"line":271,"column":7}},{"start":{},"end":{}}],"line":266},"34":{"loc":{"start":{"line":300,"column":22},"end":{"line":300,"column":46}},"type":"binary-expr","locations":[{"start":{"line":300,"column":22},"end":{"line":300,"column":40}},{"start":{"line":300,"column":44},"end":{"line":300,"column":46}}],"line":300},"35":{"loc":{"start":{"line":301,"column":14},"end":{"line":302,"column":77}},"type":"cond-expr","locations":[{"start":{"line":302,"column":10},"end":{"line":302,"column":69}},{"start":{"line":302,"column":72},"end":{"line":302,"column":77}}],"line":301},"36":{"loc":{"start":{"line":301,"column":14},"end":{"line":301,"column":57}},"type":"binary-expr","locations":[{"start":{"line":301,"column":14},"end":{"line":301,"column":32}},{"start":{"line":301,"column":36},"end":{"line":301,"column":57}}],"line":301},"37":{"loc":{"start":{"line":335,"column":14},"end":{"line":335,"column":49}},"type":"binary-expr","locations":[{"start":{"line":335,"column":14},"end":{"line":335,"column":28}},{"start":{"line":335,"column":32},"end":{"line":335,"column":49}}],"line":335},"38":{"loc":{"start":{"line":336,"column":16},"end":{"line":336,"column":54}},"type":"binary-expr","locations":[{"start":{"line":336,"column":16},"end":{"line":336,"column":31}},{"start":{"line":336,"column":35},"end":{"line":336,"column":54}}],"line":336},"39":{"loc":{"start":{"line":337,"column":18},"end":{"line":337,"column":41}},"type":"binary-expr","locations":[{"start":{"line":337,"column":18},"end":{"line":337,"column":35}},{"start":{"line":337,"column":39},"end":{"line":337,"column":41}}],"line":337},"40":{"loc":{"start":{"line":338,"column":16},"end":{"line":338,"column":44}},"type":"binary-expr","locations":[{"start":{"line":338,"column":16},"end":{"line":338,"column":31}},{"start":{"line":338,"column":35},"end":{"line":338,"column":44}}],"line":338},"41":{"loc":{"start":{"line":341,"column":14},"end":{"line":341,"column":41}},"type":"binary-expr","locations":[{"start":{"line":341,"column":14},"end":{"line":341,"column":24}},{"start":{"line":341,"column":28},"end":{"line":341,"column":41}}],"line":341},"42":{"loc":{"start":{"line":342,"column":16},"end":{"line":342,"column":51}},"type":"binary-expr","locations":[{"start":{"line":342,"column":16},"end":{"line":342,"column":32}},{"start":{"line":342,"column":36},"end":{"line":342,"column":51}}],"line":342},"43":{"loc":{"start":{"line":343,"column":26},"end":{"line":343,"column":45}},"type":"binary-expr","locations":[{"start":{"line":343,"column":26},"end":{"line":343,"column":39}},{"start":{"line":343,"column":43},"end":{"line":343,"column":45}}],"line":343},"44":{"loc":{"start":{"line":344,"column":16},"end":{"line":344,"column":40}},"type":"binary-expr","locations":[{"start":{"line":344,"column":16},"end":{"line":344,"column":27}},{"start":{"line":344,"column":31},"end":{"line":344,"column":40}}],"line":344},"45":{"loc":{"start":{"line":345,"column":19},"end":{"line":345,"column":57}},"type":"binary-expr","locations":[{"start":{"line":345,"column":19},"end":{"line":345,"column":33}},{"start":{"line":345,"column":37},"end":{"line":345,"column":57}}],"line":345},"46":{"loc":{"start":{"line":346,"column":23},"end":{"line":346,"column":102}},"type":"cond-expr","locations":[{"start":{"line":346,"column":31},"end":{"line":346,"column":60}},{"start":{"line":346,"column":64},"end":{"line":346,"column":101}}],"line":346},"47":{"loc":{"start":{"line":346,"column":64},"end":{"line":346,"column":101}},"type":"binary-expr","locations":[{"start":{"line":346,"column":64},"end":{"line":346,"column":88}},{"start":{"line":346,"column":92},"end":{"line":346,"column":101}}],"line":346},"48":{"loc":{"start":{"line":347,"column":16},"end":{"line":347,"column":110}},"type":"cond-expr","locations":[{"start":{"line":347,"column":43},"end":{"line":347,"column":102}},{"start":{"line":347,"column":105},"end":{"line":347,"column":110}}],"line":347},"49":{"loc":{"start":{"line":348,"column":24},"end":{"line":348,"column":49}},"type":"binary-expr","locations":[{"start":{"line":348,"column":24},"end":{"line":348,"column":43}},{"start":{"line":348,"column":47},"end":{"line":348,"column":49}}],"line":348},"50":{"loc":{"start":{"line":350,"column":23},"end":{"line":350,"column":48}},"type":"binary-expr","locations":[{"start":{"line":350,"column":23},"end":{"line":350,"column":42}},{"start":{"line":350,"column":46},"end":{"line":350,"column":48}}],"line":350},"51":{"loc":{"start":{"line":377,"column":4},"end":{"line":382,"column":5}},"type":"if","locations":[{"start":{"line":377,"column":4},"end":{"line":382,"column":5}},{"start":{},"end":{}}],"line":377},"52":{"loc":{"start":{"line":408,"column":4},"end":{"line":413,"column":5}},"type":"if","locations":[{"start":{"line":408,"column":4},"end":{"line":413,"column":5}},{"start":{},"end":{}}],"line":408},"53":{"loc":{"start":{"line":429,"column":13},"end":{"line":429,"column":63}},"type":"binary-expr","locations":[{"start":{"line":429,"column":13},"end":{"line":429,"column":22}},{"start":{"line":429,"column":26},"end":{"line":429,"column":42}},{"start":{"line":429,"column":46},"end":{"line":429,"column":63}}],"line":429},"54":{"loc":{"start":{"line":467,"column":4},"end":{"line":472,"column":5}},"type":"if","locations":[{"start":{"line":467,"column":4},"end":{"line":472,"column":5}},{"start":{},"end":{}}],"line":467},"55":{"loc":{"start":{"line":488,"column":13},"end":{"line":488,"column":63}},"type":"binary-expr","locations":[{"start":{"line":488,"column":13},"end":{"line":488,"column":22}},{"start":{"line":488,"column":26},"end":{"line":488,"column":42}},{"start":{"line":488,"column":46},"end":{"line":488,"column":63}}],"line":488}},"s":{"0":1,"1":1,"2":1,"3":1,"4":1,"5":1,"6":1,"7":0,"8":0,"9":0,"10":0,"11":0,"12":0,"13":0,"14":0,"15":0,"16":0,"17":0,"18":0,"19":1,"20":0,"21":0,"22":0,"23":0,"24":0,"25":0,"26":0,"27":0,"28":0,"29":0,"30":0,"31":0,"32":0,"33":0,"34":0,"35":0,"36":0,"37":0,"38":0,"39":0,"40":0,"41":0,"42":0,"43":0,"44":0,"45":0,"46":0,"47":0,"48":0,"49":0,"50":0,"51":0,"52":0,"53":0,"54":0,"55":0,"56":0,"57":0,"58":0,"59":0,"60":0,"61":0,"62":0,"63":0,"64":1,"65":0,"66":0,"67":0,"68":0,"69":0,"70":0,"71":0,"72":0,"73":0,"74":0,"75":0,"76":0,"77":0,"78":0,"79":0,"80":0,"81":0,"82":0,"83":0,"84":0,"85":0,"86":0,"87":0,"88":0,"89":0,"90":0,"91":0,"92":0,"93":0,"94":0,"95":0,"96":0,"97":0,"98":0,"99":0,"100":0,"101":0,"102":1,"103":0,"104":0,"105":0,"106":0,"107":0,"108":0,"109":0,"110":0,"111":0,"112":0,"113":1,"114":0,"115":0,"116":0,"117":0,"118":0,"119":0,"120":0,"121":0,"122":0,"123":0,"124":1,"125":0,"126":0,"127":0,"128":0,"129":0,"130":0,"131":0,"132":0,"133":0,"134":0,"135":0,"136":0,"137":0,"138":0,"139":0,"140":0,"141":0,"142":0,"143":0,"144":0,"145":0,"146":0,"147":1,"148":0,"149":0,"150":0,"151":0,"152":0,"153":0,"154":0,"155":0,"156":0,"157":0,"158":0,"159":0,"160":0,"161":0,"162":0,"163":0,"164":0,"165":0,"166":0,"167":0,"168":0,"169":0,"170":1},"f":{"0":0,"1":0,"2":0,"3":0,"4":0,"5":0,"6":0,"7":0,"8":0,"9":0,"10":0,"11":0,"12":0,"13":0,"14":0,"15":0,"16":0,"17":0,"18":0,"19":0,"20":0,"21":0,"22":0,"23":0,"24":0,"25":0,"26":0,"27":0,"28":0,"29":0,"30":0,"31":0,"32":0,"33":0,"34":0,"35":0,"36":0,"37":0,"38":0,"39":0,"40":0,"41":0,"42":0,"43":0,"44":0,"45":0,"46":0,"47":0,"48":0,"49":0},"b":{"0":[0,0],"1":[0,0],"2":[0,0],"3":[0,0],"4":[0,0],"5":[0,0],"6":[0,0],"7":[0,0],"8":[0,0],"9":[0,0],"10":[0,0,0,0],"11":[0,0],"12":[0,0,0],"13":[0,0],"14":[0,0],"15":[0,0],"16":[0,0],"17":[0,0,0,0,0],"18":[0,0],"19":[0,0,0],"20":[0,0],"21":[0,0],"22":[0,0],"23":[0,0],"24":[0,0],"25":[0,0],"26":[0,0],"27":[0,0],"28":[0,0],"29":[0,0],"30":[0,0],"31":[0,0],"32":[0,0,0,0,0],"33":[0,0],"34":[0,0],"35":[0,0],"36":[0,0],"37":[0,0],"38":[0,0],"39":[0,0],"40":[0,0],"41":[0,0],"42":[0,0],"43":[0,0],"44":[0,0],"45":[0,0],"46":[0,0],"47":[0,0],"48":[0,0],"49":[0,0],"50":[0,0],"51":[0,0],"52":[0,0],"53":[0,0,0],"54":[0,0],"55":[0,0,0]},"_coverageSchema":"1a1c01bbd47fc00a2c39e90264f33305004495a9","hash":"3b6d03f4b7fddaf37ca93cda50563441f09d827b"}
,"/Users/sakinanagarwala/COSC-4353/backend/utils/validateEvent.js": {"path":"/Users/sakinanagarwala/COSC-4353/backend/utils/validateEvent.js","statementMap":{"0":{"start":{"line":2,"column":19},"end":{"line":2,"column":21}},"1":{"start":{"line":4,"column":4},"end":{"line":4,"column":57}},"2":{"start":{"line":4,"column":19},"end":{"line":4,"column":57}},"3":{"start":{"line":5,"column":4},"end":{"line":5,"column":56}},"4":{"start":{"line":5,"column":19},"end":{"line":5,"column":56}},"5":{"start":{"line":6,"column":4},"end":{"line":6,"column":85}},"6":{"start":{"line":6,"column":51},"end":{"line":6,"column":85}},"7":{"start":{"line":7,"column":4},"end":{"line":7,"column":78}},"8":{"start":{"line":7,"column":47},"end":{"line":7,"column":78}},"9":{"start":{"line":8,"column":4},"end":{"line":8,"column":69}},"10":{"start":{"line":8,"column":41},"end":{"line":8,"column":69}},"11":{"start":{"line":9,"column":4},"end":{"line":9,"column":72}},"12":{"start":{"line":9,"column":43},"end":{"line":9,"column":72}},"13":{"start":{"line":10,"column":4},"end":{"line":10,"column":74}},"14":{"start":{"line":10,"column":42},"end":{"line":10,"column":74}},"15":{"start":{"line":11,"column":4},"end":{"line":11,"column":60}},"16":{"start":{"line":11,"column":23},"end":{"line":11,"column":60}},"17":{"start":{"line":13,"column":4},"end":{"line":15,"column":5}},"18":{"start":{"line":14,"column":6},"end":{"line":14,"column":48}},"19":{"start":{"line":17,"column":4},"end":{"line":17,"column":18}},"20":{"start":{"line":20,"column":0},"end":{"line":20,"column":35}}},"fnMap":{"0":{"name":"validateEvent","decl":{"start":{"line":1,"column":9},"end":{"line":1,"column":22}},"loc":{"start":{"line":1,"column":29},"end":{"line":18,"column":1}},"line":1}},"branchMap":{"0":{"loc":{"start":{"line":4,"column":4},"end":{"line":4,"column":57}},"type":"if","locations":[{"start":{"line":4,"column":4},"end":{"line":4,"column":57}},{"start":{},"end":{}}],"line":4},"1":{"loc":{"start":{"line":5,"column":4},"end":{"line":5,"column":56}},"type":"if","locations":[{"start":{"line":5,"column":4},"end":{"line":5,"column":56}},{"start":{},"end":{}}],"line":5},"2":{"loc":{"start":{"line":6,"column":4},"end":{"line":6,"column":85}},"type":"if","locations":[{"start":{"line":6,"column":4},"end":{"line":6,"column":85}},{"start":{},"end":{}}],"line":6},"3":{"loc":{"start":{"line":6,"column":8},"end":{"line":6,"column":49}},"type":"binary-expr","locations":[{"start":{"line":6,"column":8},"end":{"line":6,"column":23}},{"start":{"line":6,"column":27},"end":{"line":6,"column":49}}],"line":6},"4":{"loc":{"start":{"line":7,"column":4},"end":{"line":7,"column":78}},"type":"if","locations":[{"start":{"line":7,"column":4},"end":{"line":7,"column":78}},{"start":{},"end":{}}],"line":7},"5":{"loc":{"start":{"line":7,"column":8},"end":{"line":7,"column":45}},"type":"binary-expr","locations":[{"start":{"line":7,"column":8},"end":{"line":7,"column":21}},{"start":{"line":7,"column":25},"end":{"line":7,"column":45}}],"line":7},"6":{"loc":{"start":{"line":8,"column":4},"end":{"line":8,"column":69}},"type":"if","locations":[{"start":{"line":8,"column":4},"end":{"line":8,"column":69}},{"start":{},"end":{}}],"line":8},"7":{"loc":{"start":{"line":8,"column":8},"end":{"line":8,"column":39}},"type":"binary-expr","locations":[{"start":{"line":8,"column":8},"end":{"line":8,"column":18}},{"start":{"line":8,"column":22},"end":{"line":8,"column":39}}],"line":8},"8":{"loc":{"start":{"line":9,"column":4},"end":{"line":9,"column":72}},"type":"if","locations":[{"start":{"line":9,"column":4},"end":{"line":9,"column":72}},{"start":{},"end":{}}],"line":9},"9":{"loc":{"start":{"line":9,"column":8},"end":{"line":9,"column":41}},"type":"binary-expr","locations":[{"start":{"line":9,"column":8},"end":{"line":9,"column":19}},{"start":{"line":9,"column":23},"end":{"line":9,"column":41}}],"line":9},"10":{"loc":{"start":{"line":10,"column":4},"end":{"line":10,"column":74}},"type":"if","locations":[{"start":{"line":10,"column":4},"end":{"line":10,"column":74}},{"start":{},"end":{}}],"line":10},"11":{"loc":{"start":{"line":10,"column":8},"end":{"line":10,"column":40}},"type":"binary-expr","locations":[{"start":{"line":10,"column":8},"end":{"line":10,"column":17}},{"start":{"line":10,"column":21},"end":{"line":10,"column":40}}],"line":10},"12":{"loc":{"start":{"line":11,"column":4},"end":{"line":11,"column":60}},"type":"if","locations":[{"start":{"line":11,"column":4},"end":{"line":11,"column":60}},{"start":{},"end":{}}],"line":11},"13":{"loc":{"start":{"line":13,"column":4},"end":{"line":15,"column":5}},"type":"if","locations":[{"start":{"line":13,"column":4},"end":{"line":15,"column":5}},{"start":{},"end":{}}],"line":13},"14":{"loc":{"start":{"line":13,"column":8},"end":{"line":13,"column":63}},"type":"binary-expr","locations":[{"start":{"line":13,"column":8},"end":{"line":13,"column":35}},{"start":{"line":13,"column":39},"end":{"line":13,"column":63}}],"line":13}},"s":{"0":0,"1":0,"2":0,"3":0,"4":0,"5":0,"6":0,"7":0,"8":0,"9":0,"10":0,"11":0,"12":0,"13":0,"14":0,"15":0,"16":0,"17":0,"18":0,"19":0,"20":1},"f":{"0":0},"b":{"0":[0,0],"1":[0,0],"2":[0,0],"3":[0,0],"4":[0,0],"5":[0,0],"6":[0,0],"7":[0,0],"8":[0,0],"9":[0,0],"10":[0,0],"11":[0,0],"12":[0,0],"13":[0,0],"14":[0,0]},"_coverageSchema":"1a1c01bbd47fc00a2c39e90264f33305004495a9","hash":"f66db1431b3b3dea00c008050d7fee15fe0baa1b"}
,"/Users/sakinanagarwala/COSC-4353/backend/utils/validateProfile.js": {"path":"/Users/sakinanagarwala/COSC-4353/backend/utils/validateProfile.js","statementMap":{"0":{"start":{"line":2,"column":19},"end":{"line":2,"column":21}},"1":{"start":{"line":5,"column":4},"end":{"line":5,"column":46}},"2":{"start":{"line":5,"column":19},"end":{"line":5,"column":46}},"3":{"start":{"line":7,"column":4},"end":{"line":11,"column":5}},"4":{"start":{"line":8,"column":6},"end":{"line":8,"column":43}},"5":{"start":{"line":9,"column":11},"end":{"line":11,"column":5}},"6":{"start":{"line":10,"column":6},"end":{"line":10,"column":61}},"7":{"start":{"line":13,"column":4},"end":{"line":17,"column":5}},"8":{"start":{"line":14,"column":6},"end":{"line":14,"column":43}},"9":{"start":{"line":15,"column":11},"end":{"line":17,"column":5}},"10":{"start":{"line":16,"column":6},"end":{"line":16,"column":62}},"11":{"start":{"line":19,"column":4},"end":{"line":21,"column":5}},"12":{"start":{"line":20,"column":6},"end":{"line":20,"column":62}},"13":{"start":{"line":23,"column":4},"end":{"line":27,"column":5}},"14":{"start":{"line":24,"column":6},"end":{"line":24,"column":38}},"15":{"start":{"line":25,"column":11},"end":{"line":27,"column":5}},"16":{"start":{"line":26,"column":6},"end":{"line":26,"column":57}},"17":{"start":{"line":29,"column":4},"end":{"line":31,"column":5}},"18":{"start":{"line":30,"column":6},"end":{"line":30,"column":54}},"19":{"start":{"line":33,"column":4},"end":{"line":35,"column":5}},"20":{"start":{"line":34,"column":6},"end":{"line":34,"column":56}},"21":{"start":{"line":38,"column":4},"end":{"line":48,"column":5}},"22":{"start":{"line":39,"column":6},"end":{"line":41,"column":7}},"23":{"start":{"line":40,"column":8},"end":{"line":40,"column":51}},"24":{"start":{"line":43,"column":6},"end":{"line":45,"column":7}},"25":{"start":{"line":44,"column":8},"end":{"line":44,"column":63}},"26":{"start":{"line":51,"column":4},"end":{"line":51,"column":18}},"27":{"start":{"line":54,"column":2},"end":{"line":54,"column":39}}},"fnMap":{"0":{"name":"validateProfile","decl":{"start":{"line":1,"column":9},"end":{"line":1,"column":24}},"loc":{"start":{"line":1,"column":37},"end":{"line":52,"column":3}},"line":1}},"branchMap":{"0":{"loc":{"start":{"line":5,"column":4},"end":{"line":5,"column":46}},"type":"if","locations":[{"start":{"line":5,"column":4},"end":{"line":5,"column":46}},{"start":{},"end":{}}],"line":5},"1":{"loc":{"start":{"line":7,"column":4},"end":{"line":11,"column":5}},"type":"if","locations":[{"start":{"line":7,"column":4},"end":{"line":11,"column":5}},{"start":{"line":9,"column":11},"end":{"line":11,"column":5}}],"line":7},"2":{"loc":{"start":{"line":7,"column":8},"end":{"line":7,"column":51}},"type":"binary-expr","locations":[{"start":{"line":7,"column":8},"end":{"line":7,"column":18}},{"start":{"line":7,"column":22},"end":{"line":7,"column":51}}],"line":7},"3":{"loc":{"start":{"line":9,"column":11},"end":{"line":11,"column":5}},"type":"if","locations":[{"start":{"line":9,"column":11},"end":{"line":11,"column":5}},{"start":{},"end":{}}],"line":9},"4":{"loc":{"start":{"line":13,"column":4},"end":{"line":17,"column":5}},"type":"if","locations":[{"start":{"line":13,"column":4},"end":{"line":17,"column":5}},{"start":{"line":15,"column":11},"end":{"line":17,"column":5}}],"line":13},"5":{"loc":{"start":{"line":13,"column":8},"end":{"line":13,"column":57}},"type":"binary-expr","locations":[{"start":{"line":13,"column":8},"end":{"line":13,"column":21}},{"start":{"line":13,"column":25},"end":{"line":13,"column":57}}],"line":13},"6":{"loc":{"start":{"line":15,"column":11},"end":{"line":17,"column":5}},"type":"if","locations":[{"start":{"line":15,"column":11},"end":{"line":17,"column":5}},{"start":{},"end":{}}],"line":15},"7":{"loc":{"start":{"line":19,"column":4},"end":{"line":21,"column":5}},"type":"if","locations":[{"start":{"line":19,"column":4},"end":{"line":21,"column":5}},{"start":{},"end":{}}],"line":19},"8":{"loc":{"start":{"line":19,"column":8},"end":{"line":19,"column":51}},"type":"binary-expr","locations":[{"start":{"line":19,"column":8},"end":{"line":19,"column":21}},{"start":{"line":19,"column":25},"end":{"line":19,"column":51}}],"line":19},"9":{"loc":{"start":{"line":23,"column":4},"end":{"line":27,"column":5}},"type":"if","locations":[{"start":{"line":23,"column":4},"end":{"line":27,"column":5}},{"start":{"line":25,"column":11},"end":{"line":27,"column":5}}],"line":23},"10":{"loc":{"start":{"line":23,"column":8},"end":{"line":23,"column":51}},"type":"binary-expr","locations":[{"start":{"line":23,"column":8},"end":{"line":23,"column":18}},{"start":{"line":23,"column":22},"end":{"line":23,"column":51}}],"line":23},"11":{"loc":{"start":{"line":25,"column":11},"end":{"line":27,"column":5}},"type":"if","locations":[{"start":{"line":25,"column":11},"end":{"line":27,"column":5}},{"start":{},"end":{}}],"line":25},"12":{"loc":{"start":{"line":29,"column":4},"end":{"line":31,"column":5}},"type":"if","locations":[{"start":{"line":29,"column":4},"end":{"line":31,"column":5}},{"start":{},"end":{}}],"line":29},"13":{"loc":{"start":{"line":29,"column":8},"end":{"line":29,"column":46}},"type":"binary-expr","locations":[{"start":{"line":29,"column":8},"end":{"line":29,"column":19}},{"start":{"line":29,"column":23},"end":{"line":29,"column":46}}],"line":29},"14":{"loc":{"start":{"line":33,"column":4},"end":{"line":35,"column":5}},"type":"if","locations":[{"start":{"line":33,"column":4},"end":{"line":35,"column":5}},{"start":{},"end":{}}],"line":33},"15":{"loc":{"start":{"line":33,"column":8},"end":{"line":33,"column":63}},"type":"binary-expr","locations":[{"start":{"line":33,"column":8},"end":{"line":33,"column":17}},{"start":{"line":33,"column":21},"end":{"line":33,"column":40}},{"start":{"line":33,"column":44},"end":{"line":33,"column":63}}],"line":33},"16":{"loc":{"start":{"line":38,"column":4},"end":{"line":48,"column":5}},"type":"if","locations":[{"start":{"line":38,"column":4},"end":{"line":48,"column":5}},{"start":{},"end":{}}],"line":38},"17":{"loc":{"start":{"line":39,"column":6},"end":{"line":41,"column":7}},"type":"if","locations":[{"start":{"line":39,"column":6},"end":{"line":41,"column":7}},{"start":{},"end":{}}],"line":39},"18":{"loc":{"start":{"line":39,"column":10},"end":{"line":39,"column":65}},"type":"binary-expr","locations":[{"start":{"line":39,"column":10},"end":{"line":39,"column":37}},{"start":{"line":39,"column":41},"end":{"line":39,"column":65}}],"line":39},"19":{"loc":{"start":{"line":43,"column":6},"end":{"line":45,"column":7}},"type":"if","locations":[{"start":{"line":43,"column":6},"end":{"line":45,"column":7}},{"start":{},"end":{}}],"line":43},"20":{"loc":{"start":{"line":43,"column":10},"end":{"line":43,"column":77}},"type":"binary-expr","locations":[{"start":{"line":43,"column":10},"end":{"line":43,"column":43}},{"start":{"line":43,"column":47},"end":{"line":43,"column":77}}],"line":43}},"s":{"0":0,"1":0,"2":0,"3":0,"4":0,"5":0,"6":0,"7":0,"8":0,"9":0,"10":0,"11":0,"12":0,"13":0,"14":0,"15":0,"16":0,"17":0,"18":0,"19":0,"20":0,"21":0,"22":0,"23":0,"24":0,"25":0,"26":0,"27":1},"f":{"0":0},"b":{"0":[0,0],"1":[0,0],"2":[0,0],"3":[0,0],"4":[0,0],"5":[0,0],"6":[0,0],"7":[0,0],"8":[0,0],"9":[0,0],"10":[0,0],"11":[0,0],"12":[0,0],"13":[0,0],"14":[0,0],"15":[0,0,0],"16":[0,0],"17":[0,0],"18":[0,0],"19":[0,0],"20":[0,0]},"_coverageSchema":"1a1c01bbd47fc00a2c39e90264f33305004495a9","hash":"79f99b4eaa41cc2d0342e5ecb7db9826da9249ac"}
}
