TN:
SF:backend/index.js
FN:60,(anonymous_0)
FN:70,(anonymous_1)
FN:72,(anonymous_2)
FN:78,(anonymous_3)
FN:88,(anonymous_4)
FN:125,(anonymous_5)
FN:127,(anonymous_6)
FNF:7
FNH:1
FNDA:0,(anonymous_0)
FNDA:0,(anonymous_1)
FNDA:0,(anonymous_2)
FNDA:0,(anonymous_3)
FNDA:2,(anonymous_4)
FNDA:0,(anonymous_5)
FNDA:0,(anonymous_6)
DA:1,1
DA:2,1
DA:3,1
DA:4,1
DA:5,1
DA:6,1
DA:7,1
DA:9,1
DA:12,1
DA:14,1
DA:15,1
DA:16,1
DA:18,1
DA:19,0
DA:22,0
DA:23,0
DA:27,0
DA:28,0
DA:30,0
DA:33,1
DA:36,0
DA:37,0
DA:40,1
DA:43,1
DA:48,1
DA:51,1
DA:52,1
DA:54,1
DA:55,1
DA:57,1
DA:60,1
DA:61,0
DA:70,1
DA:71,0
DA:72,0
DA:78,0
DA:88,1
DA:89,2
DA:91,2
DA:92,2
DA:97,0
DA:98,0
DA:100,0
DA:101,0
DA:102,0
DA:105,0
DA:106,0
DA:107,0
DA:109,0
DA:111,0
DA:113,0
DA:114,0
DA:116,0
DA:117,0
DA:121,1
DA:124,1
DA:125,0
DA:126,0
DA:127,0
DA:128,0
DA:130,0
DA:131,0
DA:137,1
LF:63
LH:31
BRDA:18,0,0,0
BRDA:18,0,1,1
BRDA:22,1,0,0
BRDA:22,1,1,0
BRDA:22,2,0,0
BRDA:22,2,1,0
BRDA:22,2,2,0
BRDA:65,3,0,0
BRDA:65,3,1,0
BRDA:91,4,0,2
BRDA:91,4,1,0
BRDA:100,5,0,0
BRDA:100,5,1,0
BRDA:100,6,0,0
BRDA:100,6,1,0
BRDA:124,7,0,0
BRDA:124,7,1,1
BRDA:128,8,0,0
BRDA:128,8,1,0
BRDA:130,9,0,0
BRDA:130,9,1,0
BRDA:130,10,0,0
BRDA:130,10,1,0
BRDA:131,11,0,0
BRDA:131,11,1,0
BRF:25
BRH:3
end_of_record
TN:
SF:backend/data/memoryEvents.js
FNF:0
FNH:0
DA:1,1
DA:76,1
LF:2
LH:2
BRF:0
BRH:0
end_of_record
TN:
SF:backend/data/memoryStore.js
FNF:0
FNH:0
DA:1,1
DA:95,1
LF:2
LH:2
BRF:0
BRH:0
end_of_record
TN:
SF:backend/routes/eventRoutes.js
FN:7,(anonymous_0)
FN:18,(anonymous_1)
FN:31,(anonymous_2)
FN:44,(anonymous_3)
FN:52,(anonymous_4)
FN:56,(anonymous_5)
FN:66,(anonymous_6)
FN:70,(anonymous_7)
FNF:8
FNH:0
FNDA:0,(anonymous_0)
FNDA:0,(anonymous_1)
FNDA:0,(anonymous_2)
FNDA:0,(anonymous_3)
FNDA:0,(anonymous_4)
FNDA:0,(anonymous_5)
FNDA:0,(anonymous_6)
FNDA:0,(anonymous_7)
DA:1,1
DA:2,1
DA:3,1
DA:4,1
DA:7,1
DA:8,0
DA:9,0
DA:10,0
DA:12,0
DA:13,0
DA:18,1
DA:19,0
DA:21,0
DA:22,0
DA:25,0
DA:26,0
DA:27,0
DA:31,0
DA:32,0
DA:35,0
DA:44,0
DA:45,0
DA:47,0
DA:52,1
DA:53,0
DA:54,0
DA:56,0
DA:58,0
DA:59,0
DA:62,0
DA:66,1
DA:67,0
DA:69,0
DA:70,0
DA:72,0
DA:73,0
DA:74,0
DA:76,0
DA:77,0
DA:81,1
LF:40
LH:9
BRDA:21,0,0,0
BRDA:21,0,1,0
BRDA:26,1,0,0
BRDA:26,1,1,0
BRDA:31,2,0,0
BRDA:31,2,1,0
BRDA:58,3,0,0
BRDA:58,3,1,0
BRDA:72,4,0,0
BRDA:72,4,1,0
BRF:10
BRH:0
end_of_record
TN:
SF:backend/routes/profileRoutes.js
FN:7,(anonymous_0)
FN:22,(anonymous_1)
FN:25,(anonymous_2)
FN:33,(anonymous_3)
FN:37,(anonymous_4)
FN:38,(anonymous_5)
FNF:6
FNH:0
FNDA:0,(anonymous_0)
FNDA:0,(anonymous_1)
FNDA:0,(anonymous_2)
FNDA:0,(anonymous_3)
FNDA:0,(anonymous_4)
FNDA:0,(anonymous_5)
DA:1,1
DA:2,1
DA:3,1
DA:4,1
DA:7,1
DA:8,0
DA:10,0
DA:11,0
DA:14,0
DA:15,0
DA:16,0
DA:19,0
DA:21,0
DA:22,0
DA:23,0
DA:25,0
DA:26,0
DA:29,0
DA:33,1
DA:34,0
DA:37,0
DA:38,0
DA:40,0
DA:41,0
DA:44,0
DA:47,1
LF:26
LH:7
BRDA:10,0,0,0
BRDA:10,0,1,0
BRDA:10,1,0,0
BRDA:10,1,1,0
BRDA:15,2,0,0
BRDA:15,2,1,0
BRDA:21,3,0,0
BRDA:21,3,1,0
BRDA:37,4,0,0
BRDA:37,4,1,0
BRDA:40,5,0,0
BRDA:40,5,1,0
BRF:12
BRH:0
end_of_record
TN:
SF:backend/routes/volunteerMatchingRoutes.js
FN:16,(anonymous_0)
FN:19,(anonymous_1)
FN:23,(anonymous_2)
FN:52,getUrgencyName
FN:59,(anonymous_4)
FN:65,(anonymous_5)
FN:70,(anonymous_6)
FN:81,(anonymous_7)
FN:86,(anonymous_8)
FN:87,(anonymous_9)
FN:98,(anonymous_10)
FN:120,(anonymous_11)
FN:121,(anonymous_12)
FN:134,(anonymous_13)
FN:136,(anonymous_14)
FN:151,(anonymous_15)
FN:159,(anonymous_16)
FN:160,(anonymous_17)
FN:192,(anonymous_18)
FN:205,(anonymous_19)
FN:206,(anonymous_20)
FN:223,(anonymous_21)
FN:236,(anonymous_22)
FN:237,(anonymous_23)
FN:258,(anonymous_24)
FN:263,(anonymous_25)
FN:281,(anonymous_26)
FN:282,(anonymous_27)
FN:325,(anonymous_28)
FN:328,(anonymous_29)
FN:329,(anonymous_30)
FN:330,(anonymous_31)
FN:372,(anonymous_32)
FN:375,(anonymous_33)
FN:403,(anonymous_34)
FN:407,(anonymous_35)
FN:415,(anonymous_36)
FN:417,(anonymous_37)
FN:420,(anonymous_38)
FN:422,(anonymous_39)
FN:423,(anonymous_40)
FN:427,(anonymous_41)
FN:462,(anonymous_42)
FN:466,(anonymous_43)
FN:474,(anonymous_44)
FN:476,(anonymous_45)
FN:479,(anonymous_46)
FN:481,(anonymous_47)
FN:482,(anonymous_48)
FN:486,(anonymous_49)
FNF:50
FNH:0
FNDA:0,(anonymous_0)
FNDA:0,(anonymous_1)
FNDA:0,(anonymous_2)
FNDA:0,getUrgencyName
FNDA:0,(anonymous_4)
FNDA:0,(anonymous_5)
FNDA:0,(anonymous_6)
FNDA:0,(anonymous_7)
FNDA:0,(anonymous_8)
FNDA:0,(anonymous_9)
FNDA:0,(anonymous_10)
FNDA:0,(anonymous_11)
FNDA:0,(anonymous_12)
FNDA:0,(anonymous_13)
FNDA:0,(anonymous_14)
FNDA:0,(anonymous_15)
FNDA:0,(anonymous_16)
FNDA:0,(anonymous_17)
FNDA:0,(anonymous_18)
FNDA:0,(anonymous_19)
FNDA:0,(anonymous_20)
FNDA:0,(anonymous_21)
FNDA:0,(anonymous_22)
FNDA:0,(anonymous_23)
FNDA:0,(anonymous_24)
FNDA:0,(anonymous_25)
FNDA:0,(anonymous_26)
FNDA:0,(anonymous_27)
FNDA:0,(anonymous_28)
FNDA:0,(anonymous_29)
FNDA:0,(anonymous_30)
FNDA:0,(anonymous_31)
FNDA:0,(anonymous_32)
FNDA:0,(anonymous_33)
FNDA:0,(anonymous_34)
FNDA:0,(anonymous_35)
FNDA:0,(anonymous_36)
FNDA:0,(anonymous_37)
FNDA:0,(anonymous_38)
FNDA:0,(anonymous_39)
FNDA:0,(anonymous_40)
FNDA:0,(anonymous_41)
FNDA:0,(anonymous_42)
FNDA:0,(anonymous_43)
FNDA:0,(anonymous_44)
FNDA:0,(anonymous_45)
FNDA:0,(anonymous_46)
FNDA:0,(anonymous_47)
FNDA:0,(anonymous_48)
FNDA:0,(anonymous_49)
DA:2,1
DA:3,1
DA:4,1
DA:5,1
DA:11,1
DA:12,1
DA:16,1
DA:17,0
DA:19,0
DA:20,0
DA:23,0
DA:37,0
DA:42,0
DA:43,0
DA:53,0
DA:59,0
DA:60,0
DA:65,1
DA:66,0
DA:67,0
DA:70,0
DA:72,0
DA:73,0
DA:80,0
DA:81,0
DA:82,0
DA:85,0
DA:86,0
DA:87,0
DA:90,0
DA:91,0
DA:95,0
DA:98,0
DA:100,0
DA:101,0
DA:102,0
DA:106,0
DA:107,0
DA:108,0
DA:112,0
DA:113,0
DA:117,0
DA:120,0
DA:121,0
DA:122,0
DA:127,0
DA:128,0
DA:129,0
DA:133,0
DA:136,0
DA:137,0
DA:144,0
DA:147,0
DA:151,0
DA:160,0
DA:161,0
DA:166,0
DA:181,0
DA:182,0
DA:192,1
DA:193,0
DA:194,0
DA:197,0
DA:198,0
DA:205,0
DA:206,0
DA:208,0
DA:209,0
DA:215,0
DA:216,0
DA:223,0
DA:224,0
DA:227,0
DA:228,0
DA:235,0
DA:236,0
DA:237,0
DA:238,0
DA:242,0
DA:243,0
DA:249,0
DA:250,0
DA:257,0
DA:258,0
DA:259,0
DA:263,0
DA:266,0
DA:267,0
DA:275,0
DA:282,0
DA:283,0
DA:306,0
DA:308,0
DA:314,0
DA:315,0
DA:325,1
DA:326,0
DA:328,0
DA:329,0
DA:330,0
DA:332,0
DA:356,0
DA:361,0
DA:362,0
DA:372,1
DA:373,0
DA:374,0
DA:375,0
DA:377,0
DA:378,0
DA:384,0
DA:386,0
DA:392,0
DA:393,0
DA:403,1
DA:404,0
DA:405,0
DA:407,0
DA:408,0
DA:409,0
DA:415,0
DA:416,0
DA:417,0
DA:420,0
DA:421,0
DA:422,0
DA:423,0
DA:424,0
DA:427,0
DA:429,0
DA:432,0
DA:451,0
DA:452,0
DA:462,1
DA:463,0
DA:464,0
DA:466,0
DA:467,0
DA:468,0
DA:474,0
DA:475,0
DA:476,0
DA:479,0
DA:480,0
DA:481,0
DA:482,0
DA:483,0
DA:486,0
DA:488,0
DA:491,0
DA:511,0
DA:512,0
DA:520,1
LF:153
LH:14
BRDA:33,0,0,0
BRDA:33,0,1,0
BRDA:33,1,0,0
BRDA:33,1,1,0
BRDA:34,2,0,0
BRDA:34,2,1,0
BRDA:59,3,0,0
BRDA:59,3,1,0
BRDA:72,4,0,0
BRDA:72,4,1,0
BRDA:81,5,0,0
BRDA:81,5,1,0
BRDA:82,6,0,0
BRDA:82,6,1,0
BRDA:90,7,0,0
BRDA:90,7,1,0
BRDA:90,8,0,0
BRDA:90,8,1,0
BRDA:100,9,0,0
BRDA:100,9,1,0
BRDA:100,10,0,0
BRDA:100,10,1,0
BRDA:100,10,2,0
BRDA:100,10,3,0
BRDA:106,11,0,0
BRDA:106,11,1,0
BRDA:106,12,0,0
BRDA:106,12,1,0
BRDA:106,12,2,0
BRDA:112,13,0,0
BRDA:112,13,1,0
BRDA:127,14,0,0
BRDA:127,14,1,0
BRDA:127,15,0,0
BRDA:127,15,1,0
BRDA:133,16,0,0
BRDA:133,16,1,0
BRDA:137,17,0,0
BRDA:137,17,1,0
BRDA:137,17,2,0
BRDA:137,17,3,0
BRDA:137,17,4,0
BRDA:144,18,0,0
BRDA:144,18,1,0
BRDA:147,19,0,0
BRDA:147,19,1,0
BRDA:147,19,2,0
BRDA:157,20,0,0
BRDA:157,20,1,0
BRDA:158,21,0,0
BRDA:158,21,1,0
BRDA:197,22,0,0
BRDA:197,22,1,0
BRDA:197,23,0,0
BRDA:197,23,1,0
BRDA:208,24,0,0
BRDA:208,24,1,0
BRDA:215,25,0,0
BRDA:215,25,1,0
BRDA:224,26,0,0
BRDA:224,26,1,0
BRDA:227,27,0,0
BRDA:227,27,1,0
BRDA:242,28,0,0
BRDA:242,28,1,0
BRDA:249,29,0,0
BRDA:249,29,1,0
BRDA:257,30,0,0
BRDA:257,30,1,0
BRDA:257,31,0,0
BRDA:257,31,1,0
BRDA:259,32,0,0
BRDA:259,32,1,0
BRDA:259,32,2,0
BRDA:259,32,3,0
BRDA:259,32,4,0
BRDA:266,33,0,0
BRDA:266,33,1,0
BRDA:300,34,0,0
BRDA:300,34,1,0
BRDA:301,35,0,0
BRDA:301,35,1,0
BRDA:301,36,0,0
BRDA:301,36,1,0
BRDA:335,37,0,0
BRDA:335,37,1,0
BRDA:336,38,0,0
BRDA:336,38,1,0
BRDA:337,39,0,0
BRDA:337,39,1,0
BRDA:338,40,0,0
BRDA:338,40,1,0
BRDA:341,41,0,0
BRDA:341,41,1,0
BRDA:342,42,0,0
BRDA:342,42,1,0
BRDA:343,43,0,0
BRDA:343,43,1,0
BRDA:344,44,0,0
BRDA:344,44,1,0
BRDA:345,45,0,0
BRDA:345,45,1,0
BRDA:346,46,0,0
BRDA:346,46,1,0
BRDA:346,47,0,0
BRDA:346,47,1,0
BRDA:347,48,0,0
BRDA:347,48,1,0
BRDA:348,49,0,0
BRDA:348,49,1,0
BRDA:350,50,0,0
BRDA:350,50,1,0
BRDA:377,51,0,0
BRDA:377,51,1,0
BRDA:408,52,0,0
BRDA:408,52,1,0
BRDA:429,53,0,0
BRDA:429,53,1,0
BRDA:429,53,2,0
BRDA:467,54,0,0
BRDA:467,54,1,0
BRDA:488,55,0,0
BRDA:488,55,1,0
BRDA:488,55,2,0
BRF:124
BRH:0
end_of_record
TN:
SF:backend/utils/validateEvent.js
FN:1,validateEvent
FNF:1
FNH:0
FNDA:0,validateEvent
DA:2,0
DA:4,0
DA:5,0
DA:6,0
DA:7,0
DA:8,0
DA:9,0
DA:10,0
DA:11,0
DA:13,0
DA:14,0
DA:17,0
DA:20,1
LF:13
LH:1
BRDA:4,0,0,0
BRDA:4,0,1,0
BRDA:5,1,0,0
BRDA:5,1,1,0
BRDA:6,2,0,0
BRDA:6,2,1,0
BRDA:6,3,0,0
BRDA:6,3,1,0
BRDA:7,4,0,0
BRDA:7,4,1,0
BRDA:7,5,0,0
BRDA:7,5,1,0
BRDA:8,6,0,0
BRDA:8,6,1,0
BRDA:8,7,0,0
BRDA:8,7,1,0
BRDA:9,8,0,0
BRDA:9,8,1,0
BRDA:9,9,0,0
BRDA:9,9,1,0
BRDA:10,10,0,0
BRDA:10,10,1,0
BRDA:10,11,0,0
BRDA:10,11,1,0
BRDA:11,12,0,0
BRDA:11,12,1,0
BRDA:13,13,0,0
BRDA:13,13,1,0
BRDA:13,14,0,0
BRDA:13,14,1,0
BRF:30
BRH:0
end_of_record
TN:
SF:backend/utils/validateProfile.js
FN:1,validateProfile
FNF:1
FNH:0
FNDA:0,validateProfile
DA:2,0
DA:5,0
DA:7,0
DA:8,0
DA:9,0
DA:10,0
DA:13,0
DA:14,0
DA:15,0
DA:16,0
DA:19,0
DA:20,0
DA:23,0
DA:24,0
DA:25,0
DA:26,0
DA:29,0
DA:30,0
DA:33,0
DA:34,0
DA:38,0
DA:39,0
DA:40,0
DA:43,0
DA:44,0
DA:51,0
DA:54,1
LF:27
LH:1
BRDA:5,0,0,0
BRDA:5,0,1,0
BRDA:7,1,0,0
BRDA:7,1,1,0
BRDA:7,2,0,0
BRDA:7,2,1,0
BRDA:9,3,0,0
BRDA:9,3,1,0
BRDA:13,4,0,0
BRDA:13,4,1,0
BRDA:13,5,0,0
BRDA:13,5,1,0
BRDA:15,6,0,0
BRDA:15,6,1,0
BRDA:19,7,0,0
BRDA:19,7,1,0
BRDA:19,8,0,0
BRDA:19,8,1,0
BRDA:23,9,0,0
BRDA:23,9,1,0
BRDA:23,10,0,0
BRDA:23,10,1,0
BRDA:25,11,0,0
BRDA:25,11,1,0
BRDA:29,12,0,0
BRDA:29,12,1,0
BRDA:29,13,0,0
BRDA:29,13,1,0
BRDA:33,14,0,0
BRDA:33,14,1,0
BRDA:33,15,0,0
BRDA:33,15,1,0
BRDA:33,15,2,0
BRDA:38,16,0,0
BRDA:38,16,1,0
BRDA:39,17,0,0
BRDA:39,17,1,0
BRDA:39,18,0,0
BRDA:39,18,1,0
BRDA:43,19,0,0
BRDA:43,19,1,0
BRDA:43,20,0,0
BRDA:43,20,1,0
BRF:43
BRH:0
end_of_record
